\BOOKMARK [0][-]{section*.1}{Contents}{}
\BOOKMARK [0][-]{chapter*.4}{Preface}{}
\BOOKMARK [1][-]{section.0.1}{This book is a work in progress}{chapter*.4}
\BOOKMARK [1][-]{section.0.2}{About the examples in this book}{chapter*.4}
\BOOKMARK [1][-]{section.0.3}{Colophon---this book is Free}{chapter*.4}
\BOOKMARK [0][-]{chapter.1}{Hobbit Source Code listing}{}
\BOOKMARK [1][-]{section.1.1}{/home/tjyang/4.3/bbdisplay}{chapter.1}
\BOOKMARK [2][-]{subsection.1.1.1}{/home/tjyang/4.3/bbdisplay/bbconvert.c}{section.1.1}
\BOOKMARK [2][-]{subsection.1.1.2}{/home/tjyang/4.3/bbdisplay/util.c}{section.1.1}
\BOOKMARK [2][-]{subsection.1.1.3}{/home/tjyang/4.3/bbdisplay/csvreport.c}{section.1.1}
\BOOKMARK [2][-]{subsection.1.1.4}{/home/tjyang/4.3/bbdisplay/rssgen.c}{section.1.1}
\BOOKMARK [2][-]{subsection.1.1.5}{/home/tjyang/4.3/bbdisplay/loadbbhosts.c}{section.1.1}
\BOOKMARK [2][-]{subsection.1.1.6}{/home/tjyang/4.3/bbdisplay/process.c}{section.1.1}
\BOOKMARK [2][-]{subsection.1.1.7}{/home/tjyang/4.3/bbdisplay/loaddata.c}{section.1.1}
\BOOKMARK [2][-]{subsection.1.1.8}{/home/tjyang/4.3/bbdisplay/debug.c}{section.1.1}
\BOOKMARK [2][-]{subsection.1.1.9}{/home/tjyang/4.3/bbdisplay/pagegen.c}{section.1.1}
\BOOKMARK [2][-]{subsection.1.1.10}{/home/tjyang/4.3/bbdisplay/bbgen.c}{section.1.1}
\BOOKMARK [2][-]{subsection.1.1.11}{/home/tjyang/4.3/bbdisplay/pagegen.h}{section.1.1}
\BOOKMARK [2][-]{subsection.1.1.12}{/home/tjyang/4.3/bbdisplay/bbgen.h}{section.1.1}
\BOOKMARK [2][-]{subsection.1.1.13}{/home/tjyang/4.3/bbdisplay/util.h}{section.1.1}
\BOOKMARK [2][-]{subsection.1.1.14}{/home/tjyang/4.3/bbdisplay/bbconvert.h}{section.1.1}
\BOOKMARK [2][-]{subsection.1.1.15}{/home/tjyang/4.3/bbdisplay/loaddata.h}{section.1.1}
\BOOKMARK [2][-]{subsection.1.1.16}{/home/tjyang/4.3/bbdisplay/rssgen.h}{section.1.1}
\BOOKMARK [2][-]{subsection.1.1.17}{/home/tjyang/4.3/bbdisplay/process.h}{section.1.1}
\BOOKMARK [2][-]{subsection.1.1.18}{/home/tjyang/4.3/bbdisplay/loadbbhosts.h}{section.1.1}
\BOOKMARK [2][-]{subsection.1.1.19}{/home/tjyang/4.3/bbdisplay/csvreport.h}{section.1.1}
\BOOKMARK [2][-]{subsection.1.1.20}{/home/tjyang/4.3/bbdisplay/debug.h}{section.1.1}
\BOOKMARK [2][-]{subsection.1.1.21}{/home/tjyang/4.3/bbdisplay/wmlgen.h}{section.1.1}
\BOOKMARK [2][-]{subsection.1.1.22}{/home/tjyang/4.3/bbdisplay/wmlgen.c}{section.1.1}
\BOOKMARK [1][-]{section.1.2}{/home/tjyang/4.3/bbproxy}{chapter.1}
\BOOKMARK [2][-]{subsection.1.2.1}{/home/tjyang/4.3/bbproxy/bbproxy.c}{section.1.2}
\BOOKMARK [2][-]{subsection.1.2.2}{/home/tjyang/4.3/bbproxy/bbmessage.c}{section.1.2}
\BOOKMARK [1][-]{section.1.3}{/home/tjyang/4.3/client}{chapter.1}
\BOOKMARK [2][-]{subsection.1.3.1}{/home/tjyang/4.3/client/hpux-meminfo.c}{section.1.3}
\BOOKMARK [2][-]{subsection.1.3.2}{/home/tjyang/4.3/client/logfetch.c}{section.1.3}
\BOOKMARK [2][-]{subsection.1.3.3}{/home/tjyang/4.3/client/orcahobbit.c}{section.1.3}
\BOOKMARK [2][-]{subsection.1.3.4}{/home/tjyang/4.3/client/msgcache.c}{section.1.3}
\BOOKMARK [2][-]{subsection.1.3.5}{/home/tjyang/4.3/client/netbsd-meminfo.c}{section.1.3}
\BOOKMARK [2][-]{subsection.1.3.6}{/home/tjyang/4.3/client/freebsd-meminfo.c}{section.1.3}
\BOOKMARK [2][-]{subsection.1.3.7}{/home/tjyang/4.3/client/clientupdate.c}{section.1.3}
\BOOKMARK [2][-]{subsection.1.3.8}{/home/tjyang/4.3/client/openbsd-meminfo.c}{section.1.3}
\BOOKMARK [1][-]{section.1.4}{/home/tjyang/4.3/contrib}{chapter.1}
\BOOKMARK [2][-]{subsection.1.4.1}{/home/tjyang/4.3/contrib/netware/netware-hrmib.c}{section.1.4}
\BOOKMARK [2][-]{subsection.1.4.2}{/home/tjyang/4.3/contrib/netware/snmp-cpqhealth.c}{section.1.4}
\BOOKMARK [2][-]{subsection.1.4.3}{/home/tjyang/4.3/contrib/mrtgconvert.c}{section.1.4}
\BOOKMARK [1][-]{section.1.5}{/home/tjyang/4.3/web}{chapter.1}
\BOOKMARK [2][-]{subsection.1.5.1}{/home/tjyang/4.3/web/hobbit-enadis.c}{section.1.5}
\BOOKMARK [2][-]{subsection.1.5.2}{/home/tjyang/4.3/web/hobbit-notifylog.c}{section.1.5}
\BOOKMARK [2][-]{subsection.1.5.3}{/home/tjyang/4.3/web/hobbit-nkview.c}{section.1.5}
\BOOKMARK [2][-]{subsection.1.5.4}{/home/tjyang/4.3/web/bb-ack.c}{section.1.5}
\BOOKMARK [2][-]{subsection.1.5.5}{/home/tjyang/4.3/web/bb-datepage.c}{section.1.5}
\BOOKMARK [2][-]{subsection.1.5.6}{/home/tjyang/4.3/web/hobbit-confreport.c}{section.1.5}
\BOOKMARK [2][-]{subsection.1.5.7}{/home/tjyang/4.3/web/bb-replog.c}{section.1.5}
\BOOKMARK [2][-]{subsection.1.5.8}{/home/tjyang/4.3/web/bb-snapshot.c}{section.1.5}
\BOOKMARK [2][-]{subsection.1.5.9}{/home/tjyang/4.3/web/boilerplate.c}{section.1.5}
\BOOKMARK [2][-]{subsection.1.5.10}{/home/tjyang/4.3/web/hobbit-hostgraphs.c}{section.1.5}
\BOOKMARK [2][-]{subsection.1.5.11}{/home/tjyang/4.3/web/hobbitgraph.c}{section.1.5}
\BOOKMARK [2][-]{subsection.1.5.12}{/home/tjyang/4.3/web/hobbit-statusreport.c}{section.1.5}
\BOOKMARK [2][-]{subsection.1.5.13}{/home/tjyang/4.3/web/hobbitsvc-trends.h}{section.1.5}
\BOOKMARK [2][-]{subsection.1.5.14}{/home/tjyang/4.3/web/hobbitsvc-info.h}{section.1.5}
\BOOKMARK [1][-]{section.1.6}{/home/tjyang/4.3/lib}{chapter.1}
\BOOKMARK [2][-]{subsection.1.6.1}{/home/tjyang/4.3/lib/misc.c}{section.1.6}
\BOOKMARK [2][-]{subsection.1.6.2}{/home/tjyang/4.3/lib/encoding.c}{section.1.6}
\BOOKMARK [2][-]{subsection.1.6.3}{/home/tjyang/4.3/lib/files.c}{section.1.6}
\BOOKMARK [2][-]{subsection.1.6.4}{/home/tjyang/4.3/lib/sig.c}{section.1.6}
\BOOKMARK [2][-]{subsection.1.6.5}{/home/tjyang/4.3/lib/sendmsg.c}{section.1.6}
\BOOKMARK [2][-]{subsection.1.6.6}{/home/tjyang/4.3/lib/msort.c}{section.1.6}
\BOOKMARK [2][-]{subsection.1.6.7}{/home/tjyang/4.3/lib/memory.c}{section.1.6}
\BOOKMARK [2][-]{subsection.1.6.8}{/home/tjyang/4.3/lib/test-endianness.c}{section.1.6}
\BOOKMARK [2][-]{subsection.1.6.9}{/home/tjyang/4.3/lib/rmd160c.c}{section.1.6}
\BOOKMARK [2][-]{subsection.1.6.10}{/home/tjyang/4.3/lib/environ.c}{section.1.6}
\BOOKMARK [2][-]{subsection.1.6.11}{/home/tjyang/4.3/lib/matching.c}{section.1.6}
\BOOKMARK [2][-]{subsection.1.6.12}{/home/tjyang/4.3/lib/holidays.c}{section.1.6}
\BOOKMARK [2][-]{subsection.1.6.13}{/home/tjyang/4.3/lib/loadhosts.c}{section.1.6}
\BOOKMARK [2][-]{subsection.1.6.14}{/home/tjyang/4.3/lib/errormsg.c}{section.1.6}
\BOOKMARK [2][-]{subsection.1.6.15}{/home/tjyang/4.3/lib/sha2.c}{section.1.6}
\BOOKMARK [2][-]{subsection.1.6.16}{/home/tjyang/4.3/lib/reportlog.c}{section.1.6}
\BOOKMARK [2][-]{subsection.1.6.17}{/home/tjyang/4.3/lib/color.c}{section.1.6}
\BOOKMARK [2][-]{subsection.1.6.18}{/home/tjyang/4.3/lib/cgi.c}{section.1.6}
\BOOKMARK [2][-]{subsection.1.6.19}{/home/tjyang/4.3/lib/osdefs.c}{section.1.6}
\BOOKMARK [2][-]{subsection.1.6.20}{/home/tjyang/4.3/lib/sha1.c}{section.1.6}
\BOOKMARK [2][-]{subsection.1.6.21}{/home/tjyang/4.3/lib/loadnkconf.c}{section.1.6}
\BOOKMARK [2][-]{subsection.1.6.22}{/home/tjyang/4.3/lib/rbtr.c}{section.1.6}
\BOOKMARK [2][-]{subsection.1.6.23}{/home/tjyang/4.3/lib/netservices.c}{section.1.6}
\BOOKMARK [2][-]{subsection.1.6.24}{/home/tjyang/4.3/lib/locator.c}{section.1.6}
\BOOKMARK [2][-]{subsection.1.6.25}{/home/tjyang/4.3/lib/links.c}{section.1.6}
\BOOKMARK [2][-]{subsection.1.6.26}{/home/tjyang/4.3/lib/availability.c}{section.1.6}
\BOOKMARK [2][-]{subsection.1.6.27}{/home/tjyang/4.3/lib/headfoot.c}{section.1.6}
\BOOKMARK [2][-]{subsection.1.6.28}{/home/tjyang/4.3/lib/readmib.c}{section.1.6}
\BOOKMARK [2][-]{subsection.1.6.29}{/home/tjyang/4.3/lib/stackio.c}{section.1.6}
\BOOKMARK [2][-]{subsection.1.6.30}{/home/tjyang/4.3/lib/calc.c}{section.1.6}
\BOOKMARK [2][-]{subsection.1.6.31}{/home/tjyang/4.3/lib/cgiurls.c}{section.1.6}
\BOOKMARK [2][-]{subsection.1.6.32}{/home/tjyang/4.3/lib/htmllog.c}{section.1.6}
\BOOKMARK [2][-]{subsection.1.6.33}{/home/tjyang/4.3/lib/suid.c}{section.1.6}
\BOOKMARK [2][-]{subsection.1.6.34}{/home/tjyang/4.3/lib/digest.c}{section.1.6}
\BOOKMARK [2][-]{subsection.1.6.35}{/home/tjyang/4.3/lib/timing.c}{section.1.6}
\BOOKMARK [2][-]{subsection.1.6.36}{/home/tjyang/4.3/lib/hobbitrrd.c}{section.1.6}
\BOOKMARK [2][-]{subsection.1.6.37}{/home/tjyang/4.3/lib/loadalerts.c}{section.1.6}
\BOOKMARK [2][-]{subsection.1.6.38}{/home/tjyang/4.3/lib/notifylog.c}{section.1.6}
\BOOKMARK [2][-]{subsection.1.6.39}{/home/tjyang/4.3/lib/md5.c}{section.1.6}
\BOOKMARK [2][-]{subsection.1.6.40}{/home/tjyang/4.3/lib/url.c}{section.1.6}
\BOOKMARK [2][-]{subsection.1.6.41}{/home/tjyang/4.3/lib/ipaccess.c}{section.1.6}
\BOOKMARK [2][-]{subsection.1.6.42}{/home/tjyang/4.3/lib/clientlocal.c}{section.1.6}
\BOOKMARK [2][-]{subsection.1.6.43}{/home/tjyang/4.3/lib/eventlog.c}{section.1.6}
\BOOKMARK [2][-]{subsection.1.6.44}{/home/tjyang/4.3/lib/acklog.c}{section.1.6}
\BOOKMARK [2][-]{subsection.1.6.45}{/home/tjyang/4.3/lib/timefunc.c}{section.1.6}
\BOOKMARK [2][-]{subsection.1.6.46}{/home/tjyang/4.3/lib/strfunc.c}{section.1.6}
\BOOKMARK [1][-]{section.1.7}{/home/tjyang/4.3/common}{chapter.1}
\BOOKMARK [2][-]{subsection.1.7.1}{/home/tjyang/4.3/common/bbhostshow.c}{section.1.7}
\BOOKMARK [2][-]{subsection.1.7.2}{/home/tjyang/4.3/common/bbcmd.c}{section.1.7}
\BOOKMARK [2][-]{subsection.1.7.3}{/home/tjyang/4.3/common/hobbitlaunch.c}{section.1.7}
\BOOKMARK [2][-]{subsection.1.7.4}{/home/tjyang/4.3/common/bbhostgrep.c}{section.1.7}
\BOOKMARK [2][-]{subsection.1.7.5}{/home/tjyang/4.3/common/bbdigest.c}{section.1.7}
\BOOKMARK [2][-]{subsection.1.7.6}{/home/tjyang/4.3/common/bb.c}{section.1.7}
\BOOKMARK [1][-]{section.1.8}{/home/tjyang/4.3/bbnet}{chapter.1}
\BOOKMARK [2][-]{subsection.1.8.1}{/home/tjyang/4.3/bbnet/httpresult.c}{section.1.8}
\BOOKMARK [2][-]{subsection.1.8.2}{/home/tjyang/4.3/bbnet/hobbitping.c}{section.1.8}
\BOOKMARK [2][-]{subsection.1.8.3}{/home/tjyang/4.3/bbnet/httptest.c}{section.1.8}
\BOOKMARK [2][-]{subsection.1.8.4}{/home/tjyang/4.3/bbnet/beastat.c}{section.1.8}
\BOOKMARK [2][-]{subsection.1.8.5}{/home/tjyang/4.3/bbnet/ldaptest.c}{section.1.8}
\BOOKMARK [2][-]{subsection.1.8.6}{/home/tjyang/4.3/bbnet/dns.c}{section.1.8}
\BOOKMARK [2][-]{subsection.1.8.7}{/home/tjyang/4.3/bbnet/contest.c}{section.1.8}
\BOOKMARK [2][-]{subsection.1.8.8}{/home/tjyang/4.3/bbnet/bbtest-net.c}{section.1.8}
\BOOKMARK [2][-]{subsection.1.8.9}{/home/tjyang/4.3/bbnet/dns2.c}{section.1.8}
\BOOKMARK [1][-]{section.1.9}{/home/tjyang/4.3/build}{chapter.1}
\BOOKMARK [2][-]{subsection.1.9.1}{/home/tjyang/4.3/build/test-socklent.c}{section.1.9}
\BOOKMARK [2][-]{subsection.1.9.2}{/home/tjyang/4.3/build/test-rpcenth.c}{section.1.9}
\BOOKMARK [2][-]{subsection.1.9.3}{/home/tjyang/4.3/build/revlog.c}{section.1.9}
\BOOKMARK [2][-]{subsection.1.9.4}{/home/tjyang/4.3/build/test-vsnprintf.c}{section.1.9}
\BOOKMARK [2][-]{subsection.1.9.5}{/home/tjyang/4.3/build/merge-lines.c}{section.1.9}
\BOOKMARK [2][-]{subsection.1.9.6}{/home/tjyang/4.3/build/setup-newfiles.c}{section.1.9}
\BOOKMARK [2][-]{subsection.1.9.7}{/home/tjyang/4.3/build/test-snprintf.c}{section.1.9}
\BOOKMARK [2][-]{subsection.1.9.8}{/home/tjyang/4.3/build/test-pathmax.c}{section.1.9}
\BOOKMARK [2][-]{subsection.1.9.9}{/home/tjyang/4.3/build/test-uint.c}{section.1.9}
\BOOKMARK [2][-]{subsection.1.9.10}{/home/tjyang/4.3/build/merge-sects.c}{section.1.9}
\BOOKMARK [2][-]{subsection.1.9.11}{/home/tjyang/4.3/build/test-ssl.c}{section.1.9}
\BOOKMARK [2][-]{subsection.1.9.12}{/home/tjyang/4.3/build/test-ldap.c}{section.1.9}
\BOOKMARK [2][-]{subsection.1.9.13}{/home/tjyang/4.3/build/test-lfs.c}{section.1.9}
\BOOKMARK [2][-]{subsection.1.9.14}{/home/tjyang/4.3/build/test-pcre.c}{section.1.9}
\BOOKMARK [2][-]{subsection.1.9.15}{/home/tjyang/4.3/build/test-sysselecth.c}{section.1.9}
\BOOKMARK [2][-]{subsection.1.9.16}{/home/tjyang/4.3/build/test-rrd.c}{section.1.9}
\BOOKMARK [2][-]{subsection.1.9.17}{/home/tjyang/4.3/build/test-shutdown.c}{section.1.9}
\BOOKMARK [1][-]{section.1.10}{/home/tjyang/4.3/include}{chapter.1}
\BOOKMARK [2][-]{subsection.1.10.1}{/home/tjyang/4.3/include/libbbgen.h}{section.1.10}
\BOOKMARK [2][-]{subsection.1.10.2}{/home/tjyang/4.3/include/version.h}{section.1.10}
\BOOKMARK [1][-]{section.1.11}{/home/tjyang/4.3/lib}{chapter.1}
\BOOKMARK [2][-]{subsection.1.11.1}{/home/tjyang/4.3/lib/cgi.h}{section.1.11}
\BOOKMARK [2][-]{subsection.1.11.2}{/home/tjyang/4.3/lib/rmd160c.h}{section.1.11}
\BOOKMARK [2][-]{subsection.1.11.3}{/home/tjyang/4.3/lib/errormsg.h}{section.1.11}
\BOOKMARK [2][-]{subsection.1.11.4}{/home/tjyang/4.3/lib/loadnkconf.h}{section.1.11}
\BOOKMARK [2][-]{subsection.1.11.5}{/home/tjyang/4.3/lib/locator.h}{section.1.11}
\BOOKMARK [2][-]{subsection.1.11.6}{/home/tjyang/4.3/lib/htmllog.h}{section.1.11}
\BOOKMARK [2][-]{subsection.1.11.7}{/home/tjyang/4.3/lib/ipaccess.h}{section.1.11}
\BOOKMARK [2][-]{subsection.1.11.8}{/home/tjyang/4.3/lib/acklog.h}{section.1.11}
\BOOKMARK [2][-]{subsection.1.11.9}{/home/tjyang/4.3/lib/loadhosts.h}{section.1.11}
\BOOKMARK [2][-]{subsection.1.11.10}{/home/tjyang/4.3/lib/eventlog.h}{section.1.11}
\BOOKMARK [2][-]{subsection.1.11.11}{/home/tjyang/4.3/lib/reportlog.h}{section.1.11}
\BOOKMARK [2][-]{subsection.1.11.12}{/home/tjyang/4.3/lib/osdefs.h}{section.1.11}
\BOOKMARK [2][-]{subsection.1.11.13}{/home/tjyang/4.3/lib/suid.h}{section.1.11}
\BOOKMARK [2][-]{subsection.1.11.14}{/home/tjyang/4.3/lib/timing.h}{section.1.11}
\BOOKMARK [2][-]{subsection.1.11.15}{/home/tjyang/4.3/lib/encoding.h}{section.1.11}
\BOOKMARK [2][-]{subsection.1.11.16}{/home/tjyang/4.3/lib/sha2.h}{section.1.11}
\BOOKMARK [2][-]{subsection.1.11.17}{/home/tjyang/4.3/lib/memory.h}{section.1.11}
\BOOKMARK [2][-]{subsection.1.11.18}{/home/tjyang/4.3/lib/holidays.h}{section.1.11}
\BOOKMARK [2][-]{subsection.1.11.19}{/home/tjyang/4.3/lib/netservices.h}{section.1.11}
\BOOKMARK [2][-]{subsection.1.11.20}{/home/tjyang/4.3/lib/availability.h}{section.1.11}
\BOOKMARK [2][-]{subsection.1.11.21}{/home/tjyang/4.3/lib/hobbitrrd.h}{section.1.11}
\BOOKMARK [2][-]{subsection.1.11.22}{/home/tjyang/4.3/lib/msort.h}{section.1.11}
\BOOKMARK [2][-]{subsection.1.11.23}{/home/tjyang/4.3/lib/rmdconst.h}{section.1.11}
\BOOKMARK [2][-]{subsection.1.11.24}{/home/tjyang/4.3/lib/loadalerts.h}{section.1.11}
\BOOKMARK [2][-]{subsection.1.11.25}{/home/tjyang/4.3/lib/sha1.h}{section.1.11}
\BOOKMARK [2][-]{subsection.1.11.26}{/home/tjyang/4.3/lib/sendmsg.h}{section.1.11}
\BOOKMARK [2][-]{subsection.1.11.27}{/home/tjyang/4.3/lib/color.h}{section.1.11}
\BOOKMARK [2][-]{subsection.1.11.28}{/home/tjyang/4.3/lib/stackio.h}{section.1.11}
\BOOKMARK [2][-]{subsection.1.11.29}{/home/tjyang/4.3/lib/digest.h}{section.1.11}
\BOOKMARK [2][-]{subsection.1.11.30}{/home/tjyang/4.3/lib/sig.h}{section.1.11}
\BOOKMARK [2][-]{subsection.1.11.31}{/home/tjyang/4.3/lib/timefunc.h}{section.1.11}
\BOOKMARK [2][-]{subsection.1.11.32}{/home/tjyang/4.3/lib/cgiurls.h}{section.1.11}
\BOOKMARK [2][-]{subsection.1.11.33}{/home/tjyang/4.3/lib/clientlocal.h}{section.1.11}
\BOOKMARK [2][-]{subsection.1.11.34}{/home/tjyang/4.3/lib/rbtr.h}{section.1.11}
\BOOKMARK [2][-]{subsection.1.11.35}{/home/tjyang/4.3/lib/ripemd.h}{section.1.11}
\BOOKMARK [2][-]{subsection.1.11.36}{/home/tjyang/4.3/lib/strfunc.h}{section.1.11}
\BOOKMARK [2][-]{subsection.1.11.37}{/home/tjyang/4.3/lib/misc.h}{section.1.11}
\BOOKMARK [2][-]{subsection.1.11.38}{/home/tjyang/4.3/lib/calc.h}{section.1.11}
\BOOKMARK [2][-]{subsection.1.11.39}{/home/tjyang/4.3/lib/links.h}{section.1.11}
\BOOKMARK [2][-]{subsection.1.11.40}{/home/tjyang/4.3/lib/url.h}{section.1.11}
\BOOKMARK [2][-]{subsection.1.11.41}{/home/tjyang/4.3/lib/readmib.h}{section.1.11}
\BOOKMARK [2][-]{subsection.1.11.42}{/home/tjyang/4.3/lib/environ.h}{section.1.11}
\BOOKMARK [2][-]{subsection.1.11.43}{/home/tjyang/4.3/lib/headfoot.h}{section.1.11}
\BOOKMARK [2][-]{subsection.1.11.44}{/home/tjyang/4.3/lib/files.h}{section.1.11}
\BOOKMARK [2][-]{subsection.1.11.45}{/home/tjyang/4.3/bbnet/httptest.h}{section.1.11}
\BOOKMARK [2][-]{subsection.1.11.46}{/home/tjyang/4.3/bbnet/dns.h}{section.1.11}
\BOOKMARK [2][-]{subsection.1.11.47}{/home/tjyang/4.3/bbnet/dns2.h}{section.1.11}
\BOOKMARK [2][-]{subsection.1.11.48}{/home/tjyang/4.3/bbnet/ldaptest.h}{section.1.11}
\BOOKMARK [2][-]{subsection.1.11.49}{/home/tjyang/4.3/bbnet/contest.h}{section.1.11}
\BOOKMARK [2][-]{subsection.1.11.50}{/home/tjyang/4.3/bbnet/httpresult.h}{section.1.11}
\BOOKMARK [2][-]{subsection.1.11.51}{/home/tjyang/4.3/bbnet/bbtest-net.h}{section.1.11}
\BOOKMARK [1][-]{section.1.12}{/home/tjyang/4.3/demotool}{chapter.1}
\BOOKMARK [2][-]{subsection.1.12.1}{/home/tjyang/4.3/demotool/demotool.c}{section.1.12}
\BOOKMARK [0][-]{appendix.A}{Making of this book}{}
\BOOKMARK [1][-]{section.A.1}{Where to download the book source}{appendix.A}
\BOOKMARK [1][-]{section.A.2}{On Windows}{appendix.A}
\BOOKMARK [0][-]{appendix.B}{Open Publication License}{}
\BOOKMARK [1][-]{section.B.1}{Requirements on both unmodified and modified versions}{appendix.B}
\BOOKMARK [1][-]{section.B.2}{Copyright}{appendix.B}
\BOOKMARK [1][-]{section.B.3}{Scope of license}{appendix.B}
\BOOKMARK [1][-]{section.B.4}{Requirements on modified works}{appendix.B}
\BOOKMARK [1][-]{section.B.5}{Good-practice recommendations}{appendix.B}
\BOOKMARK [1][-]{section.B.6}{License options}{appendix.B}
\BOOKMARK [0][-]{Item.13}{Bibliography}{}
\BOOKMARK [0][-]{appendix*.5}{Index}{}
