This is pdfeTeX, Version 3.141592-1.21a-2.2 (Web2C 7.5.4) (format=latex 2007.11.15)  5 MAY 2008 14:37
entering extended mode
**\makeatletter\def\HCode{\futurelet\HCode\HChar}\def\HChar{\ifx"\HCode\def\HCo
de"##1"{\Link##1}\expandafter\HCode\else\expandafter\Link\fi}\def\Link#1.a.b.c.
{\g@addto@macro\@documentclasshook{\RequirePackage[#1,html]{tex4ht}}\let\HCode\
documentstyle\def\documentstyle{\let\documentstyle\HCode\expandafter\def\csname
 tex4ht\endcsname{#1,html}\def\HCode####1{\documentstyle[tex4ht,}\@ifnextchar[{
\HCode}{\documentstyle[tex4ht]}}}\makeatother\HCode bookhtml,html4-uni,.a.b.c.\
input  00book.tex
(./00book.tex (/usr/share/texmf/tex/latex/base/book.cls
Document Class: book 2004/02/16 v1.4f Standard LaTeX document class
(/usr/share/texmf/tex/latex/base/bk10.clo
File: bk10.clo 2004/02/16 v1.4f Standard LaTeX file (size option)
)
\c@part=\count79
\c@chapter=\count80
\c@section=\count81
\c@subsection=\count82
\c@subsubsection=\count83
\c@paragraph=\count84
\c@subparagraph=\count85
\c@figure=\count86
\c@table=\count87
\abovecaptionskip=\skip41
\belowcaptionskip=\skip42
\bibindent=\dimen102
) (/usr/share/texmf/tex/generic/tex4ht/tex4ht.sty
version 2006-08-18-17:08
Package: tex4ht 
--------------------------------------
--- Note --- for _ at preamble, use the command line option `early_'
--------------------------------------
--------------------------------------
--- Note --- for ^ at preamble, use the command line option `early^'
--------------------------------------
) (/usr/share/texmf/tex/generic/tex4ht/usepackage.4ht
version 2006-08-26-23:34
) (/usr/share/texmf/tex/latex/tools/enumerate.sty
Package: enumerate 1999/03/05 v3.00 enumerate extensions (DPC)
\@enLab=\toks14
) (/usr/share/texmf/tex/latex/preprint/fullpage.sty
Package: fullpage 1999/02/23 1.1 (PWD)
\FP@margin=\skip43
) (/usr/share/texmf/tex/latex/base/makeidx.sty
Package: makeidx 2000/03/29 v1.0m Standard LaTeX package
) (/usr/share/texmf/tex/latex/oberdiek/ifpdf.sty
Package: ifpdf 2001/06/14 v1.0 Providing \ifpdf (HO)
Package ifpdf Info: pdfTeX in pdf mode not detected on input line 140.
) (/usr/share/texmf/tex/latex/graphics/graphicx.sty
Package: graphicx 1999/02/16 v1.0f Enhanced LaTeX Graphics (DPC,SPQR)
(/usr/share/texmf/tex/latex/graphics/keyval.sty
Package: keyval 1999/03/16 v1.13 key=value parser (DPC)
\KV@toks@=\toks15
) (/usr/share/texmf/tex/latex/graphics/graphics.sty
Package: graphics 2001/07/07 v1.0n Standard LaTeX Graphics (DPC,SPQR)
(/usr/share/texmf/tex/latex/graphics/trig.sty
Package: trig 1999/03/16 v1.09 sin cos tan (DPC)
) (/usr/share/texmf/tex/latex/graphics/graphics.cfg
File: graphics.cfg 2005/02/03 v1.3 graphics configuration of teTeX/TeXLive
)
Package graphics Info: Driver file: dvips.def on input line 80.
(/usr/share/texmf/tex/latex/graphics/dvips.def
File: dvips.def 1999/02/16 v3.0i Driver-dependant file (DPC,SPQR)
))
\Gin@req@height=\dimen103
\Gin@req@width=\dimen104
) (/usr/share/texmf/tex/latex/pslatex/pslatex.sty
Package: pslatex 1996/07/24 v1.2 pslatex emulation (DPC)
LaTeX Font Info:    Redeclaring symbol font `operators' on input line 65.
LaTeX Font Info:    Overwriting symbol font `operators' in version `normal'
(Font)                  OT1/cmr/m/n --> OT1/ptmcm/m/n on input line 65.
LaTeX Font Info:    Overwriting symbol font `operators' in version `bold'
(Font)                  OT1/cmr/bx/n --> OT1/ptmcm/m/n on input line 65.
LaTeX Font Info:    Redeclaring symbol font `letters' on input line 66.
LaTeX Font Info:    Overwriting symbol font `letters' in version `normal'
(Font)                  OML/cmm/m/it --> OML/ptmcm/m/it on input line 66.
LaTeX Font Info:    Overwriting symbol font `letters' in version `bold'
(Font)                  OML/cmm/b/it --> OML/ptmcm/m/it on input line 66.
LaTeX Font Info:    Redeclaring symbol font `symbols' on input line 67.
LaTeX Font Info:    Overwriting symbol font `symbols' in version `normal'
(Font)                  OMS/cmsy/m/n --> OMS/pzccm/m/n on input line 67.
LaTeX Font Info:    Overwriting symbol font `symbols' in version `bold'
(Font)                  OMS/cmsy/b/n --> OMS/pzccm/m/n on input line 67.
LaTeX Font Info:    Redeclaring symbol font `largesymbols' on input line 68.
LaTeX Font Info:    Overwriting symbol font `largesymbols' in version `normal'
(Font)                  OMX/cmex/m/n --> OMX/psycm/m/n on input line 68.
LaTeX Font Info:    Overwriting symbol font `largesymbols' in version `bold'
(Font)                  OMX/cmex/m/n --> OMX/psycm/m/n on input line 68.
\symbold=\mathgroup4
\symitalic=\mathgroup5
LaTeX Font Info:    Redeclaring math alphabet \mathbf on input line 74.
LaTeX Font Info:    Overwriting math alphabet `\mathbf' in version `normal'
(Font)                  OT1/cmr/bx/n --> OT1/ptm/bx/n on input line 74.
LaTeX Font Info:    Overwriting math alphabet `\mathbf' in version `bold'
(Font)                  OT1/cmr/bx/n --> OT1/ptm/bx/n on input line 74.
LaTeX Font Info:    Redeclaring math alphabet \mathit on input line 75.
LaTeX Font Info:    Overwriting math alphabet `\mathit' in version `normal'
(Font)                  OT1/cmr/m/it --> OT1/ptm/m/it on input line 75.
LaTeX Font Info:    Overwriting math alphabet `\mathit' in version `bold'
(Font)                  OT1/cmr/bx/it --> OT1/ptm/m/it on input line 75.
) (/usr/share/texmf/tex/latex/fancyvrb/fancyvrb.sty
Package: fancyvrb 1998/07/17
Style option: `fancyvrb' v2.6, with DG/SPQR fixes <1998/07/17> (tvz)
\FV@CodeLineNo=\count88
\FV@InFile=\read1
\FV@TabBox=\box26
\c@FancyVerbLine=\count89
\FV@StepNumber=\count90
\FV@OutFile=\write3
No file fancyvrb.cfg.
) (/usr/share/texmf/tex/latex/listings/listings.sty
\lst@mode=\count91
\lst@gtempboxa=\box27
\lst@token=\toks16
\lst@length=\count92
\lst@currlwidth=\dimen105
\lst@column=\count93
\lst@pos=\count94
\lst@lostspace=\dimen106
\lst@width=\dimen107
\lst@newlines=\count95
\lst@lineno=\count96
\c@lstlisting=\count97
\lst@maxwidth=\dimen108
(/usr/share/texmf/tex/latex/listings/lstpatch.sty
File: lstpatch.sty 2004/10/17 1.3b (Carsten Heinz)
) (/usr/share/texmf/tex/latex/listings/lstmisc.sty
File: lstmisc.sty 2004/09/07 1.3 (Carsten Heinz)
\c@lstnumber=\count98
\lst@skipnumbers=\count99
\lst@framebox=\box28
) (/usr/share/texmf/tex/latex/listings/listings.cfg
File: listings.cfg 2004/09/05 1.3 listings configuration
))
Package: listings 2004/10/17 1.3b (Carsten Heinz)
(/usr/share/texmf/tex/latex/hyperref/hyperref.sty
Package: hyperref 2003/11/30 v6.74m Hypertext links for LaTeX
\@linkdim=\dimen109
\Hy@linkcounter=\count100
\Hy@pagecounter=\count101
(/usr/share/texmf/tex/latex/hyperref/pd1enc.def
File: pd1enc.def 2003/11/30 v6.74m Hyperref: PDFDocEncoding definition (HO)
) (/usr/share/texmf/tex/latex/hyperref/hyperref.cfg
File: hyperref.cfg 2002/06/06 v1.2 hyperref configuration of TeXLive and teTeX
)
Package hyperref Info: Option `colorlinks' set `true' on input line 1830.
Package hyperref Info: Option `colorlinks' set `true' on input line 1830.
Package hyperref Info: Option `bookmarks' set `true' on input line 1830.
Package hyperref Info: Hyper figures OFF on input line 1880.
Package hyperref Info: Link nesting OFF on input line 1885.
Package hyperref Info: Hyper index ON on input line 1888.
Package hyperref Info: Plain pages ON on input line 1893.
Package hyperref Info: Backreferencing OFF on input line 1900.
Implicit mode ON; LaTeX internals redefined
Package hyperref Info: Bookmarks ON on input line 2004.
(/usr/share/texmf/tex/latex/html/url.sty
Package: url 1999/03/02  ver 1.4  Verb mode for urls, email addresses, and file
 names
)
LaTeX Info: Redefining \url on input line 2143.
\Fld@menulength=\count102
\Field@Width=\dimen110
\Fld@charsize=\dimen111
\Choice@toks=\toks17
\Field@toks=\toks18
Package hyperref Info: Hyper figures OFF on input line 2618.
Package hyperref Info: Link nesting OFF on input line 2623.
Package hyperref Info: Hyper index ON on input line 2626.
Package hyperref Info: backreferencing OFF on input line 2633.
Package hyperref Info: Link coloring ON on input line 2636.
Hyperref stopped early
)
*hyperref using driver htex4ht*
(/usr/share/texmf/tex/latex/hyperref/htex4ht.def
File: htex4ht.def 2003/11/30 v6.74m Hyperref driver for TeX4ht
hyperref tex4ht: tex4ht already loaded
)
\@input{99defs.aux}
\openout2 = `99defs.aux'.

(./99defs.tex
\notebox=\box29
)
\@indexfile=\write4
\openout4 = `hgbook.idx'.

Writing index file hgbook.idx
(./bookhtml.cfg (/usr/share/texmf/tex/generic/tex4ht/tex4ht.4ht
version 2006-02-22-12:25
--------------------------------------
--- Note --- for additional information, use the command line option `info'
--------------------------------------
::::::::::::::::::::::::::::::::::::::::::
 TeX4ht info is available in the log file 
::::::::::::::::::::::::::::::::::::::::::
) (/usr/share/texmf/tex/generic/tex4ht/tex4ht.sty
version 2006-08-18-17:08
(/usr/share/texmf/tex/latex/graphics/color.sty
Package: color 1999/02/16 v1.0i Standard LaTeX Color (DPC)
(/usr/share/texmf/tex/latex/graphics/color.cfg
File: color.cfg 2005/02/03 v1.3 color configuration of teTeX/TeXLive
)
Package color Info: Driver file: dvips.def on input line 125.
(/usr/share/texmf/tex/latex/graphics/dvipsnam.def
File: dvipsnam.def 1999/02/16 v3.0i Driver-dependant file (DPC,SPQR)
))
--- needs --- tex4ht hgbook ---
\tmp:cnt=\count103
\openout15 = `hgbook.tmp'.

(html/onepage//hgbook.tmp)
\tmp:toks=\toks19
\tmp:dim=\skip44
(html/onepage//hgbook.xref)
\:refout=\write5
\openout5 = `hgbook.xref'.

(/usr/share/texmf/tex/generic/tex4ht/html4.4ht
version 2006-08-26-01:41
--------------------------------------
--- Note --- to remove the DOCTYPE declaration use the command line option `no-
DOCTYPE'
--------------------------------------
) (/usr/share/texmf/tex/generic/tex4ht/html4-math.4ht
version 2006-08-26-01:41
)
--------------------------------------
--- Note --- for marking of the base font, use the command line option `fonts+'

--------------------------------------
--------------------------------------
--- Note --- for non active _, use the command line option `no_'
--------------------------------------
--------------------------------------
--- Note --- for _ of catcode 13, use the command line option `_13'
--------------------------------------
--------------------------------------
--- Note --- for non active ^, use the command line option `no^'
--------------------------------------
--------------------------------------
--- Note --- for ^ of catcode 13, use the command line option `^13'
--------------------------------------
(/usr/share/texmf/tex/generic/tex4ht/html4.4ht
version 2006-08-26-01:41
--------------------------------------
--- Note --- for alternative charset, use the command line option `charset=...'

--------------------------------------
--------------------------------------
--- Note --- to ignore CSS font decoration, use the `NoFonts' command line opti
on
--------------------------------------
--------------------------------------
--- Note --- for jpg bitmaps of pictures, use the `jpg' command line option. (C
haracter bitmaps are controled only by `g' records of tex4ht.env and `-g' switc
hes of tex4ht.c) 
--------------------------------------
--------------------------------------
--- Note --- for gif bitmaps of pictures, use the `gif' command line option. (C
haracter bitmaps are controled only by `g' records of tex4ht.env and `-g' switc
hes of tex4ht.c) 
--------------------------------------
--------------------------------------
--- Note --- for content and toc in 2 frames, use the command line option `fram
es'
--------------------------------------
--------------------------------------
--- Note --- for content, toc, and footnotes in 3 frames, use the command line 
option `frames-fn'
--------------------------------------
--------------------------------------
--- Note --- for file extension name xht, use the command line option `xht'
--------------------------------------
TeX4ht package options: html4-uni,html,xhtml
--------------------------------------
--- Note --- for inline CSS code, use the command line option `css-in'
--------------------------------------
--------------------------------------
--- Note --- for pop ups on mouse over, use the command line option `mouseover'

--------------------------------------
--------------------------------------
--- Note --- for addressing images in a subdirectory, use the command line opti
on `imgdir:.../'
--------------------------------------
) (/usr/share/texmf/tex/generic/tex4ht/html4-math.4ht
version 2006-08-26-01:41
)
\:tokwrite=\toks20
\:tokpage=\toks21
--------------------------------------
--- Note --- for back links to toc, use the command line option `sections+'
--------------------------------------
--------------------------------------
--- Note --- for linear crosslinks of pages, use the command line option `next'

--------------------------------------
\openout15 = `hgbook.4ct'.

\:tocout=\write6
\openout6 = `hgbook.4tc'.

(/usr/share/texmf/tex/generic/tex4ht/html4.4ht
version 2006-08-26-01:41
) (/usr/share/texmf/tex/generic/tex4ht/html4-math.4ht
version 2006-08-26-01:41
) (/usr/share/texmf/tex/generic/tex4ht/latex.4ht
version 2006-08-26-23:34
--------------------------------------
--- Note --- for links into captions, instead of float heads, use the command l
ine option `refcaption'
--------------------------------------
(/usr/share/texmf/tex/generic/tex4ht/html4.4ht
version 2006-08-26-01:41
--------------------------------------
--- Note --- for enumerated list elements li's with value attributes, use the c
ommand line option `li-'
--------------------------------------
--------------------------------------
--- Note --- for CSS2 code, use the command line option `css2'
--------------------------------------
--------------------------------------
--- Note --- for pictorial tabular, use the command line option `pic-tabular'
--------------------------------------
--------------------------------------
--- Note --- for bitmap fbox'es, use the command line option `pic-fbox'
--------------------------------------
--------------------------------------
--- Note --- for bitmap framebox'es, use the command line option `pic-framebox'

--------------------------------------
--------------------------------------
--- Note --- for inline footnotes use command line option `fn-in'
--------------------------------------
--------------------------------------
--- Note --- for a JavaHelp output format, use the command line option `javahel
p'
--------------------------------------
--------------------------------------
--- Note --- for tracing of latex font commands, use the command line option `f
onts'
--------------------------------------
--------------------------------------
--- Note --- for width specifications of tabular p entries, use the `p-width' c
ommand line option or a configuration similar to \Configure{HColWidth}{\HCode{ 
style="width:\HColWidth"}}
--------------------------------------
) (/usr/share/texmf/tex/generic/tex4ht/html4-math.4ht
version 2006-08-26-01:41
--------------------------------------
--- Note --- for pictorial eqnarray, use the command line option `pic-eqnarray'

--------------------------------------
--------------------------------------
--- Note --- for pictorial array, use the command line option `pic-array'
--------------------------------------
--------------------------------------
--- Note --- for pictorial $...$ environments, use the command line option `pic
-m' (not recommended!!)
--------------------------------------
--------------------------------------
--- Note --- for pictorial $...$ and $$...$$ environments with latex alt, use t
he command line option `pic-m+' (not safe!!)
--------------------------------------
--------------------------------------
--- Note --- for pictorial array, use the command line option `pic-array'
--------------------------------------
)) (/usr/share/texmf/tex/generic/tex4ht/fontmath.4ht
version 2006-08-26-23:34
(/usr/share/texmf/tex/generic/tex4ht/html4.4ht
version 2006-08-26-01:41
) (/usr/share/texmf/tex/generic/tex4ht/html4-math.4ht
version 2006-08-26-01:41
)) (/usr/share/texmf/tex/generic/tex4ht/book.4ht
version 2006-08-26-23:34
(/usr/share/texmf/tex/generic/tex4ht/html4.4ht
version 2006-08-26-01:41
--------------------------------------
--- Note --- for automatic sectioning pagination, use the command line option `
1', `2', `3', '4', '5', '6', or '7'
--------------------------------------
--------------------------------------
--- Note --- for files named derived from section titles, use the command line 
option `sec-filename'
--------------------------------------
--------------------------------------
--- Note --- for i-columns index, use the command line option `index=i' (e.g., 
index=2)
--------------------------------------
) (/usr/share/texmf/tex/generic/tex4ht/html4-math.4ht
version 2006-08-26-01:41
)) (/usr/share/texmf/tex/generic/tex4ht/makeidx.4ht
version 2006-08-26-23:34
(/usr/share/texmf/tex/generic/tex4ht/html4.4ht
version 2006-08-26-01:41
) (/usr/share/texmf/tex/generic/tex4ht/html4-math.4ht
version 2006-08-26-01:41
)) (/usr/share/texmf/tex/generic/tex4ht/graphicx.4ht
version 2006-08-26-23:34
(/usr/share/texmf/tex/generic/tex4ht/html4.4ht
version 2006-08-26-01:41
) (/usr/share/texmf/tex/generic/tex4ht/html4-math.4ht
version 2006-08-26-01:41
)) (/usr/share/texmf/tex/generic/tex4ht/graphics.4ht
version 2006-08-26-23:34
(/usr/share/texmf/tex/generic/tex4ht/html4.4ht
version 2006-08-26-01:41
--------------------------------------
--- Note --- if included graphics are of degraded quality, try the command line
 options `graphics-num' or `graphics-'. The `num' should provide the density of
 pixels in the bitmaps (e.g., 110). 
--------------------------------------
--------------------------------------
--- Note --- for key dimensions try the option `Gin-dim'; for key dimensions wh
en bounding box is unavailable try `Gin-dim+'; neither is recommended
--------------------------------------
) (/usr/share/texmf/tex/generic/tex4ht/html4-math.4ht
version 2006-08-26-01:41
)) (/usr/share/texmf/tex/generic/tex4ht/dvips.4ht
version 2006-08-26-23:34
(/usr/share/texmf/tex/generic/tex4ht/html4.4ht
version 2006-08-26-01:41
) (/usr/share/texmf/tex/generic/tex4ht/html4-math.4ht
version 2006-08-26-01:41
)) (/usr/share/texmf/tex/generic/tex4ht/fancyvrb.4ht
version 2006-08-26-23:34
(/usr/share/texmf/tex/generic/tex4ht/html4.4ht
version 2006-08-26-01:41
) (/usr/share/texmf/tex/generic/tex4ht/html4-math.4ht
version 2006-08-26-01:41
)) (/usr/share/texmf/tex/generic/tex4ht/listings.4ht
version 2006-08-26-23:34
(/usr/share/texmf/tex/generic/tex4ht/html4.4ht
version 2006-08-26-01:41
--------------------------------------
--- Note --- to ensure proper alignments use fixed size fonts (see listings.dtx
)
--------------------------------------
) (/usr/share/texmf/tex/generic/tex4ht/html4-math.4ht
version 2006-08-26-01:41
)) (/usr/share/texmf/tex/generic/tex4ht/hyperref.4ht
version 2006-08-26-23:34
l.287 --- TeX4ht warning --- \href of hyperref.sty introduces the prefix `file:
' to prefix-free references. The command \hyperlinkfileprefix{...} may be used 
for changing the prefix (probably \hyperlinkfileprefix{}). ---
(/usr/share/texmf/tex/generic/tex4ht/html4.4ht
version 2006-08-26-01:41
) (/usr/share/texmf/tex/generic/tex4ht/html4-math.4ht
version 2006-08-26-01:41
)) (/usr/share/texmf/tex/generic/tex4ht/pd1enc.4ht
version 2006-08-26-23:34
(/usr/share/texmf/tex/generic/tex4ht/html4.4ht
version 2006-08-26-01:41
) (/usr/share/texmf/tex/generic/tex4ht/html4-math.4ht
version 2006-08-26-01:41
)) (/usr/share/texmf/tex/generic/tex4ht/url.4ht
version 2006-08-26-23:34
(/usr/share/texmf/tex/generic/tex4ht/html4.4ht
version 2006-08-26-01:41
--------------------------------------
--- Note --- for URL encoding within href use the command line option `url-enc'

--------------------------------------
) (/usr/share/texmf/tex/generic/tex4ht/html4-math.4ht
version 2006-08-26-01:41
)) (/usr/share/texmf/tex/generic/tex4ht/color.4ht
version 2006-08-26-23:34
(/usr/share/texmf/tex/generic/tex4ht/html4.4ht
version 2006-08-26-01:41
) (/usr/share/texmf/tex/generic/tex4ht/html4-math.4ht
version 2006-08-26-01:41
)) (/usr/share/texmf/tex/generic/tex4ht/dvipsnam.4ht
version 2006-08-26-23:34
(/usr/share/texmf/tex/latex/graphics/dvipsnam.def) (/usr/share/texmf/tex/generi
c/tex4ht/html4.4ht
version 2006-08-26-01:41
) (/usr/share/texmf/tex/generic/tex4ht/html4-math.4ht
version 2006-08-26-01:41
)) (/usr/share/texmf/tex/generic/tex4ht/html4.4ht
version 2006-08-26-01:41
) (/usr/share/texmf/tex/generic/tex4ht/html4-math.4ht
version 2006-08-26-01:41
)) (html/onepage//hgbook.aux (html/onepage//preface.aux) (html/onepage//codelis
ting.aux))
\openout1 = `hgbook.aux'.

LaTeX Font Info:    Checking defaults for OML/cmm/m/it on input line 16.
LaTeX Font Info:    ... okay on input line 16.
LaTeX Font Info:    Checking defaults for T1/cmr/m/n on input line 16.
LaTeX Font Info:    ... okay on input line 16.
LaTeX Font Info:    Checking defaults for OT1/cmr/m/n on input line 16.
LaTeX Font Info:    ... okay on input line 16.
LaTeX Font Info:    Checking defaults for OMS/pzccm/m/n on input line 16.
LaTeX Font Info:    Try loading font information for OMS+pzccm on input line 16
.
(/usr/share/texmf/tex/latex/psnfss/omspzccm.fd
File: omspzccm.fd 2000/01/03 Fontinst v1.801 font definitions for OMS/pzccm.
)
LaTeX Font Info:    ... okay on input line 16.
LaTeX Font Info:    Checking defaults for OMX/cmex/m/n on input line 16.
LaTeX Font Info:    ... okay on input line 16.
LaTeX Font Info:    Checking defaults for U/cmr/m/n on input line 16.
LaTeX Font Info:    ... okay on input line 16.
LaTeX Font Info:    Checking defaults for PD1/pdf/m/n on input line 16.
LaTeX Font Info:    ... okay on input line 16.
Package hyperref Info: Link coloring ON on input line 16.
LaTeX Info: Redefining \ref on input line 16.
LaTeX Info: Redefining \pageref on input line 16.
--- file hgbook.css ---
) [1



] [2

] [3]
LaTeX Font Info:    Try loading font information for OT1+ptmcm on input line 52
.
(/usr/share/texmf/tex/latex/psnfss/ot1ptmcm.fd
File: ot1ptmcm.fd 2000/01/03 Fontinst v1.801 font definitions for OT1/ptmcm.
)
LaTeX Font Info:    Try loading font information for OML+ptmcm on input line 52
.
(/usr/share/texmf/tex/latex/psnfss/omlptmcm.fd
File: omlptmcm.fd 2000/01/03 Fontinst v1.801 font definitions for OML/ptmcm.
)
LaTeX Font Info:    Try loading font information for OMX+psycm on input line 52
.
(/usr/share/texmf/tex/latex/psnfss/omxpsycm.fd
File: omxpsycm.fd 2000/01/03 Fontinst v1.801 font definitions for OMX/psycm.
)
LaTeX Font Info:    Font shape `OT1/ptm/bx/n' in size <12> not available
(Font)              Font shape `OT1/ptm/b/n' tried instead on input line 52.
LaTeX Font Info:    Font shape `OT1/ptm/bx/n' in size <9> not available
(Font)              Font shape `OT1/ptm/b/n' tried instead on input line 52.
LaTeX Font Info:    Font shape `OT1/ptm/bx/n' in size <7> not available
(Font)              Font shape `OT1/ptm/b/n' tried instead on input line 52.
LaTeX Font Info:    Font shape `OMS/ptm/m/n' in size <12> not available
(Font)              Font shape `OMS/pzccm/m/n' tried instead on input line 52.

LaTeX Warning: Reference `cha:opl' on page 1 undefined on input line 52.

(./build_id.tex) (./hg_id.tex)
l.52 --- TeX4ht warning --- Cannot determine size of graphic in ./hobbitgraph.p
ng (no BoundingBox) ---
l. 52 --- needs --- ./hobbitgraph.png ---
[1] [1] [2

]
LaTeX Font Info:    Font shape `OT1/ptm/bx/n' in size <24.88> not available
(Font)              Font shape `OT1/ptm/b/n' tried instead on input line 56.
(html/onepage//hgbook.4ct) [3] [4

] (html/onepage//hgbook.4ct) [1]
\openout2 = `preface.aux'.

(./preface.tex [2

]
LaTeX Font Info:    Font shape `OT1/ptm/bx/n' in size <14.4> not available
(Font)              Font shape `OT1/ptm/b/n' tried instead on input line 15.
---------------------------------------------------------
l.46 --- TeX4ht warning --- If not done so, the index is to be processed by 
  tex '\def\filename{{hgbook}{idx}{4dx}{ind}} \input  idxmake.4ht' 
  makeindex -o hgbook.ind hgbook.4dx 
instead of 
  makeindex -o hgbook.ind hgbook.idx 
On some platforms, the quotation marks ' should be 
 replaced by double quotation marks " or eliminated. 
---------------------------------------------------------  ---
LaTeX Font Info:    Font shape `OT1/ptm/bx/n' in size <10> not available
(Font)              Font shape `OT1/ptm/b/n' tried instead on input line 46.

LaTeX Warning: Reference `sec:undo:bisect' on page 3 undefined on input line 46
.

LaTeX Font Info:    Font shape `OT1/ptm/bx/n' in size <7.4> not available
(Font)              Font shape `OT1/ptm/b/n' tried instead on input line 62.
LaTeX Font Info:    Font shape `OT1/ptm/bx/n' in size <6> not available
(Font)              Font shape `OT1/ptm/b/n' tried instead on input line 62.
) [3

] [4

]
\openout2 = `codelisting.aux'.

(./codelisting.tex [5

] [6

]
Chapter 1.

LaTeX Warning: Citation `web:mpatch' on page 7 undefined on input line 5.

(/usr/share/texmf/tex/latex/listings/lstlang1.sty
File: lstlang1.sty 2004/09/05 1.3 listings language file
) (/usr/share/texmf/tex/latex/listings/lstmisc.sty
File: lstmisc.sty 2004/09/07 1.3 (Carsten Heinz)
) (/home/tjyang/4.3/bbdisplay/bbconvert.c
LaTeX Font Info:    Font shape `OT1/pcr/m/it' in size <10> not available
(Font)              Font shape `OT1/pcr/m/sl' tried instead on input line 1.
LaTeX Font Info:    Font shape `OT1/pcr/bx/n' in size <10> not available
(Font)              Font shape `OT1/pcr/b/n' tried instead on input line 14.
) (/home/tjyang/4.3/bbdisplay/util.c) (/home/tjyang/4.3/bbdisplay/csvreport.c)
Overfull \hbox (18406.18335pt too wide) in paragraph at lines 32--32
[][]\OT1/pcr/m/n/10 x[][][][][][][][][][][]x[][][][][][][][][][][][][][][][][][
][][][][][][][][][][][][][][][][][]x[][][][][][][][][][][][][]x[][][][][][][][]
[][][][][][][][][][][][][][][][][][][][][][][][][][][][][][][][][][][][][][][][
][]x[][][][][][][][][][][][][]x[][][][][][][][][][][][][][][][][][][][][][][][]
[][][][][][][][][][][][][][][][][][][][][][][][][][][][][][][][][][][][][][][]x
[][][][][][][][][][][][][][][][][][][][][][][][][][][][][][][][][][][][][][][][
][][][][][][][][][][][]x[][][][][][][][][][][][][]x[][][][][][][][][][][]x[][][
][][]x[][][][][][][][][][][][][][][][][][][][][]x[][][][][][][][][][][][][][][]
[][][][][][]x[][][][][][][][][][][][][][][][][][][][][]x[][][][][]x[][][][][][]
[][][][][][][][][][][][][][][]x[][][][][][][][][][][][][][][][][][][][][]x[][][
][][]x[][][][][][][][][][][][][][][][][][][][][][][][][][][][][][][][][]x[][][]
[][][][]x[][][][][][][][][][][][][][][][]x[][][][][][][][][][][][][][][][]x[][]
[][][]x[][][][][][][][][][][][][][][][][][][][][][][][][][][][][][][][][][][][]
[][][][][][][][][][][][][][][][][][][][][][][][][][][][][][][][][][][][][][][][
][][][][][][][][][][][][][][][][][][][][][][][][][][][][][][][][][][][][][][][]
[][][][][][][][][][][][][][][][][][][][][][][][][][][][][][][][][][][][][][][][
][][][][][][][][][][][][][][][][][][][][][][][][][][][][][][][][][][][][][][][]
[][][][][][][][][][][][][][][][][][][][][][][][][][][][][][][][][][][][][][][][
][][][][][][][][][][][][][][][][][][][][][][][][][][][][][][][][][][][][][][][]
[][][][][][][][][][][][][][][][][][][][][][][][][][][][][][][][][][][][][][][][
][][][][][][][][][][][]x[][][][][]x[][][][][][][][][][][][][][][][][][][][][][]
[][][][][][][][][][][][]x[][][][][][][][][][][][][][][][][][][][][][][][][][][]
[]x[][][][][][][][][][][][][][][][][][][][][][][][][][][][][][][][][][][][][][]
[][][][][][][][][][][][][][][][][][][][][][][][][][][][][][]x[][][][][][][][][]
[]x[][][][][][][][]x[][][][][]x[][][][][][][][][][][][][][][][][][][][][][][][]
[][][][][][][][]x[][][][][][][][][][][][][][][][][][][][][][][][]x[][][][][]x[]
[][][][][][][][][][][][][][][][][][][][][][][]x[][][][][][][][][][][][][][][][]
[][][][][][][][][][][][][][][][][][][][][][][][][][][][][][][][][][][][][][][][
][][][][][][][][][][][][][][][][][][][][][][][][]x[][][][][][][][][][][][][][][
][][][]x[][][][][][][][]x[][][][][][][][][][][][][][][][][][][][][][][][][][][]
[][][][][][][][][][][]x[][][][][]x[][][][][][][][][][][][][][][][][][][][][][][
][][][][][][][][][][][][][][][][][][][][][][][][][][][][][][][][][]x[][][][][][
][][][][][][][][][][][][][][][][][][][][][][]x[][][][][][][][][][][][][][][][]x
[][][][][][][][][][][][][][]x[][][][][]x[][][][][][][][][][][][][][][][][][][][
][][][][][][][][][][][][][][][][][][][][][][][][][][][][][][][][][][][][][][][]
[]x[][][][][][][][][][][][][][][][][][][][][][][][][][][][][][][][][][][][][][]
[][][][][][][][][][][][]x[][][][][][][][][][][][][][]x[][][][][][][][][][][][][
][][][][][][][][][][][]x[][][][][][][][][][][][][][][][][][][][][][][][]x[][][]
[][][][][][][][][][][][][][][]x[][][][][]x[][][][][][][][][][][][][][][][][][][
][][][][][][][][][][][]x[][][][][][][][][][][][][][][][][][][][][][][][][][]x[]
[][][][][][][][][][][][][][][][][][][][][][][][][][][][][][][][][][][][][][][]x
[][][][][][][][][][][][][][][][][][][][][][][][][][][][][][][][][][][][][][]x[]
[][][][][][][][][][][][][][][][][][][][][][][][][][][]x[][][][][][][][][][][][]
[][][][][][][][][][][][][][][][][][]x[][][][][][][][]x[][][][][]x[][][][][][][]
[][][][][][][][][][][][][][][][][][][][][][][]x[][][][][][][][][][][][][][][][]
[][][][][][][][][][]x[][][][][][][][][][][][][][][][][][][][][][][][][][][][][]
[][][][][][][][][][][]x[][][][][][][][][][][][][][][][][][][][][][][][][][][][]
[][][][][][][][][][]x[][][][][][][][][][][][][][][][][][][][][][][][][][][][]x[
][][][][][][][][][][][][][][][][][][][][][][][][][][][][][]x[][][][][][][][]x[]
[][][][][][][][][][][][][][][][][][][][][][][][][][][]x[][][][][][][][]x[][][][
][][][][]x[][][][][]x[][][][][][][][][][][][][][][][]x[][][][][][]  
 []

(/home/tjyang/4.3/bbdisplay/rssgen.c
Runaway definition?
->{x1-12038r37}{x1-12037r36}{x1-12036r35}{x1-12035r34}{x1-12034r33}{x\ETC.
! TeX capacity exceeded, sorry [main memory size=1000000].
\Made:Labels ...-12032r31}{x1-12031r30}{x1-12030r2
                                                  9}{x1-12029r28}{x1-12028r2...
l.37 static 
            int anyshown = 0;
If you really absolutely need more capacity,
you can ask a wizard to enlarge me.

 
Here is how much of TeX's memory you used:
 8223 strings out of 94501
 105743 string characters out of 1169942
 1000001 words of memory out of 1000000
 11203 multiletter control sequences out of 10000+50000
 24461 words of font info for 61 fonts, out of 500000 for 2000
 580 hyphenation exceptions out of 1000
 34i,6n,73p,1274b,1111s stack positions out of 1500i,500n,5000p,200000b,5000s
Output written on html/onepage//hgbook.dvi (14 pages, 19012 bytes).
