This file contains any messages produced by compilers while
running configure, to aid debugging if configure makes a mistake.

It was created by amhello configure 1.0, which was
generated by GNU Autoconf 2.61.  Invocation command line was

  $ ./configure 

## --------- ##
## Platform. ##
## --------- ##

hostname = ibm
uname -m = i686
uname -r = 2.6.25-14.fc9.i686
uname -s = Linux
uname -v = #1 SMP Thu May 1 06:28:41 EDT 2008

/usr/bin/uname -p = unknown
/bin/uname -X     = unknown

/bin/arch              = i686
/usr/bin/arch -k       = unknown
/usr/convex/getsysinfo = unknown
/usr/bin/hostinfo      = unknown
/bin/machine           = unknown
/usr/bin/oslevel       = unknown
/bin/universe          = unknown

PATH: /usr/lib/qt-3.3/bin
PATH: /usr/kerberos/bin
PATH: /usr/lib/ccache
PATH: /usr/local/bin
PATH: /bin
PATH: /usr/bin
PATH: /home/tjyang/toolchains/4.1.0-uclibc-0.9.28/bin
PATH: /home/tjyang/bin


## ----------- ##
## Core tests. ##
## ----------- ##

configure:1731: checking for a BSD-compatible install
configure:1787: result: /usr/bin/install -c
configure:1798: checking whether build environment is sane
configure:1841: result: yes
configure:1869: checking for a thread-safe mkdir -p
configure:1908: result: /bin/mkdir -p
configure:1921: checking for gawk
configure:1937: found /bin/gawk
configure:1948: result: gawk
configure:1959: checking whether make sets $(MAKE)
configure:1980: result: yes
configure:2216: checking for gcc
configure:2232: found /usr/lib/ccache/gcc
configure:2243: result: gcc
configure:2481: checking for C compiler version
configure:2488: gcc --version >&5
gcc (GCC) 4.3.0 20080428 (Red Hat 4.3.0-8)
Copyright (C) 2008 Free Software Foundation, Inc.
This is free software; see the source for copying conditions.  There is NO
warranty; not even for MERCHANTABILITY or FITNESS FOR A PARTICULAR PURPOSE.

configure:2491: $? = 0
configure:2498: gcc -v >&5
Using built-in specs.
Target: i386-redhat-linux
Configured with: ../configure --prefix=/usr --mandir=/usr/share/man --infodir=/usr/share/info --with-bugurl=http://bugzilla.redhat.com/bugzilla --enable-bootstrap --enable-shared --enable-threads=posix --enable-checking=release --with-system-zlib --enable-__cxa_atexit --disable-libunwind-exceptions --enable-languages=c,c++,objc,obj-c++,java,fortran,ada --enable-java-awt=gtk --disable-dssi --enable-plugin --with-java-home=/usr/lib/jvm/java-1.5.0-gcj-1.5.0.0/jre --enable-libgcj-multifile --enable-java-maintainer-mode --with-ecj-jar=/usr/share/java/eclipse-ecj.jar --disable-libjava-multilib --with-cpu=generic --build=i386-redhat-linux
Thread model: posix
gcc version 4.3.0 20080428 (Red Hat 4.3.0-8) (GCC) 
configure:2501: $? = 0
configure:2508: gcc -V >&5
gcc: '-V' option must have argument
configure:2511: $? = 1
configure:2534: checking for C compiler default output file name
configure:2561: gcc    conftest.c  >&5
configure:2564: $? = 0
configure:2602: result: a.out
configure:2619: checking whether the C compiler works
configure:2629: ./a.out
configure:2632: $? = 0
configure:2649: result: yes
configure:2656: checking whether we are cross compiling
configure:2658: result: no
configure:2661: checking for suffix of executables
configure:2668: gcc -o conftest    conftest.c  >&5
configure:2671: $? = 0
configure:2695: result: 
configure:2701: checking for suffix of object files
configure:2727: gcc -c   conftest.c >&5
configure:2730: $? = 0
configure:2753: result: o
configure:2757: checking whether we are using the GNU C compiler
configure:2786: gcc -c   conftest.c >&5
configure:2792: $? = 0
configure:2809: result: yes
configure:2814: checking whether gcc accepts -g
configure:2844: gcc -c -g  conftest.c >&5
configure:2850: $? = 0
configure:2949: result: yes
configure:2966: checking for gcc option to accept ISO C89
configure:3040: gcc  -c -g -O2  conftest.c >&5
configure:3046: $? = 0
configure:3069: result: none needed
configure:3098: checking for style of include used by make
configure:3126: result: GNU
configure:3151: checking dependency style of gcc
configure:3242: result: gcc3
configure:3375: creating ./config.status

## ---------------------- ##
## Running config.status. ##
## ---------------------- ##

This file was extended by amhello config.status 1.0, which was
generated by GNU Autoconf 2.61.  Invocation command line was

  CONFIG_FILES    = 
  CONFIG_HEADERS  = 
  CONFIG_LINKS    = 
  CONFIG_COMMANDS = 
  $ ./config.status 

on ibm

config.status:633: creating Makefile
config.status:633: creating src/Makefile
config.status:633: creating config.h
config.status:896: executing depfiles commands

## ---------------- ##
## Cache variables. ##
## ---------------- ##

ac_cv_c_compiler_gnu=yes
ac_cv_env_CC_set=
ac_cv_env_CC_value=
ac_cv_env_CFLAGS_set=
ac_cv_env_CFLAGS_value=
ac_cv_env_CPPFLAGS_set=
ac_cv_env_CPPFLAGS_value=
ac_cv_env_LDFLAGS_set=
ac_cv_env_LDFLAGS_value=
ac_cv_env_LIBS_set=
ac_cv_env_LIBS_value=
ac_cv_env_build_alias_set=
ac_cv_env_build_alias_value=
ac_cv_env_host_alias_set=
ac_cv_env_host_alias_value=
ac_cv_env_target_alias_set=
ac_cv_env_target_alias_value=
ac_cv_objext=o
ac_cv_path_install='/usr/bin/install -c'
ac_cv_path_mkdir=/bin/mkdir
ac_cv_prog_AWK=gawk
ac_cv_prog_ac_ct_CC=gcc
ac_cv_prog_cc_c89=
ac_cv_prog_cc_g=yes
ac_cv_prog_make_make_set=yes
am_cv_CC_dependencies_compiler_type=gcc3

## ----------------- ##
## Output variables. ##
## ----------------- ##

ACLOCAL='${SHELL} /home/tjyang/hobbitmon/branches/tjyang/docs/learn-autotools/amhello-1.0/missing --run aclocal-1.10'
AMDEPBACKSLASH='\'
AMDEP_FALSE='#'
AMDEP_TRUE=''
AMTAR='${SHELL} /home/tjyang/hobbitmon/branches/tjyang/docs/learn-autotools/amhello-1.0/missing --run tar'
AUTOCONF='${SHELL} /home/tjyang/hobbitmon/branches/tjyang/docs/learn-autotools/amhello-1.0/missing --run autoconf'
AUTOHEADER='${SHELL} /home/tjyang/hobbitmon/branches/tjyang/docs/learn-autotools/amhello-1.0/missing --run autoheader'
AUTOMAKE='${SHELL} /home/tjyang/hobbitmon/branches/tjyang/docs/learn-autotools/amhello-1.0/missing --run automake-1.10'
AWK='gawk'
CC='gcc'
CCDEPMODE='depmode=gcc3'
CFLAGS='-g -O2'
CPPFLAGS=''
CYGPATH_W='echo'
DEFS='-DHAVE_CONFIG_H'
DEPDIR='.deps'
ECHO_C=''
ECHO_N='-n'
ECHO_T=''
EXEEXT=''
INSTALL_DATA='${INSTALL} -m 644'
INSTALL_PROGRAM='${INSTALL}'
INSTALL_SCRIPT='${INSTALL}'
INSTALL_STRIP_PROGRAM='$(install_sh) -c -s'
LDFLAGS=''
LIBOBJS=''
LIBS=''
LTLIBOBJS=''
MAKEINFO='${SHELL} /home/tjyang/hobbitmon/branches/tjyang/docs/learn-autotools/amhello-1.0/missing --run makeinfo'
OBJEXT='o'
PACKAGE='amhello'
PACKAGE_BUGREPORT='bug-automake@gnu.org'
PACKAGE_NAME='amhello'
PACKAGE_STRING='amhello 1.0'
PACKAGE_TARNAME='amhello'
PACKAGE_VERSION='1.0'
PATH_SEPARATOR=':'
SET_MAKE=''
SHELL='/bin/sh'
STRIP=''
VERSION='1.0'
ac_ct_CC='gcc'
am__fastdepCC_FALSE='#'
am__fastdepCC_TRUE=''
am__include='include'
am__isrc=''
am__leading_dot='.'
am__quote=''
am__tar='${AMTAR} chof - "$$tardir"'
am__untar='${AMTAR} xf -'
bindir='${exec_prefix}/bin'
build_alias=''
datadir='${datarootdir}'
datarootdir='${prefix}/share'
docdir='${datarootdir}/doc/${PACKAGE_TARNAME}'
dvidir='${docdir}'
exec_prefix='${prefix}'
host_alias=''
htmldir='${docdir}'
includedir='${prefix}/include'
infodir='${datarootdir}/info'
install_sh='$(SHELL) /home/tjyang/hobbitmon/branches/tjyang/docs/learn-autotools/amhello-1.0/install-sh'
libdir='${exec_prefix}/lib'
libexecdir='${exec_prefix}/libexec'
localedir='${datarootdir}/locale'
localstatedir='${prefix}/var'
mandir='${datarootdir}/man'
mkdir_p='/bin/mkdir -p'
oldincludedir='/usr/include'
pdfdir='${docdir}'
prefix='/usr/local'
program_transform_name='s,x,x,'
psdir='${docdir}'
sbindir='${exec_prefix}/sbin'
sharedstatedir='${prefix}/com'
sysconfdir='${prefix}/etc'
target_alias=''

## ----------- ##
## confdefs.h. ##
## ----------- ##

#define PACKAGE_NAME "amhello"
#define PACKAGE_TARNAME "amhello"
#define PACKAGE_VERSION "1.0"
#define PACKAGE_STRING "amhello 1.0"
#define PACKAGE_BUGREPORT "bug-automake@gnu.org"
#define PACKAGE "amhello"
#define VERSION "1.0"

configure: exit 0
