This is pdfTeXk, Version 3.141592-1.40.3 (Web2C 7.5.6) (format=pdflatex 2008.5.14)  8 NOV 2008 13:38
entering extended mode
 %&-line parsing enabled.
**00book.tex
(./00book.tex
LaTeX2e <2005/12/01>
Babel <v3.8h> and hyphenation patterns for english, usenglishmax, dumylang, noh
yphenation, arabic, basque, bulgarian, coptic, welsh, czech, slovak, german, ng
erman, danish, esperanto, spanish, catalan, galician, estonian, farsi, finnish,
 french, greek, monogreek, ancientgreek, croatian, hungarian, interlingua, ibyc
us, indonesian, icelandic, italian, latin, mongolian, dutch, norsk, polish, por
tuguese, pinyin, romanian, russian, slovenian, uppersorbian, serbian, swedish, 
turkish, ukenglish, ukrainian, loaded.
(/usr/share/texmf/tex/latex/base/book.cls
Document Class: book 2005/09/16 v1.4f Standard LaTeX document class
(/usr/share/texmf/tex/latex/base/bk10.clo
File: bk10.clo 2005/09/16 v1.4f Standard LaTeX file (size option)
)
\c@part=\count79
\c@chapter=\count80
\c@section=\count81
\c@subsection=\count82
\c@subsubsection=\count83
\c@paragraph=\count84
\c@subparagraph=\count85
\c@figure=\count86
\c@table=\count87
\abovecaptionskip=\skip41
\belowcaptionskip=\skip42
\bibindent=\dimen102
) (/usr/share/texmf/tex/latex/tools/enumerate.sty
Package: enumerate 1999/03/05 v3.00 enumerate extensions (DPC)
\@enLab=\toks14
) (/usr/share/texmf/tex/latex/preprint/fullpage.sty
Package: fullpage 1999/02/23 1.1 (PWD)
\FP@margin=\skip43
) (/usr/share/texmf/tex/latex/base/makeidx.sty
Package: makeidx 2000/03/29 v1.0m Standard LaTeX package
) (/usr/share/texmf/tex/generic/oberdiek/ifpdf.sty
Package: ifpdf 2006/02/20 v1.4 Provides the ifpdf switch (HO)
Package ifpdf Info: pdfTeX in pdf mode detected.
) (/usr/share/texmf/tex/latex/graphics/graphicx.sty
Package: graphicx 1999/02/16 v1.0f Enhanced LaTeX Graphics (DPC,SPQR)
(/usr/share/texmf/tex/latex/graphics/keyval.sty
Package: keyval 1999/03/16 v1.13 key=value parser (DPC)
\KV@toks@=\toks15
) (/usr/share/texmf/tex/latex/graphics/graphics.sty
Package: graphics 2006/02/20 v1.0o Standard LaTeX Graphics (DPC,SPQR)
(/usr/share/texmf/tex/latex/graphics/trig.sty
Package: trig 1999/03/16 v1.09 sin cos tan (DPC)
) (/usr/share/texmf/tex/latex/config/graphics.cfg
File: graphics.cfg 2007/01/18 v1.5 graphics configuration of teTeX/TeXLive
)
Package graphics Info: Driver file: pdftex.def on input line 90.
(/usr/share/texmf/tex/latex/pdftex-def/pdftex.def
File: pdftex.def 2007/01/08 v0.04d Graphics/color for pdfTeX
\Gread@gobject=\count88
))
\Gin@req@height=\dimen103
\Gin@req@width=\dimen104
) (/usr/share/texmf/tex/latex/pslatex/pslatex.sty
Package: pslatex 1996/07/24 v1.2 pslatex emulation (DPC)
LaTeX Font Info:    Redeclaring symbol font `operators' on input line 65.
LaTeX Font Info:    Overwriting symbol font `operators' in version `normal'
(Font)                  OT1/cmr/m/n --> OT1/ptmcm/m/n on input line 65.
LaTeX Font Info:    Overwriting symbol font `operators' in version `bold'
(Font)                  OT1/cmr/bx/n --> OT1/ptmcm/m/n on input line 65.
LaTeX Font Info:    Redeclaring symbol font `letters' on input line 66.
LaTeX Font Info:    Overwriting symbol font `letters' in version `normal'
(Font)                  OML/cmm/m/it --> OML/ptmcm/m/it on input line 66.
LaTeX Font Info:    Overwriting symbol font `letters' in version `bold'
(Font)                  OML/cmm/b/it --> OML/ptmcm/m/it on input line 66.
LaTeX Font Info:    Redeclaring symbol font `symbols' on input line 67.
LaTeX Font Info:    Overwriting symbol font `symbols' in version `normal'
(Font)                  OMS/cmsy/m/n --> OMS/pzccm/m/n on input line 67.
LaTeX Font Info:    Overwriting symbol font `symbols' in version `bold'
(Font)                  OMS/cmsy/b/n --> OMS/pzccm/m/n on input line 67.
LaTeX Font Info:    Redeclaring symbol font `largesymbols' on input line 68.
LaTeX Font Info:    Overwriting symbol font `largesymbols' in version `normal'
(Font)                  OMX/cmex/m/n --> OMX/psycm/m/n on input line 68.
LaTeX Font Info:    Overwriting symbol font `largesymbols' in version `bold'
(Font)                  OMX/cmex/m/n --> OMX/psycm/m/n on input line 68.
\symbold=\mathgroup4
\symitalic=\mathgroup5
LaTeX Font Info:    Redeclaring math alphabet \mathbf on input line 74.
LaTeX Font Info:    Overwriting math alphabet `\mathbf' in version `normal'
(Font)                  OT1/cmr/bx/n --> OT1/ptm/bx/n on input line 74.
LaTeX Font Info:    Overwriting math alphabet `\mathbf' in version `bold'
(Font)                  OT1/cmr/bx/n --> OT1/ptm/bx/n on input line 74.
LaTeX Font Info:    Redeclaring math alphabet \mathit on input line 75.
LaTeX Font Info:    Overwriting math alphabet `\mathit' in version `normal'
(Font)                  OT1/cmr/m/it --> OT1/ptm/m/it on input line 75.
LaTeX Font Info:    Overwriting math alphabet `\mathit' in version `bold'
(Font)                  OT1/cmr/bx/it --> OT1/ptm/m/it on input line 75.
) (/usr/share/texmf/tex/latex/fancyvrb/fancyvrb.sty
Package: fancyvrb 1998/07/17
Style option: `fancyvrb' v2.6, with DG/SPQR fixes <1998/07/17> (tvz)
\FV@CodeLineNo=\count89
\FV@InFile=\read1
\FV@TabBox=\box26
\c@FancyVerbLine=\count90
\FV@StepNumber=\count91
\FV@OutFile=\write3
No file fancyvrb.cfg.
) (/usr/share/texmf/tex/latex/fancyhdr/fancyhdr.sty
\fancy@headwidth=\skip44
\f@ncyO@elh=\skip45
\f@ncyO@erh=\skip46
\f@ncyO@olh=\skip47
\f@ncyO@orh=\skip48
\f@ncyO@elf=\skip49
\f@ncyO@erf=\skip50
\f@ncyO@olf=\skip51
\f@ncyO@orf=\skip52
)

Package Fancyhdr Warning: \fancyhead's `E' option without twoside option is use
less on input line 17.


Package Fancyhdr Warning: \fancyhead's `E' option without twoside option is use
less on input line 19.

(/usr/share/texmf/tex/latex/hyperref/hyperref.sty
Package: hyperref 2007/02/07 v6.75r Hypertext links for LaTeX
\@linkdim=\dimen105
\Hy@linkcounter=\count92
\Hy@pagecounter=\count93
(/usr/share/texmf/tex/latex/hyperref/pd1enc.def
File: pd1enc.def 2007/02/07 v6.75r Hyperref: PDFDocEncoding definition (HO)
) (/usr/share/texmf/tex/latex/config/hyperref.cfg
File: hyperref.cfg 2002/06/06 v1.2 hyperref configuration of TeXLive
) (/usr/share/texmf/tex/latex/oberdiek/kvoptions.sty
Package: kvoptions 2006/08/22 v2.4 Connects package keyval with LaTeX options (
HO)
)
Package hyperref Info: Option `colorlinks' set `true' on input line 2238.
Package hyperref Info: Option `bookmarks' set `true' on input line 2238.
Package hyperref Info: Hyper figures OFF on input line 2288.
Package hyperref Info: Link nesting OFF on input line 2293.
Package hyperref Info: Hyper index ON on input line 2296.
Package hyperref Info: Plain pages OFF on input line 2303.
Package hyperref Info: Backreferencing OFF on input line 2308.
Implicit mode ON; LaTeX internals redefined
Package hyperref Info: Bookmarks ON on input line 2444.
(/usr/share/texmf/tex/latex/ltxmisc/url.sty
\Urlmuskip=\muskip10
Package: url 2005/06/27  ver 3.2  Verb mode for urls, etc.
)
LaTeX Info: Redefining \url on input line 2599.
\Fld@menulength=\count94
\Field@Width=\dimen106
\Fld@charsize=\dimen107
\Choice@toks=\toks16
\Field@toks=\toks17
Package hyperref Info: Hyper figures OFF on input line 3102.
Package hyperref Info: Link nesting OFF on input line 3107.
Package hyperref Info: Hyper index ON on input line 3110.
Package hyperref Info: backreferencing OFF on input line 3117.
Package hyperref Info: Link coloring ON on input line 3120.
\Hy@abspage=\count95
\c@Item=\count96
\c@Hfootnote=\count97
)
*hyperref using default driver hpdftex*
(/usr/share/texmf/tex/latex/hyperref/hpdftex.def
File: hpdftex.def 2007/02/07 v6.75r Hyperref driver for pdfTeX
\Fld@listcount=\count98
)
\@input{99defs.aux}
\openout2 = `99defs.aux'.

(./99defs.tex
\notebox=\box27
)
\@indexfile=\write4
\openout4 = `xymonmon-sysadmin-guide.idx'.

Writing index file xymonmon-sysadmin-guide.idx
(pdf//xymonmon-sysadmin-guide.aux (pdf//preface.aux) (pdf//xymon_overview.aux) 
(pdf//howtograph.aux) (pdf//install.aux) (pdf//about.aux) (pdf//xymon-alerts.au
x) (pdf//xymon-config.aux) (pdf//bb-to-xymon.aux) (pdf//xymon-mrtg.aux) (pdf//c
riticalsystems.aux

LaTeX Warning: Label `critview-disk.png' multiply defined.


LaTeX Warning: Label `critview-disk.png' multiply defined.

) (pdf//known-issues.aux) (pdf//server_configuration_files.aux) (pdf//web_page_
generation.aux) (pdf//report_generation.aux) (pdf//administrative_web_pages.aux
) (pdf//network_service_testing.aux) (pdf//combination_tests.aux) (pdf//message
s_protocols.aux) (pdf//xymon_server_programs.aux) (pdf//xymon_client.aux) (pdf/
/data_backend.aux) (pdf//misc_programs.aux) (pdf//bookmaking.aux) (pdf//license
.aux))
\openout1 = `xymonmon-sysadmin-guide.aux'.

LaTeX Font Info:    Checking defaults for OML/cmm/m/it on input line 56.
LaTeX Font Info:    ... okay on input line 56.
LaTeX Font Info:    Checking defaults for T1/cmr/m/n on input line 56.
LaTeX Font Info:    ... okay on input line 56.
LaTeX Font Info:    Checking defaults for OT1/cmr/m/n on input line 56.
LaTeX Font Info:    ... okay on input line 56.
LaTeX Font Info:    Checking defaults for OMS/pzccm/m/n on input line 56.
LaTeX Font Info:    Try loading font information for OMS+pzccm on input line 56
.
(/usr/share/texmf/tex/latex/psnfss/omspzccm.fd
File: omspzccm.fd 2000/01/03 Fontinst v1.801 font definitions for OMS/pzccm.
)
LaTeX Font Info:    ... okay on input line 56.
LaTeX Font Info:    Checking defaults for OMX/cmex/m/n on input line 56.
LaTeX Font Info:    ... okay on input line 56.
LaTeX Font Info:    Checking defaults for U/cmr/m/n on input line 56.
LaTeX Font Info:    ... okay on input line 56.
LaTeX Font Info:    Checking defaults for PD1/pdf/m/n on input line 56.
LaTeX Font Info:    ... okay on input line 56.
(/usr/share/texmf/tex/latex/graphics/color.sty
Package: color 2005/11/14 v1.0j Standard LaTeX Color (DPC)
(/usr/share/texmf/tex/latex/config/color.cfg
File: color.cfg 2007/01/18 v1.5 color configuration of teTeX/TeXLive
)
Package color Info: Driver file: pdftex.def on input line 130.
)
Package hyperref Info: Link coloring ON on input line 56.
(/usr/share/texmf/tex/latex/hyperref/nameref.sty
Package: nameref 2006/12/27 v2.28 Cross-referencing by name of section
(/usr/share/texmf/tex/latex/oberdiek/refcount.sty
Package: refcount 2006/02/20 v3.0 Data extraction from references (HO)
)
\c@section@level=\count99
)
LaTeX Info: Redefining \ref on input line 56.
LaTeX Info: Redefining \pageref on input line 56.
(pdf//xymonmon-sysadmin-guide.out) (pdf//xymonmon-sysadmin-guide.out)
\@outlinefile=\write5
\openout5 = `xymonmon-sysadmin-guide.out'.

LaTeX Font Info:    Try loading font information for OT1+ptmcm on input line 59
.
(/usr/share/texmf/tex/latex/psnfss/ot1ptmcm.fd
File: ot1ptmcm.fd 2000/01/03 Fontinst v1.801 font definitions for OT1/ptmcm.
)
LaTeX Font Info:    Try loading font information for OML+ptmcm on input line 59
.
(/usr/share/texmf/tex/latex/psnfss/omlptmcm.fd
File: omlptmcm.fd 2000/01/03 Fontinst v1.801 font definitions for OML/ptmcm.
)
LaTeX Font Info:    Try loading font information for OMX+psycm on input line 59
.
(/usr/share/texmf/tex/latex/psnfss/omxpsycm.fd
File: omxpsycm.fd 2000/01/03 Fontinst v1.801 font definitions for OMX/psycm.
)
LaTeX Font Info:    Font shape `OT1/ptm/bx/n' in size <12> not available
(Font)              Font shape `OT1/ptm/b/n' tried instead on input line 59.
LaTeX Font Info:    Font shape `OT1/ptm/bx/n' in size <9> not available
(Font)              Font shape `OT1/ptm/b/n' tried instead on input line 59.
LaTeX Font Info:    Font shape `OT1/ptm/bx/n' in size <7> not available
(Font)              Font shape `OT1/ptm/b/n' tried instead on input line 59.
LaTeX Font Info:    Font shape `OMS/ptm/m/n' in size <12> not available
(Font)              Font shape `OMS/pzccm/m/n' tried instead on input line 59.
<./xymon-cable.png, id=2232, 2601.72pt x 1951.29pt>
File: ./xymon-cable.png Graphic file (type png)
<use ./xymon-cable.png> [1




{/usr/share/texmf/fonts/map/pdftex/updmap/pdftex.map} <./xymon-cable.png (PNG c
opy)>]

Package hyperref Warning: No destination for bookmark of \addcontentsline,
(hyperref)                destination is added on input line 60.

LaTeX Font Info:    Font shape `OT1/ptm/bx/n' in size <24.88> not available
(Font)              Font shape `OT1/ptm/b/n' tried instead on input line 62.
(pdf//xymonmon-sysadmin-guide.toc
LaTeX Font Info:    Font shape `OT1/ptm/bx/n' in size <10> not available
(Font)              Font shape `OT1/ptm/b/n' tried instead on input line 1.
LaTeX Font Info:    Font shape `OT1/ptm/bx/n' in size <7.4> not available
(Font)              Font shape `OT1/ptm/b/n' tried instead on input line 3.
LaTeX Font Info:    Font shape `OT1/ptm/bx/n' in size <6> not available
(Font)              Font shape `OT1/ptm/b/n' tried instead on input line 3.
[1

] [2] [3] [4] [5] [6] [7] [8] [9] [10] [11])
\tf@toc=\write6
\openout6 = `xymonmon-sysadmin-guide.toc'.

[12] (pdf//xymonmon-sysadmin-guide.lof)
\tf@lof=\write7
\openout7 = `xymonmon-sysadmin-guide.lof'.

[13

] (pdf//xymonmon-sysadmin-guide.lot)
\tf@lot=\write8
\openout8 = `xymonmon-sysadmin-guide.lot'.

pdfTeX warning (ext4): destination with the same identifier (name{page.1}) has 
been already used, duplicate ignored
<to be read again> 
                   \relax 
l.67 \include{preface}
                       [1

]
\openout2 = `preface.aux'.

(./preface.tex
Chapter 1.
LaTeX Font Info:    Font shape `OT1/ptm/bx/n' in size <20.74> not available
(Font)              Font shape `OT1/ptm/b/n' tried instead on input line 1.
LaTeX Font Info:    Font shape `OMS/ptm/m/n' in size <10> not available
(Font)              Font shape `OMS/pzccm/m/n' tried instead on input line 14.
LaTeX Font Info:    Font shape `OT1/ptm/bx/n' in size <14.4> not available
(Font)              Font shape `OT1/ptm/b/n' tried instead on input line 22.
[2


]) [3]
\openout2 = `xymon_overview.aux'.

(./xymon_overview.tex
Chapter 2.

Overfull \hbox (1.79083pt too wide) in paragraph at lines 62--68
[]\OT1/ptm/m/n/10 The xy-mon server works on all Unix-like sys-tems, in-clud-in
g Linux, So-laris, FreeBSD,
 []

[4



]
Overfull \hbox (8.36003pt too wide) in paragraph at lines 85--92
[]\OT1/ptm/m/n/10 xymon stores trend- and availability-information about
 []

[5]
Overfull \hbox (10.95999pt too wide) in paragraph at lines 240--245
\OT1/ptm/m/n/10 men-ta-tion ``In-stalling xy-mon'' avail-able from the Xy-mon w
eb-server (via the ``Help'' menu), or from the ``docs/install.html''
 []

[6]
Overfull \hbox (63.4618pt too wide) in paragraph at lines 271--273
[]\OT1/ptm/m/n/10 User Guide Ad-min-is-tra-tion Guide [][]$\OT1/pcr/m/n/10 http
 : / / en . wikibooks . org / wiki / System _ Monitoring _ with _ xymon / Admin
istration _
 []

[7] [8] [9] [10] [11]) [12]
\openout2 = `howtograph.aux'.

(./howtograph.tex
Chapter 3.
[13



] [14] [15]) [16]
\openout2 = `install.aux'.

(./install.tex
Chapter 4.
[17



] [18] <./xymonprocs.png, id=3099, 879.285pt x 469.755pt>
File: ./xymonprocs.png Graphic file (type png)
<use ./xymonprocs.png>
Overfull \hbox (57.82005pt too wide) in paragraph at lines 129--130
 [][] 
 []

<./xymonmain.png, id=3101, 692.5875pt x 510.90875pt>
File: ./xymonmain.png Graphic file (type png)
<use ./xymonmain.png> [19]) [20 <./xymonprocs.png>] [21 <./xymonmain.png>]
\openout2 = `about.aux'.

(./about.tex
Chapter 5.

Underfull \hbox (badness 10000) in paragraph at lines 28--29

 []

[22



]
Underfull \hbox (badness 10000) in paragraph at lines 39--40

 []


Underfull \hbox (badness 10000) in paragraph at lines 46--47

 []


Underfull \hbox (badness 10000) in paragraph at lines 51--52

 []

[23] [24]) [25]
\openout2 = `xymon-alerts.aux'.

(./xymon-alerts.tex
Chapter 6.
[26



]
Overfull \hbox (44.05984pt too wide) in paragraph at lines 118--120
[]\OT1/ptm/m/n/10 The percent-sign in-di-cates that the host-name should not be
 taken lit-er-ally - in-stead, (www|intranet|support|mail).foo.com
 []

[27] [28]) [29]
\openout2 = `xymon-config.aux'.

(./xymon-config.tex
Chapter 7.
[30



] <./xymon-bbhosts.png, id=3166, 736.7525pt x 434.62375pt>
File: ./xymon-bbhosts.png Graphic file (type png)
<use ./xymon-bbhosts.png>
LaTeX Font Info:    Font shape `OT1/pcr/m/it' in size <10> not available
(Font)              Font shape `OT1/pcr/m/sl' tried instead on input line 109.
[31 <./xymon-bbhosts.png>]
Overfull \hbox (294.66707pt too wide) in paragraph at lines 202--210
 [][] 
 []

[32] <./xymon-clients.png, id=3179, 553.06625pt x 340.27126pt>
File: ./xymon-clients.png Graphic file (type png)
<use ./xymon-clients.png>
Overfull \hbox (6217.2162pt too wide) in paragraph at lines 233--280
[][] 
 []

) [33 <./xymon-clients.png>]
\openout2 = `bb-to-xymon.aux'.

(./bb-to-xymon.tex [34


]) [35]
\openout2 = `xymon-mrtg.aux'.

(./xymon-mrtg.tex
Chapter 8.
Missing character: There is no   in font ptmr7t!
Missing character: There is no   in font ptmb7t!

Overfull \hbox (54.38861pt too wide) in paragraph at lines 46--50
\OT1/ptm/m/n/10 rel-a-tive to the \OT1/ptm/b/n/10 WorkDir \OT1/ptm/m/n/10 di-re
c-tory, i.e. the fi-nal di-rec-tory for the RRD datafile will be /usr/local/xym
on/data/rrd/myrouter.sample.com
 []

[36



]) [37]
\openout2 = `criticalsystems.aux'.

(./criticalsystems.tex
Chapter 9.
<./critview-disk.png, id=3211, 767.86874pt x 474.77374pt>
File: ./critview-disk.png Graphic file (type png)
<use ./critview-disk.png> <./editor-main.png, id=3212, 928.46875pt x 684.5575pt
>
File: ./editor-main.png Graphic file (type png)
<use ./editor-main.png> [38



] <./mainview.png, id=3218, 799.98875pt x 443.6575pt>
File: ./mainview.png Graphic file (type png)
<use ./mainview.png> [39 <./critview-disk.png (PNG copy)>] [40 <./editor-main.p
ng (PNG copy)> <./mainview.png (PNG copy)>] <./editor-nohost.png, id=3228, 388.
45125pt x 113.42375pt>
File: ./editor-nohost.png Graphic file (type png)
<use ./editor-nohost.png> <./editor-diskchanged.png, id=3229, 928.46875pt x 684
.5575pt>
File: ./editor-diskchanged.png Graphic file (type png)
<use ./editor-diskchanged.png>
File: ./critview-disk.png Graphic file (type png)
<use ./critview-disk.png> <./editor-clonemaster.png, id=3230, 928.46875pt x 684
.5575pt>
File: ./editor-clonemaster.png Graphic file (type png)
<use ./editor-clonemaster.png> <./editor-makeclone.png, id=3231, 648.4225pt x 1
86.6975pt>
File: ./editor-makeclone.png Graphic file (type png)
<use ./editor-makeclone.png> <./editor-showclone.png, id=3232, 756.8275pt x 521
.95pt>
File: ./editor-showclone.png Graphic file (type png)
<use ./editor-showclone.png>
File: ./critview-disk.png Graphic file (type png)
<use ./critview-disk.png> [41 <./editor-nohost.png (PNG copy)>] [42 <./editor-d
iskchanged.png (PNG copy)>] <./critview-detail-ackform.png, id=3244, 810.02625p
t x 224.84pt>
File: ./critview-detail-ackform.png Graphic file (type png)
<use ./critview-detail-ackform.png> <./critview-detail-acked.png, id=3245, 836.
12375pt x 683.55376pt>
File: ./critview-detail-acked.png Graphic file (type png)
<use ./critview-detail-acked.png> <./mainview-acked.png, id=3246, 800.9925pt x 
445.665pt>
File: ./mainview-acked.png Graphic file (type png)
<use ./mainview-acked.png> <./stdview-detail-acked.png, id=3247, 836.12375pt x 
683.55376pt>
File: ./stdview-detail-acked.png Graphic file (type png)
<use ./stdview-detail-acked.png>) [43] [44 <./editor-clonemaster.png (PNG copy)
> <./editor-makeclone.png (PNG copy)>] [45 <./editor-showclone.png (PNG copy)>]
[46 <./critview-detail-ackform.png (PNG copy)> <./critview-detail-acked.png (PN
G copy)>] [47 <./mainview-acked.png (PNG copy)> <./stdview-detail-acked.png (PN
G copy)>]
\openout2 = `known-issues.aux'.

(./known-issues.tex
Chapter 10.

Underfull \hbox (badness 10000) in paragraph at lines 26--28

 []


Overfull \hbox (11.61981pt too wide) in paragraph at lines 45--46
\OT1/ptm/m/n/10 bisvc.cgi com-mand - this dis-ables Javascript val-i-da-tion on
 the ``info'' page - and edit the file  hob-bit/server/web/maint[]form
 []

[48



] [49]
Missing character: There is no   in font ptmr7t!
Missing character: There is no   in font ptmr7t!
Missing character: There is no   in font ptmr7t!
Missing character: There is no   in font ptmr7t!
Missing character: There is no   in font ptmr7t!
Missing character: There is no   in font ptmr7t!
Missing character: There is no   in font ptmr7t!
Missing character: There is no   in font ptmr7t!

Overfull \hbox (2701.0022pt too wide) in paragraph at lines 108--138
 [] 
 []

Missing character: There is no   in font ptmr7t!
Missing character: There is no   in font ptmr7t!
Missing character: There is no   in font ptmr7t!
Missing character: There is no   in font ptmr7t!
) [50]
\openout2 = `server_configuration_files.aux'.

(./server_configuration_files.tex
Chapter 11.
[51



]
Overfull \hbox (21.65935pt too wide) in paragraph at lines 154--156
[]\OT1/ptm/m/n/10 Directory for xy-mon notes-files. The $BB-NOTESSKIN URL must 
map to this di-rec-tory. De-fault: $BB-HOME/www/notes/ 
 []

[52] [53]
Overfull \hbox (35.43053pt too wide) in paragraph at lines 339--343
[]\OT1/ptm/m/n/10 Format string used to build a link to the doc-u-men-ta-tion f
or a col-umn head-ing. De-fault: ``$CGIB-IN-URL/xymoncolumn.sh?%s'',
 []

[54] [55] [56] [57] [58]
Overfull \hbox (2.27063pt too wide) in paragraph at lines 1081--1085
[]\OT1/ptm/m/n/10 pageUSAUnitedStates sub-pageNYNewYork sub-par-ent-NY-man-hat-
tan-Man-hat-tan-dat-a-cen-ters sub-par-ent-man-hat-tan-
 []

[59] [60] [61] [62] [63] [64] [65]
Overfull \hbox (41.00043pt too wide) in paragraph at lines 1798--1805
[]\OT1/ptm/m/n/10 If the BBLO-CA-TION en-vi-ron-ment vari-able is de-fined, a t
ag of ``route[]BBLOCATION:''
 []

LaTeX Font Info:    Font shape `OT1/pcr/bx/n' in size <10> not available
(Font)              Font shape `OT1/pcr/b/n' tried instead on input line 1856.
[66] [67]
Overfull \hbox (20.03056pt too wide) in paragraph at lines 2069--2075
\OT1/ptm/m/n/10 only $\OML/ptmcm/m/it/10 >$\OT1/ptm/m/n/10 128-bit ci-phers * `
`10'', e.g. http10://www.sample.com/ : use HTTP 1.0 * ``11'', e.g. http11://www
.sample.com/
 []


Overfull \hbox (10.32239pt too wide) in paragraph at lines 2121--2124
[][][]$\OT1/pcr/m/n/10 http : / / webproxy . sample . com : 3128 / http : / / w
ww . foo . com/$[][] \OT1/ptm/m/n/10 would be the syn-tax for test-ing the www.
foo.com
 []

[68]
Overfull \hbox (6.6505pt too wide) in paragraph at lines 2248--2254
[]\OT1/ptm/m/n/10 ;URL;form-data;[expected[]data[]regexp|#digesttype:digest]] T
his tag can be used to test web pages,
 []

[69] [70]
Overfull \hbox (28.20229pt too wide) in paragraph at lines 2443--2458
\OT1/ptm/m/n/10 statis-tics from the Apache web-server by query-ing the URL [][
]$\OT1/pcr/b/n/10 http : / / IP . ADDRESS . OF . HOST / server-[]status ?
 []

[71] [72] [73] [74] [75] [76] [77] [78]
Overfull \hbox (3.54982pt too wide) in paragraph at lines 3089--3091
\OT1/ptm/m/n/10 mon.log'' file, ex-cept those from the ``lpr'' sys-tem: LOG /va
r/log/daemon.log %WARN-ING|NOTICE COLOR=yellow
 []

[79]
Overfull \hbox (9.29195pt too wide) in paragraph at lines 3146--3148
[]\OT1/ptm/m/n/10 trigger
 []

[80] [81]
Overfull \hbox (28.961pt too wide) in paragraph at lines 3300--3308
\OT1/ptm/m/n/10 ``HOST=dns.foo.com,www.foo.com`` iden-ti-fies two spe-cific hos
ts; ``HOST=%www.*.foo.com EXHOST=www-test.foo.com''
 []

[82] [83]
Overfull \hbox (29.06972pt too wide) in paragraph at lines 3500--3503
[]\OT1/ptm/m/n/10 xymon-specific op-tions for col-umn doc-u-men-ta-tion. This u
ses the \OT1/ptm/m/it/10 bb-csvinfo.cgi(1) \OT1/ptm/m/n/10 util-ity with the \O
T1/ptm/b/n/10 server/etc/columndoc.cfg
 []

[84] [85] [86] [87] [88]) [89]
\openout2 = `web_page_generation.aux'.

(./web_page_generation.tex
Chapter 12.
[90



] [91]
Overfull \hbox (2.45027pt too wide) in paragraph at lines 279--284
[]\OT1/ptm/m/n/10 ] Al-ways in-clude these columns on bb2 page Will in-clude ce
r-tain columns on the bb2.html
 []


Overfull \hbox (2.0711pt too wide) in paragraph at lines 307--310
[]\OT1/ptm/m/n/10 or --noprop=test[,test]] Dis-able up-wards sta-tus prop-a-ga-
tion when YEL-LOW. The ``--noprop''
 []

[92]
Overfull \hbox (15.99168pt too wide) in paragraph at lines 418--420
[]\OT1/ptm/m/n/10 The ``add-button.gif'' is avail-able from Netscape at [][]$\O
T1/pcr/m/n/10 http : / / developer . netscape . com / docs / manuals / browser 
/
 []

[93] [94]
Overfull \hbox (5.56049pt too wide) in paragraph at lines 626--648
\OT1/ptm/m/n/10 able, and the ''$BB-HOME/www/os/''optionworktogether,andplacest
he new-page-setHTML-filesina-sub-di-rec-to-ry-offthenor-
 []


Overfull \hbox (1.32095pt too wide) in paragraph at lines 626--648
\OT1/ptm/m/n/10 mal xy-mon-we-b-root.IfyounormallyaccesstheXymonpagesas ''[][]$
\OT1/pcr/m/n/10 http : / / xymon . acme . com / hobbit/$[][]\OT1/ptm/m/n/10 ``,
youwillthenaccess
 []


Overfull \hbox (15.9906pt too wide) in paragraph at lines 626--648
\OT1/ptm/m/n/10 the-new-page-se-tas''[][]$\OT1/pcr/m/n/10 http : / / xymon . ac
me . com / hobbit / os/$[][]\OT1/ptm/m/n/10 `` NB:ThedirectorygivenasBBWEBmustc
ontainasymbolic link-
 []


Overfull \hbox (84.82811pt too wide) in paragraph at lines 626--648
\OT1/ptm/m/n/10 tothe$BBHOME/www/html/directory,orlinksto in-di-vid-u-al-sta-tu
smes-sageswill-not-work.Similarlinks shouldbe-made-forthegifs/,help/andnotes/
 []


Overfull \hbox (28.16953pt too wide) in paragraph at lines 626--648
\OT1/ptm/m/n/10 platein$BBHOME/web/bb[]headerand .../bb[]footer-withthisoption,
itwillinsteaduse the-files''os[]header''and''os[]footer''fromthe
 []


Overfull \hbox (4.6199pt too wide) in paragraph at lines 626--648
\OT1/ptm/m/n/10 $BB-HOME/web/directory.Thisallowsyoutocustomize head-er-sand-fo
ot-ers-fore-ach-page-set.Ifyoujustwant tou-sethenor-mal-
 []


Overfull \hbox (16.71077pt too wide) in paragraph at lines 673--677
[]\OT1/ptm/m/n/10 The re-port files gen-er-ated by bb-gen are stored in in-di-v
id-ual di-rec-to-ries (one per re-port) be-low the $BB-HOME/www/rep/
 []

[95]
Overfull \hbox (36.19107pt too wide) in paragraph at lines 734--739
[]\OT1/ptm/m/n/10 0700:greenfor10minutes(600seconds) 0710:blue-for5minutes(300s
econds) 0715:green-for14hours38minutes(52680seconds)
 []

[96]
Overfull \hbox (116.93987pt too wide) in paragraph at lines 815--823
[]\OT1/ptm/m/n/10 START=`date+%s--date=''22Jun200300:00:00''` END=`date+%s--dat
e=''22Jun200323:59:59''` BBWEB=/reports/bigbrother/daily/2003/06/22$\OMS/pzccm/
m/n/10 n$
 []


Overfull \hbox (47.18071pt too wide) in paragraph at lines 815--823
\OT1/ptm/m/n/10 BBHELPSKIN=/xymon/help$\OMS/pzccm/m/n/10 n$ \OT1/ptm/m/n/10 BBN
OTESSKIN=/xymon/notes$\OMS/pzccm/m/n/10 n$ \OT1/ptm/m/n/10 bbgen--reportopts=$S
TART:$END:1:crit$\OMS/pzccm/m/n/10 n$ \OT1/ptm/m/n/10 --subpagecolumns=2$\OMS/p
zccm/m/n/10 n$
 []


Overfull \hbox (3.78993pt too wide) in paragraph at lines 825--830
[]\OT1/ptm/m/n/10 The ``BB-WEB'' set-ting means that the re-port will be avail-
able with a URL of ``[][]$\OT1/pcr/m/n/10 http : / / www . server . com / repor
ts /
 []

[97]
Overfull \hbox (102.66989pt too wide) in paragraph at lines 874--878
[]\OT1/ptm/m/n/10 IP(IPaddressofhost-fordisplaypurposesonly) PIXELS(widthofcolo
rbarwheninpixel-mode) END-TIME(whenthecolorbarbegins,atime[]tvalue)
 []

[98] [99] [100]
Overfull \hbox (12.01147pt too wide) in paragraph at lines 1093--1100
\OT1/ptm/m/n/10 ment, bbtest-net will ig-nore hosts that do not have any ``NET:
x'' tag. So only hosts that have a NET:$BBLOCATION
 []

[101] [102] [103]
Overfull \hbox (2.01971pt too wide) in paragraph at lines 1306--1307
[]\OT1/ptm/m/n/10 [,IP/MASK]] Con-trols which hosts may send main-te-nance com-
mands to xy-mond. Main-
 []

[104] [105] [106] [107] [108] [109] [110] [111] [112] [113] [114] [115]) [116]
\openout2 = `report_generation.aux'.

(./report_generation.tex
Chapter 13.
[117



] [118]
Overfull \hbox (89.14885pt too wide) in paragraph at lines 101--109
[]\OT1/ptm/m/n/10 start-mon(Startmonthofthereport) start-day(Startday-of-montho
fthereport) start-yr(Startyearofthereport) end-mon(Endmonthofthereport)
 []

[119] [120]) [121] [122]
\openout2 = `administrative_web_pages.aux'.

(./administrative_web_pages.tex
Chapter 14.
[123



] [124] [125] [126] [127] [128] [129]) [130]
\openout2 = `network_service_testing.aux'.

(./network_service_testing.tex
Chapter 15.
[131



]
Overfull \hbox (12.01147pt too wide) in paragraph at lines 152--156
\OT1/ptm/m/n/10 ment, bbtest-net will ig-nore hosts that do not have any ``NET:
x'' tag. So only hosts that have a NET:$BBLOCATION
 []

[132] [133] [134]
Overfull \hbox (54.8618pt too wide) in paragraph at lines 448--453
[]\OT1/ptm/m/n/10 For a dis-cus-sion of the var-i-ous ways of run-ning en-crypt
ed ldap, see [][]$\OT1/pcr/m/n/10 http : / / www . openldap . org / lists / ope
nldap-[]software /
 []


Overfull \hbox (8.84276pt too wide) in paragraph at lines 448--453
\OT1/pcr/m/n/10 200305 / msg00079 . html$[][] [][]$http : / / www . openldap . 
org / lists / openldap-[]software / 200305 / msg00084 . html$[][] [][]$http :
 []


Overfull \hbox (6.94273pt too wide) in paragraph at lines 448--453
\OT1/pcr/m/n/10 / / www . openldap . org / lists / openldap-[]software / 200201
 / msg00042 . html$[][] [][]$http : / / www . openldap . org / lists /
 []

[135] [136]
Overfull \hbox (5.02055pt too wide) in paragraph at lines 613--618
[]\OT1/ptm/m/n/10 If you have password-protected sites, you
 []

[137] [138] [139] [140] [141]) [142]
\openout2 = `combination_tests.aux'.

(./combination_tests.tex
Chapter 16.
[143



]
Overfull \hbox (125.8609pt too wide) in paragraph at lines 144--146
[]\OT1/ptm/m/n/10 Loads the graph con-fig-u-ra-tion file from FILE-NAME. If not
 spec-i-fied, the file []``\OT1/pcr/m/n/10 /etc/opt/xymonserver42/xymongraph.cf
g\OT1/ptm/m/n/10 ''
 []

[144] [145] [146] [147]
Overfull \hbox (125.8609pt too wide) in paragraph at lines 395--397
[]\OT1/ptm/m/n/10 Loads the graph con-fig-u-ra-tion file from FILE-NAME. If not
 spec-i-fied, the file []``\OT1/pcr/m/n/10 /etc/opt/xymonserver42/xymongraph.cf
g\OT1/ptm/m/n/10 ''
 []

[148] [149]
Overfull \hbox (50.30972pt too wide) in paragraph at lines 463--469
[]\OT1/ptm/m/n/10 mon(Startmonthofthesnapshot) day(Startday-of-monthofthesnapsh
ot) yr(Startyearofthesnapshot) hour(Starthourofthesnapshot)
 []


Overfull \hbox (4.2409pt too wide) in paragraph at lines 504--507
[]\OT1/ptm/m/n/10 bbgen op-tions passed by de-fault to the bb-snapshot.cgi scri
pt. This hap-pens in the bb-snapshot.sh
 []

[150] [151]
Overfull \hbox (156.69833pt too wide) in paragraph at lines 589--593
[]\OT1/ptm/m/n/10 key(stringtosearchfor,typicallyhostname) column(columnnumbert
osearch-default0) db(nameoftheCSVdatabasefilein$BBHOME/etc/,defaulthostinfo.csv
)
 []

[152] [153] [154] [155] [156] [157] [158] [159] [160] [161]) [162]
\openout2 = `messages_protocols.aux'.

(./messages_protocols.tex
Chapter 17.
[163



] [164] [165]
Overfull \hbox (15.40013pt too wide) in paragraph at lines 191--198
\OT1/ptm/m/n/10 re-ceive alerts for this HOST-NAME+TESTNAME com-bi-na-tion, ac-
cord-ing to the rules de-fined in \OT1/ptm/m/it/10 xymon-alerts.cfg(5)
 []

[166] [167]
Overfull \hbox (155.89743pt too wide) in paragraph at lines 461--464
[]\OT1/ptm/m/n/10 If the ``fields'' pa-ram-e-ter is omit-ted, a de-fault set of
 host-name,testname,color,flags,lastchange,logtime,validtime,acktime,disabletim
e,sender,cookie,line1
 []


Overfull \hbox (44.73033pt too wide) in paragraph at lines 550--551
[]\OT1/ptm/m/n/10 $WWW=`$BB$BBDISP''querywww.foo.com.www``|awk'\OMS/pzccm/m/n/1
0 f\OT1/ptm/m/n/10 print$1\OMS/pzccm/m/n/10 g\OT1/ptm/m/n/10 '` $if[''$WWW''=''
red''];then/etc/init.d/apacherestart;fi 
 []


Overfull \hbox (44.55025pt too wide) in paragraph at lines 557--561
[]\OT1/ptm/m/n/10 $$BB$BBDISP''configbb-dftab''$\OML/ptmcm/m/it/10 >$\OT1/ptm/m
/n/10 /tmp/bb-dftab.new $if[-s/tmp/bb-dftab.new];then mv/tmp/bb-dftab.new$BBHOM
E/etc/bb-
 []

[168]) [169]
\openout2 = `xymon_server_programs.aux'.

(./xymon_server_programs.tex
Chapter 18.
[170



] [171] [172] [173] [174]
Overfull \hbox (19.96942pt too wide) in paragraph at lines 308--309
[]\OT1/ptm/m/n/10 The to-tal num-ber of con-nec-tions ac-cepted from clients si
nce the proxy started. The ``(N msgs/second)''
 []

[175] [176] [177]
Overfull \hbox (2.48143pt too wide) in paragraph at lines 510--512
[]\OT1/ptm/m/n/10 Header, footer and form tem-plate for the xy-mon \OT1/ptm/b/n
/10 ac-knowl-edge alert \OT1/ptm/m/n/10 web-page gen-er-ated by \OT1/ptm/m/it/1
0 bb-ack.cgi(1) 
 []


Overfull \hbox (6.20149pt too wide) in paragraph at lines 559--562
[]\OT1/ptm/m/n/10 Header and footer for the xy-mon \OT1/ptm/b/n/10 Con-fig-u-ra
-tion re-port \OT1/ptm/m/n/10 web-page, gen-er-ated by the \OT1/ptm/m/it/10 xym
on-confreport.cgi(1)
 []

[178]
Overfull \hbox (2.75124pt too wide) in paragraph at lines 642--645
[]\OT1/ptm/m/n/10 Header, footer and forms for se-lect-ing a pre-generated \OT1
/ptm/b/n/10 Avail-abil-ity Re-port \OT1/ptm/m/n/10 . Han-dled by the \OT1/ptm/m
/it/10 bb-datepage.cgi(1)
 []

) [179]
\openout2 = `xymon_client.aux'.

(./xymon_client.tex
Chapter 19.
LaTeX Font Info:    Font shape `OT1/pcr/bx/n' in size <14.4> not available
(Font)              Font shape `OT1/pcr/b/n' tried instead on input line 9.
[180



] [181] [182] [183]
Overfull \hbox (1.43947pt too wide) in paragraph at lines 199--203
[]\OT1/ptm/m/n/10 HOSTSVC(thehostandservicetoreporton) STYLE(reportstyle:''crit
'',''non-crit'',''all'') ST(starttimeinsecondssince1-
 []


Overfull \hbox (126.98877pt too wide) in paragraph at lines 209--212
[]\OT1/ptm/m/n/10 IP(IPaddressofhost-fordisplaypurposesonly) RE-PORT-TIME(theRE
PORTTIME:settingforthishost) WARN-PCT(theWARNPCT:settingforthishost) 
 []

[184] [185] [186] [187] [188]) [189]
\openout2 = `data_backend.aux'.

(./data_backend.tex
Chapter 20.
[190



] [191]
Overfull \hbox (1.81094pt too wide) in paragraph at lines 182--184
[]\OT1/ptm/m/n/10 To en-able the ncv mod-ule for a sta-tus, add a ``COLUMN-NAME
=ncv'' to the TEST2RRD set-ting and the COLUMN-
 []

[192] [193] [194]) [195]
\openout2 = `misc_programs.aux'.

(./misc_programs.tex
Chapter 21.
[196



]) [197] [198]
\openout2 = `bookmaking.aux'.

(./bookmaking.tex
Appendix A.
[199



]) [200]
\openout2 = `license.aux'.

(./license.tex
Appendix B.
[201



]) [202] (pdf//xymonmon-sysadmin-guide.bbl) (pdf//xymonmon-sysadmin-guide.ind [
203


] [204

] [205] [206

]) (pdf//xymonmon-sysadmin-guide.aux (pdf//preface.aux) (pdf//xymon_overview.au
x) (pdf//howtograph.aux) (pdf//install.aux) (pdf//about.aux) (pdf//xymon-alerts
.aux) (pdf//xymon-config.aux) (pdf//bb-to-xymon.aux) (pdf//xymon-mrtg.aux) (pdf
//criticalsystems.aux) (pdf//known-issues.aux) (pdf//server_configuration_files
.aux) (pdf//web_page_generation.aux) (pdf//report_generation.aux) (pdf//adminis
trative_web_pages.aux) (pdf//network_service_testing.aux) (pdf//combination_tes
ts.aux) (pdf//messages_protocols.aux) (pdf//xymon_server_programs.aux) (pdf//xy
mon_client.aux) (pdf//data_backend.aux) (pdf//misc_programs.aux) (pdf//bookmaki
ng.aux) (pdf//license.aux))

LaTeX Warning: There were multiply-defined labels.

 ) 
Here is how much of TeX's memory you used:
 5253 strings out of 94073
 76139 string characters out of 1167072
 118942 words of memory out of 1500000
 7322 multiletter control sequences out of 10000+50000
 43799 words of font info for 87 fonts, out of 1200000 for 2000
 645 hyphenation exceptions out of 8191
 32i,13n,43p,950b,594s stack positions out of 5000i,500n,6000p,200000b,10000s
{/usr/share/texmf/fonts/enc/dvips/base/8r.enc}</usr/share/texmf/fonts/type1/b
luesky/cm/cmmi10.pfb></usr/share/texmf/fonts/type1/bluesky/cm/cmsy10.pfb></usr/
share/texmf/fonts/type1/urw/courier/ucrb8a.pfb></usr/share/texmf/fonts/type1/ur
w/courier/ucrr8a.pfb></usr/share/texmf/fonts/type1/urw/courier/ucrro8a.pfb></us
r/share/texmf/fonts/type1/urw/times/utmb8a.pfb></usr/share/texmf/fonts/type1/ur
w/times/utmr8a.pfb></usr/share/texmf/fonts/type1/urw/times/utmr8a.pfb></usr/sha
re/texmf/fonts/type1/urw/times/utmri8a.pfb>
Output written on pdf//xymonmon-sysadmin-guide.pdf (220 pages, 9244920 bytes).
PDF statistics:
 4452 PDF objects out of 5155 (max. 8388607)
 967 named destinations out of 1000 (max. 131072)
 4550 words of extra memory for PDF output out of 10000 (max. 10000000)

