\BOOKMARK [0][-]{section*.1}{Contents}{}
\BOOKMARK [0][-]{chapter.1}{Preface}{}
\BOOKMARK [1][-]{section.1.1}{This book is a work in progress}{chapter.1}
\BOOKMARK [1][-]{section.1.2}{Hobbit Documentation Road Map}{chapter.1}
\BOOKMARK [1][-]{section.1.3}{Revision History}{chapter.1}
\BOOKMARK [1][-]{section.1.4}{Colophon---this book is Free}{chapter.1}
\BOOKMARK [0][-]{chapter.2}{Hobbit Overview}{}
\BOOKMARK [1][-]{section.2.1}{Hobbit - Introduction to the Hobbit Monitor}{chapter.2}
\BOOKMARK [1][-]{section.2.2}{FEATURES}{chapter.2}
\BOOKMARK [1][-]{section.2.3}{SECURITY}{chapter.2}
\BOOKMARK [1][-]{section.2.4}{DEMONSTRATION SITE}{chapter.2}
\BOOKMARK [1][-]{section.2.5}{PREREQUISITES}{chapter.2}
\BOOKMARK [1][-]{section.2.6}{INSTALLATION}{chapter.2}
\BOOKMARK [1][-]{section.2.7}{SUPPORT and MAILING LISTS}{chapter.2}
\BOOKMARK [1][-]{section.2.8}{Hobbit Wiki Book}{chapter.2}
\BOOKMARK [1][-]{section.2.9}{HOBBIT SERVER DAEMONS}{chapter.2}
\BOOKMARK [1][-]{section.2.10}{HOBBIT NETWORK TEST TOOLS}{chapter.2}
\BOOKMARK [1][-]{section.2.11}{HOBBIT TOOLS HANDLING THE WEB USER-INTERFACE}{chapter.2}
\BOOKMARK [1][-]{section.2.12}{CLIENT-SIDE TOOLS}{chapter.2}
\BOOKMARK [1][-]{section.2.13}{HOBBIT COMMUNICATION TOOLS}{chapter.2}
\BOOKMARK [1][-]{section.2.14}{OTHER TOOLS}{chapter.2}
\BOOKMARK [1][-]{section.2.15}{VERSIONS}{chapter.2}
\BOOKMARK [1][-]{section.2.16}{COPYRIGHT}{chapter.2}
\BOOKMARK [1][-]{section.2.17}{SEE ALSO}{chapter.2}
\BOOKMARK [0][-]{chapter.3}{How to setup custom graphs}{}
\BOOKMARK [1][-]{section.3.1}{How to setup custom graphs}{chapter.3}
\BOOKMARK [2][-]{subsection.3.1.1}{Make a script to collect the data}{section.3.1}
\BOOKMARK [2][-]{subsection.3.1.2}{Get hobbitlaunch to run the script}{section.3.1}
\BOOKMARK [2][-]{subsection.3.1.3}{Check that the script data arrives in Hobbit}{section.3.1}
\BOOKMARK [2][-]{subsection.3.1.4}{Arrange for the data to be collected into an RRD file}{section.3.1}
\BOOKMARK [2][-]{subsection.3.1.5}{Check that the RRD collects data}{section.3.1}
\BOOKMARK [2][-]{subsection.3.1.6}{Setup a graph definition}{section.3.1}
\BOOKMARK [2][-]{subsection.3.1.7}{Add the graph to the collection of graphs on the trends column}{section.3.1}
\BOOKMARK [2][-]{subsection.3.1.8}{Common problems and pitfalls}{section.3.1}
\BOOKMARK [0][-]{chapter.4}{Installing Hobbit}{}
\BOOKMARK [1][-]{section.4.1}{Installing Hobbit}{chapter.4}
\BOOKMARK [2][-]{subsection.4.1.1}{Prerequisites - before you install Hobbit}{section.4.1}
\BOOKMARK [2][-]{subsection.4.1.2}{Building Hobbit}{section.4.1}
\BOOKMARK [2][-]{subsection.4.1.3}{Configuring your webserver}{section.4.1}
\BOOKMARK [2][-]{subsection.4.1.4}{Starting Hobbit}{section.4.1}
\BOOKMARK [2][-]{subsection.4.1.5}{Next steps}{section.4.1}
\BOOKMARK [0][-]{chapter.5}{About the Hobbit Monitor}{}
\BOOKMARK [1][-]{section.5.1}{About Hobbit}{chapter.5}
\BOOKMARK [0][-]{chapter.6}{Configuring Hobbit Alerts}{}
\BOOKMARK [1][-]{section.6.1}{Configuring Hobbit Alerts}{chapter.6}
\BOOKMARK [0][-]{chapter.7}{Configuring Hobbit Monitoring}{}
\BOOKMARK [1][-]{section.7.1}{Configuring Hobbit Monitoring}{chapter.7}
\BOOKMARK [1][-]{section.7.2}{Setting up monitoring of hosts}{chapter.7}
\BOOKMARK [1][-]{section.7.3}{Upgrading from Big Brother to Hobbit}{chapter.7}
\BOOKMARK [0][-]{chapter.8}{Integrating MRTG data into Hobbit}{}
\BOOKMARK [1][-]{section.8.1}{Integrating MRTG data into Hobbit}{chapter.8}
\BOOKMARK [0][-]{chapter.9}{Critical Systems}{}
\BOOKMARK [1][-]{section.9.1}{Critical Systems}{chapter.9}
\BOOKMARK [1][-]{section.9.2}{The Critical Systems editor}{chapter.9}
\BOOKMARK [1][-]{section.9.3}{The Critical Systems view}{chapter.9}
\BOOKMARK [0][-]{chapter.10}{Known issues in Hobbit}{}
\BOOKMARK [1][-]{section.10.1}{Known issues in Hobbit}{chapter.10}
\BOOKMARK [0][-]{chapter.11}{Server Configuration files}{}
\BOOKMARK [1][-]{section.11.1}{hobbitserver.cfg - Hobbit Environment Variables }{chapter.11}
\BOOKMARK [2][-]{subsection.11.1.1}{DESCRIPTION}{section.11.1}
\BOOKMARK [2][-]{subsection.11.1.2}{ENVIRONMENT AREAS}{section.11.1}
\BOOKMARK [2][-]{subsection.11.1.3}{GENERAL SETTINGS}{section.11.1}
\BOOKMARK [2][-]{subsection.11.1.4}{DIRECTORIES}{section.11.1}
\BOOKMARK [2][-]{subsection.11.1.5}{SYSTEM FILES}{section.11.1}
\BOOKMARK [2][-]{subsection.11.1.6}{URLS}{section.11.1}
\BOOKMARK [2][-]{subsection.11.1.7}{SETTINGS FOR SENDING MESSAGES TO HOBBIT}{section.11.1}
\BOOKMARK [2][-]{subsection.11.1.8}{HOBBITD SETTINGS}{section.11.1}
\BOOKMARK [2][-]{subsection.11.1.9}{HOBBITD\137HISTORY SETTINGS}{section.11.1}
\BOOKMARK [2][-]{subsection.11.1.10}{HOBBITD\137ALERT SETTINGS}{section.11.1}
\BOOKMARK [2][-]{subsection.11.1.11}{HOBBITD\137RRD SETTINGS}{section.11.1}
\BOOKMARK [2][-]{subsection.11.1.12}{BBTEST-NET NETWORK TEST SETTINGS}{section.11.1}
\BOOKMARK [2][-]{subsection.11.1.13}{BBGEN WEBPAGE GENERATOR SETTINGS}{section.11.1}
\BOOKMARK [2][-]{subsection.11.1.14}{FILES}{section.11.1}
\BOOKMARK [2][-]{subsection.11.1.15}{SEE ALSO}{section.11.1}
\BOOKMARK [1][-]{section.11.2}{bb-hosts - Main Hobbit configuration file}{chapter.11}
\BOOKMARK [2][-]{subsection.11.2.1}{SYNOPSIS}{section.11.2}
\BOOKMARK [2][-]{subsection.11.2.2}{DESCRIPTION}{section.11.2}
\BOOKMARK [2][-]{subsection.11.2.3}{FILE FORMAT}{section.11.2}
\BOOKMARK [2][-]{subsection.11.2.4}{TAGS RECOGNIZED BY ALL TOOLS}{section.11.2}
\BOOKMARK [2][-]{subsection.11.2.5}{GENERAL PER-HOST OPTIONS }{section.11.2}
\BOOKMARK [2][-]{subsection.11.2.6}{BBGEN DISPLAY OPTIONS}{section.11.2}
\BOOKMARK [2][-]{subsection.11.2.7}{HOBBIT TAGS FOR THE CRITICAL SYSTEMS OVERVIEW PAGE}{section.11.2}
\BOOKMARK [2][-]{subsection.11.2.8}{HOBBIT TAGS FOR THE WML \(WAP\) CARDS}{section.11.2}
\BOOKMARK [2][-]{subsection.11.2.9}{HOBBIT STATUS PROPAGATION OPTIONS}{section.11.2}
\BOOKMARK [2][-]{subsection.11.2.10}{HOBBIT AVAILABILITY REPORT OPTIONS}{section.11.2}
\BOOKMARK [2][-]{subsection.11.2.11}{NETWORK TEST SETTINGS}{section.11.2}
\BOOKMARK [2][-]{subsection.11.2.12}{CONNECTIVITY \(PING\) TEST}{section.11.2}
\BOOKMARK [2][-]{subsection.11.2.13}{SIMPLE NETWORK TESTS}{section.11.2}
\BOOKMARK [2][-]{subsection.11.2.14}{DNS SERVER TESTS}{section.11.2}
\BOOKMARK [2][-]{subsection.11.2.15}{OTHER NETWORK TESTS}{section.11.2}
\BOOKMARK [2][-]{subsection.11.2.16}{HTTP TESTS}{section.11.2}
\BOOKMARK [2][-]{subsection.11.2.17}{LDAP \(DIRECTORY SERVER\) TESTS}{section.11.2}
\BOOKMARK [2][-]{subsection.11.2.18}{PERFORMANCE MONITORING TESTS}{section.11.2}
\BOOKMARK [2][-]{subsection.11.2.19}{DEFAULT HOST}{section.11.2}
\BOOKMARK [2][-]{subsection.11.2.20}{SENDING SUMMARIES TO REMOTE HOBBIT SERVERS}{section.11.2}
\BOOKMARK [2][-]{subsection.11.2.21}{OTHER TAGS}{section.11.2}
\BOOKMARK [2][-]{subsection.11.2.22}{FILES}{section.11.2}
\BOOKMARK [2][-]{subsection.11.2.23}{SEE ALSO}{section.11.2}
\BOOKMARK [1][-]{section.11.3}{hobbit-alerts.cfg - Configuration for the hobbitd\137alert module}{chapter.11}
\BOOKMARK [2][-]{subsection.11.3.1}{SYNOPSIS}{section.11.3}
\BOOKMARK [2][-]{subsection.11.3.2}{DESCRIPTION}{section.11.3}
\BOOKMARK [2][-]{subsection.11.3.3}{FILE FORMAT}{section.11.3}
\BOOKMARK [2][-]{subsection.11.3.4}{RULES}{section.11.3}
\BOOKMARK [2][-]{subsection.11.3.5}{RECIPIENTS}{section.11.3}
\BOOKMARK [2][-]{subsection.11.3.6}{MACROS}{section.11.3}
\BOOKMARK [2][-]{subsection.11.3.7}{ALERT SCRIPTS}{section.11.3}
\BOOKMARK [2][-]{subsection.11.3.8}{SEE ALSO}{section.11.3}
\BOOKMARK [1][-]{section.11.4}{hobbit-clients.cfg - Configuration file for the hobbitd\137client module}{chapter.11}
\BOOKMARK [2][-]{subsection.11.4.1}{SYNOPSIS}{section.11.4}
\BOOKMARK [2][-]{subsection.11.4.2}{DESCRIPTION}{section.11.4}
\BOOKMARK [2][-]{subsection.11.4.3}{FILE FORMAT}{section.11.4}
\BOOKMARK [2][-]{subsection.11.4.4}{CPU STATUS COLUMN SETTINGS}{section.11.4}
\BOOKMARK [2][-]{subsection.11.4.5}{DISK STATUS COLUMN SETTINGS}{section.11.4}
\BOOKMARK [2][-]{subsection.11.4.6}{MEMORY STATUS COLUMN SETTINGS}{section.11.4}
\BOOKMARK [2][-]{subsection.11.4.7}{PROCS STATUS COLUMN SETTINGS}{section.11.4}
\BOOKMARK [2][-]{subsection.11.4.8}{MSGS STATUS COLUMN SETTINGS}{section.11.4}
\BOOKMARK [2][-]{subsection.11.4.9}{FILES STATUS COLUMN SETTINGS}{section.11.4}
\BOOKMARK [2][-]{subsection.11.4.10}{PORTS STATUS COLUMN SETTINGS}{section.11.4}
\BOOKMARK [2][-]{subsection.11.4.11}{CHANGING THE DEFAULT SETTINGS}{section.11.4}
\BOOKMARK [2][-]{subsection.11.4.12}{RULES TO SELECT HOSTS}{section.11.4}
\BOOKMARK [2][-]{subsection.11.4.13}{DIRECTING ALERTS TO GROUPS}{section.11.4}
\BOOKMARK [2][-]{subsection.11.4.14}{RULES: APPLYING SETTINGS TO SELECTED HOSTS}{section.11.4}
\BOOKMARK [2][-]{subsection.11.4.15}{NOTES}{section.11.4}
\BOOKMARK [2][-]{subsection.11.4.16}{SEE ALSO}{section.11.4}
\BOOKMARK [1][-]{section.11.5}{HOBBITCGI.CFG}{chapter.11}
\BOOKMARK [2][-]{subsection.11.5.1}{SYNOPSIS}{section.11.5}
\BOOKMARK [2][-]{subsection.11.5.2}{DESCRIPTION}{section.11.5}
\BOOKMARK [2][-]{subsection.11.5.3}{SETTINGS}{section.11.5}
\BOOKMARK [2][-]{subsection.11.5.4}{SEE ALSO}{section.11.5}
\BOOKMARK [1][-]{section.11.6}{HOBBIT-NKVIEW.CGI}{chapter.11}
\BOOKMARK [2][-]{subsection.11.6.1}{SYNOPSIS}{section.11.6}
\BOOKMARK [2][-]{subsection.11.6.2}{DESCRIPTION}{section.11.6}
\BOOKMARK [2][-]{subsection.11.6.3}{RELATION TO BBNK PAGE}{section.11.6}
\BOOKMARK [2][-]{subsection.11.6.4}{OPTIONS}{section.11.6}
\BOOKMARK [2][-]{subsection.11.6.5}{ENVIRONMENT VARIABLES}{section.11.6}
\BOOKMARK [2][-]{subsection.11.6.6}{SEE ALSO}{section.11.6}
\BOOKMARK [1][-]{section.11.7}{CLIENT-LOCAL.CFG}{chapter.11}
\BOOKMARK [2][-]{subsection.11.7.1}{NAME}{section.11.7}
\BOOKMARK [2][-]{subsection.11.7.2}{SYNOPSIS}{section.11.7}
\BOOKMARK [2][-]{subsection.11.7.3}{DESCRIPTION}{section.11.7}
\BOOKMARK [2][-]{subsection.11.7.4}{PROPAGATION TO CLIENTS}{section.11.7}
\BOOKMARK [2][-]{subsection.11.7.5}{FILE FORMAT}{section.11.7}
\BOOKMARK [2][-]{subsection.11.7.6}{LOGFILE CONFIGURATION ENTRIES}{section.11.7}
\BOOKMARK [2][-]{subsection.11.7.7}{COUNTING LOGENTRIES}{section.11.7}
\BOOKMARK [2][-]{subsection.11.7.8}{FILE CONFIGURATION ENTRIES}{section.11.7}
\BOOKMARK [2][-]{subsection.11.7.9}{DIRECTORY CONFIGURATION ENTRIES}{section.11.7}
\BOOKMARK [2][-]{subsection.11.7.10}{NOTES}{section.11.7}
\BOOKMARK [2][-]{subsection.11.7.11}{SEE ALSO}{section.11.7}
\BOOKMARK [0][-]{chapter.12}{Web page generation}{}
\BOOKMARK [1][-]{section.12.1}{BBGEN}{chapter.12}
\BOOKMARK [2][-]{subsection.12.1.1}{SYNOPSIS}{section.12.1}
\BOOKMARK [2][-]{subsection.12.1.2}{DESCRIPTION}{section.12.1}
\BOOKMARK [2][-]{subsection.12.1.3}{OPTIONS}{section.12.1}
\BOOKMARK [2][-]{subsection.12.1.4}{GENERAL OPTIONS}{section.12.1}
\BOOKMARK [2][-]{subsection.12.1.5}{PAGE LAYOUT OPTIONS}{section.12.1}
\BOOKMARK [2][-]{subsection.12.1.6}{COLUMN SELECTION OPTIONS}{section.12.1}
\BOOKMARK [2][-]{subsection.12.1.7}{STATUS PROPAGATION OPTIONS}{section.12.1}
\BOOKMARK [2][-]{subsection.12.1.8}{PURPLE STATUS OPTIONS}{section.12.1}
\BOOKMARK [2][-]{subsection.12.1.9}{ALTERNATE PAGESET OPTIONS}{section.12.1}
\BOOKMARK [2][-]{subsection.12.1.10}{ALTERNATE OUTPUT FORMATS}{section.12.1}
\BOOKMARK [2][-]{subsection.12.1.11}{OPTIONS USED BY CGI FRONT-ENDS}{section.12.1}
\BOOKMARK [2][-]{subsection.12.1.12}{DEBUGGING OPTIONS}{section.12.1}
\BOOKMARK [2][-]{subsection.12.1.13}{BUILDING ALTERNATE PAGESETS}{section.12.1}
\BOOKMARK [2][-]{subsection.12.1.14}{USING BBGEN FOR REPORTS}{section.12.1}
\BOOKMARK [2][-]{subsection.12.1.15}{SLA REPORTING}{section.12.1}
\BOOKMARK [2][-]{subsection.12.1.16}{PRE-GENERATED REPORTS}{section.12.1}
\BOOKMARK [2][-]{subsection.12.1.17}{SEE ALSO}{section.12.1}
\BOOKMARK [1][-]{section.12.2}{BB-HIST.CGI}{chapter.12}
\BOOKMARK [2][-]{subsection.12.2.1}{SYNOPSIS}{section.12.2}
\BOOKMARK [2][-]{subsection.12.2.2}{DESCRIPTION}{section.12.2}
\BOOKMARK [2][-]{subsection.12.2.3}{PARAMETERS}{section.12.2}
\BOOKMARK [2][-]{subsection.12.2.4}{OPTIONS}{section.12.2}
\BOOKMARK [2][-]{subsection.12.2.5}{SEE ALSO}{section.12.2}
\BOOKMARK [1][-]{section.12.3}{HOBBIT-NKVIEW.CGI}{chapter.12}
\BOOKMARK [2][-]{subsection.12.3.1}{SYNOPSIS}{section.12.3}
\BOOKMARK [2][-]{subsection.12.3.2}{DESCRIPTION}{section.12.3}
\BOOKMARK [2][-]{subsection.12.3.3}{RELATION TO BBNK PAGE}{section.12.3}
\BOOKMARK [2][-]{subsection.12.3.4}{OPTIONS}{section.12.3}
\BOOKMARK [2][-]{subsection.12.3.5}{ENVIRONMENT VARIABLES}{section.12.3}
\BOOKMARK [2][-]{subsection.12.3.6}{SEE ALSO}{section.12.3}
\BOOKMARK [1][-]{section.12.4}{BBHOSTGREP}{chapter.12}
\BOOKMARK [2][-]{subsection.12.4.1}{SYNOPSIS}{section.12.4}
\BOOKMARK [2][-]{subsection.12.4.2}{DESCRIPTION}{section.12.4}
\BOOKMARK [2][-]{subsection.12.4.3}{OPTIONS}{section.12.4}
\BOOKMARK [2][-]{subsection.12.4.4}{EXAMPLE}{section.12.4}
\BOOKMARK [2][-]{subsection.12.4.5}{USE IN EXTENSION SCRIPTS}{section.12.4}
\BOOKMARK [2][-]{subsection.12.4.6}{ENVIRONMENT VARIABLES}{section.12.4}
\BOOKMARK [2][-]{subsection.12.4.7}{FILES}{section.12.4}
\BOOKMARK [2][-]{subsection.12.4.8}{SEE ALSO}{section.12.4}
\BOOKMARK [1][-]{section.12.5}{HOBBITD}{chapter.12}
\BOOKMARK [2][-]{subsection.12.5.1}{SYNOPSIS}{section.12.5}
\BOOKMARK [2][-]{subsection.12.5.2}{DESCRIPTION}{section.12.5}
\BOOKMARK [2][-]{subsection.12.5.3}{OPTIONS}{section.12.5}
\BOOKMARK [2][-]{subsection.12.5.4}{HOW ALERTS TRIGGER}{section.12.5}
\BOOKMARK [2][-]{subsection.12.5.5}{CHANNELS}{section.12.5}
\BOOKMARK [2][-]{subsection.12.5.6}{SIGNALS}{section.12.5}
\BOOKMARK [2][-]{subsection.12.5.7}{BUGS}{section.12.5}
\BOOKMARK [2][-]{subsection.12.5.8}{FILES}{section.12.5}
\BOOKMARK [2][-]{subsection.12.5.9}{SEE ALSO}{section.12.5}
\BOOKMARK [1][-]{section.12.6}{HOBBITPING}{chapter.12}
\BOOKMARK [2][-]{subsection.12.6.1}{SYNOPSIS}{section.12.6}
\BOOKMARK [2][-]{subsection.12.6.2}{DESCRIPTION}{section.12.6}
\BOOKMARK [2][-]{subsection.12.6.3}{SUID-ROOT INSTALLATION REQUIRED}{section.12.6}
\BOOKMARK [2][-]{subsection.12.6.4}{OPTIONS}{section.12.6}
\BOOKMARK [2][-]{subsection.12.6.5}{SEE ALSO}{section.12.6}
\BOOKMARK [1][-]{section.12.7}{HOBBITD\137ALERT}{chapter.12}
\BOOKMARK [2][-]{subsection.12.7.1}{SYNOPSIS}{section.12.7}
\BOOKMARK [2][-]{subsection.12.7.2}{DESCRIPTION}{section.12.7}
\BOOKMARK [2][-]{subsection.12.7.3}{OPTIONS}{section.12.7}
\BOOKMARK [2][-]{subsection.12.7.4}{HOW HOBBIT DECIDES WHEN TO SEND ALERTS}{section.12.7}
\BOOKMARK [2][-]{subsection.12.7.5}{ENVIRONMENT}{section.12.7}
\BOOKMARK [2][-]{subsection.12.7.6}{FILES}{section.12.7}
\BOOKMARK [2][-]{subsection.12.7.7}{SEE ALSO}{section.12.7}
\BOOKMARK [1][-]{section.12.8}{BBHOSTSHOW}{chapter.12}
\BOOKMARK [2][-]{subsection.12.8.1}{SYNOPSIS}{section.12.8}
\BOOKMARK [2][-]{subsection.12.8.2}{DESCRIPTION}{section.12.8}
\BOOKMARK [2][-]{subsection.12.8.3}{OPTIONS}{section.12.8}
\BOOKMARK [2][-]{subsection.12.8.4}{ENVIRONMENT VARIABLES}{section.12.8}
\BOOKMARK [2][-]{subsection.12.8.5}{SEE ALSO}{section.12.8}
\BOOKMARK [1][-]{section.12.9}{HOBBITD\137CAPTURE}{chapter.12}
\BOOKMARK [2][-]{subsection.12.9.1}{SYNOPSIS}{section.12.9}
\BOOKMARK [2][-]{subsection.12.9.2}{DESCRIPTION}{section.12.9}
\BOOKMARK [2][-]{subsection.12.9.3}{OPTIONS}{section.12.9}
\BOOKMARK [2][-]{subsection.12.9.4}{SEE ALSO}{section.12.9}
\BOOKMARK [1][-]{section.12.10}{HOBBIT-STATUSREPORT.CGI}{chapter.12}
\BOOKMARK [2][-]{subsection.12.10.1}{SYNOPSIS}{section.12.10}
\BOOKMARK [2][-]{subsection.12.10.2}{DESCRIPTION}{section.12.10}
\BOOKMARK [2][-]{subsection.12.10.3}{EXAMPLES}{section.12.10}
\BOOKMARK [2][-]{subsection.12.10.4}{OPTIONS}{section.12.10}
\BOOKMARK [2][-]{subsection.12.10.5}{SEE ALSO}{section.12.10}
\BOOKMARK [1][-]{section.12.11}{BBMESSAGE.CGI}{chapter.12}
\BOOKMARK [2][-]{subsection.12.11.1}{SYNOPSIS}{section.12.11}
\BOOKMARK [2][-]{subsection.12.11.2}{DESCRIPTION}{section.12.11}
\BOOKMARK [2][-]{subsection.12.11.3}{SECURITY}{section.12.11}
\BOOKMARK [2][-]{subsection.12.11.4}{SEE ALSO}{section.12.11}
\BOOKMARK [1][-]{section.12.12}{BB-WEBPAGE}{chapter.12}
\BOOKMARK [2][-]{subsection.12.12.1}{SYNOPSIS}{section.12.12}
\BOOKMARK [2][-]{subsection.12.12.2}{DESCRIPTION}{section.12.12}
\BOOKMARK [2][-]{subsection.12.12.3}{OPTIONS}{section.12.12}
\BOOKMARK [2][-]{subsection.12.12.4}{SEE ALSO}{section.12.12}
\BOOKMARK [0][-]{chapter.13}{Report Generation}{}
\BOOKMARK [1][-]{section.13.1}{HOBBIT-CONFREPORT.CGI}{chapter.13}
\BOOKMARK [2][-]{subsection.13.1.1}{SYNOPSIS}{section.13.1}
\BOOKMARK [2][-]{subsection.13.1.2}{DESCRIPTION}{section.13.1}
\BOOKMARK [2][-]{subsection.13.1.3}{OPTIONS}{section.13.1}
\BOOKMARK [2][-]{subsection.13.1.4}{BUGS}{section.13.1}
\BOOKMARK [2][-]{subsection.13.1.5}{SEE ALSO}{section.13.1}
\BOOKMARK [1][-]{section.13.2}{BB-REP.CGI}{chapter.13}
\BOOKMARK [2][-]{subsection.13.2.1}{SYNOPSIS}{section.13.2}
\BOOKMARK [2][-]{subsection.13.2.2}{DESCRIPTION}{section.13.2}
\BOOKMARK [2][-]{subsection.13.2.3}{OPTIONS}{section.13.2}
\BOOKMARK [2][-]{subsection.13.2.4}{FILES}{section.13.2}
\BOOKMARK [2][-]{subsection.13.2.5}{ENVIRONMENT VARIABLES}{section.13.2}
\BOOKMARK [2][-]{subsection.13.2.6}{SEE ALSO}{section.13.2}
\BOOKMARK [1][-]{section.13.3}{HOBBITD\137FILESTORE}{chapter.13}
\BOOKMARK [2][-]{subsection.13.3.1}{SYNOPSIS}{section.13.3}
\BOOKMARK [2][-]{subsection.13.3.2}{DESCRIPTION}{section.13.3}
\BOOKMARK [2][-]{subsection.13.3.3}{OPTIONS}{section.13.3}
\BOOKMARK [2][-]{subsection.13.3.4}{FILES}{section.13.3}
\BOOKMARK [2][-]{subsection.13.3.5}{SEE ALSO}{section.13.3}
\BOOKMARK [0][-]{chapter.14}{Hobbit Server Administration}{}
\BOOKMARK [1][-]{section.14.1}{HOBBIT-ENADIS.CGI}{chapter.14}
\BOOKMARK [2][-]{subsection.14.1.1}{SYNOPSIS}{section.14.1}
\BOOKMARK [2][-]{subsection.14.1.2}{DESCRIPTION}{section.14.1}
\BOOKMARK [2][-]{subsection.14.1.3}{OPTIONS}{section.14.1}
\BOOKMARK [2][-]{subsection.14.1.4}{BUGS}{section.14.1}
\BOOKMARK [2][-]{subsection.14.1.5}{SEE ALSO}{section.14.1}
\BOOKMARK [1][-]{section.14.2}{BB-ACK.CGI}{chapter.14}
\BOOKMARK [2][-]{subsection.14.2.1}{SYNOPSIS}{section.14.2}
\BOOKMARK [2][-]{subsection.14.2.2}{DESCRIPTION}{section.14.2}
\BOOKMARK [2][-]{subsection.14.2.3}{PARAMETERS}{section.14.2}
\BOOKMARK [2][-]{subsection.14.2.4}{OPTIONS}{section.14.2}
\BOOKMARK [2][-]{subsection.14.2.5}{FILES}{section.14.2}
\BOOKMARK [2][-]{subsection.14.2.6}{ENVIRONMENT VARIABLES}{section.14.2}
\BOOKMARK [2][-]{subsection.14.2.7}{BUGS}{section.14.2}
\BOOKMARK [2][-]{subsection.14.2.8}{SEE ALSO}{section.14.2}
\BOOKMARK [1][-]{section.14.3}{HOBBIT-GHOSTS.CGI}{chapter.14}
\BOOKMARK [2][-]{subsection.14.3.1}{SYNOPSIS}{section.14.3}
\BOOKMARK [2][-]{subsection.14.3.2}{DESCRIPTION}{section.14.3}
\BOOKMARK [2][-]{subsection.14.3.3}{OPTIONS}{section.14.3}
\BOOKMARK [2][-]{subsection.14.3.4}{SEE ALSO}{section.14.3}
\BOOKMARK [1][-]{section.14.4}{TRIMHISTORY}{chapter.14}
\BOOKMARK [2][-]{subsection.14.4.1}{NAME}{section.14.4}
\BOOKMARK [2][-]{subsection.14.4.2}{DESCRIPTION}{section.14.4}
\BOOKMARK [2][-]{subsection.14.4.3}{OPTIONS}{section.14.4}
\BOOKMARK [2][-]{subsection.14.4.4}{FILES}{section.14.4}
\BOOKMARK [2][-]{subsection.14.4.5}{ENVIRONMENT VARIABLES}{section.14.4}
\BOOKMARK [2][-]{subsection.14.4.6}{SEE ALSO}{section.14.4}
\BOOKMARK [1][-]{section.14.5}{HOBBIT-ACKINFO.CGI}{chapter.14}
\BOOKMARK [2][-]{subsection.14.5.1}{SYNOPSIS}{section.14.5}
\BOOKMARK [2][-]{subsection.14.5.2}{DESCRIPTION}{section.14.5}
\BOOKMARK [2][-]{subsection.14.5.3}{OPTIONS}{section.14.5}
\BOOKMARK [2][-]{subsection.14.5.4}{ENVIRONMENT VARIABLES}{section.14.5}
\BOOKMARK [2][-]{subsection.14.5.5}{SEE ALSO}{section.14.5}
\BOOKMARK [0][-]{chapter.15}{Network Service Testing}{}
\BOOKMARK [1][-]{section.15.1}{BBTEST-NET}{chapter.15}
\BOOKMARK [2][-]{subsection.15.1.1}{SYNOPSIS}{section.15.1}
\BOOKMARK [2][-]{subsection.15.1.2}{DESCRIPTION}{section.15.1}
\BOOKMARK [2][-]{subsection.15.1.3}{GENERAL OPTIONS}{section.15.1}
\BOOKMARK [2][-]{subsection.15.1.4}{OPTIONS FOR TESTS OF THE SIMPLE TCP SERVICES}{section.15.1}
\BOOKMARK [2][-]{subsection.15.1.5}{OPTIONS FOR THE PING TEST}{section.15.1}
\BOOKMARK [2][-]{subsection.15.1.6}{OPTIONS FOR HTTP \(WEB\) TESTS}{section.15.1}
\BOOKMARK [2][-]{subsection.15.1.7}{OPTIONS FOR SSL CERTIFICATE TESTS}{section.15.1}
\BOOKMARK [2][-]{subsection.15.1.8}{DEBUGGING OPTIONS}{section.15.1}
\BOOKMARK [2][-]{subsection.15.1.9}{INFORMATIONAL OPTIONS}{section.15.1}
\BOOKMARK [2][-]{subsection.15.1.10}{USING COOKIES IN WEB TESTS}{section.15.1}
\BOOKMARK [2][-]{subsection.15.1.11}{ABOUT SSL CERTIFICATE CHECKS}{section.15.1}
\BOOKMARK [2][-]{subsection.15.1.12}{LDAP TESTS}{section.15.1}
\BOOKMARK [2][-]{subsection.15.1.13}{USING MULTIPLE NETWORK TEST SYSTEMS}{section.15.1}
\BOOKMARK [2][-]{subsection.15.1.14}{BBTEST-NET INTERNALS}{section.15.1}
\BOOKMARK [2][-]{subsection.15.1.15}{ENVIRONMENT VARIABLES}{section.15.1}
\BOOKMARK [2][-]{subsection.15.1.16}{FILES}{section.15.1}
\BOOKMARK [2][-]{subsection.15.1.17}{SEE ALSO}{section.15.1}
\BOOKMARK [1][-]{section.15.2}{BB-SERVICES}{chapter.15}
\BOOKMARK [2][-]{subsection.15.2.1}{SYNOPSIS}{section.15.2}
\BOOKMARK [2][-]{subsection.15.2.2}{DESCRIPTION}{section.15.2}
\BOOKMARK [2][-]{subsection.15.2.3}{FILE FORMAT}{section.15.2}
\BOOKMARK [2][-]{subsection.15.2.4}{FILES}{section.15.2}
\BOOKMARK [2][-]{subsection.15.2.5}{SEE ALSO}{section.15.2}
\BOOKMARK [1][-]{section.15.3}{HOBBITFETCH}{chapter.15}
\BOOKMARK [2][-]{subsection.15.3.1}{NAME}{section.15.3}
\BOOKMARK [2][-]{subsection.15.3.2}{SYNOPSIS}{section.15.3}
\BOOKMARK [2][-]{subsection.15.3.3}{DESCRIPTION}{section.15.3}
\BOOKMARK [2][-]{subsection.15.3.4}{OPTIONS}{section.15.3}
\BOOKMARK [2][-]{subsection.15.3.5}{SEE ALSO}{section.15.3}
\BOOKMARK [1][-]{section.15.4}{bbcmd}{chapter.15}
\BOOKMARK [2][-]{subsection.15.4.1}{SYNOPSIS}{section.15.4}
\BOOKMARK [2][-]{subsection.15.4.2}{DESCRIPTION}{section.15.4}
\BOOKMARK [2][-]{subsection.15.4.3}{SEE ALSO}{section.15.4}
\BOOKMARK [1][-]{section.15.5}{CLIENTLAUNCH.CFG}{chapter.15}
\BOOKMARK [2][-]{subsection.15.5.1}{SYNOPSIS}{section.15.5}
\BOOKMARK [2][-]{subsection.15.5.2}{DESCRIPTION}{section.15.5}
\BOOKMARK [2][-]{subsection.15.5.3}{FILE FORMAT}{section.15.5}
\BOOKMARK [2][-]{subsection.15.5.4}{SEE ALSO}{section.15.5}
\BOOKMARK [0][-]{chapter.16}{Combination Tests}{}
\BOOKMARK [1][-]{section.16.1}{BBCOMBOTEST}{chapter.16}
\BOOKMARK [2][-]{subsection.16.1.1}{SYNOPSIS}{section.16.1}
\BOOKMARK [2][-]{subsection.16.1.2}{DESCRIPTION}{section.16.1}
\BOOKMARK [2][-]{subsection.16.1.3}{OPTIONS}{section.16.1}
\BOOKMARK [2][-]{subsection.16.1.4}{FILES}{section.16.1}
\BOOKMARK [2][-]{subsection.16.1.5}{SEE ALSO}{section.16.1}
\BOOKMARK [1][-]{section.16.2}{HOBBITGRAPH.CGI}{chapter.16}
\BOOKMARK [2][-]{subsection.16.2.1}{NAME}{section.16.2}
\BOOKMARK [2][-]{subsection.16.2.2}{SYNOPSIS}{section.16.2}
\BOOKMARK [2][-]{subsection.16.2.3}{DESCRIPTION}{section.16.2}
\BOOKMARK [2][-]{subsection.16.2.4}{OPTIONS}{section.16.2}
\BOOKMARK [2][-]{subsection.16.2.5}{ENVIRONMENT}{section.16.2}
\BOOKMARK [2][-]{subsection.16.2.6}{FILES}{section.16.2}
\BOOKMARK [2][-]{subsection.16.2.7}{SEE ALSO}{section.16.2}
\BOOKMARK [1][-]{section.16.3}{BBCOMBOTEST.CFG}{chapter.16}
\BOOKMARK [2][-]{subsection.16.3.1}{NAME}{section.16.3}
\BOOKMARK [2][-]{subsection.16.3.2}{SYNOPSIS}{section.16.3}
\BOOKMARK [2][-]{subsection.16.3.3}{DESCRIPTION}{section.16.3}
\BOOKMARK [2][-]{subsection.16.3.4}{FILE FORMAT}{section.16.3}
\BOOKMARK [2][-]{subsection.16.3.5}{EXAMPLE}{section.16.3}
\BOOKMARK [2][-]{subsection.16.3.6}{FILES}{section.16.3}
\BOOKMARK [2][-]{subsection.16.3.7}{SEE ALSO}{section.16.3}
\BOOKMARK [1][-]{section.16.4}{HOBBITGRAPH.CGI}{chapter.16}
\BOOKMARK [2][-]{subsection.16.4.1}{NAME}{section.16.4}
\BOOKMARK [2][-]{subsection.16.4.2}{SYNOPSIS}{section.16.4}
\BOOKMARK [2][-]{subsection.16.4.3}{DESCRIPTION}{section.16.4}
\BOOKMARK [2][-]{subsection.16.4.4}{OPTIONS}{section.16.4}
\BOOKMARK [2][-]{subsection.16.4.5}{ENVIRONMENT}{section.16.4}
\BOOKMARK [2][-]{subsection.16.4.6}{FILES}{section.16.4}
\BOOKMARK [2][-]{subsection.16.4.7}{SEE ALSO}{section.16.4}
\BOOKMARK [1][-]{section.16.5}{BB-SNAPSHOT.CGI}{chapter.16}
\BOOKMARK [2][-]{subsection.16.5.1}{NAME}{section.16.5}
\BOOKMARK [2][-]{subsection.16.5.2}{SYNOPSIS}{section.16.5}
\BOOKMARK [2][-]{subsection.16.5.3}{DESCRIPTION}{section.16.5}
\BOOKMARK [2][-]{subsection.16.5.4}{OPTIONS}{section.16.5}
\BOOKMARK [2][-]{subsection.16.5.5}{ENVIRONMENT VARIABLES}{section.16.5}
\BOOKMARK [2][-]{subsection.16.5.6}{SEE ALSO}{section.16.5}
\BOOKMARK [1][-]{section.16.6}{HOBBITD\137SAMPLE}{chapter.16}
\BOOKMARK [2][-]{subsection.16.6.1}{NAME}{section.16.6}
\BOOKMARK [2][-]{subsection.16.6.2}{SYNOPSIS}{section.16.6}
\BOOKMARK [2][-]{subsection.16.6.3}{DESCRIPTION}{section.16.6}
\BOOKMARK [2][-]{subsection.16.6.4}{OPTIONS}{section.16.6}
\BOOKMARK [2][-]{subsection.16.6.5}{SEE ALSO}{section.16.6}
\BOOKMARK [1][-]{section.16.7}{BB-CSVINFO.CGI}{chapter.16}
\BOOKMARK [2][-]{subsection.16.7.1}{NAME}{section.16.7}
\BOOKMARK [2][-]{subsection.16.7.2}{SYNOPSIS}{section.16.7}
\BOOKMARK [2][-]{subsection.16.7.3}{DESCRIPTION}{section.16.7}
\BOOKMARK [2][-]{subsection.16.7.4}{Example usage}{section.16.7}
\BOOKMARK [2][-]{subsection.16.7.5}{SEE ALSO}{section.16.7}
\BOOKMARK [1][-]{section.16.8}{HOBBIT-HOSTGRAPHS.CGI}{chapter.16}
\BOOKMARK [2][-]{subsection.16.8.1}{SYNOPSIS}{section.16.8}
\BOOKMARK [2][-]{subsection.16.8.2}{DESCRIPTION}{section.16.8}
\BOOKMARK [2][-]{subsection.16.8.3}{OPTIONS}{section.16.8}
\BOOKMARK [2][-]{subsection.16.8.4}{BUGS}{section.16.8}
\BOOKMARK [2][-]{subsection.16.8.5}{SEE ALSO}{section.16.8}
\BOOKMARK [1][-]{section.16.9}{BB-DATEPAGE.CGI}{chapter.16}
\BOOKMARK [2][-]{subsection.16.9.1}{SYNOPSIS}{section.16.9}
\BOOKMARK [2][-]{subsection.16.9.2}{DESCRIPTION}{section.16.9}
\BOOKMARK [2][-]{subsection.16.9.3}{OPTIONS}{section.16.9}
\BOOKMARK [2][-]{subsection.16.9.4}{ENVIRONMENT VARIABLES}{section.16.9}
\BOOKMARK [2][-]{subsection.16.9.5}{SEE ALSO}{section.16.9}
\BOOKMARK [1][-]{section.16.10}{BBDIGEST}{chapter.16}
\BOOKMARK [2][-]{subsection.16.10.1}{SYNOPSIS}{section.16.10}
\BOOKMARK [2][-]{subsection.16.10.2}{DESCRIPTION}{section.16.10}
\BOOKMARK [2][-]{subsection.16.10.3}{EXAMPLE}{section.16.10}
\BOOKMARK [2][-]{subsection.16.10.4}{SEE ALSO}{section.16.10}
\BOOKMARK [1][-]{section.16.11}{HOBBITLAUNCH.CFG}{chapter.16}
\BOOKMARK [2][-]{subsection.16.11.1}{SYNOPSIS}{section.16.11}
\BOOKMARK [2][-]{subsection.16.11.2}{DESCRIPTION}{section.16.11}
\BOOKMARK [2][-]{subsection.16.11.3}{FILE FORMAT}{section.16.11}
\BOOKMARK [2][-]{subsection.16.11.4}{SEE ALSO}{section.16.11}
\BOOKMARK [1][-]{section.16.12}{BB-EVENTLOG.CGI}{chapter.16}
\BOOKMARK [2][-]{subsection.16.12.1}{SYNOPSIS}{section.16.12}
\BOOKMARK [2][-]{subsection.16.12.2}{DESCRIPTION}{section.16.12}
\BOOKMARK [2][-]{subsection.16.12.3}{OPTIONS}{section.16.12}
\BOOKMARK [2][-]{subsection.16.12.4}{SEE ALSO}{section.16.12}
\BOOKMARK [1][-]{section.16.13}{HOBBIT-MAILACK}{chapter.16}
\BOOKMARK [2][-]{subsection.16.13.1}{SYNOPSIS}{section.16.13}
\BOOKMARK [2][-]{subsection.16.13.2}{DESCRIPTION}{section.16.13}
\BOOKMARK [2][-]{subsection.16.13.3}{ADDING INFORMATION TO THE REPLY MAIL}{section.16.13}
\BOOKMARK [2][-]{subsection.16.13.4}{USE WITH PROCMAIL}{section.16.13}
\BOOKMARK [2][-]{subsection.16.13.5}{USE WITH QMAIL}{section.16.13}
\BOOKMARK [2][-]{subsection.16.13.6}{OPTIONS}{section.16.13}
\BOOKMARK [2][-]{subsection.16.13.7}{SEE ALSO}{section.16.13}
\BOOKMARK [1][-]{section.16.14}{BB-FINDHOST.CGI}{chapter.16}
\BOOKMARK [2][-]{subsection.16.14.1}{SYNOPSIS}{section.16.14}
\BOOKMARK [2][-]{subsection.16.14.2}{DESCRIPTION}{section.16.14}
\BOOKMARK [2][-]{subsection.16.14.3}{OPTIONS}{section.16.14}
\BOOKMARK [2][-]{subsection.16.14.4}{FILES}{section.16.14}
\BOOKMARK [2][-]{subsection.16.14.5}{ENVIRONMENT VARIABLES}{section.16.14}
\BOOKMARK [2][-]{subsection.16.14.6}{SEE ALSO}{section.16.14}
\BOOKMARK [1][-]{section.16.15}{HOBBITCLIENT.CFG}{chapter.16}
\BOOKMARK [2][-]{subsection.16.15.1}{DESCRIPTION}{section.16.15}
\BOOKMARK [2][-]{subsection.16.15.2}{SETTINGS}{section.16.15}
\BOOKMARK [2][-]{subsection.16.15.3}{INHERITED SETTINGS}{section.16.15}
\BOOKMARK [2][-]{subsection.16.15.4}{SEE ALSO}{section.16.15}
\BOOKMARK [0][-]{chapter.17}{Hobbit/BB Messages Protocols}{}
\BOOKMARK [1][-]{section.17.1}{BNF}{chapter.17}
\BOOKMARK [2][-]{subsection.17.1.1}{Hobbit messages syntax}{section.17.1}
\BOOKMARK [2][-]{subsection.17.1.2}{Big Brother messages syntax}{section.17.1}
\BOOKMARK [1][-]{section.17.2}{bb - Hobbit client communication program}{chapter.17}
\BOOKMARK [2][-]{subsection.17.2.1}{SYNOPSIS}{section.17.2}
\BOOKMARK [2][-]{subsection.17.2.2}{DESCRIPTION}{section.17.2}
\BOOKMARK [2][-]{subsection.17.2.3}{OPTIONS AND PARAMETERS}{section.17.2}
\BOOKMARK [2][-]{subsection.17.2.4}{HOBBIT MESSAGE SYNTAX}{section.17.2}
\BOOKMARK [2][-]{subsection.17.2.5}{EXAMPLE}{section.17.2}
\BOOKMARK [2][-]{subsection.17.2.6}{NOTES}{section.17.2}
\BOOKMARK [2][-]{subsection.17.2.7}{SEE ALSO}{section.17.2}
\BOOKMARK [0][-]{chapter.18}{Hobbit server programs}{}
\BOOKMARK [1][-]{section.18.1}{HOBBITD\137CHANNEL}{chapter.18}
\BOOKMARK [2][-]{subsection.18.1.1}{SYNOPSIS}{section.18.1}
\BOOKMARK [2][-]{subsection.18.1.2}{DESCRIPTION}{section.18.1}
\BOOKMARK [2][-]{subsection.18.1.3}{OPTIONS}{section.18.1}
\BOOKMARK [2][-]{subsection.18.1.4}{FILES}{section.18.1}
\BOOKMARK [2][-]{subsection.18.1.5}{SEE ALSO}{section.18.1}
\BOOKMARK [1][-]{section.18.2}{BB-HOSTSVC.CGI}{chapter.18}
\BOOKMARK [2][-]{subsection.18.2.1}{SYNOPSIS}{section.18.2}
\BOOKMARK [2][-]{subsection.18.2.2}{DESCRIPTION}{section.18.2}
\BOOKMARK [2][-]{subsection.18.2.3}{OPTIONS}{section.18.2}
\BOOKMARK [2][-]{subsection.18.2.4}{FILES}{section.18.2}
\BOOKMARK [2][-]{subsection.18.2.5}{ENVIRONMENT}{section.18.2}
\BOOKMARK [2][-]{subsection.18.2.6}{SEE ALSO}{section.18.2}
\BOOKMARK [1][-]{section.18.3}{BBPROXY}{chapter.18}
\BOOKMARK [2][-]{subsection.18.3.1}{SYNOPSIS}{section.18.3}
\BOOKMARK [2][-]{subsection.18.3.2}{DESCRIPTION}{section.18.3}
\BOOKMARK [2][-]{subsection.18.3.3}{OPTIONS}{section.18.3}
\BOOKMARK [2][-]{subsection.18.3.4}{REPORT OUTPUT}{section.18.3}
\BOOKMARK [2][-]{subsection.18.3.5}{}{section.18.3}
\BOOKMARK [2][-]{subsection.18.3.6}{SIGNALS}{section.18.3}
\BOOKMARK [2][-]{subsection.18.3.7}{SEE ALSO}{section.18.3}
\BOOKMARK [1][-]{section.18.4}{HOBBITD\137CLIENT}{chapter.18}
\BOOKMARK [2][-]{subsection.18.4.1}{SYNOPSIS}{section.18.4}
\BOOKMARK [2][-]{subsection.18.4.2}{DESCRIPTION}{section.18.4}
\BOOKMARK [2][-]{subsection.18.4.3}{OPTIONS}{section.18.4}
\BOOKMARK [2][-]{subsection.18.4.4}{FILES}{section.18.4}
\BOOKMARK [2][-]{subsection.18.4.5}{SEE ALSO}{section.18.4}
\BOOKMARK [1][-]{section.18.5}{HOBBITWEB}{chapter.18}
\BOOKMARK [2][-]{subsection.18.5.1}{DESCRIPTION}{section.18.5}
\BOOKMARK [2][-]{subsection.18.5.2}{SEE ALSO}{section.18.5}
\BOOKMARK [0][-]{chapter.19}{Hobbit Client}{}
\BOOKMARK [1][-]{section.19.1}{``/opt/bin/logfetch'' - Hobbit client data collector }{chapter.19}
\BOOKMARK [2][-]{subsection.19.1.1}{SYNOPSIS}{section.19.1}
\BOOKMARK [2][-]{subsection.19.1.2}{DESCRIPTION}{section.19.1}
\BOOKMARK [2][-]{subsection.19.1.3}{SECURITY}{section.19.1}
\BOOKMARK [2][-]{subsection.19.1.4}{ENVIRONMENT VARIABLES}{section.19.1}
\BOOKMARK [2][-]{subsection.19.1.5}{FILES}{section.19.1}
\BOOKMARK [2][-]{subsection.19.1.6}{SEE ALSO}{section.19.1}
\BOOKMARK [1][-]{section.19.2}{CLIENTUPDATE}{chapter.19}
\BOOKMARK [2][-]{subsection.19.2.1}{NAME}{section.19.2}
\BOOKMARK [2][-]{subsection.19.2.2}{SYNOPSIS}{section.19.2}
\BOOKMARK [2][-]{subsection.19.2.3}{DESCRIPTION}{section.19.2}
\BOOKMARK [2][-]{subsection.19.2.4}{OPTIONS}{section.19.2}
\BOOKMARK [2][-]{subsection.19.2.5}{USING CLIENTUPDATE IN HOBBIT}{section.19.2}
\BOOKMARK [2][-]{subsection.19.2.6}{OPERATION}{section.19.2}
\BOOKMARK [2][-]{subsection.19.2.7}{ENVIRONMENT VARIABLES}{section.19.2}
\BOOKMARK [2][-]{subsection.19.2.8}{SEE ALSO}{section.19.2}
\BOOKMARK [1][-]{section.19.3}{BB-REPLOG.CGI}{chapter.19}
\BOOKMARK [2][-]{subsection.19.3.1}{SYNOPSIS}{section.19.3}
\BOOKMARK [2][-]{subsection.19.3.2}{DESCRIPTION}{section.19.3}
\BOOKMARK [2][-]{subsection.19.3.3}{OPTIONS}{section.19.3}
\BOOKMARK [2][-]{subsection.19.3.4}{SEE ALSO}{section.19.3}
\BOOKMARK [1][-]{section.19.4}{HOBBITD\137HISTORY}{chapter.19}
\BOOKMARK [2][-]{subsection.19.4.1}{SYNOPSIS}{section.19.4}
\BOOKMARK [2][-]{subsection.19.4.2}{DESCRIPTION}{section.19.4}
\BOOKMARK [2][-]{subsection.19.4.3}{OPTIONS}{section.19.4}
\BOOKMARK [2][-]{subsection.19.4.4}{ENVIRONMENT}{section.19.4}
\BOOKMARK [2][-]{subsection.19.4.5}{FILES}{section.19.4}
\BOOKMARK [2][-]{subsection.19.4.6}{SEE ALSO}{section.19.4}
\BOOKMARK [1][-]{section.19.5}{MSGCACHE}{chapter.19}
\BOOKMARK [2][-]{subsection.19.5.1}{SYNOPSIS}{section.19.5}
\BOOKMARK [2][-]{subsection.19.5.2}{DESCRIPTION}{section.19.5}
\BOOKMARK [2][-]{subsection.19.5.3}{RESTRICTIONS}{section.19.5}
\BOOKMARK [2][-]{subsection.19.5.4}{OPTIONS}{section.19.5}
\BOOKMARK [2][-]{subsection.19.5.5}{SEE ALSO}{section.19.5}
\BOOKMARK [1][-]{section.19.6}{BBRETEST-NET.SH}{chapter.19}
\BOOKMARK [2][-]{subsection.19.6.1}{SYNOPSIS}{section.19.6}
\BOOKMARK [2][-]{subsection.19.6.2}{DESCRIPTION}{section.19.6}
\BOOKMARK [2][-]{subsection.19.6.3}{INSTALLATION}{section.19.6}
\BOOKMARK [2][-]{subsection.19.6.4}{FILES}{section.19.6}
\BOOKMARK [2][-]{subsection.19.6.5}{SEE ALSO}{section.19.6}
\BOOKMARK [1][-]{section.19.7}{HOBBITD\137HOSTDATA}{chapter.19}
\BOOKMARK [2][-]{subsection.19.7.1}{SYNOPSIS}{section.19.7}
\BOOKMARK [2][-]{subsection.19.7.2}{DESCRIPTION}{section.19.7}
\BOOKMARK [2][-]{subsection.19.7.3}{FILES}{section.19.7}
\BOOKMARK [2][-]{subsection.19.7.4}{SEE ALSO}{section.19.7}
\BOOKMARK [1][-]{section.19.8}{ORCAHOBBIT}{chapter.19}
\BOOKMARK [2][-]{subsection.19.8.1}{SYNOPSIS}{section.19.8}
\BOOKMARK [2][-]{subsection.19.8.2}{NOTICE}{section.19.8}
\BOOKMARK [2][-]{subsection.19.8.3}{DESCRIPTION}{section.19.8}
\BOOKMARK [2][-]{subsection.19.8.4}{OPTIONS}{section.19.8}
\BOOKMARK [2][-]{subsection.19.8.5}{SEE ALSO}{section.19.8}
\BOOKMARK [0][-]{chapter.20}{Data Backend}{}
\BOOKMARK [1][-]{section.20.1}{HOBBITD\137RRD}{chapter.20}
\BOOKMARK [2][-]{subsection.20.1.1}{SYNOPSIS}{section.20.1}
\BOOKMARK [2][-]{subsection.20.1.2}{DESCRIPTION}{section.20.1}
\BOOKMARK [2][-]{subsection.20.1.3}{OPTIONS}{section.20.1}
\BOOKMARK [2][-]{subsection.20.1.4}{ENVIRONMENT}{section.20.1}
\BOOKMARK [2][-]{subsection.20.1.5}{COLLECTED DATA}{section.20.1}
\BOOKMARK [2][-]{subsection.20.1.6}{CUSTOM RRD DATA IN NAME-COLON-VALUE \(NCV\) FORMAT}{section.20.1}
\BOOKMARK [2][-]{subsection.20.1.7}{CUSTOM RRD DATA VIA SCRIPTS}{section.20.1}
\BOOKMARK [2][-]{subsection.20.1.8}{COMPATIBILITY}{section.20.1}
\BOOKMARK [2][-]{subsection.20.1.9}{SEE ALSO}{section.20.1}
\BOOKMARK [0][-]{chapter.21}{Miscellanceours programs}{}
\BOOKMARK [1][-]{section.21.1}{HOBBITLAUNCH}{chapter.21}
\BOOKMARK [2][-]{subsection.21.1.1}{SYNOPSIS}{section.21.1}
\BOOKMARK [2][-]{subsection.21.1.2}{DESCRIPTION}{section.21.1}
\BOOKMARK [2][-]{subsection.21.1.3}{OPTIONS}{section.21.1}
\BOOKMARK [2][-]{subsection.21.1.4}{STARTING TASKS}{section.21.1}
\BOOKMARK [2][-]{subsection.21.1.5}{SEE ALSO}{section.21.1}
\BOOKMARK [0][-]{chapter.22}{Hobbit Overview}{}
\BOOKMARK [1][-]{section.22.1}{Hobbit - Introduction to the Hobbit Monitor}{chapter.22}
\BOOKMARK [1][-]{section.22.2}{FEATURES}{chapter.22}
\BOOKMARK [1][-]{section.22.3}{SECURITY}{chapter.22}
\BOOKMARK [1][-]{section.22.4}{DEMONSTRATION SITE}{chapter.22}
\BOOKMARK [1][-]{section.22.5}{PREREQUISITES}{chapter.22}
\BOOKMARK [1][-]{section.22.6}{INSTALLATION}{chapter.22}
\BOOKMARK [1][-]{section.22.7}{SUPPORT and MAILING LISTS}{chapter.22}
\BOOKMARK [1][-]{section.22.8}{Hobbit Wiki Book}{chapter.22}
\BOOKMARK [1][-]{section.22.9}{HOBBIT SERVER DAEMONS}{chapter.22}
\BOOKMARK [1][-]{section.22.10}{HOBBIT NETWORK TEST TOOLS}{chapter.22}
\BOOKMARK [1][-]{section.22.11}{HOBBIT TOOLS HANDLING THE WEB USER-INTERFACE}{chapter.22}
\BOOKMARK [1][-]{section.22.12}{CLIENT-SIDE TOOLS}{chapter.22}
\BOOKMARK [1][-]{section.22.13}{HOBBIT COMMUNICATION TOOLS}{chapter.22}
\BOOKMARK [1][-]{section.22.14}{OTHER TOOLS}{chapter.22}
\BOOKMARK [1][-]{section.22.15}{VERSIONS}{chapter.22}
\BOOKMARK [1][-]{section.22.16}{COPYRIGHT}{chapter.22}
\BOOKMARK [1][-]{section.22.17}{SEE ALSO}{chapter.22}
\BOOKMARK [0][-]{chapter.23}{Server Configuration files}{}
\BOOKMARK [1][-]{section.23.1}{ hobbitserver.cfg - Hobbit environment variables }{chapter.23}
\BOOKMARK [2][-]{subsection.23.1.1}{DESCRIPTION}{section.23.1}
\BOOKMARK [2][-]{subsection.23.1.2}{ENVIRONMENT AREAS}{section.23.1}
\BOOKMARK [2][-]{subsection.23.1.3}{GENERAL SETTINGS}{section.23.1}
\BOOKMARK [2][-]{subsection.23.1.4}{DIRECTORIES}{section.23.1}
\BOOKMARK [2][-]{subsection.23.1.5}{SYSTEM FILES}{section.23.1}
\BOOKMARK [2][-]{subsection.23.1.6}{URLS}{section.23.1}
\BOOKMARK [2][-]{subsection.23.1.7}{SETTINGS FOR SENDING MESSAGES TO HOBBIT}{section.23.1}
\BOOKMARK [2][-]{subsection.23.1.8}{HOBBITD SETTINGS}{section.23.1}
\BOOKMARK [2][-]{subsection.23.1.9}{HOBBITD\137HISTORY SETTINGS}{section.23.1}
\BOOKMARK [2][-]{subsection.23.1.10}{HOBBITD\137ALERT SETTINGS}{section.23.1}
\BOOKMARK [2][-]{subsection.23.1.11}{HOBBITD\137RRD SETTINGS}{section.23.1}
\BOOKMARK [2][-]{subsection.23.1.12}{BBTEST-NET NETWORK TEST SETTINGS}{section.23.1}
\BOOKMARK [2][-]{subsection.23.1.13}{BBGEN WEBPAGE GENERATOR SETTINGS}{section.23.1}
\BOOKMARK [2][-]{subsection.23.1.14}{FILES}{section.23.1}
\BOOKMARK [2][-]{subsection.23.1.15}{SEE ALSO}{section.23.1}
\BOOKMARK [1][-]{section.23.2}{bb-hosts - Main Hobbit configuration file}{chapter.23}
\BOOKMARK [2][-]{subsection.23.2.1}{SYNOPSIS}{section.23.2}
\BOOKMARK [2][-]{subsection.23.2.2}{DESCRIPTION}{section.23.2}
\BOOKMARK [2][-]{subsection.23.2.3}{FILE FORMAT}{section.23.2}
\BOOKMARK [2][-]{subsection.23.2.4}{TAGS RECOGNIZED BY ALL TOOLS}{section.23.2}
\BOOKMARK [2][-]{subsection.23.2.5}{GENERAL PER-HOST OPTIONS }{section.23.2}
\BOOKMARK [2][-]{subsection.23.2.6}{BBGEN DISPLAY OPTIONS}{section.23.2}
\BOOKMARK [2][-]{subsection.23.2.7}{HOBBIT TAGS FOR THE CRITICAL SYSTEMS OVERVIEW PAGE}{section.23.2}
\BOOKMARK [2][-]{subsection.23.2.8}{HOBBIT TAGS FOR THE WML \(WAP\) CARDS}{section.23.2}
\BOOKMARK [2][-]{subsection.23.2.9}{HOBBIT STATUS PROPAGATION OPTIONS}{section.23.2}
\BOOKMARK [2][-]{subsection.23.2.10}{HOBBIT AVAILABILITY REPORT OPTIONS}{section.23.2}
\BOOKMARK [2][-]{subsection.23.2.11}{NETWORK TEST SETTINGS}{section.23.2}
\BOOKMARK [2][-]{subsection.23.2.12}{CONNECTIVITY \(PING\) TEST}{section.23.2}
\BOOKMARK [2][-]{subsection.23.2.13}{SIMPLE NETWORK TESTS}{section.23.2}
\BOOKMARK [2][-]{subsection.23.2.14}{DNS SERVER TESTS}{section.23.2}
\BOOKMARK [2][-]{subsection.23.2.15}{OTHER NETWORK TESTS}{section.23.2}
\BOOKMARK [2][-]{subsection.23.2.16}{HTTP TESTS}{section.23.2}
\BOOKMARK [2][-]{subsection.23.2.17}{LDAP \(DIRECTORY SERVER\) TESTS}{section.23.2}
\BOOKMARK [2][-]{subsection.23.2.18}{PERFORMANCE MONITORING TESTS}{section.23.2}
\BOOKMARK [2][-]{subsection.23.2.19}{DEFAULT HOST}{section.23.2}
\BOOKMARK [2][-]{subsection.23.2.20}{SENDING SUMMARIES TO REMOTE HOBBIT SERVERS}{section.23.2}
\BOOKMARK [2][-]{subsection.23.2.21}{OTHER TAGS}{section.23.2}
\BOOKMARK [2][-]{subsection.23.2.22}{FILES}{section.23.2}
\BOOKMARK [2][-]{subsection.23.2.23}{SEE ALSO}{section.23.2}
\BOOKMARK [1][-]{section.23.3}{hobbit-alerts.cfg - Configuration for the hobbitd\137alert module}{chapter.23}
\BOOKMARK [2][-]{subsection.23.3.1}{SYNOPSIS}{section.23.3}
\BOOKMARK [2][-]{subsection.23.3.2}{DESCRIPTION}{section.23.3}
\BOOKMARK [2][-]{subsection.23.3.3}{FILE FORMAT}{section.23.3}
\BOOKMARK [2][-]{subsection.23.3.4}{RULES}{section.23.3}
\BOOKMARK [2][-]{subsection.23.3.5}{RECIPIENTS}{section.23.3}
\BOOKMARK [2][-]{subsection.23.3.6}{MACROS}{section.23.3}
\BOOKMARK [2][-]{subsection.23.3.7}{ALERT SCRIPTS}{section.23.3}
\BOOKMARK [2][-]{subsection.23.3.8}{SEE ALSO}{section.23.3}
\BOOKMARK [1][-]{section.23.4}{hobbit-clients.cfg - Configuration file for the hobbitd\137client module}{chapter.23}
\BOOKMARK [2][-]{subsection.23.4.1}{SYNOPSIS}{section.23.4}
\BOOKMARK [2][-]{subsection.23.4.2}{DESCRIPTION}{section.23.4}
\BOOKMARK [2][-]{subsection.23.4.3}{FILE FORMAT}{section.23.4}
\BOOKMARK [2][-]{subsection.23.4.4}{CPU STATUS COLUMN SETTINGS}{section.23.4}
\BOOKMARK [2][-]{subsection.23.4.5}{DISK STATUS COLUMN SETTINGS}{section.23.4}
\BOOKMARK [2][-]{subsection.23.4.6}{MEMORY STATUS COLUMN SETTINGS}{section.23.4}
\BOOKMARK [2][-]{subsection.23.4.7}{PROCS STATUS COLUMN SETTINGS}{section.23.4}
\BOOKMARK [2][-]{subsection.23.4.8}{MSGS STATUS COLUMN SETTINGS}{section.23.4}
\BOOKMARK [2][-]{subsection.23.4.9}{FILES STATUS COLUMN SETTINGS}{section.23.4}
\BOOKMARK [2][-]{subsection.23.4.10}{PORTS STATUS COLUMN SETTINGS}{section.23.4}
\BOOKMARK [2][-]{subsection.23.4.11}{CHANGING THE DEFAULT SETTINGS}{section.23.4}
\BOOKMARK [2][-]{subsection.23.4.12}{RULES TO SELECT HOSTS}{section.23.4}
\BOOKMARK [2][-]{subsection.23.4.13}{DIRECTING ALERTS TO GROUPS}{section.23.4}
\BOOKMARK [2][-]{subsection.23.4.14}{RULES: APPLYING SETTINGS TO SELECTED HOSTS}{section.23.4}
\BOOKMARK [2][-]{subsection.23.4.15}{NOTES}{section.23.4}
\BOOKMARK [2][-]{subsection.23.4.16}{SEE ALSO}{section.23.4}
\BOOKMARK [1][-]{section.23.5}{SECURITY}{chapter.23}
\BOOKMARK [1][-]{section.23.6}{DEMONSTRATION SITE}{chapter.23}
\BOOKMARK [1][-]{section.23.7}{PREREQUISITES}{chapter.23}
\BOOKMARK [1][-]{section.23.8}{INSTALLATION}{chapter.23}
\BOOKMARK [1][-]{section.23.9}{SUPPORT and MAILING LISTS}{chapter.23}
\BOOKMARK [1][-]{section.23.10}{Hobbit Wiki Book}{chapter.23}
\BOOKMARK [1][-]{section.23.11}{HOBBIT SERVER DAEMONS}{chapter.23}
\BOOKMARK [1][-]{section.23.12}{HOBBIT NETWORK TEST TOOLS}{chapter.23}
\BOOKMARK [1][-]{section.23.13}{HOBBIT TOOLS HANDLING THE WEB USER-INTERFACE}{chapter.23}
\BOOKMARK [1][-]{section.23.14}{CLIENT-SIDE TOOLS}{chapter.23}
\BOOKMARK [1][-]{section.23.15}{HOBBIT COMMUNICATION TOOLS}{chapter.23}
\BOOKMARK [1][-]{section.23.16}{OTHER TOOLS}{chapter.23}
\BOOKMARK [1][-]{section.23.17}{VERSIONS}{chapter.23}
\BOOKMARK [1][-]{section.23.18}{COPYRIGHT}{chapter.23}
\BOOKMARK [1][-]{section.23.19}{SEE ALSO}{chapter.23}
\BOOKMARK [0][-]{chapter.24}{Server Configuration files}{}
\BOOKMARK [1][-]{section.24.1}{ hobbitserver.cfg - Hobbit environment variables }{chapter.24}
\BOOKMARK [2][-]{subsection.24.1.1}{DESCRIPTION}{section.24.1}
\BOOKMARK [2][-]{subsection.24.1.2}{ENVIRONMENT AREAS}{section.24.1}
\BOOKMARK [2][-]{subsection.24.1.3}{GENERAL SETTINGS}{section.24.1}
\BOOKMARK [2][-]{subsection.24.1.4}{DIRECTORIES}{section.24.1}
\BOOKMARK [2][-]{subsection.24.1.5}{SYSTEM FILES}{section.24.1}
\BOOKMARK [2][-]{subsection.24.1.6}{URLS}{section.24.1}
\BOOKMARK [2][-]{subsection.24.1.7}{SETTINGS FOR SENDING MESSAGES TO HOBBIT}{section.24.1}
\BOOKMARK [2][-]{subsection.24.1.8}{HOBBITD SETTINGS}{section.24.1}
\BOOKMARK [2][-]{subsection.24.1.9}{HOBBITD\137HISTORY SETTINGS}{section.24.1}
\BOOKMARK [2][-]{subsection.24.1.10}{HOBBITD\137ALERT SETTINGS}{section.24.1}
\BOOKMARK [2][-]{subsection.24.1.11}{HOBBITD\137RRD SETTINGS}{section.24.1}
\BOOKMARK [2][-]{subsection.24.1.12}{BBTEST-NET NETWORK TEST SETTINGS}{section.24.1}
\BOOKMARK [2][-]{subsection.24.1.13}{BBGEN WEBPAGE GENERATOR SETTINGS}{section.24.1}
\BOOKMARK [2][-]{subsection.24.1.14}{FILES}{section.24.1}
\BOOKMARK [2][-]{subsection.24.1.15}{SEE ALSO}{section.24.1}
\BOOKMARK [1][-]{section.24.2}{HOBBITLAUNCH.CFG}{chapter.24}
\BOOKMARK [2][-]{subsection.24.2.1}{SYNOPSIS}{section.24.2}
\BOOKMARK [2][-]{subsection.24.2.2}{DESCRIPTION}{section.24.2}
\BOOKMARK [2][-]{subsection.24.2.3}{FILE FORMAT}{section.24.2}
\BOOKMARK [2][-]{subsection.24.2.4}{SEE ALSO}{section.24.2}
\BOOKMARK [2][-]{subsection.24.2.5}{RELATION TO BBNK PAGE}{section.24.2}
\BOOKMARK [2][-]{subsection.24.2.6}{OPTIONS}{section.24.2}
\BOOKMARK [2][-]{subsection.24.2.7}{ENVIRONMENT VARIABLES}{section.24.2}
\BOOKMARK [2][-]{subsection.24.2.8}{SEE ALSO}{section.24.2}
\BOOKMARK [1][-]{section.24.3}{HOBBITCGI.CFG}{chapter.24}
\BOOKMARK [2][-]{subsection.24.3.1}{SYNOPSIS}{section.24.3}
\BOOKMARK [2][-]{subsection.24.3.2}{DESCRIPTION}{section.24.3}
\BOOKMARK [2][-]{subsection.24.3.3}{SETTINGS}{section.24.3}
\BOOKMARK [2][-]{subsection.24.3.4}{SEE ALSO}{section.24.3}
\BOOKMARK [0][-]{chapter.25}{Network Service Testing}{}
\BOOKMARK [1][-]{section.25.1}{BBTEST-NET}{chapter.25}
\BOOKMARK [2][-]{subsection.25.1.1}{SYNOPSIS}{section.25.1}
\BOOKMARK [2][-]{subsection.25.1.2}{DESCRIPTION}{section.25.1}
\BOOKMARK [2][-]{subsection.25.1.3}{GENERAL OPTIONS}{section.25.1}
\BOOKMARK [2][-]{subsection.25.1.4}{OPTIONS FOR TESTS OF THE SIMPLE TCP SERVICES}{section.25.1}
\BOOKMARK [2][-]{subsection.25.1.5}{OPTIONS FOR THE PING TEST}{section.25.1}
\BOOKMARK [2][-]{subsection.25.1.6}{OPTIONS FOR HTTP \(WEB\) TESTS}{section.25.1}
\BOOKMARK [2][-]{subsection.25.1.7}{OPTIONS FOR SSL CERTIFICATE TESTS}{section.25.1}
\BOOKMARK [2][-]{subsection.25.1.8}{DEBUGGING OPTIONS}{section.25.1}
\BOOKMARK [2][-]{subsection.25.1.9}{INFORMATIONAL OPTIONS}{section.25.1}
\BOOKMARK [2][-]{subsection.25.1.10}{USING COOKIES IN WEB TESTS}{section.25.1}
\BOOKMARK [2][-]{subsection.25.1.11}{ABOUT SSL CERTIFICATE CHECKS}{section.25.1}
\BOOKMARK [2][-]{subsection.25.1.12}{LDAP TESTS}{section.25.1}
\BOOKMARK [2][-]{subsection.25.1.13}{USING MULTIPLE NETWORK TEST SYSTEMS}{section.25.1}
\BOOKMARK [2][-]{subsection.25.1.14}{BBTEST-NET INTERNALS}{section.25.1}
\BOOKMARK [2][-]{subsection.25.1.15}{ENVIRONMENT VARIABLES}{section.25.1}
\BOOKMARK [2][-]{subsection.25.1.16}{FILES}{section.25.1}
\BOOKMARK [2][-]{subsection.25.1.17}{SEE ALSO}{section.25.1}
\BOOKMARK [1][-]{section.25.2}{BB-WEBPAGE}{chapter.25}
\BOOKMARK [2][-]{subsection.25.2.1}{SYNOPSIS}{section.25.2}
\BOOKMARK [2][-]{subsection.25.2.2}{DESCRIPTION}{section.25.2}
\BOOKMARK [2][-]{subsection.25.2.3}{OPTIONS}{section.25.2}
\BOOKMARK [2][-]{subsection.25.2.4}{SEE ALSO}{section.25.2}
\BOOKMARK [1][-]{section.25.3}{HOBBITFETCH}{chapter.25}
\BOOKMARK [2][-]{subsection.25.3.1}{NAME}{section.25.3}
\BOOKMARK [2][-]{subsection.25.3.2}{SYNOPSIS}{section.25.3}
\BOOKMARK [2][-]{subsection.25.3.3}{DESCRIPTION}{section.25.3}
\BOOKMARK [2][-]{subsection.25.3.4}{OPTIONS}{section.25.3}
\BOOKMARK [2][-]{subsection.25.3.5}{SEE ALSO}{section.25.3}
\BOOKMARK [1][-]{section.25.4}{bbcmd}{chapter.25}
\BOOKMARK [2][-]{subsection.25.4.1}{SYNOPSIS}{section.25.4}
\BOOKMARK [2][-]{subsection.25.4.2}{DESCRIPTION}{section.25.4}
\BOOKMARK [2][-]{subsection.25.4.3}{SEE ALSO}{section.25.4}
\BOOKMARK [1][-]{section.25.5}{CLIENTLAUNCH.CFG}{chapter.25}
\BOOKMARK [2][-]{subsection.25.5.1}{SYNOPSIS}{section.25.5}
\BOOKMARK [2][-]{subsection.25.5.2}{DESCRIPTION}{section.25.5}
\BOOKMARK [2][-]{subsection.25.5.3}{FILE FORMAT}{section.25.5}
\BOOKMARK [2][-]{subsection.25.5.4}{SEE ALSO}{section.25.5}
\BOOKMARK [0][-]{chapter.26}{Combination Tests}{}
\BOOKMARK [1][-]{section.26.1}{BBCOMBOTEST}{chapter.26}
\BOOKMARK [2][-]{subsection.26.1.1}{DESCRIPTION}{section.26.1}
\BOOKMARK [2][-]{subsection.26.1.2}{OPTIONS}{section.26.1}
\BOOKMARK [2][-]{subsection.26.1.3}{FILES}{section.26.1}
\BOOKMARK [2][-]{subsection.26.1.4}{SEE ALSO}{section.26.1}
\BOOKMARK [1][-]{section.26.2}{CLIENT-LOCAL.CFG}{chapter.26}
\BOOKMARK [2][-]{subsection.26.2.1}{NAME}{section.26.2}
\BOOKMARK [2][-]{subsection.26.2.2}{SYNOPSIS}{section.26.2}
\BOOKMARK [2][-]{subsection.26.2.3}{DESCRIPTION}{section.26.2}
\BOOKMARK [2][-]{subsection.26.2.4}{PROPAGATION TO CLIENTS}{section.26.2}
\BOOKMARK [2][-]{subsection.26.2.5}{FILE FORMAT}{section.26.2}
\BOOKMARK [2][-]{subsection.26.2.6}{LOGFILE CONFIGURATION ENTRIES}{section.26.2}
\BOOKMARK [2][-]{subsection.26.2.7}{COUNTING LOGENTRIES}{section.26.2}
\BOOKMARK [2][-]{subsection.26.2.8}{FILE CONFIGURATION ENTRIES}{section.26.2}
\BOOKMARK [2][-]{subsection.26.2.9}{DIRECTORY CONFIGURATION ENTRIES}{section.26.2}
\BOOKMARK [2][-]{subsection.26.2.10}{NOTES}{section.26.2}
\BOOKMARK [2][-]{subsection.26.2.11}{SEE ALSO}{section.26.2}
\BOOKMARK [1][-]{section.26.3}{HOBBITGRAPH.CGI}{chapter.26}
\BOOKMARK [2][-]{subsection.26.3.1}{NAME}{section.26.3}
\BOOKMARK [2][-]{subsection.26.3.2}{SYNOPSIS}{section.26.3}
\BOOKMARK [2][-]{subsection.26.3.3}{DESCRIPTION}{section.26.3}
\BOOKMARK [2][-]{subsection.26.3.4}{OPTIONS}{section.26.3}
\BOOKMARK [2][-]{subsection.26.3.5}{ENVIRONMENT}{section.26.3}
\BOOKMARK [2][-]{subsection.26.3.6}{FILES}{section.26.3}
\BOOKMARK [2][-]{subsection.26.3.7}{SEE ALSO}{section.26.3}
\BOOKMARK [1][-]{section.26.4}{BBCOMBOTEST.CFG}{chapter.26}
\BOOKMARK [2][-]{subsection.26.4.1}{NAME}{section.26.4}
\BOOKMARK [2][-]{subsection.26.4.2}{SYNOPSIS}{section.26.4}
\BOOKMARK [2][-]{subsection.26.4.3}{DESCRIPTION}{section.26.4}
\BOOKMARK [2][-]{subsection.26.4.4}{FILE FORMAT}{section.26.4}
\BOOKMARK [2][-]{subsection.26.4.5}{EXAMPLE}{section.26.4}
\BOOKMARK [2][-]{subsection.26.4.6}{FILES}{section.26.4}
\BOOKMARK [2][-]{subsection.26.4.7}{SEE ALSO}{section.26.4}
\BOOKMARK [1][-]{section.26.5}{CLIENTUPDATE}{chapter.26}
\BOOKMARK [2][-]{subsection.26.5.1}{NAME}{section.26.5}
\BOOKMARK [2][-]{subsection.26.5.2}{SYNOPSIS}{section.26.5}
\BOOKMARK [2][-]{subsection.26.5.3}{DESCRIPTION}{section.26.5}
\BOOKMARK [2][-]{subsection.26.5.4}{OPTIONS}{section.26.5}
\BOOKMARK [2][-]{subsection.26.5.5}{USING CLIENTUPDATE IN HOBBIT}{section.26.5}
\BOOKMARK [2][-]{subsection.26.5.6}{OPERATION}{section.26.5}
\BOOKMARK [2][-]{subsection.26.5.7}{ENVIRONMENT VARIABLES}{section.26.5}
\BOOKMARK [2][-]{subsection.26.5.8}{SEE ALSO}{section.26.5}
\BOOKMARK [1][-]{section.26.6}{HOBBITGRAPH.CGI}{chapter.26}
\BOOKMARK [2][-]{subsection.26.6.1}{NAME}{section.26.6}
\BOOKMARK [2][-]{subsection.26.6.2}{SYNOPSIS}{section.26.6}
\BOOKMARK [2][-]{subsection.26.6.3}{DESCRIPTION}{section.26.6}
\BOOKMARK [2][-]{subsection.26.6.4}{OPTIONS}{section.26.6}
\BOOKMARK [2][-]{subsection.26.6.5}{ENVIRONMENT}{section.26.6}
\BOOKMARK [2][-]{subsection.26.6.6}{FILES}{section.26.6}
\BOOKMARK [2][-]{subsection.26.6.7}{SEE ALSO}{section.26.6}
\BOOKMARK [1][-]{section.26.7}{BB-SNAPSHOT.CGI}{chapter.26}
\BOOKMARK [2][-]{subsection.26.7.1}{NAME}{section.26.7}
\BOOKMARK [2][-]{subsection.26.7.2}{SYNOPSIS}{section.26.7}
\BOOKMARK [2][-]{subsection.26.7.3}{DESCRIPTION}{section.26.7}
\BOOKMARK [2][-]{subsection.26.7.4}{OPTIONS}{section.26.7}
\BOOKMARK [2][-]{subsection.26.7.5}{ENVIRONMENT VARIABLES}{section.26.7}
\BOOKMARK [2][-]{subsection.26.7.6}{SEE ALSO}{section.26.7}
\BOOKMARK [1][-]{section.26.8}{HOBBITD\137SAMPLE}{chapter.26}
\BOOKMARK [2][-]{subsection.26.8.1}{NAME}{section.26.8}
\BOOKMARK [2][-]{subsection.26.8.2}{SYNOPSIS}{section.26.8}
\BOOKMARK [2][-]{subsection.26.8.3}{DESCRIPTION}{section.26.8}
\BOOKMARK [2][-]{subsection.26.8.4}{OPTIONS}{section.26.8}
\BOOKMARK [2][-]{subsection.26.8.5}{SEE ALSO}{section.26.8}
\BOOKMARK [1][-]{section.26.9}{BB-CSVINFO.CGI}{chapter.26}
\BOOKMARK [2][-]{subsection.26.9.1}{NAME}{section.26.9}
\BOOKMARK [2][-]{subsection.26.9.2}{SYNOPSIS}{section.26.9}
\BOOKMARK [2][-]{subsection.26.9.3}{DESCRIPTION}{section.26.9}
\BOOKMARK [2][-]{subsection.26.9.4}{Example usage}{section.26.9}
\BOOKMARK [2][-]{subsection.26.9.5}{SEE ALSO}{section.26.9}
\BOOKMARK [1][-]{section.26.10}{HOBBIT-HOSTGRAPHS.CGI}{chapter.26}
\BOOKMARK [2][-]{subsection.26.10.1}{SYNOPSIS}{section.26.10}
\BOOKMARK [2][-]{subsection.26.10.2}{DESCRIPTION}{section.26.10}
\BOOKMARK [2][-]{subsection.26.10.3}{OPTIONS}{section.26.10}
\BOOKMARK [2][-]{subsection.26.10.4}{BUGS}{section.26.10}
\BOOKMARK [2][-]{subsection.26.10.5}{SEE ALSO}{section.26.10}
\BOOKMARK [1][-]{section.26.11}{BB-DATEPAGE.CGI}{chapter.26}
\BOOKMARK [2][-]{subsection.26.11.1}{SYNOPSIS}{section.26.11}
\BOOKMARK [2][-]{subsection.26.11.2}{DESCRIPTION}{section.26.11}
\BOOKMARK [2][-]{subsection.26.11.3}{OPTIONS}{section.26.11}
\BOOKMARK [2][-]{subsection.26.11.4}{ENVIRONMENT VARIABLES}{section.26.11}
\BOOKMARK [2][-]{subsection.26.11.5}{SEE ALSO}{section.26.11}
\BOOKMARK [1][-]{section.26.12}{HOBBITLAUNCH}{chapter.26}
\BOOKMARK [2][-]{subsection.26.12.1}{SYNOPSIS}{section.26.12}
\BOOKMARK [2][-]{subsection.26.12.2}{DESCRIPTION}{section.26.12}
\BOOKMARK [2][-]{subsection.26.12.3}{OPTIONS}{section.26.12}
\BOOKMARK [2][-]{subsection.26.12.4}{STARTING TASKS}{section.26.12}
\BOOKMARK [2][-]{subsection.26.12.5}{SEE ALSO}{section.26.12}
\BOOKMARK [1][-]{section.26.13}{BBDIGEST}{chapter.26}
\BOOKMARK [2][-]{subsection.26.13.1}{SYNOPSIS}{section.26.13}
\BOOKMARK [2][-]{subsection.26.13.2}{DESCRIPTION}{section.26.13}
\BOOKMARK [2][-]{subsection.26.13.3}{EXAMPLE}{section.26.13}
\BOOKMARK [2][-]{subsection.26.13.4}{SEE ALSO}{section.26.13}
\BOOKMARK [1][-]{section.26.14}{BB-EVENTLOG.CGI}{chapter.26}
\BOOKMARK [2][-]{subsection.26.14.1}{SYNOPSIS}{section.26.14}
\BOOKMARK [2][-]{subsection.26.14.2}{DESCRIPTION}{section.26.14}
\BOOKMARK [2][-]{subsection.26.14.3}{OPTIONS}{section.26.14}
\BOOKMARK [2][-]{subsection.26.14.4}{SEE ALSO}{section.26.14}
\BOOKMARK [1][-]{section.26.15}{HOBBIT-MAILACK}{chapter.26}
\BOOKMARK [2][-]{subsection.26.15.1}{SYNOPSIS}{section.26.15}
\BOOKMARK [2][-]{subsection.26.15.2}{DESCRIPTION}{section.26.15}
\BOOKMARK [2][-]{subsection.26.15.3}{ADDING INFORMATION TO THE REPLY MAIL}{section.26.15}
\BOOKMARK [2][-]{subsection.26.15.4}{USE WITH PROCMAIL}{section.26.15}
\BOOKMARK [2][-]{subsection.26.15.5}{USE WITH QMAIL}{section.26.15}
\BOOKMARK [2][-]{subsection.26.15.6}{OPTIONS}{section.26.15}
\BOOKMARK [2][-]{subsection.26.15.7}{SEE ALSO}{section.26.15}
\BOOKMARK [1][-]{section.26.16}{BB-FINDHOST.CGI}{chapter.26}
\BOOKMARK [2][-]{subsection.26.16.1}{SYNOPSIS}{section.26.16}
\BOOKMARK [2][-]{subsection.26.16.2}{DESCRIPTION}{section.26.16}
\BOOKMARK [2][-]{subsection.26.16.3}{OPTIONS}{section.26.16}
\BOOKMARK [2][-]{subsection.26.16.4}{FILES}{section.26.16}
\BOOKMARK [2][-]{subsection.26.16.5}{ENVIRONMENT VARIABLES}{section.26.16}
\BOOKMARK [2][-]{subsection.26.16.6}{SEE ALSO}{section.26.16}
\BOOKMARK [1][-]{section.26.17}{HOBBITCLIENT.CFG}{chapter.26}
\BOOKMARK [2][-]{subsection.26.17.1}{DESCRIPTION}{section.26.17}
\BOOKMARK [2][-]{subsection.26.17.2}{SETTINGS}{section.26.17}
\BOOKMARK [2][-]{subsection.26.17.3}{INHERITED SETTINGS}{section.26.17}
\BOOKMARK [2][-]{subsection.26.17.4}{SEE ALSO}{section.26.17}
\BOOKMARK [0][-]{chapter.27}{Report Generation}{}
\BOOKMARK [1][-]{section.27.1}{HOBBIT-NKEDIT.CGI}{chapter.27}
\BOOKMARK [2][-]{subsection.27.1.1}{SYNOPSIS}{section.27.1}
\BOOKMARK [2][-]{subsection.27.1.2}{DESCRIPTION}{section.27.1}
\BOOKMARK [2][-]{subsection.27.1.3}{SECURITY}{section.27.1}
\BOOKMARK [2][-]{subsection.27.1.4}{OPTIONS}{section.27.1}
\BOOKMARK [2][-]{subsection.27.1.5}{SEE ALSO}{section.27.1}
\BOOKMARK [0][-]{chapter.28}{Web page generation}{}
\BOOKMARK [1][-]{section.28.1}{BBGEN}{chapter.28}
\BOOKMARK [2][-]{subsection.28.1.1}{SYNOPSIS}{section.28.1}
\BOOKMARK [2][-]{subsection.28.1.2}{DESCRIPTION}{section.28.1}
\BOOKMARK [2][-]{subsection.28.1.3}{OPTIONS}{section.28.1}
\BOOKMARK [2][-]{subsection.28.1.4}{GENERAL OPTIONS}{section.28.1}
\BOOKMARK [2][-]{subsection.28.1.5}{PAGE LAYOUT OPTIONS}{section.28.1}
\BOOKMARK [2][-]{subsection.28.1.6}{COLUMN SELECTION OPTIONS}{section.28.1}
\BOOKMARK [2][-]{subsection.28.1.7}{STATUS PROPAGATION OPTIONS}{section.28.1}
\BOOKMARK [2][-]{subsection.28.1.8}{PURPLE STATUS OPTIONS}{section.28.1}
\BOOKMARK [2][-]{subsection.28.1.9}{ALTERNATE PAGESET OPTIONS}{section.28.1}
\BOOKMARK [2][-]{subsection.28.1.10}{ALTERNATE OUTPUT FORMATS}{section.28.1}
\BOOKMARK [2][-]{subsection.28.1.11}{OPTIONS USED BY CGI FRONT-ENDS}{section.28.1}
\BOOKMARK [2][-]{subsection.28.1.12}{DEBUGGING OPTIONS}{section.28.1}
\BOOKMARK [2][-]{subsection.28.1.13}{BUILDING ALTERNATE PAGESETS}{section.28.1}
\BOOKMARK [2][-]{subsection.28.1.14}{USING BBGEN FOR REPORTS}{section.28.1}
\BOOKMARK [2][-]{subsection.28.1.15}{SLA REPORTING}{section.28.1}
\BOOKMARK [2][-]{subsection.28.1.16}{PRE-GENERATED REPORTS}{section.28.1}
\BOOKMARK [2][-]{subsection.28.1.17}{SEE ALSO}{section.28.1}
\BOOKMARK [1][-]{section.28.2}{HOBBIT-NKVIEW.CGI}{chapter.28}
\BOOKMARK [2][-]{subsection.28.2.1}{SYNOPSIS}{section.28.2}
\BOOKMARK [2][-]{subsection.28.2.2}{DESCRIPTION}{section.28.2}
\BOOKMARK [2][-]{subsection.28.2.3}{RELATION TO BBNK PAGE}{section.28.2}
\BOOKMARK [2][-]{subsection.28.2.4}{OPTIONS}{section.28.2}
\BOOKMARK [2][-]{subsection.28.2.5}{ENVIRONMENT VARIABLES}{section.28.2}
\BOOKMARK [2][-]{subsection.28.2.6}{SEE ALSO}{section.28.2}
\BOOKMARK [1][-]{section.28.3}{BB-HIST.CGI}{chapter.28}
\BOOKMARK [2][-]{subsection.28.3.1}{SYNOPSIS}{section.28.3}
\BOOKMARK [2][-]{subsection.28.3.2}{DESCRIPTION}{section.28.3}
\BOOKMARK [2][-]{subsection.28.3.3}{PARAMETERS}{section.28.3}
\BOOKMARK [2][-]{subsection.28.3.4}{OPTIONS}{section.28.3}
\BOOKMARK [2][-]{subsection.28.3.5}{SEE ALSO}{section.28.3}
\BOOKMARK [1][-]{section.28.4}{HOBBIT-CONFREPORT.CGI}{chapter.28}
\BOOKMARK [2][-]{subsection.28.4.1}{SYNOPSIS}{section.28.4}
\BOOKMARK [2][-]{subsection.28.4.2}{DESCRIPTION}{section.28.4}
\BOOKMARK [2][-]{subsection.28.4.3}{OPTIONS}{section.28.4}
\BOOKMARK [2][-]{subsection.28.4.4}{BUGS}{section.28.4}
\BOOKMARK [2][-]{subsection.28.4.5}{SEE ALSO}{section.28.4}
\BOOKMARK [1][-]{section.28.5}{HOBBIT-NKVIEW.CGI}{chapter.28}
\BOOKMARK [2][-]{subsection.28.5.1}{SYNOPSIS}{section.28.5}
\BOOKMARK [2][-]{subsection.28.5.2}{DESCRIPTION}{section.28.5}
\BOOKMARK [1][-]{section.28.6}{BBHOSTGREP}{chapter.28}
\BOOKMARK [2][-]{subsection.28.6.1}{SYNOPSIS}{section.28.6}
\BOOKMARK [2][-]{subsection.28.6.2}{DESCRIPTION}{section.28.6}
\BOOKMARK [2][-]{subsection.28.6.3}{OPTIONS}{section.28.6}
\BOOKMARK [2][-]{subsection.28.6.4}{EXAMPLE}{section.28.6}
\BOOKMARK [2][-]{subsection.28.6.5}{USE IN EXTENSION SCRIPTS}{section.28.6}
\BOOKMARK [2][-]{subsection.28.6.6}{ENVIRONMENT VARIABLES}{section.28.6}
\BOOKMARK [2][-]{subsection.28.6.7}{FILES}{section.28.6}
\BOOKMARK [2][-]{subsection.28.6.8}{SEE ALSO}{section.28.6}
\BOOKMARK [1][-]{section.28.7}{HOBBITD}{chapter.28}
\BOOKMARK [2][-]{subsection.28.7.1}{SYNOPSIS}{section.28.7}
\BOOKMARK [2][-]{subsection.28.7.2}{DESCRIPTION}{section.28.7}
\BOOKMARK [2][-]{subsection.28.7.3}{OPTIONS}{section.28.7}
\BOOKMARK [2][-]{subsection.28.7.4}{HOW ALERTS TRIGGER}{section.28.7}
\BOOKMARK [2][-]{subsection.28.7.5}{CHANNELS}{section.28.7}
\BOOKMARK [2][-]{subsection.28.7.6}{SIGNALS}{section.28.7}
\BOOKMARK [2][-]{subsection.28.7.7}{BUGS}{section.28.7}
\BOOKMARK [2][-]{subsection.28.7.8}{FILES}{section.28.7}
\BOOKMARK [2][-]{subsection.28.7.9}{SEE ALSO}{section.28.7}
\BOOKMARK [1][-]{section.28.8}{HOBBITPING}{chapter.28}
\BOOKMARK [2][-]{subsection.28.8.1}{SYNOPSIS}{section.28.8}
\BOOKMARK [2][-]{subsection.28.8.2}{DESCRIPTION}{section.28.8}
\BOOKMARK [2][-]{subsection.28.8.3}{SUID-ROOT INSTALLATION REQUIRED}{section.28.8}
\BOOKMARK [2][-]{subsection.28.8.4}{OPTIONS}{section.28.8}
\BOOKMARK [2][-]{subsection.28.8.5}{SEE ALSO}{section.28.8}
\BOOKMARK [1][-]{section.28.9}{HOBBITD\137ALERT}{chapter.28}
\BOOKMARK [2][-]{subsection.28.9.1}{SYNOPSIS}{section.28.9}
\BOOKMARK [2][-]{subsection.28.9.2}{DESCRIPTION}{section.28.9}
\BOOKMARK [2][-]{subsection.28.9.3}{OPTIONS}{section.28.9}
\BOOKMARK [2][-]{subsection.28.9.4}{HOW HOBBIT DECIDES WHEN TO SEND ALERTS}{section.28.9}
\BOOKMARK [2][-]{subsection.28.9.5}{ENVIRONMENT}{section.28.9}
\BOOKMARK [2][-]{subsection.28.9.6}{FILES}{section.28.9}
\BOOKMARK [2][-]{subsection.28.9.7}{SEE ALSO}{section.28.9}
\BOOKMARK [1][-]{section.28.10}{BBHOSTSHOW}{chapter.28}
\BOOKMARK [2][-]{subsection.28.10.1}{SYNOPSIS}{section.28.10}
\BOOKMARK [2][-]{subsection.28.10.2}{DESCRIPTION}{section.28.10}
\BOOKMARK [2][-]{subsection.28.10.3}{OPTIONS}{section.28.10}
\BOOKMARK [2][-]{subsection.28.10.4}{ENVIRONMENT VARIABLES}{section.28.10}
\BOOKMARK [2][-]{subsection.28.10.5}{SEE ALSO}{section.28.10}
\BOOKMARK [1][-]{section.28.11}{HOBBITD\137CAPTURE}{chapter.28}
\BOOKMARK [2][-]{subsection.28.11.1}{SYNOPSIS}{section.28.11}
\BOOKMARK [2][-]{subsection.28.11.2}{DESCRIPTION}{section.28.11}
\BOOKMARK [2][-]{subsection.28.11.3}{OPTIONS}{section.28.11}
\BOOKMARK [2][-]{subsection.28.11.4}{SEE ALSO}{section.28.11}
\BOOKMARK [1][-]{section.28.12}{HOBBIT-STATUSREPORT.CGI}{chapter.28}
\BOOKMARK [2][-]{subsection.28.12.1}{SYNOPSIS}{section.28.12}
\BOOKMARK [2][-]{subsection.28.12.2}{DESCRIPTION}{section.28.12}
\BOOKMARK [2][-]{subsection.28.12.3}{EXAMPLES}{section.28.12}
\BOOKMARK [2][-]{subsection.28.12.4}{OPTIONS}{section.28.12}
\BOOKMARK [2][-]{subsection.28.12.5}{SEE ALSO}{section.28.12}
\BOOKMARK [1][-]{section.28.13}{BBMESSAGE.CGI}{chapter.28}
\BOOKMARK [2][-]{subsection.28.13.1}{SYNOPSIS}{section.28.13}
\BOOKMARK [2][-]{subsection.28.13.2}{DESCRIPTION}{section.28.13}
\BOOKMARK [2][-]{subsection.28.13.3}{SECURITY}{section.28.13}
\BOOKMARK [2][-]{subsection.28.13.4}{SEE ALSO}{section.28.13}
\BOOKMARK [0][-]{chapter.29}{Hobbit server programs}{}
\BOOKMARK [1][-]{section.29.1}{HOBBITD\137CHANNEL}{chapter.29}
\BOOKMARK [2][-]{subsection.29.1.1}{SYNOPSIS}{section.29.1}
\BOOKMARK [2][-]{subsection.29.1.2}{DESCRIPTION}{section.29.1}
\BOOKMARK [2][-]{subsection.29.1.3}{OPTIONS}{section.29.1}
\BOOKMARK [2][-]{subsection.29.1.4}{FILES}{section.29.1}
\BOOKMARK [2][-]{subsection.29.1.5}{SEE ALSO}{section.29.1}
\BOOKMARK [1][-]{section.29.2}{BB-HOSTSVC.CGI}{chapter.29}
\BOOKMARK [2][-]{subsection.29.2.1}{SYNOPSIS}{section.29.2}
\BOOKMARK [2][-]{subsection.29.2.2}{DESCRIPTION}{section.29.2}
\BOOKMARK [2][-]{subsection.29.2.3}{OPTIONS}{section.29.2}
\BOOKMARK [2][-]{subsection.29.2.4}{FILES}{section.29.2}
\BOOKMARK [2][-]{subsection.29.2.5}{ENVIRONMENT}{section.29.2}
\BOOKMARK [2][-]{subsection.29.2.6}{SEE ALSO}{section.29.2}
\BOOKMARK [1][-]{section.29.3}{BBPROXY}{chapter.29}
\BOOKMARK [2][-]{subsection.29.3.1}{SYNOPSIS}{section.29.3}
\BOOKMARK [2][-]{subsection.29.3.2}{DESCRIPTION}{section.29.3}
\BOOKMARK [2][-]{subsection.29.3.3}{OPTIONS}{section.29.3}
\BOOKMARK [2][-]{subsection.29.3.4}{REPORT OUTPUT}{section.29.3}
\BOOKMARK [2][-]{subsection.29.3.5}{}{section.29.3}
\BOOKMARK [2][-]{subsection.29.3.6}{SIGNALS}{section.29.3}
\BOOKMARK [2][-]{subsection.29.3.7}{SEE ALSO}{section.29.3}
\BOOKMARK [1][-]{section.29.4}{HOBBITD\137CLIENT}{chapter.29}
\BOOKMARK [2][-]{subsection.29.4.1}{SYNOPSIS}{section.29.4}
\BOOKMARK [2][-]{subsection.29.4.2}{DESCRIPTION}{section.29.4}
\BOOKMARK [2][-]{subsection.29.4.3}{OPTIONS}{section.29.4}
\BOOKMARK [2][-]{subsection.29.4.4}{FILES}{section.29.4}
\BOOKMARK [2][-]{subsection.29.4.5}{SEE ALSO}{section.29.4}
\BOOKMARK [1][-]{section.29.5}{HOBBITWEB}{chapter.29}
\BOOKMARK [2][-]{subsection.29.5.1}{DESCRIPTION}{section.29.5}
\BOOKMARK [2][-]{subsection.29.5.2}{SEE ALSO}{section.29.5}
\BOOKMARK [0][-]{chapter.30}{Report Generation}{}
\BOOKMARK [1][-]{section.30.1}{BB-REP.CGI}{chapter.30}
\BOOKMARK [2][-]{subsection.30.1.1}{SYNOPSIS}{section.30.1}
\BOOKMARK [2][-]{subsection.30.1.2}{DESCRIPTION}{section.30.1}
\BOOKMARK [2][-]{subsection.30.1.3}{OPTIONS}{section.30.1}
\BOOKMARK [2][-]{subsection.30.1.4}{FILES}{section.30.1}
\BOOKMARK [2][-]{subsection.30.1.5}{ENVIRONMENT VARIABLES}{section.30.1}
\BOOKMARK [2][-]{subsection.30.1.6}{SEE ALSO}{section.30.1}
\BOOKMARK [1][-]{section.30.2}{HOBBITD\137FILESTORE}{chapter.30}
\BOOKMARK [2][-]{subsection.30.2.1}{SYNOPSIS}{section.30.2}
\BOOKMARK [2][-]{subsection.30.2.2}{DESCRIPTION}{section.30.2}
\BOOKMARK [2][-]{subsection.30.2.3}{OPTIONS}{section.30.2}
\BOOKMARK [2][-]{subsection.30.2.4}{FILES}{section.30.2}
\BOOKMARK [2][-]{subsection.30.2.5}{SEE ALSO}{section.30.2}
\BOOKMARK [0][-]{chapter.31}{Hobbit Client}{}
\BOOKMARK [1][-]{section.31.1}{``/opt/bin/logfetch'' - Hobbit client data collector }{chapter.31}
\BOOKMARK [2][-]{subsection.31.1.1}{SYNOPSIS}{section.31.1}
\BOOKMARK [2][-]{subsection.31.1.2}{DESCRIPTION}{section.31.1}
\BOOKMARK [2][-]{subsection.31.1.3}{SECURITY}{section.31.1}
\BOOKMARK [2][-]{subsection.31.1.4}{ENVIRONMENT VARIABLES}{section.31.1}
\BOOKMARK [2][-]{subsection.31.1.5}{FILES}{section.31.1}
\BOOKMARK [2][-]{subsection.31.1.6}{SEE ALSO}{section.31.1}
\BOOKMARK [1][-]{section.31.2}{BB-REPLOG.CGI}{chapter.31}
\BOOKMARK [2][-]{subsection.31.2.1}{SYNOPSIS}{section.31.2}
\BOOKMARK [2][-]{subsection.31.2.2}{DESCRIPTION}{section.31.2}
\BOOKMARK [2][-]{subsection.31.2.3}{OPTIONS}{section.31.2}
\BOOKMARK [2][-]{subsection.31.2.4}{SEE ALSO}{section.31.2}
\BOOKMARK [1][-]{section.31.3}{HOBBITD\137HISTORY}{chapter.31}
\BOOKMARK [2][-]{subsection.31.3.1}{SYNOPSIS}{section.31.3}
\BOOKMARK [2][-]{subsection.31.3.2}{DESCRIPTION}{section.31.3}
\BOOKMARK [2][-]{subsection.31.3.3}{OPTIONS}{section.31.3}
\BOOKMARK [2][-]{subsection.31.3.4}{ENVIRONMENT}{section.31.3}
\BOOKMARK [2][-]{subsection.31.3.5}{FILES}{section.31.3}
\BOOKMARK [2][-]{subsection.31.3.6}{SEE ALSO}{section.31.3}
\BOOKMARK [1][-]{section.31.4}{MSGCACHE}{chapter.31}
\BOOKMARK [2][-]{subsection.31.4.1}{SYNOPSIS}{section.31.4}
\BOOKMARK [2][-]{subsection.31.4.2}{DESCRIPTION}{section.31.4}
\BOOKMARK [2][-]{subsection.31.4.3}{RESTRICTIONS}{section.31.4}
\BOOKMARK [2][-]{subsection.31.4.4}{OPTIONS}{section.31.4}
\BOOKMARK [2][-]{subsection.31.4.5}{SEE ALSO}{section.31.4}
\BOOKMARK [1][-]{section.31.5}{BBRETEST-NET.SH}{chapter.31}
\BOOKMARK [2][-]{subsection.31.5.1}{SYNOPSIS}{section.31.5}
\BOOKMARK [2][-]{subsection.31.5.2}{DESCRIPTION}{section.31.5}
\BOOKMARK [2][-]{subsection.31.5.3}{INSTALLATION}{section.31.5}
\BOOKMARK [2][-]{subsection.31.5.4}{FILES}{section.31.5}
\BOOKMARK [2][-]{subsection.31.5.5}{SEE ALSO}{section.31.5}
\BOOKMARK [1][-]{section.31.6}{HOBBITD\137HOSTDATA}{chapter.31}
\BOOKMARK [2][-]{subsection.31.6.1}{SYNOPSIS}{section.31.6}
\BOOKMARK [2][-]{subsection.31.6.2}{DESCRIPTION}{section.31.6}
\BOOKMARK [2][-]{subsection.31.6.3}{FILES}{section.31.6}
\BOOKMARK [2][-]{subsection.31.6.4}{SEE ALSO}{section.31.6}
\BOOKMARK [1][-]{section.31.7}{ORCAHOBBIT}{chapter.31}
\BOOKMARK [2][-]{subsection.31.7.1}{SYNOPSIS}{section.31.7}
\BOOKMARK [2][-]{subsection.31.7.2}{NOTICE}{section.31.7}
\BOOKMARK [2][-]{subsection.31.7.3}{DESCRIPTION}{section.31.7}
\BOOKMARK [2][-]{subsection.31.7.4}{OPTIONS}{section.31.7}
\BOOKMARK [2][-]{subsection.31.7.5}{SEE ALSO}{section.31.7}
\BOOKMARK [1][-]{section.31.8}{BB-SERVICES}{chapter.31}
\BOOKMARK [2][-]{subsection.31.8.1}{SYNOPSIS}{section.31.8}
\BOOKMARK [2][-]{subsection.31.8.2}{DESCRIPTION}{section.31.8}
\BOOKMARK [2][-]{subsection.31.8.3}{FILE FORMAT}{section.31.8}
\BOOKMARK [2][-]{subsection.31.8.4}{FILES}{section.31.8}
\BOOKMARK [2][-]{subsection.31.8.5}{SEE ALSO}{section.31.8}
\BOOKMARK [0][-]{chapter.32}{Data Backend}{}
\BOOKMARK [1][-]{section.32.1}{HOBBITD\137RRD}{chapter.32}
\BOOKMARK [2][-]{subsection.32.1.1}{SYNOPSIS}{section.32.1}
\BOOKMARK [2][-]{subsection.32.1.2}{DESCRIPTION}{section.32.1}
\BOOKMARK [2][-]{subsection.32.1.3}{OPTIONS}{section.32.1}
\BOOKMARK [2][-]{subsection.32.1.4}{ENVIRONMENT}{section.32.1}
\BOOKMARK [2][-]{subsection.32.1.5}{COLLECTED DATA}{section.32.1}
\BOOKMARK [2][-]{subsection.32.1.6}{CUSTOM RRD DATA IN NAME-COLON-VALUE \(NCV\) FORMAT}{section.32.1}
\BOOKMARK [2][-]{subsection.32.1.7}{CUSTOM RRD DATA VIA SCRIPTS}{section.32.1}
\BOOKMARK [2][-]{subsection.32.1.8}{COMPATIBILITY}{section.32.1}
\BOOKMARK [2][-]{subsection.32.1.9}{SEE ALSO}{section.32.1}
\BOOKMARK [0][-]{chapter.33}{Hobbit/BB Messages Protocols}{}
\BOOKMARK [1][-]{subsection.33.0.10}{BNF}{chapter.33}
\BOOKMARK [1][-]{section.33.1}{bb - Hobbit client communication program}{chapter.33}
\BOOKMARK [2][-]{subsection.33.1.1}{SYNOPSIS}{section.33.1}
\BOOKMARK [2][-]{subsection.33.1.2}{DESCRIPTION}{section.33.1}
\BOOKMARK [2][-]{subsection.33.1.3}{OPTIONS AND PARAMETERS}{section.33.1}
\BOOKMARK [2][-]{subsection.33.1.4}{HOBBIT MESSAGE SYNTAX}{section.33.1}
\BOOKMARK [2][-]{subsection.33.1.5}{EXAMPLE}{section.33.1}
\BOOKMARK [2][-]{subsection.33.1.6}{NOTES}{section.33.1}
\BOOKMARK [2][-]{subsection.33.1.7}{SEE ALSO}{section.33.1}
\BOOKMARK [0][-]{chapter.34}{Hobbit Server Administration}{}
\BOOKMARK [1][-]{section.34.1}{HOBBIT-ENADIS.CGI}{chapter.34}
\BOOKMARK [2][-]{subsection.34.1.1}{SYNOPSIS}{section.34.1}
\BOOKMARK [2][-]{subsection.34.1.2}{DESCRIPTION}{section.34.1}
\BOOKMARK [2][-]{subsection.34.1.3}{OPTIONS}{section.34.1}
\BOOKMARK [2][-]{subsection.34.1.4}{BUGS}{section.34.1}
\BOOKMARK [2][-]{subsection.34.1.5}{SEE ALSO}{section.34.1}
\BOOKMARK [1][-]{section.34.2}{BB-ACK.CGI}{chapter.34}
\BOOKMARK [2][-]{subsection.34.2.1}{SYNOPSIS}{section.34.2}
\BOOKMARK [2][-]{subsection.34.2.2}{DESCRIPTION}{section.34.2}
\BOOKMARK [2][-]{subsection.34.2.3}{PARAMETERS}{section.34.2}
\BOOKMARK [2][-]{subsection.34.2.4}{OPTIONS}{section.34.2}
\BOOKMARK [2][-]{subsection.34.2.5}{FILES}{section.34.2}
\BOOKMARK [2][-]{subsection.34.2.6}{ENVIRONMENT VARIABLES}{section.34.2}
\BOOKMARK [2][-]{subsection.34.2.7}{BUGS}{section.34.2}
\BOOKMARK [2][-]{subsection.34.2.8}{SEE ALSO}{section.34.2}
\BOOKMARK [1][-]{section.34.3}{HOBBIT-GHOSTS.CGI}{chapter.34}
\BOOKMARK [2][-]{subsection.34.3.1}{SYNOPSIS}{section.34.3}
\BOOKMARK [2][-]{subsection.34.3.2}{DESCRIPTION}{section.34.3}
\BOOKMARK [2][-]{subsection.34.3.3}{OPTIONS}{section.34.3}
\BOOKMARK [2][-]{subsection.34.3.4}{SEE ALSO}{section.34.3}
\BOOKMARK [1][-]{section.34.4}{TRIMHISTORY}{chapter.34}
\BOOKMARK [2][-]{subsection.34.4.1}{NAME}{section.34.4}
\BOOKMARK [2][-]{subsection.34.4.2}{DESCRIPTION}{section.34.4}
\BOOKMARK [2][-]{subsection.34.4.3}{OPTIONS}{section.34.4}
\BOOKMARK [2][-]{subsection.34.4.4}{FILES}{section.34.4}
\BOOKMARK [2][-]{subsection.34.4.5}{ENVIRONMENT VARIABLES}{section.34.4}
\BOOKMARK [2][-]{subsection.34.4.6}{SEE ALSO}{section.34.4}
\BOOKMARK [1][-]{section.34.5}{HOBBIT-ACKINFO.CGI}{chapter.34}
\BOOKMARK [2][-]{subsection.34.5.1}{SYNOPSIS}{section.34.5}
\BOOKMARK [2][-]{subsection.34.5.2}{DESCRIPTION}{section.34.5}
\BOOKMARK [2][-]{subsection.34.5.3}{OPTIONS}{section.34.5}
\BOOKMARK [2][-]{subsection.34.5.4}{ENVIRONMENT VARIABLES}{section.34.5}
\BOOKMARK [2][-]{subsection.34.5.5}{SEE ALSO}{section.34.5}
\BOOKMARK [0][-]{appendix.A}{Making of this book}{}
\BOOKMARK [1][-]{section.A.1}{Using Mercurial's book template to build our bookor}{appendix.A}
\BOOKMARK [1][-]{section.A.2}{On Windows}{appendix.A}
\BOOKMARK [0][-]{appendix.B}{Open Publication License}{}
\BOOKMARK [1][-]{section.B.1}{Requirements on both unmodified and modified versions}{appendix.B}
\BOOKMARK [1][-]{section.B.2}{Copyright}{appendix.B}
\BOOKMARK [1][-]{section.B.3}{Scope of license}{appendix.B}
\BOOKMARK [1][-]{section.B.4}{Requirements on modified works}{appendix.B}
\BOOKMARK [1][-]{section.B.5}{Good-practice recommendations}{appendix.B}
\BOOKMARK [1][-]{section.B.6}{License options}{appendix.B}
