\BOOKMARK [0][-]{section*.1}{Contents}{}
\BOOKMARK [0][-]{chapter*.4}{Preface}{}
\BOOKMARK [1][-]{section.0.1}{This book is a work in progress}{chapter*.4}
\BOOKMARK [1][-]{section.0.2}{About the examples in this book}{chapter*.4}
\BOOKMARK [1][-]{section.0.3}{Colophon---this book is Free}{chapter*.4}
\BOOKMARK [0][-]{chapter.1}{BBWin Source Code}{}
\BOOKMARK [1][-]{section.1.1}{/home/tjyang/4.3/bbwin/trunk/}{chapter.1}
\BOOKMARK [2][-]{subsection.1.1.1}{/home/tjyang/4.3/bbwin/trunk/license.txt}{section.1.1}
\BOOKMARK [2][-]{subsection.1.1.2}{/home/tjyang/4.3/bbwin/trunk/ChangeLog.txt}{section.1.1}
\BOOKMARK [2][-]{subsection.1.1.3}{/home/tjyang/4.3/bbwin/trunk/Makefile}{section.1.1}
\BOOKMARK [1][-]{section.1.2}{/home/tjyang/4.3/bbwin/trunk/Graphics}{chapter.1}
\BOOKMARK [2][-]{subsection.1.2.1}{/home/tjyang/4.3/bbwin/trunk/Graphics/bbwin.svg}{section.1.2}
\BOOKMARK [1][-]{section.1.3}{/home/tjyang/4.3/bbwin/trunk/Core}{chapter.1}
\BOOKMARK [2][-]{subsection.1.3.1}{/home/tjyang/4.3/bbwin/trunk/Core/Utils.vcproj}{section.1.3}
\BOOKMARK [2][-]{subsection.1.3.2}{/home/tjyang/4.3/bbwin/trunk/Core/BBWinConfig.cpp}{section.1.3}
\BOOKMARK [2][-]{subsection.1.3.3}{/home/tjyang/4.3/bbwin/trunk/Core/BBWinHandler.h}{section.1.3}
\BOOKMARK [1][-]{section.1.4}{/home/tjyang/4.3/bbwin/trunk/Core/Agents}{chapter.1}
\BOOKMARK [2][-]{subsection.1.4.1}{/home/tjyang/4.3/bbwin/trunk/Core/Agents/bbwinupdate/bbwinupdate.vcproj}{section.1.4}
\BOOKMARK [2][-]{subsection.1.4.2}{/home/tjyang/4.3/bbwin/trunk/Core/Agents/bbwinupdate/Makefile}{section.1.4}
\BOOKMARK [2][-]{subsection.1.4.3}{/home/tjyang/4.3/bbwin/trunk/Core/Agents/bbwinupdate/bbwinupdate.h}{section.1.4}
\BOOKMARK [2][-]{subsection.1.4.4}{/home/tjyang/4.3/bbwin/trunk/Core/Agents/bbwinupdate/bbwinupdate.cpp}{section.1.4}
\BOOKMARK [2][-]{subsection.1.4.5}{/home/tjyang/4.3/bbwin/trunk/Core/Agents/Makefile}{section.1.4}
\BOOKMARK [1][-]{section.1.5}{/home/tjyang/4.3/bbwin/trunk/Core/Agents/cpu}{chapter.1}
\BOOKMARK [2][-]{subsection.1.5.1}{/home/tjyang/4.3/bbwin/trunk/Core/Agents/cpu/cpu.cpp}{section.1.5}
\BOOKMARK [2][-]{subsection.1.5.2}{/home/tjyang/4.3/bbwin/trunk/Core/Agents/cpu/PerfCounters.h}{section.1.5}
\BOOKMARK [2][-]{subsection.1.5.3}{/home/tjyang/4.3/bbwin/trunk/Core/Agents/cpu/Makefile}{section.1.5}
\BOOKMARK [2][-]{subsection.1.5.4}{/home/tjyang/4.3/bbwin/trunk/Core/Agents/cpu/CpuUsage.cpp}{section.1.5}
\BOOKMARK [2][-]{subsection.1.5.5}{/home/tjyang/4.3/bbwin/trunk/Core/Agents/cpu/cpu.h}{section.1.5}
\BOOKMARK [2][-]{subsection.1.5.6}{/home/tjyang/4.3/bbwin/trunk/Core/Agents/cpu/CpuUsage.h}{section.1.5}
\BOOKMARK [2][-]{subsection.1.5.7}{/home/tjyang/4.3/bbwin/trunk/Core/Agents/cpu/cpu.vcproj}{section.1.5}
\BOOKMARK [1][-]{section.1.6}{/home/tjyang/4.3/bbwin/trunk/Core/Agents/svcs}{chapter.1}
\BOOKMARK [2][-]{subsection.1.6.1}{/home/tjyang/4.3/bbwin/trunk/Core/Agents/svcs/svcs.cpp}{section.1.6}
\BOOKMARK [2][-]{subsection.1.6.2}{/home/tjyang/4.3/bbwin/trunk/Core/Agents/svcs/Makefile}{section.1.6}
\BOOKMARK [2][-]{subsection.1.6.3}{/home/tjyang/4.3/bbwin/trunk/Core/Agents/svcs/svcs.vcproj}{section.1.6}
\BOOKMARK [2][-]{subsection.1.6.4}{/home/tjyang/4.3/bbwin/trunk/Core/Agents/svcs/svcs.h}{section.1.6}
\BOOKMARK [1][-]{section.1.7}{/home/tjyang/4.3/bbwin/trunk/Core/Agents/externals}{chapter.1}
\BOOKMARK [2][-]{subsection.1.7.1}{/home/tjyang/4.3/bbwin/trunk/Core/Agents/externals/externals.cpp}{section.1.7}
\BOOKMARK [2][-]{subsection.1.7.2}{/home/tjyang/4.3/bbwin/trunk/Core/Agents/externals/Makefile}{section.1.7}
\BOOKMARK [2][-]{subsection.1.7.3}{/home/tjyang/4.3/bbwin/trunk/Core/Agents/externals/external.h}{section.1.7}
\BOOKMARK [2][-]{subsection.1.7.4}{/home/tjyang/4.3/bbwin/trunk/Core/Agents/externals/externals.vcproj}{section.1.7}
\BOOKMARK [2][-]{subsection.1.7.5}{/home/tjyang/4.3/bbwin/trunk/Core/Agents/externals/externals.h}{section.1.7}
\BOOKMARK [2][-]{subsection.1.7.6}{/home/tjyang/4.3/bbwin/trunk/Core/Agents/externals/external.cpp}{section.1.7}
\BOOKMARK [1][-]{section.1.8}{/home/tjyang/4.3/bbwin/trunk/Core/Agents/filesystem}{chapter.1}
\BOOKMARK [2][-]{subsection.1.8.1}{/home/tjyang/4.3/bbwin/trunk/Core/Agents/filesystem/filesystem.cpp}{section.1.8}
\BOOKMARK [2][-]{subsection.1.8.2}{/home/tjyang/4.3/bbwin/trunk/Core/Agents/filesystem/Makefile}{section.1.8}
\BOOKMARK [2][-]{subsection.1.8.3}{/home/tjyang/4.3/bbwin/trunk/Core/Agents/filesystem/filesystem.h}{section.1.8}
\BOOKMARK [2][-]{subsection.1.8.4}{/home/tjyang/4.3/bbwin/trunk/Core/Agents/filesystem/filesystem.vcproj}{section.1.8}
\BOOKMARK [1][-]{section.1.9}{/home/tjyang/4.3/bbwin/trunk/Core/Agents/sample}{chapter.1}
\BOOKMARK [2][-]{subsection.1.9.1}{/home/tjyang/4.3/bbwin/trunk/Core/Agents/sample/Makefile}{section.1.9}
\BOOKMARK [2][-]{subsection.1.9.2}{/home/tjyang/4.3/bbwin/trunk/Core/Agents/sample/sample.cpp}{section.1.9}
\BOOKMARK [2][-]{subsection.1.9.3}{/home/tjyang/4.3/bbwin/trunk/Core/Agents/sample/sample.h}{section.1.9}
\BOOKMARK [2][-]{subsection.1.9.4}{/home/tjyang/4.3/bbwin/trunk/Core/Agents/sample/sample.vcproj}{section.1.9}
\BOOKMARK [1][-]{section.1.10}{/home/tjyang/4.3/bbwin/trunk/Core/Agents/memory}{chapter.1}
\BOOKMARK [2][-]{subsection.1.10.1}{/home/tjyang/4.3/bbwin/trunk/Core/Agents/memory/Makefile}{section.1.10}
\BOOKMARK [2][-]{subsection.1.10.2}{/home/tjyang/4.3/bbwin/trunk/Core/Agents/memory/memory.cpp}{section.1.10}
\BOOKMARK [2][-]{subsection.1.10.3}{/home/tjyang/4.3/bbwin/trunk/Core/Agents/memory/memory.h}{section.1.10}
\BOOKMARK [2][-]{subsection.1.10.4}{/home/tjyang/4.3/bbwin/trunk/Core/Agents/memory/memory.vcproj}{section.1.10}
\BOOKMARK [1][-]{section.1.11}{/home/tjyang/4.3/bbwin/trunk/Core/Agents/stats}{chapter.1}
\BOOKMARK [2][-]{subsection.1.11.1}{/home/tjyang/4.3/bbwin/trunk/Core/Agents/stats/stats.h}{section.1.11}
\BOOKMARK [2][-]{subsection.1.11.2}{/home/tjyang/4.3/bbwin/trunk/Core/Agents/stats/Makefile}{section.1.11}
\BOOKMARK [2][-]{subsection.1.11.3}{/home/tjyang/4.3/bbwin/trunk/Core/Agents/stats/stats.cpp}{section.1.11}
\BOOKMARK [2][-]{subsection.1.11.4}{/home/tjyang/4.3/bbwin/trunk/Core/Agents/stats/stats.vcproj}{section.1.11}
\BOOKMARK [1][-]{section.1.12}{/home/tjyang/4.3/bbwin/trunk/Core/Agents/procs}{chapter.1}
\BOOKMARK [2][-]{subsection.1.12.1}{/home/tjyang/4.3/bbwin/trunk/Core/Agents/procs/Makefile}{section.1.12}
\BOOKMARK [2][-]{subsection.1.12.2}{/home/tjyang/4.3/bbwin/trunk/Core/Agents/procs/procs.h}{section.1.12}
\BOOKMARK [2][-]{subsection.1.12.3}{/home/tjyang/4.3/bbwin/trunk/Core/Agents/procs/procs.cpp}{section.1.12}
\BOOKMARK [2][-]{subsection.1.12.4}{/home/tjyang/4.3/bbwin/trunk/Core/Agents/procs/procs.vcproj}{section.1.12}
\BOOKMARK [1][-]{section.1.13}{/home/tjyang/4.3/bbwin/trunk/Core/Agents/common}{chapter.1}
\BOOKMARK [2][-]{subsection.1.13.1}{/home/tjyang/4.3/bbwin/trunk/Core/Agents/common/ProcApi.h}{section.1.13}
\BOOKMARK [2][-]{subsection.1.13.2}{/home/tjyang/4.3/bbwin/trunk/Core/Agents/common/PerfCounters.h}{section.1.13}
\BOOKMARK [2][-]{subsection.1.13.3}{/home/tjyang/4.3/bbwin/trunk/Core/Agents/common/Makefile}{section.1.13}
\BOOKMARK [2][-]{subsection.1.13.4}{/home/tjyang/4.3/bbwin/trunk/Core/Agents/common/SystemCounters.h}{section.1.13}
\BOOKMARK [2][-]{subsection.1.13.5}{/home/tjyang/4.3/bbwin/trunk/Core/Agents/common/common.vcproj}{section.1.13}
\BOOKMARK [2][-]{subsection.1.13.6}{/home/tjyang/4.3/bbwin/trunk/Core/Agents/common/SystemCounters.cpp}{section.1.13}
\BOOKMARK [1][-]{section.1.14}{/home/tjyang/4.3/bbwin/trunk/Core/Agents/msgs}{chapter.1}
\BOOKMARK [2][-]{subsection.1.14.1}{/home/tjyang/4.3/bbwin/trunk/Core/Agents/msgs/msgs.cpp}{section.1.14}
\BOOKMARK [2][-]{subsection.1.14.2}{/home/tjyang/4.3/bbwin/trunk/Core/Agents/msgs/Makefile}{section.1.14}
\BOOKMARK [2][-]{subsection.1.14.3}{/home/tjyang/4.3/bbwin/trunk/Core/Agents/msgs/EventLog.h}{section.1.14}
\BOOKMARK [2][-]{subsection.1.14.4}{/home/tjyang/4.3/bbwin/trunk/Core/Agents/msgs/msgs.h}{section.1.14}
\BOOKMARK [2][-]{subsection.1.14.5}{/home/tjyang/4.3/bbwin/trunk/Core/Agents/msgs/msgs.vcproj}{section.1.14}
\BOOKMARK [2][-]{subsection.1.14.6}{/home/tjyang/4.3/bbwin/trunk/Core/Agents/msgs/EventLog.cpp}{section.1.14}
\BOOKMARK [1][-]{section.1.15}{/home/tjyang/4.3/bbwin/trunk/Core/Agents/disk}{chapter.1}
\BOOKMARK [2][-]{subsection.1.15.1}{/home/tjyang/4.3/bbwin/trunk/Core/Agents/disk/Makefile}{section.1.15}
\BOOKMARK [2][-]{subsection.1.15.2}{/home/tjyang/4.3/bbwin/trunk/Core/Agents/disk/disk.cpp}{section.1.15}
\BOOKMARK [2][-]{subsection.1.15.3}{/home/tjyang/4.3/bbwin/trunk/Core/Agents/disk/disk.vcproj}{section.1.15}
\BOOKMARK [2][-]{subsection.1.15.4}{/home/tjyang/4.3/bbwin/trunk/Core/Agents/disk/disk.h}{section.1.15}
\BOOKMARK [1][-]{section.1.16}{/home/tjyang/4.3/bbwin/trunk/Core/Agents/uptime}{chapter.1}
\BOOKMARK [2][-]{subsection.1.16.1}{/home/tjyang/4.3/bbwin/trunk/Core/Agents/uptime/PerfCounters.h}{section.1.16}
\BOOKMARK [2][-]{subsection.1.16.2}{/home/tjyang/4.3/bbwin/trunk/Core/Agents/uptime/Makefile}{section.1.16}
\BOOKMARK [2][-]{subsection.1.16.3}{/home/tjyang/4.3/bbwin/trunk/Core/Agents/uptime/uptime.h}{section.1.16}
\BOOKMARK [2][-]{subsection.1.16.4}{/home/tjyang/4.3/bbwin/trunk/Core/Agents/uptime/uptime.cpp}{section.1.16}
\BOOKMARK [2][-]{subsection.1.16.5}{/home/tjyang/4.3/bbwin/trunk/Core/Agents/uptime/uptime.vcproj}{section.1.16}
\BOOKMARK [1][-]{section.1.17}{/home/tjyang/4.3/bbwin/trunk/Core/Agents/who}{chapter.1}
\BOOKMARK [2][-]{subsection.1.17.1}{/home/tjyang/4.3/bbwin/trunk/Core/Agents/who/who.cpp}{section.1.17}
\BOOKMARK [2][-]{subsection.1.17.2}{/home/tjyang/4.3/bbwin/trunk/Core/Agents/who/who.h}{section.1.17}
\BOOKMARK [2][-]{subsection.1.17.3}{/home/tjyang/4.3/bbwin/trunk/Core/Agents/who/Makefile}{section.1.17}
\BOOKMARK [2][-]{subsection.1.17.4}{/home/tjyang/4.3/bbwin/trunk/Core/Agents/who/who.vcproj}{section.1.17}
\BOOKMARK [2][-]{subsection.1.17.5}{/home/tjyang/4.3/bbwin/trunk/Core/Logging.cpp}{section.1.17}
\BOOKMARK [2][-]{subsection.1.17.6}{/home/tjyang/4.3/bbwin/trunk/Core/Singleton.h}{section.1.17}
\BOOKMARK [2][-]{subsection.1.17.7}{/home/tjyang/4.3/bbwin/trunk/Core/Logging.h}{section.1.17}
\BOOKMARK [2][-]{subsection.1.17.8}{/home/tjyang/4.3/bbwin/trunk/Core/IBBWinAgentManager.h}{section.1.17}
\BOOKMARK [2][-]{subsection.1.17.9}{/home/tjyang/4.3/bbwin/trunk/Core/Utils.h}{section.1.17}
\BOOKMARK [2][-]{subsection.1.17.10}{/home/tjyang/4.3/bbwin/trunk/Core/IBBWinException.h}{section.1.17}
\BOOKMARK [2][-]{subsection.1.17.11}{/home/tjyang/4.3/bbwin/trunk/Core/Makefile}{section.1.17}
\BOOKMARK [2][-]{subsection.1.17.12}{/home/tjyang/4.3/bbwin/trunk/Core/BBWinAgentManager.h}{section.1.17}
\BOOKMARK [2][-]{subsection.1.17.13}{/home/tjyang/4.3/bbwin/trunk/Core/uname.cpp}{section.1.17}
\BOOKMARK [2][-]{subsection.1.17.14}{/home/tjyang/4.3/bbwin/trunk/Core/ProcInOut.cpp}{section.1.17}
\BOOKMARK [2][-]{subsection.1.17.15}{/home/tjyang/4.3/bbwin/trunk/Core/BBWinHandler.cpp}{section.1.17}
\BOOKMARK [2][-]{subsection.1.17.16}{/home/tjyang/4.3/bbwin/trunk/Core/BBWinCentralHandler.cpp}{section.1.17}
\BOOKMARK [2][-]{subsection.1.17.17}{/home/tjyang/4.3/bbwin/trunk/Core/BBWinService.h}{section.1.17}
\BOOKMARK [2][-]{subsection.1.17.18}{/home/tjyang/4.3/bbwin/trunk/Core/tinystr.cpp}{section.1.17}
\BOOKMARK [2][-]{subsection.1.17.19}{/home/tjyang/4.3/bbwin/trunk/Core/BBWinNet.cpp}{section.1.17}
\BOOKMARK [2][-]{subsection.1.17.20}{/home/tjyang/4.3/bbwin/trunk/Core/Utils.cpp}{section.1.17}
\BOOKMARK [2][-]{subsection.1.17.21}{/home/tjyang/4.3/bbwin/trunk/Core/tinyxml.h}{section.1.17}
\BOOKMARK [2][-]{subsection.1.17.22}{/home/tjyang/4.3/bbwin/trunk/Core/BBWin.h}{section.1.17}
\BOOKMARK [1][-]{section.1.18}{/home/tjyang/4.3/bbwin/trunk/Core/Digest}{chapter.1}
\BOOKMARK [2][-]{subsection.1.18.1}{/home/tjyang/4.3/bbwin/trunk/Core/Digest/digest.vcproj}{section.1.18}
\BOOKMARK [2][-]{subsection.1.18.2}{/home/tjyang/4.3/bbwin/trunk/Core/Digest/Makefile}{section.1.18}
\BOOKMARK [2][-]{subsection.1.18.3}{/home/tjyang/4.3/bbwin/trunk/Core/Digest/sha1.c}{section.1.18}
\BOOKMARK [2][-]{subsection.1.18.4}{/home/tjyang/4.3/bbwin/trunk/Core/Digest/sha1.h}{section.1.18}
\BOOKMARK [2][-]{subsection.1.18.5}{/home/tjyang/4.3/bbwin/trunk/Core/Digest/digest.h}{section.1.18}
\BOOKMARK [2][-]{subsection.1.18.6}{/home/tjyang/4.3/bbwin/trunk/Core/Digest/digest.c}{section.1.18}
\BOOKMARK [2][-]{subsection.1.18.7}{/home/tjyang/4.3/bbwin/trunk/Core/Digest/md5.c}{section.1.18}
\BOOKMARK [2][-]{subsection.1.18.8}{/home/tjyang/4.3/bbwin/trunk/Core/Digest/md5.h}{section.1.18}
\BOOKMARK [2][-]{subsection.1.18.9}{/home/tjyang/4.3/bbwin/trunk/Core/BBWinNet.vcproj}{section.1.18}
\BOOKMARK [2][-]{subsection.1.18.10}{/home/tjyang/4.3/bbwin/trunk/Core/Base64.cpp}{section.1.18}
\BOOKMARK [2][-]{subsection.1.18.11}{/home/tjyang/4.3/bbwin/trunk/Core/BBWinCmd.vcproj}{section.1.18}
\BOOKMARK [2][-]{subsection.1.18.12}{/home/tjyang/4.3/bbwin/trunk/Core/BBWinService.cpp}{section.1.18}
\BOOKMARK [2][-]{subsection.1.18.13}{/home/tjyang/4.3/bbwin/trunk/Core/BBWinConfig.h}{section.1.18}
\BOOKMARK [2][-]{subsection.1.18.14}{/home/tjyang/4.3/bbwin/trunk/Core/BBWinMessages.mc}{section.1.18}
\BOOKMARK [2][-]{subsection.1.18.15}{/home/tjyang/4.3/bbwin/trunk/Core/BBWin.cpp}{section.1.18}
\BOOKMARK [2][-]{subsection.1.18.16}{/home/tjyang/4.3/bbwin/trunk/Core/Base64.h}{section.1.18}
\BOOKMARK [2][-]{subsection.1.18.17}{/home/tjyang/4.3/bbwin/trunk/Core/BBWinNet.h}{section.1.18}
\BOOKMARK [2][-]{subsection.1.18.18}{/home/tjyang/4.3/bbwin/trunk/Core/Singleton.hxx}{section.1.18}
\BOOKMARK [2][-]{subsection.1.18.19}{/home/tjyang/4.3/bbwin/trunk/Core/bbwin.cfg}{section.1.18}
\BOOKMARK [2][-]{subsection.1.18.20}{/home/tjyang/4.3/bbwin/trunk/Core/BBWinCmd.cpp}{section.1.18}
\BOOKMARK [2][-]{subsection.1.18.21}{/home/tjyang/4.3/bbwin/trunk/Core/ProcInOut.h}{section.1.18}
\BOOKMARK [2][-]{subsection.1.18.22}{/home/tjyang/4.3/bbwin/trunk/Core/tinyxml.vcproj}{section.1.18}
\BOOKMARK [2][-]{subsection.1.18.23}{/home/tjyang/4.3/bbwin/trunk/Core/BBWinLocalHandler.h}{section.1.18}
\BOOKMARK [2][-]{subsection.1.18.24}{/home/tjyang/4.3/bbwin/trunk/Core/tinyxmlparser.cpp}{section.1.18}
\BOOKMARK [2][-]{subsection.1.18.25}{/home/tjyang/4.3/bbwin/trunk/Core/tinyxmlerror.cpp}{section.1.18}
\BOOKMARK [2][-]{subsection.1.18.26}{/home/tjyang/4.3/bbwin/trunk/Core/tinyxml.cpp}{section.1.18}
\BOOKMARK [2][-]{subsection.1.18.27}{/home/tjyang/4.3/bbwin/trunk/Core/BBWinLocalHandler.cpp}{section.1.18}
\BOOKMARK [2][-]{subsection.1.18.28}{/home/tjyang/4.3/bbwin/trunk/Core/IBBWinAgent.h}{section.1.18}
\BOOKMARK [2][-]{subsection.1.18.29}{/home/tjyang/4.3/bbwin/trunk/Core/BBWinAgentManager.cpp}{section.1.18}
\BOOKMARK [2][-]{subsection.1.18.30}{/home/tjyang/4.3/bbwin/trunk/Core/BBWinCentralHandler.h}{section.1.18}
\BOOKMARK [2][-]{subsection.1.18.31}{/home/tjyang/4.3/bbwin/trunk/Core/tinystr.h}{section.1.18}
\BOOKMARK [2][-]{subsection.1.18.32}{/home/tjyang/4.3/bbwin/trunk/Core/Core.vcproj}{section.1.18}
\BOOKMARK [2][-]{subsection.1.18.33}{/home/tjyang/4.3/bbwin/trunk/Core/BBWinHandlerData.h}{section.1.18}
\BOOKMARK [2][-]{subsection.1.18.34}{/home/tjyang/4.3/bbwin/trunk/TODO.txt}{section.1.18}
\BOOKMARK [1][-]{section.1.19}{/home/tjyang/4.3/bbwin/trunk/Tools/VC}{chapter.1}
\BOOKMARK [2][-]{subsection.1.19.1}{/home/tjyang/4.3/bbwin/trunk/Tools/VC/BBWinVC.rules}{section.1.19}
\BOOKMARK [1][-]{section.1.20}{/home/tjyang/4.3/bbwin/trunk/Tools/Migrate}{chapter.1}
\BOOKMARK [2][-]{subsection.1.20.1}{/home/tjyang/4.3/bbwin/trunk/Tools/Migrate/MigrateBBntToBBWin.vbs}{section.1.20}
\BOOKMARK [1][-]{section.1.21}{/home/tjyang/4.3/bbwin/trunk/Doc}{chapter.1}
\BOOKMARK [2][-]{subsection.1.21.1}{/home/tjyang/4.3/bbwin/trunk/Doc/BBWin.css}{section.1.21}
\BOOKMARK [1][-]{section.1.22}{/home/tjyang/4.3/bbwin/trunk/Doc/en}{chapter.1}
\BOOKMARK [2][-]{subsection.1.22.1}{/home/tjyang/4.3/bbwin/trunk/Doc/en/Memory.htm}{section.1.22}
\BOOKMARK [2][-]{subsection.1.22.2}{/home/tjyang/4.3/bbwin/trunk/Doc/en/Uptime.htm}{section.1.22}
\BOOKMARK [2][-]{subsection.1.22.3}{/home/tjyang/4.3/bbwin/trunk/Doc/en/Svcs.htm}{section.1.22}
\BOOKMARK [2][-]{subsection.1.22.4}{/home/tjyang/4.3/bbwin/trunk/Doc/en/Disk.htm}{section.1.22}
\BOOKMARK [2][-]{subsection.1.22.5}{/home/tjyang/4.3/bbwin/trunk/Doc/en/ServiceConfiguration.htm}{section.1.22}
\BOOKMARK [2][-]{subsection.1.22.6}{/home/tjyang/4.3/bbwin/trunk/Doc/en/Sdk.htm}{section.1.22}
\BOOKMARK [2][-]{subsection.1.22.7}{/home/tjyang/4.3/bbwin/trunk/Doc/en/CentralMode.htm}{section.1.22}
\BOOKMARK [2][-]{subsection.1.22.8}{/home/tjyang/4.3/bbwin/trunk/Doc/en/Cluster.htm}{section.1.22}
\BOOKMARK [2][-]{subsection.1.22.9}{/home/tjyang/4.3/bbwin/trunk/Doc/en/GPL.htm}{section.1.22}
\BOOKMARK [2][-]{subsection.1.22.10}{/home/tjyang/4.3/bbwin/trunk/Doc/en/Who.htm}{section.1.22}
\BOOKMARK [2][-]{subsection.1.22.11}{/home/tjyang/4.3/bbwin/trunk/Doc/en/Externals.htm}{section.1.22}
\BOOKMARK [2][-]{subsection.1.22.12}{/home/tjyang/4.3/bbwin/trunk/Doc/en/Overview.htm}{section.1.22}
\BOOKMARK [1][-]{section.1.23}{/home/tjyang/4.3/bbwin/trunk/Doc/en/Table}{chapter.1}
\BOOKMARK [2][-]{subsection.1.23.1}{/home/tjyang/4.3/bbwin/trunk/Doc/en/BuildingBBWin.htm}{section.1.23}
\BOOKMARK [2][-]{subsection.1.23.2}{/home/tjyang/4.3/bbwin/trunk/Doc/en/BBWinCmd.htm}{section.1.23}
\BOOKMARK [2][-]{subsection.1.23.3}{/home/tjyang/4.3/bbwin/trunk/Doc/en/Sample.htm}{section.1.23}
\BOOKMARK [2][-]{subsection.1.23.4}{/home/tjyang/4.3/bbwin/trunk/Doc/en/Fsmon.htm}{section.1.23}
\BOOKMARK [2][-]{subsection.1.23.5}{/home/tjyang/4.3/bbwin/trunk/Doc/en/Licence.htm}{section.1.23}
\BOOKMARK [2][-]{subsection.1.23.6}{/home/tjyang/4.3/bbwin/trunk/Doc/en/Support.htm}{section.1.23}
\BOOKMARK [2][-]{subsection.1.23.7}{/home/tjyang/4.3/bbwin/trunk/Doc/en/BBWin.hhp}{section.1.23}
\BOOKMARK [2][-]{subsection.1.23.8}{/home/tjyang/4.3/bbwin/trunk/Doc/en/Msgs.htm}{section.1.23}
\BOOKMARK [2][-]{subsection.1.23.9}{/home/tjyang/4.3/bbwin/trunk/Doc/en/Cpu.htm}{section.1.23}
\BOOKMARK [2][-]{subsection.1.23.10}{/home/tjyang/4.3/bbwin/trunk/Doc/en/Begin.htm}{section.1.23}
\BOOKMARK [2][-]{subsection.1.23.11}{/home/tjyang/4.3/bbwin/trunk/Doc/en/Procs.htm}{section.1.23}
\BOOKMARK [2][-]{subsection.1.23.12}{/home/tjyang/4.3/bbwin/trunk/Doc/en/MigrateBBntToBBWin.htm}{section.1.23}
\BOOKMARK [2][-]{subsection.1.23.13}{/home/tjyang/4.3/bbwin/trunk/Doc/en/BBWinUpdateAgent.htm}{section.1.23}
\BOOKMARK [2][-]{subsection.1.23.14}{/home/tjyang/4.3/bbwin/trunk/Doc/en/Wlbs.htm}{section.1.23}
\BOOKMARK [2][-]{subsection.1.23.15}{/home/tjyang/4.3/bbwin/trunk/Doc/en/Troubleshooting.htm}{section.1.23}
\BOOKMARK [2][-]{subsection.1.23.16}{/home/tjyang/4.3/bbwin/trunk/Doc/en/Stats.htm}{section.1.23}
\BOOKMARK [2][-]{subsection.1.23.17}{/home/tjyang/4.3/bbwin/trunk/Build.txt}{section.1.23}
\BOOKMARK [1][-]{section.1.24}{/home/tjyang/4.3/bbwin/trunk/Externals}{chapter.1}
\BOOKMARK [2][-]{subsection.1.24.1}{/home/tjyang/4.3/bbwin/trunk/Externals/Makefile}{section.1.24}
\BOOKMARK [1][-]{section.1.25}{/home/tjyang/4.3/bbwin/trunk/Externals/vbs/wlbs}{chapter.1}
\BOOKMARK [2][-]{subsection.1.25.1}{/home/tjyang/4.3/bbwin/trunk/Externals/vbs/wlbs/wlbs.vbs}{section.1.25}
\BOOKMARK [2][-]{subsection.1.25.2}{/home/tjyang/4.3/bbwin/trunk/Externals/vbs/wlbs/wlbs.cfg}{section.1.25}
\BOOKMARK [1][-]{section.1.26}{/home/tjyang/4.3/bbwin/trunk/Externals/vbs/fsmon}{chapter.1}
\BOOKMARK [2][-]{subsection.1.26.1}{/home/tjyang/4.3/bbwin/trunk/Externals/vbs/fsmon/fsmon.vbs}{section.1.26}
\BOOKMARK [2][-]{subsection.1.26.2}{/home/tjyang/4.3/bbwin/trunk/Externals/vbs/fsmon/fsmon.cfg}{section.1.26}
\BOOKMARK [1][-]{section.1.27}{/home/tjyang/4.3/bbwin/trunk/Externals/c}{chapter.1}
\BOOKMARK [2][-]{subsection.1.27.1}{/home/tjyang/4.3/bbwin/trunk/Externals/c/Makefile}{section.1.27}
\BOOKMARK [1][-]{section.1.28}{/home/tjyang/4.3/bbwin/trunk/Externals/c/Cluster}{chapter.1}
\BOOKMARK [2][-]{subsection.1.28.1}{/home/tjyang/4.3/bbwin/trunk/Externals/c/Cluster/cluster.vcproj}{section.1.28}
\BOOKMARK [2][-]{subsection.1.28.2}{/home/tjyang/4.3/bbwin/trunk/Externals/c/Cluster/Version.c}{section.1.28}
\BOOKMARK [2][-]{subsection.1.28.3}{/home/tjyang/4.3/bbwin/trunk/Externals/c/Cluster/Makefile}{section.1.28}
\BOOKMARK [2][-]{subsection.1.28.4}{/home/tjyang/4.3/bbwin/trunk/Externals/c/Cluster/Cluster.h}{section.1.28}
\BOOKMARK [2][-]{subsection.1.28.5}{/home/tjyang/4.3/bbwin/trunk/Externals/c/Cluster/Utils.c}{section.1.28}
\BOOKMARK [2][-]{subsection.1.28.6}{/home/tjyang/4.3/bbwin/trunk/Externals/c/Cluster/Cluster.c}{section.1.28}
\BOOKMARK [1][-]{section.1.29}{/home/tjyang/4.3/bbwin/trunk/www/download}{chapter.1}
\BOOKMARK [2][-]{subsection.1.29.1}{/home/tjyang/4.3/bbwin/trunk/www/index.htm}{section.1.29}
\BOOKMARK [2][-]{subsection.1.29.2}{/home/tjyang/4.3/bbwin/trunk/ReadMe.txt}{section.1.29}
\BOOKMARK [1][-]{section.1.30}{/home/tjyang/4.3/bbwin/trunk/Setup}{chapter.1}
\BOOKMARK [2][-]{subsection.1.30.1}{/home/tjyang/4.3/bbwin/trunk/Setup/UpgradeConfiguration.cpp}{section.1.30}
\BOOKMARK [2][-]{subsection.1.30.2}{/home/tjyang/4.3/bbwin/trunk/Setup/BBWin.wxs}{section.1.30}
\BOOKMARK [2][-]{subsection.1.30.3}{/home/tjyang/4.3/bbwin/trunk/Setup/Makefile}{section.1.30}
\BOOKMARK [2][-]{subsection.1.30.4}{/home/tjyang/4.3/bbwin/trunk/Credits.txt}{section.1.30}
\BOOKMARK [0][-]{chapter.2}{User FAQ}{}
\BOOKMARK [1][-]{section.2.1}{Erasing local history}{chapter.2}
\BOOKMARK [2][-]{subsection.2.1.1}{The accidental commit}{section.2.1}
\BOOKMARK [2][-]{subsection.2.1.2}{Rolling back a transaction}{section.2.1}
\BOOKMARK [2][-]{subsection.2.1.3}{The erroneous pull}{section.2.1}
\BOOKMARK [2][-]{subsection.2.1.4}{Rolling back is useless once you've pushed}{section.2.1}
\BOOKMARK [2][-]{subsection.2.1.5}{You can only roll back once}{section.2.1}
\BOOKMARK [1][-]{section.2.2}{Reverting the mistaken change}{chapter.2}
\BOOKMARK [2][-]{subsection.2.2.1}{File management errors}{section.2.2}
\BOOKMARK [1][-]{section.2.3}{Dealing with committed changes}{chapter.2}
\BOOKMARK [2][-]{subsection.2.3.1}{Backing out a changeset}{section.2.3}
\BOOKMARK [2][-]{subsection.2.3.2}{Backing out the tip changeset}{section.2.3}
\BOOKMARK [2][-]{subsection.2.3.3}{Backing out a non-tip change}{section.2.3}
\BOOKMARK [2][-]{subsection.2.3.4}{Gaining more control of the backout process}{section.2.3}
\BOOKMARK [2][-]{subsection.2.3.5}{Why ``hg backout'' works as it does}{section.2.3}
\BOOKMARK [1][-]{section.2.4}{Changes that should never have been}{chapter.2}
\BOOKMARK [2][-]{subsection.2.4.1}{Protect yourself from ``escaped'' changes}{section.2.4}
\BOOKMARK [1][-]{section.2.5}{Finding the source of a bug}{chapter.2}
\BOOKMARK [2][-]{subsection.2.5.1}{Using the ``hg bisect'' command}{section.2.5}
\BOOKMARK [2][-]{subsection.2.5.2}{Cleaning up after your search}{section.2.5}
\BOOKMARK [1][-]{section.2.6}{Tips for finding bugs effectively}{chapter.2}
\BOOKMARK [2][-]{subsection.2.6.1}{Give consistent input}{section.2.6}
\BOOKMARK [2][-]{subsection.2.6.2}{Automate as much as possible}{section.2.6}
\BOOKMARK [2][-]{subsection.2.6.3}{Check your results}{section.2.6}
\BOOKMARK [2][-]{subsection.2.6.4}{Beware interference between bugs}{section.2.6}
\BOOKMARK [2][-]{subsection.2.6.5}{Bracket your search lazily}{section.2.6}
\BOOKMARK [0][-]{chapter.3}{Developer FAQ}{}
\BOOKMARK [1][-]{section.3.1}{Mercurial's web interface}{chapter.3}
\BOOKMARK [1][-]{section.3.2}{Collaboration models}{chapter.3}
\BOOKMARK [2][-]{subsection.3.2.1}{Factors to keep in mind}{section.3.2}
\BOOKMARK [2][-]{subsection.3.2.2}{Informal anarchy}{section.3.2}
\BOOKMARK [2][-]{subsection.3.2.3}{A single central repository}{section.3.2}
\BOOKMARK [2][-]{subsection.3.2.4}{Working with multiple branches}{section.3.2}
\BOOKMARK [2][-]{subsection.3.2.5}{Feature branches}{section.3.2}
\BOOKMARK [2][-]{subsection.3.2.6}{The release train}{section.3.2}
\BOOKMARK [2][-]{subsection.3.2.7}{The Linux kernel model}{section.3.2}
\BOOKMARK [2][-]{subsection.3.2.8}{Pull-only versus shared-push collaboration}{section.3.2}
\BOOKMARK [2][-]{subsection.3.2.9}{Where collaboration meets branch management}{section.3.2}
\BOOKMARK [1][-]{section.3.3}{The technical side of sharing}{chapter.3}
\BOOKMARK [1][-]{section.3.4}{Informal sharing with ``hg serve''}{chapter.3}
\BOOKMARK [2][-]{subsection.3.4.1}{A few things to keep in mind}{section.3.4}
\BOOKMARK [1][-]{section.3.5}{Using the Secure Shell \(ssh\) protocol}{chapter.3}
\BOOKMARK [2][-]{subsection.3.5.1}{How to read and write ssh URLs}{section.3.5}
\BOOKMARK [2][-]{subsection.3.5.2}{Finding an ssh client for your system}{section.3.5}
\BOOKMARK [2][-]{subsection.3.5.3}{Generating a key pair}{section.3.5}
\BOOKMARK [2][-]{subsection.3.5.4}{Using an authentication agent}{section.3.5}
\BOOKMARK [2][-]{subsection.3.5.5}{Configuring the server side properly}{section.3.5}
\BOOKMARK [2][-]{subsection.3.5.6}{Using compression with ssh}{section.3.5}
\BOOKMARK [1][-]{section.3.6}{Serving over HTTP using CGI}{chapter.3}
\BOOKMARK [2][-]{subsection.3.6.1}{Web server configuration checklist}{section.3.6}
\BOOKMARK [2][-]{subsection.3.6.2}{Basic CGI configuration}{section.3.6}
\BOOKMARK [2][-]{subsection.3.6.3}{Sharing multiple repositories with one CGI script}{section.3.6}
\BOOKMARK [2][-]{subsection.3.6.4}{Downloading source archives}{section.3.6}
\BOOKMARK [2][-]{subsection.3.6.5}{Web configuration options}{section.3.6}
\BOOKMARK [0][-]{chapter.4}{Administration FAQ}{}
\BOOKMARK [1][-]{section.4.1}{An overview of hooks in Mercurial}{chapter.4}
\BOOKMARK [1][-]{section.4.2}{Hooks and security}{chapter.4}
\BOOKMARK [2][-]{subsection.4.2.1}{Hooks are run with your privileges}{section.4.2}
\BOOKMARK [2][-]{subsection.4.2.2}{Hooks do not propagate}{section.4.2}
\BOOKMARK [2][-]{subsection.4.2.3}{Hooks can be overridden}{section.4.2}
\BOOKMARK [2][-]{subsection.4.2.4}{Ensuring that critical hooks are run}{section.4.2}
\BOOKMARK [1][-]{section.4.3}{Care with pretxn hooks in a shared-access repository}{chapter.4}
\BOOKMARK [2][-]{subsection.4.3.1}{The problem illustrated}{section.4.3}
\BOOKMARK [1][-]{section.4.4}{A short tutorial on using hooks}{chapter.4}
\BOOKMARK [2][-]{subsection.4.4.1}{Performing multiple actions per event}{section.4.4}
\BOOKMARK [2][-]{subsection.4.4.2}{Controlling whether an activity can proceed}{section.4.4}
\BOOKMARK [1][-]{section.4.5}{Writing your own hooks}{chapter.4}
\BOOKMARK [2][-]{subsection.4.5.1}{Choosing how your hook should run}{section.4.5}
\BOOKMARK [2][-]{subsection.4.5.2}{Hook parameters}{section.4.5}
\BOOKMARK [2][-]{subsection.4.5.3}{Hook return values and activity control}{section.4.5}
\BOOKMARK [2][-]{subsection.4.5.4}{Writing an external hook}{section.4.5}
\BOOKMARK [2][-]{subsection.4.5.5}{Telling Mercurial to use an in-process hook}{section.4.5}
\BOOKMARK [2][-]{subsection.4.5.6}{Writing an in-process hook}{section.4.5}
\BOOKMARK [1][-]{section.4.6}{Some hook examples}{chapter.4}
\BOOKMARK [2][-]{subsection.4.6.1}{Writing meaningful commit messages}{section.4.6}
\BOOKMARK [2][-]{subsection.4.6.2}{Checking for trailing whitespace}{section.4.6}
\BOOKMARK [1][-]{section.4.7}{Bundled hooks}{chapter.4}
\BOOKMARK [2][-]{subsection.4.7.1}{acl---access control for parts of a repository}{section.4.7}
\BOOKMARK [2][-]{subsection.4.7.2}{bugzilla---integration with Bugzilla}{section.4.7}
\BOOKMARK [2][-]{subsection.4.7.3}{notify---send email notifications}{section.4.7}
\BOOKMARK [1][-]{section.4.8}{Information for writers of hooks}{chapter.4}
\BOOKMARK [2][-]{subsection.4.8.1}{In-process hook execution}{section.4.8}
\BOOKMARK [2][-]{subsection.4.8.2}{External hook execution}{section.4.8}
\BOOKMARK [2][-]{subsection.4.8.3}{Finding out where changesets come from}{section.4.8}
\BOOKMARK [1][-]{section.4.9}{Hook reference}{chapter.4}
\BOOKMARK [2][-]{subsection.4.9.1}{changegroup---after remote changesets added}{section.4.9}
\BOOKMARK [2][-]{subsection.4.9.2}{commit---after a new changeset is created}{section.4.9}
\BOOKMARK [2][-]{subsection.4.9.3}{incoming---after one remote changeset is added}{section.4.9}
\BOOKMARK [2][-]{subsection.4.9.4}{outgoing---after changesets are propagated}{section.4.9}
\BOOKMARK [2][-]{subsection.4.9.5}{prechangegroup---before starting to add remote changesets}{section.4.9}
\BOOKMARK [2][-]{subsection.4.9.6}{precommit---before starting to commit a changeset}{section.4.9}
\BOOKMARK [2][-]{subsection.4.9.7}{preoutgoing---before starting to propagate changesets}{section.4.9}
\BOOKMARK [2][-]{subsection.4.9.8}{pretag---before tagging a changeset}{section.4.9}
\BOOKMARK [2][-]{subsection.4.9.9}{pretxnchangegroup---before completing addition of remote changesets}{section.4.9}
\BOOKMARK [2][-]{subsection.4.9.10}{pretxncommit---before completing commit of new changeset}{section.4.9}
\BOOKMARK [2][-]{subsection.4.9.11}{preupdate---before updating or merging working directory}{section.4.9}
\BOOKMARK [2][-]{subsection.4.9.12}{tag---after tagging a changeset}{section.4.9}
\BOOKMARK [2][-]{subsection.4.9.13}{update---after updating or merging working directory}{section.4.9}
\BOOKMARK [0][-]{chapter.5}{RRD Trending Graph FAQ}{}
\BOOKMARK [1][-]{section.5.1}{Round Robin Database\(RRD\) }{chapter.5}
\BOOKMARK [2][-]{subsection.5.1.1}{What is RRD ?}{section.5.1}
\BOOKMARK [1][-]{section.5.2}{Reading Hobbit Graphs}{chapter.5}
\BOOKMARK [1][-]{section.5.3}{Metrics Reading }{chapter.5}
\BOOKMARK [2][-]{subsection.5.3.1}{What is RRD ?}{section.5.3}
\BOOKMARK [1][-]{section.5.4}{Common template keywords}{chapter.5}
\BOOKMARK [1][-]{section.5.5}{Escape sequences}{chapter.5}
\BOOKMARK [1][-]{section.5.6}{Filtering keywords to change their results}{chapter.5}
\BOOKMARK [2][-]{subsection.5.6.1}{Combining filters}{section.5.6}
\BOOKMARK [1][-]{section.5.7}{From templates to styles}{chapter.5}
\BOOKMARK [2][-]{subsection.5.7.1}{The simplest of style files}{section.5.7}
\BOOKMARK [2][-]{subsection.5.7.2}{Style file syntax}{section.5.7}
\BOOKMARK [1][-]{section.5.8}{Style files by example}{chapter.5}
\BOOKMARK [2][-]{subsection.5.8.1}{Identifying mistakes in style files}{section.5.8}
\BOOKMARK [2][-]{subsection.5.8.2}{Uniquely identifying a repository}{section.5.8}
\BOOKMARK [2][-]{subsection.5.8.3}{Mimicking Subversion's output}{section.5.8}
\BOOKMARK [0][-]{appendix.A}{Making of this book}{}
\BOOKMARK [1][-]{section.A.1}{Where to download the book source}{appendix.A}
\BOOKMARK [1][-]{section.A.2}{On Windows}{appendix.A}
\BOOKMARK [0][-]{appendix.B}{Open Publication License}{}
\BOOKMARK [1][-]{section.B.1}{Requirements on both unmodified and modified versions}{appendix.B}
\BOOKMARK [1][-]{section.B.2}{Copyright}{appendix.B}
\BOOKMARK [1][-]{section.B.3}{Scope of license}{appendix.B}
\BOOKMARK [1][-]{section.B.4}{Requirements on modified works}{appendix.B}
\BOOKMARK [1][-]{section.B.5}{Good-practice recommendations}{appendix.B}
\BOOKMARK [1][-]{section.B.6}{License options}{appendix.B}
\BOOKMARK [0][-]{Item.31}{Bibliography}{}
\BOOKMARK [0][-]{appendix*.23}{Index}{}
