This is pdfeTeX, Version 3.141592-1.21a-2.2 (Web2C 7.5.4) (format=latex 2007.11.15)  26 APR 2008 19:37
entering extended mode
**\makeatletter\def\HCode{\futurelet\HCode\HChar}\def\HChar{\ifx"\HCode\def\HCo
de"##1"{\Link##1}\expandafter\HCode\else\expandafter\Link\fi}\def\Link#1.a.b.c.
{\g@addto@macro\@documentclasshook{\RequirePackage[#1,html]{tex4ht}}\let\HCode\
documentstyle\def\documentstyle{\let\documentstyle\HCode\expandafter\def\csname
 tex4ht\endcsname{#1,html}\def\HCode####1{\documentstyle[tex4ht,}\@ifnextchar[{
\HCode}{\documentstyle[tex4ht]}}}\makeatother\HCode bookhtml,html4-uni,.a.b.c.\
input  00book.tex
(./00book.tex (/usr/share/texmf/tex/latex/base/book.cls
Document Class: book 2004/02/16 v1.4f Standard LaTeX document class
(/usr/share/texmf/tex/latex/base/bk10.clo
File: bk10.clo 2004/02/16 v1.4f Standard LaTeX file (size option)
)
\c@part=\count79
\c@chapter=\count80
\c@section=\count81
\c@subsection=\count82
\c@subsubsection=\count83
\c@paragraph=\count84
\c@subparagraph=\count85
\c@figure=\count86
\c@table=\count87
\abovecaptionskip=\skip41
\belowcaptionskip=\skip42
\bibindent=\dimen102
) (/usr/share/texmf/tex/generic/tex4ht/tex4ht.sty
version 2006-08-18-17:08
Package: tex4ht 
--------------------------------------
--- Note --- for _ at preamble, use the command line option `early_'
--------------------------------------
--------------------------------------
--- Note --- for ^ at preamble, use the command line option `early^'
--------------------------------------
) (/usr/share/texmf/tex/generic/tex4ht/usepackage.4ht
version 2006-08-26-23:34
) (/usr/share/texmf/tex/latex/tools/enumerate.sty
Package: enumerate 1999/03/05 v3.00 enumerate extensions (DPC)
\@enLab=\toks14
) (/usr/share/texmf/tex/latex/preprint/fullpage.sty
Package: fullpage 1999/02/23 1.1 (PWD)
\FP@margin=\skip43
) (/usr/share/texmf/tex/latex/base/makeidx.sty
Package: makeidx 2000/03/29 v1.0m Standard LaTeX package
) (/usr/share/texmf/tex/latex/oberdiek/ifpdf.sty
Package: ifpdf 2001/06/14 v1.0 Providing \ifpdf (HO)
Package ifpdf Info: pdfTeX in pdf mode not detected on input line 140.
) (/usr/share/texmf/tex/latex/graphics/graphicx.sty
Package: graphicx 1999/02/16 v1.0f Enhanced LaTeX Graphics (DPC,SPQR)
(/usr/share/texmf/tex/latex/graphics/keyval.sty
Package: keyval 1999/03/16 v1.13 key=value parser (DPC)
\KV@toks@=\toks15
) (/usr/share/texmf/tex/latex/graphics/graphics.sty
Package: graphics 2001/07/07 v1.0n Standard LaTeX Graphics (DPC,SPQR)
(/usr/share/texmf/tex/latex/graphics/trig.sty
Package: trig 1999/03/16 v1.09 sin cos tan (DPC)
) (/usr/share/texmf/tex/latex/graphics/graphics.cfg
File: graphics.cfg 2005/02/03 v1.3 graphics configuration of teTeX/TeXLive
)
Package graphics Info: Driver file: dvips.def on input line 80.
(/usr/share/texmf/tex/latex/graphics/dvips.def
File: dvips.def 1999/02/16 v3.0i Driver-dependant file (DPC,SPQR)
))
\Gin@req@height=\dimen103
\Gin@req@width=\dimen104
) (/usr/share/texmf/tex/latex/pslatex/pslatex.sty
Package: pslatex 1996/07/24 v1.2 pslatex emulation (DPC)
LaTeX Font Info:    Redeclaring symbol font `operators' on input line 65.
LaTeX Font Info:    Overwriting symbol font `operators' in version `normal'
(Font)                  OT1/cmr/m/n --> OT1/ptmcm/m/n on input line 65.
LaTeX Font Info:    Overwriting symbol font `operators' in version `bold'
(Font)                  OT1/cmr/bx/n --> OT1/ptmcm/m/n on input line 65.
LaTeX Font Info:    Redeclaring symbol font `letters' on input line 66.
LaTeX Font Info:    Overwriting symbol font `letters' in version `normal'
(Font)                  OML/cmm/m/it --> OML/ptmcm/m/it on input line 66.
LaTeX Font Info:    Overwriting symbol font `letters' in version `bold'
(Font)                  OML/cmm/b/it --> OML/ptmcm/m/it on input line 66.
LaTeX Font Info:    Redeclaring symbol font `symbols' on input line 67.
LaTeX Font Info:    Overwriting symbol font `symbols' in version `normal'
(Font)                  OMS/cmsy/m/n --> OMS/pzccm/m/n on input line 67.
LaTeX Font Info:    Overwriting symbol font `symbols' in version `bold'
(Font)                  OMS/cmsy/b/n --> OMS/pzccm/m/n on input line 67.
LaTeX Font Info:    Redeclaring symbol font `largesymbols' on input line 68.
LaTeX Font Info:    Overwriting symbol font `largesymbols' in version `normal'
(Font)                  OMX/cmex/m/n --> OMX/psycm/m/n on input line 68.
LaTeX Font Info:    Overwriting symbol font `largesymbols' in version `bold'
(Font)                  OMX/cmex/m/n --> OMX/psycm/m/n on input line 68.
\symbold=\mathgroup4
\symitalic=\mathgroup5
LaTeX Font Info:    Redeclaring math alphabet \mathbf on input line 74.
LaTeX Font Info:    Overwriting math alphabet `\mathbf' in version `normal'
(Font)                  OT1/cmr/bx/n --> OT1/ptm/bx/n on input line 74.
LaTeX Font Info:    Overwriting math alphabet `\mathbf' in version `bold'
(Font)                  OT1/cmr/bx/n --> OT1/ptm/bx/n on input line 74.
LaTeX Font Info:    Redeclaring math alphabet \mathit on input line 75.
LaTeX Font Info:    Overwriting math alphabet `\mathit' in version `normal'
(Font)                  OT1/cmr/m/it --> OT1/ptm/m/it on input line 75.
LaTeX Font Info:    Overwriting math alphabet `\mathit' in version `bold'
(Font)                  OT1/cmr/bx/it --> OT1/ptm/m/it on input line 75.
) (/usr/share/texmf/tex/latex/fancyvrb/fancyvrb.sty
Package: fancyvrb 1998/07/17
Style option: `fancyvrb' v2.6, with DG/SPQR fixes <1998/07/17> (tvz)
\FV@CodeLineNo=\count88
\FV@InFile=\read1
\FV@TabBox=\box26
\c@FancyVerbLine=\count89
\FV@StepNumber=\count90
\FV@OutFile=\write3
No file fancyvrb.cfg.
) (/usr/share/texmf/tex/latex/hyperref/hyperref.sty
Package: hyperref 2003/11/30 v6.74m Hypertext links for LaTeX
\@linkdim=\dimen105
\Hy@linkcounter=\count91
\Hy@pagecounter=\count92
(/usr/share/texmf/tex/latex/hyperref/pd1enc.def
File: pd1enc.def 2003/11/30 v6.74m Hyperref: PDFDocEncoding definition (HO)
) (/usr/share/texmf/tex/latex/hyperref/hyperref.cfg
File: hyperref.cfg 2002/06/06 v1.2 hyperref configuration of TeXLive and teTeX
)
Package hyperref Info: Option `colorlinks' set `true' on input line 1830.
Package hyperref Info: Option `colorlinks' set `true' on input line 1830.
Package hyperref Info: Option `bookmarks' set `true' on input line 1830.
Package hyperref Info: Hyper figures OFF on input line 1880.
Package hyperref Info: Link nesting OFF on input line 1885.
Package hyperref Info: Hyper index ON on input line 1888.
Package hyperref Info: Plain pages ON on input line 1893.
Package hyperref Info: Backreferencing OFF on input line 1900.
Implicit mode ON; LaTeX internals redefined
Package hyperref Info: Bookmarks ON on input line 2004.
(/usr/share/texmf/tex/latex/html/url.sty
Package: url 1999/03/02  ver 1.4  Verb mode for urls, email addresses, and file
 names
)
LaTeX Info: Redefining \url on input line 2143.
\Fld@menulength=\count93
\Field@Width=\dimen106
\Fld@charsize=\dimen107
\Choice@toks=\toks16
\Field@toks=\toks17
Package hyperref Info: Hyper figures OFF on input line 2618.
Package hyperref Info: Link nesting OFF on input line 2623.
Package hyperref Info: Hyper index ON on input line 2626.
Package hyperref Info: backreferencing OFF on input line 2633.
Package hyperref Info: Link coloring ON on input line 2636.
Hyperref stopped early
)
*hyperref using driver htex4ht*
(/usr/share/texmf/tex/latex/hyperref/htex4ht.def
File: htex4ht.def 2003/11/30 v6.74m Hyperref driver for TeX4ht
hyperref tex4ht: tex4ht already loaded
)
\@input{99defs.aux}
\openout2 = `99defs.aux'.

(./99defs.tex
\notebox=\box27
)
\@indexfile=\write4
\openout4 = `hobbit-sysadmin-guide.idx'.

Writing index file hobbit-sysadmin-guide.idx
(./bookhtml.cfg (/usr/share/texmf/tex/generic/tex4ht/tex4ht.4ht
version 2006-02-22-12:25
--------------------------------------
--- Note --- for additional information, use the command line option `info'
--------------------------------------
::::::::::::::::::::::::::::::::::::::::::
 TeX4ht info is available in the log file 
::::::::::::::::::::::::::::::::::::::::::
) (/usr/share/texmf/tex/generic/tex4ht/tex4ht.sty
version 2006-08-18-17:08
(/usr/share/texmf/tex/latex/graphics/color.sty
Package: color 1999/02/16 v1.0i Standard LaTeX Color (DPC)
(/usr/share/texmf/tex/latex/graphics/color.cfg
File: color.cfg 2005/02/03 v1.3 color configuration of teTeX/TeXLive
)
Package color Info: Driver file: dvips.def on input line 125.
(/usr/share/texmf/tex/latex/graphics/dvipsnam.def
File: dvipsnam.def 1999/02/16 v3.0i Driver-dependant file (DPC,SPQR)
))
--- needs --- tex4ht hobbit-sysadmin-guide ---
\tmp:cnt=\count94
\openout15 = `hobbit-sysadmin-guide.tmp'.

(html/onepage//hobbit-sysadmin-guide.tmp)
\tmp:toks=\toks18
\tmp:dim=\skip44
(html/onepage//hobbit-sysadmin-guide.xref)
\:refout=\write5
\openout5 = `hobbit-sysadmin-guide.xref'.

(/usr/share/texmf/tex/generic/tex4ht/html4.4ht
version 2006-08-26-01:41
--------------------------------------
--- Note --- to remove the DOCTYPE declaration use the command line option `no-
DOCTYPE'
--------------------------------------
) (/usr/share/texmf/tex/generic/tex4ht/html4-math.4ht
version 2006-08-26-01:41
)
--------------------------------------
--- Note --- for marking of the base font, use the command line option `fonts+'

--------------------------------------
--------------------------------------
--- Note --- for non active _, use the command line option `no_'
--------------------------------------
--------------------------------------
--- Note --- for _ of catcode 13, use the command line option `_13'
--------------------------------------
--------------------------------------
--- Note --- for non active ^, use the command line option `no^'
--------------------------------------
--------------------------------------
--- Note --- for ^ of catcode 13, use the command line option `^13'
--------------------------------------
(/usr/share/texmf/tex/generic/tex4ht/html4.4ht
version 2006-08-26-01:41
--------------------------------------
--- Note --- for alternative charset, use the command line option `charset=...'

--------------------------------------
--------------------------------------
--- Note --- to ignore CSS font decoration, use the `NoFonts' command line opti
on
--------------------------------------
--------------------------------------
--- Note --- for jpg bitmaps of pictures, use the `jpg' command line option. (C
haracter bitmaps are controled only by `g' records of tex4ht.env and `-g' switc
hes of tex4ht.c) 
--------------------------------------
--------------------------------------
--- Note --- for gif bitmaps of pictures, use the `gif' command line option. (C
haracter bitmaps are controled only by `g' records of tex4ht.env and `-g' switc
hes of tex4ht.c) 
--------------------------------------
--------------------------------------
--- Note --- for content and toc in 2 frames, use the command line option `fram
es'
--------------------------------------
--------------------------------------
--- Note --- for content, toc, and footnotes in 3 frames, use the command line 
option `frames-fn'
--------------------------------------
--------------------------------------
--- Note --- for file extension name xht, use the command line option `xht'
--------------------------------------
TeX4ht package options: html4-uni,html,xhtml
--------------------------------------
--- Note --- for inline CSS code, use the command line option `css-in'
--------------------------------------
--------------------------------------
--- Note --- for pop ups on mouse over, use the command line option `mouseover'

--------------------------------------
--------------------------------------
--- Note --- for addressing images in a subdirectory, use the command line opti
on `imgdir:.../'
--------------------------------------
) (/usr/share/texmf/tex/generic/tex4ht/html4-math.4ht
version 2006-08-26-01:41
)
\:tokwrite=\toks19
\:tokpage=\toks20
--------------------------------------
--- Note --- for back links to toc, use the command line option `sections+'
--------------------------------------
--------------------------------------
--- Note --- for linear crosslinks of pages, use the command line option `next'

--------------------------------------
\openout15 = `hobbit-sysadmin-guide.4ct'.

\:tocout=\write6
\openout6 = `hobbit-sysadmin-guide.4tc'.

(/usr/share/texmf/tex/generic/tex4ht/html4.4ht
version 2006-08-26-01:41
) (/usr/share/texmf/tex/generic/tex4ht/html4-math.4ht
version 2006-08-26-01:41
) (/usr/share/texmf/tex/generic/tex4ht/latex.4ht
version 2006-08-26-23:34
--------------------------------------
--- Note --- for links into captions, instead of float heads, use the command l
ine option `refcaption'
--------------------------------------
(/usr/share/texmf/tex/generic/tex4ht/html4.4ht
version 2006-08-26-01:41
--------------------------------------
--- Note --- for enumerated list elements li's with value attributes, use the c
ommand line option `li-'
--------------------------------------
--------------------------------------
--- Note --- for CSS2 code, use the command line option `css2'
--------------------------------------
--------------------------------------
--- Note --- for pictorial tabular, use the command line option `pic-tabular'
--------------------------------------
--------------------------------------
--- Note --- for bitmap fbox'es, use the command line option `pic-fbox'
--------------------------------------
--------------------------------------
--- Note --- for bitmap framebox'es, use the command line option `pic-framebox'

--------------------------------------
--------------------------------------
--- Note --- for inline footnotes use command line option `fn-in'
--------------------------------------
--------------------------------------
--- Note --- for a JavaHelp output format, use the command line option `javahel
p'
--------------------------------------
--------------------------------------
--- Note --- for tracing of latex font commands, use the command line option `f
onts'
--------------------------------------
--------------------------------------
--- Note --- for width specifications of tabular p entries, use the `p-width' c
ommand line option or a configuration similar to \Configure{HColWidth}{\HCode{ 
style="width:\HColWidth"}}
--------------------------------------
) (/usr/share/texmf/tex/generic/tex4ht/html4-math.4ht
version 2006-08-26-01:41
--------------------------------------
--- Note --- for pictorial eqnarray, use the command line option `pic-eqnarray'

--------------------------------------
--------------------------------------
--- Note --- for pictorial array, use the command line option `pic-array'
--------------------------------------
--------------------------------------
--- Note --- for pictorial $...$ environments, use the command line option `pic
-m' (not recommended!!)
--------------------------------------
--------------------------------------
--- Note --- for pictorial $...$ and $$...$$ environments with latex alt, use t
he command line option `pic-m+' (not safe!!)
--------------------------------------
--------------------------------------
--- Note --- for pictorial array, use the command line option `pic-array'
--------------------------------------
)) (/usr/share/texmf/tex/generic/tex4ht/fontmath.4ht
version 2006-08-26-23:34
(/usr/share/texmf/tex/generic/tex4ht/html4.4ht
version 2006-08-26-01:41
) (/usr/share/texmf/tex/generic/tex4ht/html4-math.4ht
version 2006-08-26-01:41
)) (/usr/share/texmf/tex/generic/tex4ht/book.4ht
version 2006-08-26-23:34
(/usr/share/texmf/tex/generic/tex4ht/html4.4ht
version 2006-08-26-01:41
--------------------------------------
--- Note --- for automatic sectioning pagination, use the command line option `
1', `2', `3', '4', '5', '6', or '7'
--------------------------------------
--------------------------------------
--- Note --- for files named derived from section titles, use the command line 
option `sec-filename'
--------------------------------------
--------------------------------------
--- Note --- for i-columns index, use the command line option `index=i' (e.g., 
index=2)
--------------------------------------
) (/usr/share/texmf/tex/generic/tex4ht/html4-math.4ht
version 2006-08-26-01:41
)) (/usr/share/texmf/tex/generic/tex4ht/makeidx.4ht
version 2006-08-26-23:34
(/usr/share/texmf/tex/generic/tex4ht/html4.4ht
version 2006-08-26-01:41
) (/usr/share/texmf/tex/generic/tex4ht/html4-math.4ht
version 2006-08-26-01:41
)) (/usr/share/texmf/tex/generic/tex4ht/graphicx.4ht
version 2006-08-26-23:34
(/usr/share/texmf/tex/generic/tex4ht/html4.4ht
version 2006-08-26-01:41
) (/usr/share/texmf/tex/generic/tex4ht/html4-math.4ht
version 2006-08-26-01:41
)) (/usr/share/texmf/tex/generic/tex4ht/graphics.4ht
version 2006-08-26-23:34
(/usr/share/texmf/tex/generic/tex4ht/html4.4ht
version 2006-08-26-01:41
--------------------------------------
--- Note --- if included graphics are of degraded quality, try the command line
 options `graphics-num' or `graphics-'. The `num' should provide the density of
 pixels in the bitmaps (e.g., 110). 
--------------------------------------
--------------------------------------
--- Note --- for key dimensions try the option `Gin-dim'; for key dimensions wh
en bounding box is unavailable try `Gin-dim+'; neither is recommended
--------------------------------------
) (/usr/share/texmf/tex/generic/tex4ht/html4-math.4ht
version 2006-08-26-01:41
)) (/usr/share/texmf/tex/generic/tex4ht/dvips.4ht
version 2006-08-26-23:34
(/usr/share/texmf/tex/generic/tex4ht/html4.4ht
version 2006-08-26-01:41
) (/usr/share/texmf/tex/generic/tex4ht/html4-math.4ht
version 2006-08-26-01:41
)) (/usr/share/texmf/tex/generic/tex4ht/fancyvrb.4ht
version 2006-08-26-23:34
(/usr/share/texmf/tex/generic/tex4ht/html4.4ht
version 2006-08-26-01:41
) (/usr/share/texmf/tex/generic/tex4ht/html4-math.4ht
version 2006-08-26-01:41
)) (/usr/share/texmf/tex/generic/tex4ht/hyperref.4ht
version 2006-08-26-23:34
l.287 --- TeX4ht warning --- \href of hyperref.sty introduces the prefix `file:
' to prefix-free references. The command \hyperlinkfileprefix{...} may be used 
for changing the prefix (probably \hyperlinkfileprefix{}). ---
(/usr/share/texmf/tex/generic/tex4ht/html4.4ht
version 2006-08-26-01:41
) (/usr/share/texmf/tex/generic/tex4ht/html4-math.4ht
version 2006-08-26-01:41
)) (/usr/share/texmf/tex/generic/tex4ht/pd1enc.4ht
version 2006-08-26-23:34
(/usr/share/texmf/tex/generic/tex4ht/html4.4ht
version 2006-08-26-01:41
) (/usr/share/texmf/tex/generic/tex4ht/html4-math.4ht
version 2006-08-26-01:41
)) (/usr/share/texmf/tex/generic/tex4ht/url.4ht
version 2006-08-26-23:34
(/usr/share/texmf/tex/generic/tex4ht/html4.4ht
version 2006-08-26-01:41
--------------------------------------
--- Note --- for URL encoding within href use the command line option `url-enc'

--------------------------------------
) (/usr/share/texmf/tex/generic/tex4ht/html4-math.4ht
version 2006-08-26-01:41
)) (/usr/share/texmf/tex/generic/tex4ht/color.4ht
version 2006-08-26-23:34
(/usr/share/texmf/tex/generic/tex4ht/html4.4ht
version 2006-08-26-01:41
) (/usr/share/texmf/tex/generic/tex4ht/html4-math.4ht
version 2006-08-26-01:41
)) (/usr/share/texmf/tex/generic/tex4ht/dvipsnam.4ht
version 2006-08-26-23:34
(/usr/share/texmf/tex/latex/graphics/dvipsnam.def) (/usr/share/texmf/tex/generi
c/tex4ht/html4.4ht
version 2006-08-26-01:41
) (/usr/share/texmf/tex/generic/tex4ht/html4-math.4ht
version 2006-08-26-01:41
)) (/usr/share/texmf/tex/generic/tex4ht/html4.4ht
version 2006-08-26-01:41
) (/usr/share/texmf/tex/generic/tex4ht/html4-math.4ht
version 2006-08-26-01:41
)) (html/onepage//hobbit-sysadmin-guide.aux (html/onepage//preface.aux) (html/o
nepage//intro.aux) (html/onepage//client.aux) (html/onepage//user-guides.aux) (
html/onepage//tour-merge.aux) (html/onepage//concepts.aux) (html/onepage//daily
.aux) (html/onepage//collab.aux) (html/onepage//filenames.aux) (html/onepage//b
ranch.aux) (html/onepage//undo.aux) (html/onepage//hook.aux) (html/onepage//tem
plate.aux) (html/onepage//mq.aux) (html/onepage//mq-collab.aux) (html/onepage//
hgext.aux) (html/onepage//cmdref.aux) (html/onepage//mq-ref.aux) (html/onepage/
/bookmaking.aux) (html/onepage//license.aux))
\openout1 = `hobbit-sysadmin-guide.aux'.

LaTeX Font Info:    Checking defaults for OML/cmm/m/it on input line 16.
LaTeX Font Info:    ... okay on input line 16.
LaTeX Font Info:    Checking defaults for T1/cmr/m/n on input line 16.
LaTeX Font Info:    ... okay on input line 16.
LaTeX Font Info:    Checking defaults for OT1/cmr/m/n on input line 16.
LaTeX Font Info:    ... okay on input line 16.
LaTeX Font Info:    Checking defaults for OMS/pzccm/m/n on input line 16.
LaTeX Font Info:    Try loading font information for OMS+pzccm on input line 16
.
(/usr/share/texmf/tex/latex/psnfss/omspzccm.fd
File: omspzccm.fd 2000/01/03 Fontinst v1.801 font definitions for OMS/pzccm.
)
LaTeX Font Info:    ... okay on input line 16.
LaTeX Font Info:    Checking defaults for OMX/cmex/m/n on input line 16.
LaTeX Font Info:    ... okay on input line 16.
LaTeX Font Info:    Checking defaults for U/cmr/m/n on input line 16.
LaTeX Font Info:    ... okay on input line 16.
LaTeX Font Info:    Checking defaults for PD1/pdf/m/n on input line 16.
LaTeX Font Info:    ... okay on input line 16.
Package hyperref Info: Link coloring ON on input line 16.
LaTeX Info: Redefining \ref on input line 16.
LaTeX Info: Redefining \pageref on input line 16.
--- file hobbit-sysadmin-guide.css ---
) [1



] [2

]
LaTeX Font Info:    Try loading font information for OT1+ptmcm on input line 32
.
(/usr/share/texmf/tex/latex/psnfss/ot1ptmcm.fd
File: ot1ptmcm.fd 2000/01/03 Fontinst v1.801 font definitions for OT1/ptmcm.
)
LaTeX Font Info:    Try loading font information for OML+ptmcm on input line 32
.
(/usr/share/texmf/tex/latex/psnfss/omlptmcm.fd
File: omlptmcm.fd 2000/01/03 Fontinst v1.801 font definitions for OML/ptmcm.
)
LaTeX Font Info:    Try loading font information for OMX+psycm on input line 32
.
(/usr/share/texmf/tex/latex/psnfss/omxpsycm.fd
File: omxpsycm.fd 2000/01/03 Fontinst v1.801 font definitions for OMX/psycm.
)
LaTeX Font Info:    Font shape `OT1/ptm/bx/n' in size <12> not available
(Font)              Font shape `OT1/ptm/b/n' tried instead on input line 32.
LaTeX Font Info:    Font shape `OT1/ptm/bx/n' in size <9> not available
(Font)              Font shape `OT1/ptm/b/n' tried instead on input line 32.
LaTeX Font Info:    Font shape `OT1/ptm/bx/n' in size <7> not available
(Font)              Font shape `OT1/ptm/b/n' tried instead on input line 32.
LaTeX Font Info:    Font shape `OMS/ptm/m/n' in size <12> not available
(Font)              Font shape `OMS/pzccm/m/n' tried instead on input line 32.
(./build_id.tex) (./hg_id.tex) [1] [1]
LaTeX Font Info:    Font shape `OT1/ptm/bx/n' in size <24.88> not available
(Font)              Font shape `OT1/ptm/b/n' tried instead on input line 36.
(html/onepage//hobbit-sysadmin-guide.4ct [2

] [3] [4] [5] [6] [7]) [8] (html/onepage//hobbit-sysadmin-guide.4ct) [1

]
\openout2 = `preface.aux'.

(./preface.tex [2

]
LaTeX Font Info:    Font shape `OT1/ptm/bx/n' in size <14.4> not available
(Font)              Font shape `OT1/ptm/b/n' tried instead on input line 15.
---------------------------------------------------------
l.46 --- TeX4ht warning --- If not done so, the index is to be processed by 
  tex '\def\filename{{hobbit-sysadmin-guide}{idx}{4dx}{ind}} \input  idxmake.4h
t' 
  makeindex -o hobbit-sysadmin-guide.ind hobbit-sysadmin-guide.4dx 
instead of 
  makeindex -o hobbit-sysadmin-guide.ind hobbit-sysadmin-guide.idx 
On some platforms, the quotation marks ' should be 
 replaced by double quotation marks " or eliminated. 
---------------------------------------------------------  ---
LaTeX Font Info:    Font shape `OT1/ptm/bx/n' in size <10> not available
(Font)              Font shape `OT1/ptm/b/n' tried instead on input line 62.
LaTeX Font Info:    Font shape `OT1/ptm/bx/n' in size <7.4> not available
(Font)              Font shape `OT1/ptm/b/n' tried instead on input line 62.
LaTeX Font Info:    Font shape `OT1/ptm/bx/n' in size <6> not available
(Font)              Font shape `OT1/ptm/b/n' tried instead on input line 62.
) [3

] [4

]
\openout2 = `intro.aux'.

(./intro.tex [5

]
Chapter 1.
[6

] [7] [8] [9] [10] [11] [12]) [13] [14

]
\openout2 = `client.aux'.

(./client.tex [15

]
Chapter 2.
[16

] [17]
LaTeX Font Info:    Font shape `OT1/pcr/bx/n' in size <10> not available
(Font)              Font shape `OT1/pcr/b/n' tried instead on input line 162.
[18] [19] [20] [21

]
l.210 --- TeX4ht warning --- Cannot determine size of graphic in feature-branch
es.png (no BoundingBox) ---
l. 210 --- needs --- feature-branches.png ---
[22

] [23

] [24] [25]

LaTeX Warning: Citation `web:putty' on page 26 undefined on input line 462.

[26]
! Too many }'s.
\end ...e \@ignorefalse \ignorespaces \fi \egroup 
                                                  
l.481 \end{note}
                
You've closed more groups than you opened.
Such booboos are generally harmless, so keep going.

[27] [28] [29]
! Too many }'s.
\end ...e \@ignorefalse \ignorespaces \fi \egroup 
                                                  
l.702 \end{note}
                
You've closed more groups than you opened.
Such booboos are generally harmless, so keep going.

[30] [31] [32]

LaTeX Warning: Citation `web:configparser' on page 33 undefined on input line 9
08.

[33]
! Too many }'s.
\end ...e \@ignorefalse \ignorespaces \fi \egroup 
                                                  
l.975 \end{note}
                
You've closed more groups than you opened.
Such booboos are generally harmless, so keep going.

[34] [35]) [36] [37] [38

]
\openout2 = `user-guides.aux'.

(./user-guides.tex [39

]
Chapter 3.
[40

]

LaTeX Warning: Citation `web:macpython' on page 41 undefined on input line 66.

! Too many }'s.
\end ...e \@ignorefalse \ignorespaces \fi \egroup 
                                                  
l.80 \end{note}
               
You've closed more groups than you opened.
Such booboos are generally harmless, so keep going.

[41] [42] [43] [44] [45] [46

]
l.197 --- TeX4ht warning --- Cannot determine size of graphic in tour-history.p
ng (no BoundingBox) ---
l. 197 --- needs --- tour-history.png ---
[47

] [48

] [49]
LaTeX Font Info:    Try loading font information for OMS+pcr on input line 269.

(/usr/share/texmf/tex/latex/psnfss/omspcr.fd
File: omspcr.fd 
)
LaTeX Font Info:    Font shape `OMS/pcr/m/n' in size <10> not available
(Font)              Font shape `OMS/cmsy/m/n' tried instead on input line 269.
[50]

LaTeX Font Warning: Font shape `OMS/pcr/bx/n' undefined
(Font)              using `OMS/pcr/m/n' instead
(Font)              for symbol `textbackslash' on input line 331.

LaTeX Font Info:    Font shape `OMS/pcr/bx/n' in size <10> not available
(Font)              Font shape `OMS/cmsy/m/n' tried instead on input line 331.
[51] [52]
! Too many }'s.
\end ...e \@ignorefalse \ignorespaces \fi \egroup 
                                                  
l.430 \end{note}
                
You've closed more groups than you opened.
Such booboos are generally harmless, so keep going.

[53]
LaTeX Font Info:    Font shape `OT1/pcr/m/it' in size <10> not available
(Font)              Font shape `OT1/pcr/m/sl' tried instead on input line 445.
[54] [55] [56] [57] [58] [59]) [60] [61

]
\openout2 = `tour-merge.aux'.

(./tour-merge.tex [62

]
Chapter 4.
[63

] [64] [65

]
l.36 --- TeX4ht warning --- Cannot determine size of graphic in tour-merge-sep-
repos.png (no BoundingBox) ---
l. 36 --- needs --- tour-merge-sep-repos.png ---
[66

] [67

] [68

]
l.56 --- TeX4ht warning --- Cannot determine size of graphic in tour-merge-pull
.png (no BoundingBox) ---
l. 56 --- needs --- tour-merge-pull.png ---
[69

] [70

] [71

]
l.87 --- TeX4ht warning --- Cannot determine size of graphic in tour-merge-merg
e.png (no BoundingBox) ---
l. 87 --- needs --- tour-merge-merge.png ---
[72

] [73

] [74] [75

]
l.123 --- TeX4ht warning --- Cannot determine size of graphic in tour-merge-con
flict.png (no BoundingBox) ---
l. 123 --- needs --- tour-merge-conflict.png ---
[76

] [77

] [78

]
l.177 --- TeX4ht warning --- Cannot determine size of graphic in kdiff3.png (no
 BoundingBox) ---
l. 177 --- needs --- kdiff3.png ---
[79

] [80

] [81] [82]) [83] [84

]
\openout2 = `concepts.aux'.

(./concepts.tex [85

]
Chapter 5.
[86

] [87

]
l.41 --- TeX4ht warning --- Cannot determine size of graphic in filelog.png (no
 BoundingBox) ---
l. 41 --- needs --- filelog.png ---
[88

] [89

] [90

]
l.79 --- TeX4ht warning --- Cannot determine size of graphic in metadata.png (n
o BoundingBox) ---
l. 79 --- needs --- metadata.png ---
[91

] [92

] [93

]
l.146 --- TeX4ht warning --- Cannot determine size of graphic in snapshot.png (
no BoundingBox) ---
l. 146 --- needs --- snapshot.png ---
[94

] [95

] [96] [97

]
l.232 --- TeX4ht warning --- Cannot determine size of graphic in revlog.png (no
 BoundingBox) ---
l. 232 --- needs --- revlog.png ---
[98

] [99

] [100

]
l.273 --- TeX4ht warning --- Cannot determine size of graphic in wdir.png (no B
oundingBox) ---
l. 273 --- needs --- wdir.png ---
[101

] [102

] [103

]
l.285 --- TeX4ht warning --- Cannot determine size of graphic in wdir-after-com
mit.png (no BoundingBox) ---
l. 285 --- needs --- wdir-after-commit.png ---
[104

] [105

] [106

]
l.318 --- TeX4ht warning --- Cannot determine size of graphic in wdir-pre-branc
h.png (no BoundingBox) ---
l. 318 --- needs --- wdir-pre-branch.png ---
[107

] [108

] [109

]
l.334 --- TeX4ht warning --- Cannot determine size of graphic in wdir-branch.pn
g (no BoundingBox) ---
l. 334 --- needs --- wdir-branch.png ---
[110

]
! Too many }'s.
\end ...e \@ignorefalse \ignorespaces \fi \egroup 
                                                  
l.355 \end{note}
                
You've closed more groups than you opened.
Such booboos are generally harmless, so keep going.

[111

] [112

]
l.366 --- TeX4ht warning --- Cannot determine size of graphic in wdir-merge.png
 (no BoundingBox) ---
l. 366 --- needs --- wdir-merge.png ---
[113

] [114

] [115]) [116] [117] [118

]
\openout2 = `daily.aux'.

(./daily.tex [119

]
Chapter 6.
[120

] [121] [122

] [123

] [124

] [125] [126] [127] [128] [129] [130] [131] [132]) [133] [134

]
\openout2 = `collab.aux'.

No file collab.tex.
[135

] [136

]
\openout2 = `filenames.aux'.

(./filenames.tex [137

]
Chapter 7.
[138

] [139] [140] [141] [142] [143]
! Too many }'s.
\end ...e \@ignorefalse \ignorespaces \fi \egroup 
                                                  
l.301 \end{note}
                
You've closed more groups than you opened.
Such booboos are generally harmless, so keep going.

) [144] [145

]
\openout2 = `branch.aux'.

(./branch.tex [146

]
Chapter 8.
[147

] [148] [149] [150] [151] [152] [153] [154] [155] [156] [157] [158]) [159] [160

]
\openout2 = `undo.aux'.

(./undo.tex [161

]
Chapter 9.
[162

] [163] [164] [165] [166] [167] [168] [169

]
l.256 --- TeX4ht warning --- Cannot determine size of graphic in undo-simple.pn
g (no BoundingBox) ---
l. 256 --- needs --- undo-simple.png ---
[170

] [171

] [172

]
l.287 --- TeX4ht warning --- Cannot determine size of graphic in undo-non-tip.p
ng (no BoundingBox) ---
l. 287 --- needs --- undo-non-tip.png ---
[173

] [174

] [175] [176

]
l.333 --- TeX4ht warning --- Cannot determine size of graphic in undo-manual.pn
g (no BoundingBox) ---
l. 333 --- needs --- undo-manual.png ---
[177

] [178

] [179] [180

]
l.359 --- TeX4ht warning --- Cannot determine size of graphic in undo-manual-me
rge.png (no BoundingBox) ---
l. 359 --- needs --- undo-manual-merge.png ---
[181

] [182

] [183]
! Too many }'s.
\end ...e \@ignorefalse \ignorespaces \fi \egroup 
                                                  
l.564 \end{note}
                
You've closed more groups than you opened.
Such booboos are generally harmless, so keep going.

[184] [185] [186] [187] [188] [189]) [190] [191

]
\openout2 = `hook.aux'.

(./hook.tex [192

]
Chapter 10.
[193

]
! Too many }'s.
\end ...e \@ignorefalse \ignorespaces \fi \egroup 
                                                  
l.81 \end{note}
               
You've closed more groups than you opened.
Such booboos are generally harmless, so keep going.

[194] [195] [196] [197

] [198

] [199

] [200

] [201

] [202

] [203

] [204

] [205

] [206] [207] [208

] [209

] [210

] [211

] [212

] [213

] [214

] [215

] [216

] [217]

LaTeX Warning: Citation `web:mysql-python' on page 218 undefined on input line 
664.

[218] [219] [220] [221] [222] [223] [224] [225] [226] [227] [228] [229] [230]) 
[231] [232

]
\openout2 = `template.aux'.

(./template.tex [233

]
Chapter 11.

LaTeX Warning: Citation `web:changelog' on page 234 undefined on input line 29.


[234

] [235] [236] [237] [238

] [239

] [240

] [241] [242] [243

] [244

] [245]
! Too many }'s.
\end ...e \@ignorefalse \ignorespaces \fi \egroup 
                                                  
l.276 \end{note}
                
You've closed more groups than you opened.
Such booboos are generally harmless, so keep going.

[246

] [247] [248]
LaTeX Font Info:    Font shape `OMS/ptm/m/n' in size <10> not available
(Font)              Font shape `OMS/pzccm/m/n' tried instead on input line 423.

[249]) [250] [251

]
\openout2 = `mq.aux'.

(./mq.tex [252

]
Chapter 12.

LaTeX Warning: Citation `web:quilt' on page 253 undefined on input line 74.


LaTeX Warning: Citation `gruenbacher:2005' on page 253 undefined on input line 
75.

[253

] [254] [255] [256

] [257

] [258

] [259

] [260

] [261

] [262

] [263

] [264

] [265

] [266

] [267

] [268

] [269

]
! Too many }'s.
\end ...e \@ignorefalse \ignorespaces \fi \egroup 
                                                  
l.279 \end{note}
                
You've closed more groups than you opened.
Such booboos are generally harmless, so keep going.

[270

] [271

] [272

] [273

] [274

] [275

] [276

] [277

] [278

] [279

] [280

] [281

] [282

] [283

]
l.364 --- TeX4ht warning --- Cannot determine size of graphic in mq-stack.png (
no BoundingBox) ---
l. 364 --- needs --- mq-stack.png ---
[284

] [285

] [286

] [287

] [288

] [289

] [290

] [291

] [292

] [293

] [294

] [295]

LaTeX Warning: Citation `web:wiggle' on page 296 undefined on input line 590.


LaTeX Warning: Citation `web:mpatch' on page 296 undefined on input line 595.

[296]

LaTeX Warning: Citation `web:europython' on page 297 undefined on input line 62
1.

[297] [298] [299] [300

] [301

]
! Too many }'s.
\end ...e \@ignorefalse \ignorespaces \fi \egroup 
                                                  
l.849 \end{note}
                
You've closed more groups than you opened.
Such booboos are generally harmless, so keep going.

[302

]

LaTeX Warning: Citation `web:diffstat' on page 303 undefined on input line 891.


[303] [304

] [305

]

LaTeX Warning: Citation `web:patchutils' on page 306 undefined on input line 90
6.

[306

] [307] [308]) [309] [310

]
\openout2 = `mq-collab.aux'.

(./mq-collab.tex [311

]
Chapter 13.
[312

] [313]
! Too many }'s.
\end ...e \@ignorefalse \ignorespaces \fi \egroup 
                                                  
l.129 \end{note}
                
You've closed more groups than you opened.
Such booboos are generally harmless, so keep going.

[314] [315] [316] [317]

LaTeX Warning: Citation `web:patchutils' on page 318 undefined on input line 33
8.

[318] [319]
! Too many }'s.
\end ...e \@ignorefalse \ignorespaces \fi \egroup 
                                                  
l.384 \end{note}
                
You've closed more groups than you opened.
Such booboos are generally harmless, so keep going.

) [320] [321

]
\openout2 = `hgext.aux'.

(./hgext.tex [322

]
Chapter 14.
[323

]
! Too many }'s.
\end ...e \@ignorefalse \ignorespaces \fi \egroup 
                                                  
l.118 \end{note}
                
You've closed more groups than you opened.
Such booboos are generally harmless, so keep going.

! Too many }'s.
\end ...e \@ignorefalse \ignorespaces \fi \egroup 
                                                  
l.126 \end{note}
                
You've closed more groups than you opened.
Such booboos are generally harmless, so keep going.

[324] [325] [326] [327] [328]) [329] [330

]
\openout2 = `cmdref.aux'.

(./cmdref.tex [331

]
Appendix A.
[332

] [333] [334] [335]) [336] [337

]
\openout2 = `mq-ref.aux'.

(./mq-ref.tex [338

]
Appendix B.
[339

] [340] [341] [342] [343] [344]) [345] [346

]
\openout2 = `bookmaking.aux'.

(./bookmaking.tex [347

]
Appendix C.
) [348

] [349

]
\openout2 = `license.aux'.

(./license.tex [350

]
Appendix D.
[351

] [352]) [353]
No file hobbit-sysadmin-guide.bbl.
No file hobbit-sysadmin-guide.ind.
[354

] (html/onepage//hobbit-sysadmin-guide.aux (html/onepage//preface.aux) (html/on
epage//intro.aux) (html/onepage//client.aux) (html/onepage//user-guides.aux) (h
tml/onepage//tour-merge.aux) (html/onepage//concepts.aux) (html/onepage//daily.
aux) (html/onepage//collab.aux) (html/onepage//filenames.aux) (html/onepage//br
anch.aux) (html/onepage//undo.aux) (html/onepage//hook.aux) (html/onepage//temp
late.aux) (html/onepage//mq.aux) (html/onepage//mq-collab.aux) (html/onepage//h
gext.aux) (html/onepage//cmdref.aux) (html/onepage//mq-ref.aux) (html/onepage//
bookmaking.aux) (html/onepage//license.aux))

LaTeX Font Warning: Some font shapes were not available, defaults substituted.


LaTeX Warning: There were undefined references.

 ) 
Here is how much of TeX's memory you used:
 10804 strings out of 94501
 151119 string characters out of 1169942
 258585 words of memory out of 1000000
 13458 multiletter control sequences out of 10000+50000
 25194 words of font info for 63 fonts, out of 500000 for 2000
 580 hyphenation exceptions out of 1000
 29i,6n,31p,1848b,1290s stack positions out of 1500i,500n,5000p,200000b,5000s

Output written on html/onepage//hobbit-sysadmin-guide.dvi (365 pages, 1520280 b
ytes).
