This is pdfeTeX, Version 3.141592-1.21a-2.2 (Web2C 7.5.4) (format=latex 2007.11.15)  26 APR 2008 19:37
entering extended mode
**\makeatletter\def\HCode{\futurelet\HCode\HChar}\def\HChar{\ifx"\HCode\def\HCo
de"##1"{\Link##1}\expandafter\HCode\else\expandafter\Link\fi}\def\Link#1.a.b.c.
{\g@addto@macro\@documentclasshook{\RequirePackage[#1,html]{tex4ht}}\let\HCode\
documentstyle\def\documentstyle{\let\documentstyle\HCode\expandafter\def\csname
 tex4ht\endcsname{#1,html}\def\HCode####1{\documentstyle[tex4ht,}\@ifnextchar[{
\HCode}{\documentstyle[tex4ht]}}}\makeatother\HCode bookhtml,html4-uni,2.a.b.c.
\input  00book.tex
(./00book.tex (/usr/share/texmf/tex/latex/base/book.cls
Document Class: book 2004/02/16 v1.4f Standard LaTeX document class
(/usr/share/texmf/tex/latex/base/bk10.clo
File: bk10.clo 2004/02/16 v1.4f Standard LaTeX file (size option)
)
\c@part=\count79
\c@chapter=\count80
\c@section=\count81
\c@subsection=\count82
\c@subsubsection=\count83
\c@paragraph=\count84
\c@subparagraph=\count85
\c@figure=\count86
\c@table=\count87
\abovecaptionskip=\skip41
\belowcaptionskip=\skip42
\bibindent=\dimen102
) (/usr/share/texmf/tex/generic/tex4ht/tex4ht.sty
version 2006-08-18-17:08
Package: tex4ht 
--------------------------------------
--- Note --- for _ at preamble, use the command line option `early_'
--------------------------------------
--------------------------------------
--- Note --- for ^ at preamble, use the command line option `early^'
--------------------------------------
) (/usr/share/texmf/tex/generic/tex4ht/usepackage.4ht
version 2006-08-26-23:34
) (/usr/share/texmf/tex/latex/tools/enumerate.sty
Package: enumerate 1999/03/05 v3.00 enumerate extensions (DPC)
\@enLab=\toks14
) (/usr/share/texmf/tex/latex/preprint/fullpage.sty
Package: fullpage 1999/02/23 1.1 (PWD)
\FP@margin=\skip43
) (/usr/share/texmf/tex/latex/base/makeidx.sty
Package: makeidx 2000/03/29 v1.0m Standard LaTeX package
) (/usr/share/texmf/tex/latex/oberdiek/ifpdf.sty
Package: ifpdf 2001/06/14 v1.0 Providing \ifpdf (HO)
Package ifpdf Info: pdfTeX in pdf mode not detected on input line 140.
) (/usr/share/texmf/tex/latex/graphics/graphicx.sty
Package: graphicx 1999/02/16 v1.0f Enhanced LaTeX Graphics (DPC,SPQR)
(/usr/share/texmf/tex/latex/graphics/keyval.sty
Package: keyval 1999/03/16 v1.13 key=value parser (DPC)
\KV@toks@=\toks15
) (/usr/share/texmf/tex/latex/graphics/graphics.sty
Package: graphics 2001/07/07 v1.0n Standard LaTeX Graphics (DPC,SPQR)
(/usr/share/texmf/tex/latex/graphics/trig.sty
Package: trig 1999/03/16 v1.09 sin cos tan (DPC)
) (/usr/share/texmf/tex/latex/graphics/graphics.cfg
File: graphics.cfg 2005/02/03 v1.3 graphics configuration of teTeX/TeXLive
)
Package graphics Info: Driver file: dvips.def on input line 80.
(/usr/share/texmf/tex/latex/graphics/dvips.def
File: dvips.def 1999/02/16 v3.0i Driver-dependant file (DPC,SPQR)
))
\Gin@req@height=\dimen103
\Gin@req@width=\dimen104
) (/usr/share/texmf/tex/latex/pslatex/pslatex.sty
Package: pslatex 1996/07/24 v1.2 pslatex emulation (DPC)
LaTeX Font Info:    Redeclaring symbol font `operators' on input line 65.
LaTeX Font Info:    Overwriting symbol font `operators' in version `normal'
(Font)                  OT1/cmr/m/n --> OT1/ptmcm/m/n on input line 65.
LaTeX Font Info:    Overwriting symbol font `operators' in version `bold'
(Font)                  OT1/cmr/bx/n --> OT1/ptmcm/m/n on input line 65.
LaTeX Font Info:    Redeclaring symbol font `letters' on input line 66.
LaTeX Font Info:    Overwriting symbol font `letters' in version `normal'
(Font)                  OML/cmm/m/it --> OML/ptmcm/m/it on input line 66.
LaTeX Font Info:    Overwriting symbol font `letters' in version `bold'
(Font)                  OML/cmm/b/it --> OML/ptmcm/m/it on input line 66.
LaTeX Font Info:    Redeclaring symbol font `symbols' on input line 67.
LaTeX Font Info:    Overwriting symbol font `symbols' in version `normal'
(Font)                  OMS/cmsy/m/n --> OMS/pzccm/m/n on input line 67.
LaTeX Font Info:    Overwriting symbol font `symbols' in version `bold'
(Font)                  OMS/cmsy/b/n --> OMS/pzccm/m/n on input line 67.
LaTeX Font Info:    Redeclaring symbol font `largesymbols' on input line 68.
LaTeX Font Info:    Overwriting symbol font `largesymbols' in version `normal'
(Font)                  OMX/cmex/m/n --> OMX/psycm/m/n on input line 68.
LaTeX Font Info:    Overwriting symbol font `largesymbols' in version `bold'
(Font)                  OMX/cmex/m/n --> OMX/psycm/m/n on input line 68.
\symbold=\mathgroup4
\symitalic=\mathgroup5
LaTeX Font Info:    Redeclaring math alphabet \mathbf on input line 74.
LaTeX Font Info:    Overwriting math alphabet `\mathbf' in version `normal'
(Font)                  OT1/cmr/bx/n --> OT1/ptm/bx/n on input line 74.
LaTeX Font Info:    Overwriting math alphabet `\mathbf' in version `bold'
(Font)                  OT1/cmr/bx/n --> OT1/ptm/bx/n on input line 74.
LaTeX Font Info:    Redeclaring math alphabet \mathit on input line 75.
LaTeX Font Info:    Overwriting math alphabet `\mathit' in version `normal'
(Font)                  OT1/cmr/m/it --> OT1/ptm/m/it on input line 75.
LaTeX Font Info:    Overwriting math alphabet `\mathit' in version `bold'
(Font)                  OT1/cmr/bx/it --> OT1/ptm/m/it on input line 75.
) (/usr/share/texmf/tex/latex/fancyvrb/fancyvrb.sty
Package: fancyvrb 1998/07/17
Style option: `fancyvrb' v2.6, with DG/SPQR fixes <1998/07/17> (tvz)
\FV@CodeLineNo=\count88
\FV@InFile=\read1
\FV@TabBox=\box26
\c@FancyVerbLine=\count89
\FV@StepNumber=\count90
\FV@OutFile=\write3
No file fancyvrb.cfg.
) (/usr/share/texmf/tex/latex/hyperref/hyperref.sty
Package: hyperref 2003/11/30 v6.74m Hypertext links for LaTeX
\@linkdim=\dimen105
\Hy@linkcounter=\count91
\Hy@pagecounter=\count92
(/usr/share/texmf/tex/latex/hyperref/pd1enc.def
File: pd1enc.def 2003/11/30 v6.74m Hyperref: PDFDocEncoding definition (HO)
) (/usr/share/texmf/tex/latex/hyperref/hyperref.cfg
File: hyperref.cfg 2002/06/06 v1.2 hyperref configuration of TeXLive and teTeX
)
Package hyperref Info: Option `colorlinks' set `true' on input line 1830.
Package hyperref Info: Option `colorlinks' set `true' on input line 1830.
Package hyperref Info: Option `bookmarks' set `true' on input line 1830.
Package hyperref Info: Hyper figures OFF on input line 1880.
Package hyperref Info: Link nesting OFF on input line 1885.
Package hyperref Info: Hyper index ON on input line 1888.
Package hyperref Info: Plain pages ON on input line 1893.
Package hyperref Info: Backreferencing OFF on input line 1900.
Implicit mode ON; LaTeX internals redefined
Package hyperref Info: Bookmarks ON on input line 2004.
(/usr/share/texmf/tex/latex/html/url.sty
Package: url 1999/03/02  ver 1.4  Verb mode for urls, email addresses, and file
 names
)
LaTeX Info: Redefining \url on input line 2143.
\Fld@menulength=\count93
\Field@Width=\dimen106
\Fld@charsize=\dimen107
\Choice@toks=\toks16
\Field@toks=\toks17
Package hyperref Info: Hyper figures OFF on input line 2618.
Package hyperref Info: Link nesting OFF on input line 2623.
Package hyperref Info: Hyper index ON on input line 2626.
Package hyperref Info: backreferencing OFF on input line 2633.
Package hyperref Info: Link coloring ON on input line 2636.
Hyperref stopped early
)
*hyperref using driver htex4ht*
(/usr/share/texmf/tex/latex/hyperref/htex4ht.def
File: htex4ht.def 2003/11/30 v6.74m Hyperref driver for TeX4ht
hyperref tex4ht: tex4ht already loaded
)
\@input{99defs.aux}
\openout2 = `99defs.aux'.

(./99defs.tex
\notebox=\box27
)
\@indexfile=\write4
\openout4 = `hobbit-sysadmin-guide.idx'.

Writing index file hobbit-sysadmin-guide.idx
(./bookhtml.cfg (/usr/share/texmf/tex/generic/tex4ht/tex4ht.4ht
version 2006-02-22-12:25
--------------------------------------
--- Note --- for additional information, use the command line option `info'
--------------------------------------
::::::::::::::::::::::::::::::::::::::::::
 TeX4ht info is available in the log file 
::::::::::::::::::::::::::::::::::::::::::
) (/usr/share/texmf/tex/generic/tex4ht/tex4ht.sty
version 2006-08-18-17:08
(/usr/share/texmf/tex/latex/graphics/color.sty
Package: color 1999/02/16 v1.0i Standard LaTeX Color (DPC)
(/usr/share/texmf/tex/latex/graphics/color.cfg
File: color.cfg 2005/02/03 v1.3 color configuration of teTeX/TeXLive
)
Package color Info: Driver file: dvips.def on input line 125.
(/usr/share/texmf/tex/latex/graphics/dvipsnam.def
File: dvipsnam.def 1999/02/16 v3.0i Driver-dependant file (DPC,SPQR)
))
--- needs --- tex4ht hobbit-sysadmin-guide ---
\tmp:cnt=\count94
\openout15 = `hobbit-sysadmin-guide.tmp'.

(html/split//hobbit-sysadmin-guide.tmp)
\tmp:toks=\toks18
\tmp:dim=\skip44
(html/split//hobbit-sysadmin-guide.xref)
\:refout=\write5
\openout5 = `hobbit-sysadmin-guide.xref'.

(/usr/share/texmf/tex/generic/tex4ht/html4.4ht
version 2006-08-26-01:41
--------------------------------------
--- Note --- to remove the DOCTYPE declaration use the command line option `no-
DOCTYPE'
--------------------------------------
) (/usr/share/texmf/tex/generic/tex4ht/html4-math.4ht
version 2006-08-26-01:41
)
--------------------------------------
--- Note --- for marking of the base font, use the command line option `fonts+'

--------------------------------------
--------------------------------------
--- Note --- for non active _, use the command line option `no_'
--------------------------------------
--------------------------------------
--- Note --- for _ of catcode 13, use the command line option `_13'
--------------------------------------
--------------------------------------
--- Note --- for non active ^, use the command line option `no^'
--------------------------------------
--------------------------------------
--- Note --- for ^ of catcode 13, use the command line option `^13'
--------------------------------------
(/usr/share/texmf/tex/generic/tex4ht/html4.4ht
version 2006-08-26-01:41
--------------------------------------
--- Note --- For section filenames that reflect on their titles use the command
 line option `sec-filename'
--------------------------------------
--------------------------------------
--- Note --- for alternative charset, use the command line option `charset=...'

--------------------------------------
--------------------------------------
--- Note --- to ignore CSS font decoration, use the `NoFonts' command line opti
on
--------------------------------------
--------------------------------------
--- Note --- for jpg bitmaps of pictures, use the `jpg' command line option. (C
haracter bitmaps are controled only by `g' records of tex4ht.env and `-g' switc
hes of tex4ht.c) 
--------------------------------------
--------------------------------------
--- Note --- for gif bitmaps of pictures, use the `gif' command line option. (C
haracter bitmaps are controled only by `g' records of tex4ht.env and `-g' switc
hes of tex4ht.c) 
--------------------------------------
--------------------------------------
--- Note --- for content and toc in 2 frames, use the command line option `fram
es'
--------------------------------------
--------------------------------------
--- Note --- for content, toc, and footnotes in 3 frames, use the command line 
option `frames-fn'
--------------------------------------
--------------------------------------
--- Note --- for file extension name xht, use the command line option `xht'
--------------------------------------
TeX4ht package options: html4-uni,2,html,xhtml
--------------------------------------
--- Note --- for inline CSS code, use the command line option `css-in'
--------------------------------------
--------------------------------------
--- Note --- for pop ups on mouse over, use the command line option `mouseover'

--------------------------------------
--------------------------------------
--- Note --- for addressing images in a subdirectory, use the command line opti
on `imgdir:.../'
--------------------------------------
) (/usr/share/texmf/tex/generic/tex4ht/html4-math.4ht
version 2006-08-26-01:41
)
\:tokwrite=\toks19
\:tokpage=\toks20
--------------------------------------
--- Note --- for back links to toc, use the command line option `sections+'
--------------------------------------
--------------------------------------
--- Note --- for linear crosslinks of pages, use the command line option `next'

--------------------------------------
\openout15 = `hobbit-sysadmin-guide.4ct'.

\:tocout=\write6
\openout6 = `hobbit-sysadmin-guide.4tc'.

(/usr/share/texmf/tex/generic/tex4ht/html4.4ht
version 2006-08-26-01:41
) (/usr/share/texmf/tex/generic/tex4ht/html4-math.4ht
version 2006-08-26-01:41
) (/usr/share/texmf/tex/generic/tex4ht/latex.4ht
version 2006-08-26-23:34
--------------------------------------
--- Note --- for links into captions, instead of float heads, use the command l
ine option `refcaption'
--------------------------------------
(/usr/share/texmf/tex/generic/tex4ht/html4.4ht
version 2006-08-26-01:41
--------------------------------------
--- Note --- for enumerated list elements li's with value attributes, use the c
ommand line option `li-'
--------------------------------------
--------------------------------------
--- Note --- for CSS2 code, use the command line option `css2'
--------------------------------------
--------------------------------------
--- Note --- for pictorial tabular, use the command line option `pic-tabular'
--------------------------------------
--------------------------------------
--- Note --- for bitmap fbox'es, use the command line option `pic-fbox'
--------------------------------------
--------------------------------------
--- Note --- for bitmap framebox'es, use the command line option `pic-framebox'

--------------------------------------
--------------------------------------
--- Note --- for inline footnotes use command line option `fn-in'
--------------------------------------
--------------------------------------
--- Note --- for a JavaHelp output format, use the command line option `javahel
p'
--------------------------------------
--------------------------------------
--- Note --- for tracing of latex font commands, use the command line option `f
onts'
--------------------------------------
--------------------------------------
--- Note --- for width specifications of tabular p entries, use the `p-width' c
ommand line option or a configuration similar to \Configure{HColWidth}{\HCode{ 
style="width:\HColWidth"}}
--------------------------------------
) (/usr/share/texmf/tex/generic/tex4ht/html4-math.4ht
version 2006-08-26-01:41
--------------------------------------
--- Note --- for pictorial eqnarray, use the command line option `pic-eqnarray'

--------------------------------------
--------------------------------------
--- Note --- for pictorial array, use the command line option `pic-array'
--------------------------------------
--------------------------------------
--- Note --- for pictorial $...$ environments, use the command line option `pic
-m' (not recommended!!)
--------------------------------------
--------------------------------------
--- Note --- for pictorial $...$ and $$...$$ environments with latex alt, use t
he command line option `pic-m+' (not safe!!)
--------------------------------------
--------------------------------------
--- Note --- for pictorial array, use the command line option `pic-array'
--------------------------------------
)) (/usr/share/texmf/tex/generic/tex4ht/fontmath.4ht
version 2006-08-26-23:34
(/usr/share/texmf/tex/generic/tex4ht/html4.4ht
version 2006-08-26-01:41
) (/usr/share/texmf/tex/generic/tex4ht/html4-math.4ht
version 2006-08-26-01:41
)) (/usr/share/texmf/tex/generic/tex4ht/book.4ht
version 2006-08-26-23:34
(/usr/share/texmf/tex/generic/tex4ht/html4.4ht
version 2006-08-26-01:41
--------------------------------------
--- Note --- for tocs without * entries, use command line option `notoc*'
--------------------------------------
--------------------------------------
--- Note --- for tocs without * entries, use command line option `notoc*'
--------------------------------------
--------------------------------------
--- Note --- to eliminate mini tables of contents, use the command line option 
`nominitoc'
--------------------------------------
--------------------------------------
--- Note --- for files named derived from section titles, use the command line 
option `sec-filename'
--------------------------------------
--------------------------------------
--- Note --- for i-columns index, use the command line option `index=i' (e.g., 
index=2)
--------------------------------------
) (/usr/share/texmf/tex/generic/tex4ht/html4-math.4ht
version 2006-08-26-01:41
)) (/usr/share/texmf/tex/generic/tex4ht/makeidx.4ht
version 2006-08-26-23:34
(/usr/share/texmf/tex/generic/tex4ht/html4.4ht
version 2006-08-26-01:41
) (/usr/share/texmf/tex/generic/tex4ht/html4-math.4ht
version 2006-08-26-01:41
)) (/usr/share/texmf/tex/generic/tex4ht/graphicx.4ht
version 2006-08-26-23:34
(/usr/share/texmf/tex/generic/tex4ht/html4.4ht
version 2006-08-26-01:41
) (/usr/share/texmf/tex/generic/tex4ht/html4-math.4ht
version 2006-08-26-01:41
)) (/usr/share/texmf/tex/generic/tex4ht/graphics.4ht
version 2006-08-26-23:34
(/usr/share/texmf/tex/generic/tex4ht/html4.4ht
version 2006-08-26-01:41
--------------------------------------
--- Note --- if included graphics are of degraded quality, try the command line
 options `graphics-num' or `graphics-'. The `num' should provide the density of
 pixels in the bitmaps (e.g., 110). 
--------------------------------------
--------------------------------------
--- Note --- for key dimensions try the option `Gin-dim'; for key dimensions wh
en bounding box is unavailable try `Gin-dim+'; neither is recommended
--------------------------------------
) (/usr/share/texmf/tex/generic/tex4ht/html4-math.4ht
version 2006-08-26-01:41
)) (/usr/share/texmf/tex/generic/tex4ht/dvips.4ht
version 2006-08-26-23:34
(/usr/share/texmf/tex/generic/tex4ht/html4.4ht
version 2006-08-26-01:41
) (/usr/share/texmf/tex/generic/tex4ht/html4-math.4ht
version 2006-08-26-01:41
)) (/usr/share/texmf/tex/generic/tex4ht/fancyvrb.4ht
version 2006-08-26-23:34
(/usr/share/texmf/tex/generic/tex4ht/html4.4ht
version 2006-08-26-01:41
) (/usr/share/texmf/tex/generic/tex4ht/html4-math.4ht
version 2006-08-26-01:41
)) (/usr/share/texmf/tex/generic/tex4ht/hyperref.4ht
version 2006-08-26-23:34
l.287 --- TeX4ht warning --- \href of hyperref.sty introduces the prefix `file:
' to prefix-free references. The command \hyperlinkfileprefix{...} may be used 
for changing the prefix (probably \hyperlinkfileprefix{}). ---
(/usr/share/texmf/tex/generic/tex4ht/html4.4ht
version 2006-08-26-01:41
) (/usr/share/texmf/tex/generic/tex4ht/html4-math.4ht
version 2006-08-26-01:41
)) (/usr/share/texmf/tex/generic/tex4ht/pd1enc.4ht
version 2006-08-26-23:34
(/usr/share/texmf/tex/generic/tex4ht/html4.4ht
version 2006-08-26-01:41
) (/usr/share/texmf/tex/generic/tex4ht/html4-math.4ht
version 2006-08-26-01:41
)) (/usr/share/texmf/tex/generic/tex4ht/url.4ht
version 2006-08-26-23:34
(/usr/share/texmf/tex/generic/tex4ht/html4.4ht
version 2006-08-26-01:41
--------------------------------------
--- Note --- for URL encoding within href use the command line option `url-enc'

--------------------------------------
) (/usr/share/texmf/tex/generic/tex4ht/html4-math.4ht
version 2006-08-26-01:41
)) (/usr/share/texmf/tex/generic/tex4ht/color.4ht
version 2006-08-26-23:34
(/usr/share/texmf/tex/generic/tex4ht/html4.4ht
version 2006-08-26-01:41
) (/usr/share/texmf/tex/generic/tex4ht/html4-math.4ht
version 2006-08-26-01:41
)) (/usr/share/texmf/tex/generic/tex4ht/dvipsnam.4ht
version 2006-08-26-23:34
(/usr/share/texmf/tex/latex/graphics/dvipsnam.def) (/usr/share/texmf/tex/generi
c/tex4ht/html4.4ht
version 2006-08-26-01:41
) (/usr/share/texmf/tex/generic/tex4ht/html4-math.4ht
version 2006-08-26-01:41
)) (/usr/share/texmf/tex/generic/tex4ht/html4.4ht
version 2006-08-26-01:41
) (/usr/share/texmf/tex/generic/tex4ht/html4-math.4ht
version 2006-08-26-01:41
)) (html/split//hobbit-sysadmin-guide.aux (html/split//preface.aux) (html/split
//intro.aux) (html/split//client.aux) (html/split//user-guides.aux) (html/split
//tour-merge.aux) (html/split//concepts.aux) (html/split//daily.aux) (html/spli
t//collab.aux) (html/split//filenames.aux) (html/split//branch.aux) (html/split
//undo.aux) (html/split//hook.aux) (html/split//template.aux) (html/split//mq.a
ux) (html/split//mq-collab.aux) (html/split//hgext.aux) (html/split//cmdref.aux
) (html/split//mq-ref.aux) (html/split//bookmaking.aux) (html/split//license.au
x))
\openout1 = `hobbit-sysadmin-guide.aux'.

LaTeX Font Info:    Checking defaults for OML/cmm/m/it on input line 16.
LaTeX Font Info:    ... okay on input line 16.
LaTeX Font Info:    Checking defaults for T1/cmr/m/n on input line 16.
LaTeX Font Info:    ... okay on input line 16.
LaTeX Font Info:    Checking defaults for OT1/cmr/m/n on input line 16.
LaTeX Font Info:    ... okay on input line 16.
LaTeX Font Info:    Checking defaults for OMS/pzccm/m/n on input line 16.
LaTeX Font Info:    Try loading font information for OMS+pzccm on input line 16
.
(/usr/share/texmf/tex/latex/psnfss/omspzccm.fd
File: omspzccm.fd 2000/01/03 Fontinst v1.801 font definitions for OMS/pzccm.
)
LaTeX Font Info:    ... okay on input line 16.
LaTeX Font Info:    Checking defaults for OMX/cmex/m/n on input line 16.
LaTeX Font Info:    ... okay on input line 16.
LaTeX Font Info:    Checking defaults for U/cmr/m/n on input line 16.
LaTeX Font Info:    ... okay on input line 16.
LaTeX Font Info:    Checking defaults for PD1/pdf/m/n on input line 16.
LaTeX Font Info:    ... okay on input line 16.
Package hyperref Info: Link coloring ON on input line 16.
LaTeX Info: Redefining \ref on input line 16.
LaTeX Info: Redefining \pageref on input line 16.
--- file hobbit-sysadmin-guide.css ---
) [1



] [2

]
LaTeX Font Info:    Try loading font information for OT1+ptmcm on input line 32
.
(/usr/share/texmf/tex/latex/psnfss/ot1ptmcm.fd
File: ot1ptmcm.fd 2000/01/03 Fontinst v1.801 font definitions for OT1/ptmcm.
)
LaTeX Font Info:    Try loading font information for OML+ptmcm on input line 32
.
(/usr/share/texmf/tex/latex/psnfss/omlptmcm.fd
File: omlptmcm.fd 2000/01/03 Fontinst v1.801 font definitions for OML/ptmcm.
)
LaTeX Font Info:    Try loading font information for OMX+psycm on input line 32
.
(/usr/share/texmf/tex/latex/psnfss/omxpsycm.fd
File: omxpsycm.fd 2000/01/03 Fontinst v1.801 font definitions for OMX/psycm.
)
LaTeX Font Info:    Font shape `OT1/ptm/bx/n' in size <12> not available
(Font)              Font shape `OT1/ptm/b/n' tried instead on input line 32.
LaTeX Font Info:    Font shape `OT1/ptm/bx/n' in size <9> not available
(Font)              Font shape `OT1/ptm/b/n' tried instead on input line 32.
LaTeX Font Info:    Font shape `OT1/ptm/bx/n' in size <7> not available
(Font)              Font shape `OT1/ptm/b/n' tried instead on input line 32.
LaTeX Font Info:    Font shape `OMS/ptm/m/n' in size <12> not available
(Font)              Font shape `OMS/pzccm/m/n' tried instead on input line 32.
(./build_id.tex) (./hg_id.tex) [1] [1]
LaTeX Font Info:    Font shape `OT1/ptm/bx/n' in size <24.88> not available
(Font)              Font shape `OT1/ptm/b/n' tried instead on input line 36.
(html/split//hobbit-sysadmin-guide.4ct [2

] [3])
--- file hobbit-sysadmin-guideli1.html ---
(html/split//hobbit-sysadmin-guide.4ct [4] [5] [6] [7] [8] [9] [10]) [11] [12

]
--- file hobbit-sysadmin-guideli2.html ---
(html/split//hobbit-sysadmin-guide.4ct) [1

]
\openout2 = `preface.aux'.

(./preface.tex [2

] [3

]
--- file hobbit-sysadmin-guideli3.html ---
LaTeX Font Info:    Font shape `OT1/ptm/bx/n' in size <14.4> not available
(Font)              Font shape `OT1/ptm/b/n' tried instead on input line 15.
---------------------------------------------------------
l.46 --- TeX4ht warning --- If not done so, the index is to be processed by 
  tex '\def\filename{{hobbit-sysadmin-guide}{idx}{4dx}{ind}} \input  idxmake.4h
t' 
  makeindex -o hobbit-sysadmin-guide.ind hobbit-sysadmin-guide.4dx 
instead of 
  makeindex -o hobbit-sysadmin-guide.ind hobbit-sysadmin-guide.idx 
On some platforms, the quotation marks ' should be 
 replaced by double quotation marks " or eliminated. 
---------------------------------------------------------  ---
LaTeX Font Info:    Font shape `OT1/ptm/bx/n' in size <10> not available
(Font)              Font shape `OT1/ptm/b/n' tried instead on input line 62.
LaTeX Font Info:    Font shape `OT1/ptm/bx/n' in size <7.4> not available
(Font)              Font shape `OT1/ptm/b/n' tried instead on input line 62.
LaTeX Font Info:    Font shape `OT1/ptm/bx/n' in size <6> not available
(Font)              Font shape `OT1/ptm/b/n' tried instead on input line 62.
) [4

] [5] [6

]
\openout2 = `intro.aux'.

(./intro.tex [7

] [8

]
Chapter 1.
--- file hobbit-sysadmin-guidech1.html ---
[9

] [10] [11] [12] [13] [14] [15]) [16] [17

]
\openout2 = `client.aux'.

(./client.tex [18

] [19

]
Chapter 2.
--- file hobbit-sysadmin-guidech2.html ---
[20

] [21]
LaTeX Font Info:    Font shape `OT1/pcr/bx/n' in size <10> not available
(Font)              Font shape `OT1/pcr/b/n' tried instead on input line 162.
[22] [23] [24] [25

]
l.210 --- TeX4ht warning --- Cannot determine size of graphic in feature-branch
es.png (no BoundingBox) ---
l. 210 --- needs --- feature-branches.png ---
[26

] [27

] [28] [29]

LaTeX Warning: Citation `web:putty' on page 30 undefined on input line 462.

[30]
! Too many }'s.
\end ...e \@ignorefalse \ignorespaces \fi \egroup 
                                                  
l.481 \end{note}
                
You've closed more groups than you opened.
Such booboos are generally harmless, so keep going.

[31] [32] [33]
! Too many }'s.
\end ...e \@ignorefalse \ignorespaces \fi \egroup 
                                                  
l.702 \end{note}
                
You've closed more groups than you opened.
Such booboos are generally harmless, so keep going.

[34] [35] [36]

LaTeX Warning: Citation `web:configparser' on page 37 undefined on input line 9
08.

[37]
! Too many }'s.
\end ...e \@ignorefalse \ignorespaces \fi \egroup 
                                                  
l.975 \end{note}
                
You've closed more groups than you opened.
Such booboos are generally harmless, so keep going.

[38] [39]) [40] [41] [42

]
\openout2 = `user-guides.aux'.

(./user-guides.tex [43

] [44

]
Chapter 3.
--- file hobbit-sysadmin-guidech3.html ---
[45

]

LaTeX Warning: Citation `web:macpython' on page 46 undefined on input line 66.

! Too many }'s.
\end ...e \@ignorefalse \ignorespaces \fi \egroup 
                                                  
l.80 \end{note}
               
You've closed more groups than you opened.
Such booboos are generally harmless, so keep going.

[46] [47] [48] [49] [50] [51

]
l.197 --- TeX4ht warning --- Cannot determine size of graphic in tour-history.p
ng (no BoundingBox) ---
l. 197 --- needs --- tour-history.png ---
[52

] [53

] [54]
LaTeX Font Info:    Try loading font information for OMS+pcr on input line 269.

(/usr/share/texmf/tex/latex/psnfss/omspcr.fd
File: omspcr.fd 
)
LaTeX Font Info:    Font shape `OMS/pcr/m/n' in size <10> not available
(Font)              Font shape `OMS/cmsy/m/n' tried instead on input line 269.
[55]

LaTeX Font Warning: Font shape `OMS/pcr/bx/n' undefined
(Font)              using `OMS/pcr/m/n' instead
(Font)              for symbol `textbackslash' on input line 331.

LaTeX Font Info:    Font shape `OMS/pcr/bx/n' in size <10> not available
(Font)              Font shape `OMS/cmsy/m/n' tried instead on input line 331.
[56] [57]
! Too many }'s.
\end ...e \@ignorefalse \ignorespaces \fi \egroup 
                                                  
l.430 \end{note}
                
You've closed more groups than you opened.
Such booboos are generally harmless, so keep going.

[58]
LaTeX Font Info:    Font shape `OT1/pcr/m/it' in size <10> not available
(Font)              Font shape `OT1/pcr/m/sl' tried instead on input line 445.
[59] [60] [61] [62] [63] [64]) [65] [66

]
\openout2 = `tour-merge.aux'.

(./tour-merge.tex [67

] [68

]
Chapter 4.
--- file hobbit-sysadmin-guidech4.html ---
[69

] [70] [71

]
l.36 --- TeX4ht warning --- Cannot determine size of graphic in tour-merge-sep-
repos.png (no BoundingBox) ---
l. 36 --- needs --- tour-merge-sep-repos.png ---
[72

] [73

] [74

]
l.56 --- TeX4ht warning --- Cannot determine size of graphic in tour-merge-pull
.png (no BoundingBox) ---
l. 56 --- needs --- tour-merge-pull.png ---
[75

] [76

] [77

]
l.87 --- TeX4ht warning --- Cannot determine size of graphic in tour-merge-merg
e.png (no BoundingBox) ---
l. 87 --- needs --- tour-merge-merge.png ---
[78

] [79

] [80] [81

]
l.123 --- TeX4ht warning --- Cannot determine size of graphic in tour-merge-con
flict.png (no BoundingBox) ---
l. 123 --- needs --- tour-merge-conflict.png ---
[82

] [83

] [84

]
l.177 --- TeX4ht warning --- Cannot determine size of graphic in kdiff3.png (no
 BoundingBox) ---
l. 177 --- needs --- kdiff3.png ---
[85

] [86

] [87] [88]) [89] [90

]
\openout2 = `concepts.aux'.

(./concepts.tex [91

] [92

]
Chapter 5.
--- file hobbit-sysadmin-guidech5.html ---
[93

] [94

]
l.41 --- TeX4ht warning --- Cannot determine size of graphic in filelog.png (no
 BoundingBox) ---
l. 41 --- needs --- filelog.png ---
[95

] [96

] [97

]
l.79 --- TeX4ht warning --- Cannot determine size of graphic in metadata.png (n
o BoundingBox) ---
l. 79 --- needs --- metadata.png ---
[98

] [99

] [100

]
l.146 --- TeX4ht warning --- Cannot determine size of graphic in snapshot.png (
no BoundingBox) ---
l. 146 --- needs --- snapshot.png ---
[101

] [102

] [103] [104

]
l.232 --- TeX4ht warning --- Cannot determine size of graphic in revlog.png (no
 BoundingBox) ---
l. 232 --- needs --- revlog.png ---
[105

] [106

] [107

]
l.273 --- TeX4ht warning --- Cannot determine size of graphic in wdir.png (no B
oundingBox) ---
l. 273 --- needs --- wdir.png ---
[108

] [109

] [110

]
l.285 --- TeX4ht warning --- Cannot determine size of graphic in wdir-after-com
mit.png (no BoundingBox) ---
l. 285 --- needs --- wdir-after-commit.png ---
[111

] [112

] [113

]
l.318 --- TeX4ht warning --- Cannot determine size of graphic in wdir-pre-branc
h.png (no BoundingBox) ---
l. 318 --- needs --- wdir-pre-branch.png ---
[114

] [115

] [116

]
l.334 --- TeX4ht warning --- Cannot determine size of graphic in wdir-branch.pn
g (no BoundingBox) ---
l. 334 --- needs --- wdir-branch.png ---
[117

]
! Too many }'s.
\end ...e \@ignorefalse \ignorespaces \fi \egroup 
                                                  
l.355 \end{note}
                
You've closed more groups than you opened.
Such booboos are generally harmless, so keep going.

[118

] [119

]
l.366 --- TeX4ht warning --- Cannot determine size of graphic in wdir-merge.png
 (no BoundingBox) ---
l. 366 --- needs --- wdir-merge.png ---
[120

] [121

] [122]) [123] [124] [125

]
\openout2 = `daily.aux'.

(./daily.tex [126

] [127

]
Chapter 6.
--- file hobbit-sysadmin-guidech6.html ---
[128

] [129] [130

] [131

] [132

] [133] [134] [135] [136] [137] [138] [139] [140]) [141] [142

]
\openout2 = `collab.aux'.

No file collab.tex.
[143

] [144

]
\openout2 = `filenames.aux'.

(./filenames.tex [145

] [146

]
Chapter 7.
--- file hobbit-sysadmin-guidech7.html ---
[147

] [148] [149] [150] [151] [152]
! Too many }'s.
\end ...e \@ignorefalse \ignorespaces \fi \egroup 
                                                  
l.301 \end{note}
                
You've closed more groups than you opened.
Such booboos are generally harmless, so keep going.

) [153] [154

]
\openout2 = `branch.aux'.

(./branch.tex [155

] [156

]
Chapter 8.
--- file hobbit-sysadmin-guidech8.html ---
[157

] [158] [159] [160] [161] [162] [163] [164] [165] [166] [167] [168]) [169] [170

]
\openout2 = `undo.aux'.

(./undo.tex [171

] [172

]
Chapter 9.
--- file hobbit-sysadmin-guidech9.html ---
[173

] [174] [175] [176] [177] [178] [179] [180

]
l.256 --- TeX4ht warning --- Cannot determine size of graphic in undo-simple.pn
g (no BoundingBox) ---
l. 256 --- needs --- undo-simple.png ---
[181

] [182

] [183

]
l.287 --- TeX4ht warning --- Cannot determine size of graphic in undo-non-tip.p
ng (no BoundingBox) ---
l. 287 --- needs --- undo-non-tip.png ---
[184

] [185

] [186] [187

]
l.333 --- TeX4ht warning --- Cannot determine size of graphic in undo-manual.pn
g (no BoundingBox) ---
l. 333 --- needs --- undo-manual.png ---
[188

] [189

] [190] [191

]
l.359 --- TeX4ht warning --- Cannot determine size of graphic in undo-manual-me
rge.png (no BoundingBox) ---
l. 359 --- needs --- undo-manual-merge.png ---
[192

] [193

] [194]
! Too many }'s.
\end ...e \@ignorefalse \ignorespaces \fi \egroup 
                                                  
l.564 \end{note}
                
You've closed more groups than you opened.
Such booboos are generally harmless, so keep going.

[195] [196] [197] [198] [199] [200]) [201] [202

]
\openout2 = `hook.aux'.

(./hook.tex [203

] [204

]
Chapter 10.
--- file hobbit-sysadmin-guidech10.html ---
[205

]
! Too many }'s.
\end ...e \@ignorefalse \ignorespaces \fi \egroup 
                                                  
l.81 \end{note}
               
You've closed more groups than you opened.
Such booboos are generally harmless, so keep going.

[206] [207] [208] [209

] [210

] [211

] [212

] [213

] [214

] [215

] [216

] [217

] [218] [219] [220

] [221

] [222

] [223

] [224

] [225

] [226

] [227

] [228

] [229]

LaTeX Warning: Citation `web:mysql-python' on page 230 undefined on input line 
664.

[230] [231] [232] [233] [234] [235] [236] [237] [238] [239] [240] [241] [242]) 
[243] [244

]
\openout2 = `template.aux'.

(./template.tex [245

] [246

]
Chapter 11.
--- file hobbit-sysadmin-guidech11.html ---

LaTeX Warning: Citation `web:changelog' on page 247 undefined on input line 29.


[247

] [248] [249] [250] [251

] [252

] [253

] [254] [255] [256

] [257

] [258]
! Too many }'s.
\end ...e \@ignorefalse \ignorespaces \fi \egroup 
                                                  
l.276 \end{note}
                
You've closed more groups than you opened.
Such booboos are generally harmless, so keep going.

[259

] [260] [261]
LaTeX Font Info:    Font shape `OMS/ptm/m/n' in size <10> not available
(Font)              Font shape `OMS/pzccm/m/n' tried instead on input line 423.

[262]) [263] [264

]
\openout2 = `mq.aux'.

(./mq.tex [265

] [266

]
Chapter 12.
--- file hobbit-sysadmin-guidech12.html ---

LaTeX Warning: Citation `web:quilt' on page 267 undefined on input line 74.


LaTeX Warning: Citation `gruenbacher:2005' on page 267 undefined on input line 
75.

[267

] [268] [269] [270

] [271

] [272

] [273

] [274

] [275

] [276

] [277

] [278

] [279

] [280

] [281

] [282

] [283

]
! Too many }'s.
\end ...e \@ignorefalse \ignorespaces \fi \egroup 
                                                  
l.279 \end{note}
                
You've closed more groups than you opened.
Such booboos are generally harmless, so keep going.

[284

] [285

] [286

] [287

] [288

] [289

] [290

] [291

] [292

] [293

] [294

] [295

] [296

] [297

]
l.364 --- TeX4ht warning --- Cannot determine size of graphic in mq-stack.png (
no BoundingBox) ---
l. 364 --- needs --- mq-stack.png ---
[298

] [299

] [300

] [301

] [302

] [303

] [304

] [305

] [306

] [307

] [308

] [309]

LaTeX Warning: Citation `web:wiggle' on page 310 undefined on input line 590.


LaTeX Warning: Citation `web:mpatch' on page 310 undefined on input line 595.

[310]

LaTeX Warning: Citation `web:europython' on page 311 undefined on input line 62
1.

[311] [312] [313] [314

] [315

]
! Too many }'s.
\end ...e \@ignorefalse \ignorespaces \fi \egroup 
                                                  
l.849 \end{note}
                
You've closed more groups than you opened.
Such booboos are generally harmless, so keep going.

[316

]

LaTeX Warning: Citation `web:diffstat' on page 317 undefined on input line 891.


[317] [318

] [319

]

LaTeX Warning: Citation `web:patchutils' on page 320 undefined on input line 90
6.

[320

] [321] [322]) [323] [324

]
\openout2 = `mq-collab.aux'.

(./mq-collab.tex [325

] [326

]
Chapter 13.
--- file hobbit-sysadmin-guidech13.html ---
[327

] [328]
! Too many }'s.
\end ...e \@ignorefalse \ignorespaces \fi \egroup 
                                                  
l.129 \end{note}
                
You've closed more groups than you opened.
Such booboos are generally harmless, so keep going.

[329] [330] [331] [332]

LaTeX Warning: Citation `web:patchutils' on page 333 undefined on input line 33
8.

[333] [334]
! Too many }'s.
\end ...e \@ignorefalse \ignorespaces \fi \egroup 
                                                  
l.384 \end{note}
                
You've closed more groups than you opened.
Such booboos are generally harmless, so keep going.

) [335] [336

]
\openout2 = `hgext.aux'.

(./hgext.tex [337

] [338

]
Chapter 14.
--- file hobbit-sysadmin-guidech14.html ---
[339

]
! Too many }'s.
\end ...e \@ignorefalse \ignorespaces \fi \egroup 
                                                  
l.118 \end{note}
                
You've closed more groups than you opened.
Such booboos are generally harmless, so keep going.

! Too many }'s.
\end ...e \@ignorefalse \ignorespaces \fi \egroup 
                                                  
l.126 \end{note}
                
You've closed more groups than you opened.
Such booboos are generally harmless, so keep going.

[340] [341] [342] [343] [344]) [345] [346

] [347

]
\openout2 = `cmdref.aux'.

(./cmdref.tex [348

]
Appendix A.
--- file hobbit-sysadmin-guideap1.html ---
[349

] [350] [351] [352]) [353] [354

]
\openout2 = `mq-ref.aux'.

(./mq-ref.tex [355

] [356

]
Appendix B.
--- file hobbit-sysadmin-guideap2.html ---
[357

] [358] [359] [360] [361] [362]) [363] [364

]
\openout2 = `bookmaking.aux'.

(./bookmaking.tex [365

] [366

]
Appendix C.
--- file hobbit-sysadmin-guideap3.html ---
) [367

] [368

]
\openout2 = `license.aux'.

(./license.tex [369

] [370

]
Appendix D.
--- file hobbit-sysadmin-guideap4.html ---
[371

] [372]) [373]
No file hobbit-sysadmin-guide.bbl.
No file hobbit-sysadmin-guide.ind.
[374

] [375

] (html/split//hobbit-sysadmin-guide.aux (html/split//preface.aux) (html/split/
/intro.aux) (html/split//client.aux) (html/split//user-guides.aux) (html/split/
/tour-merge.aux) (html/split//concepts.aux) (html/split//daily.aux) (html/split
//collab.aux) (html/split//filenames.aux) (html/split//branch.aux) (html/split/
/undo.aux) (html/split//hook.aux) (html/split//template.aux) (html/split//mq.au
x) (html/split//mq-collab.aux) (html/split//hgext.aux) (html/split//cmdref.aux)
(html/split//mq-ref.aux) (html/split//bookmaking.aux) (html/split//license.aux)
)

LaTeX Font Warning: Some font shapes were not available, defaults substituted.


LaTeX Warning: There were undefined references.

 ) 
Here is how much of TeX's memory you used:
 11071 strings out of 94501
 158595 string characters out of 1169942
 265239 words of memory out of 1000000
 13723 multiletter control sequences out of 10000+50000
 25194 words of font info for 63 fonts, out of 500000 for 2000
 580 hyphenation exceptions out of 1000
 29i,6n,31p,1849b,1196s stack positions out of 1500i,500n,5000p,200000b,5000s

Output written on html/split//hobbit-sysadmin-guide.dvi (390 pages, 1613592 byt
es).
