This file contains any messages produced by compilers while
running configure, to aid debugging if configure makes a mistake.

It was created by xymon configure 4.3.0, which was
generated by GNU Autoconf 2.63.  Invocation command line was

  $ ./configure 

## --------- ##
## Platform. ##
## --------- ##

hostname = f12
uname -m = i686
uname -r = 2.6.31.12-174.2.22.fc12.i686
uname -s = Linux
uname -v = #1 SMP Fri Feb 19 19:26:06 UTC 2010

/usr/bin/uname -p = unknown
/bin/uname -X     = unknown

/bin/arch              = i686
/usr/bin/arch -k       = unknown
/usr/convex/getsysinfo = unknown
/usr/bin/hostinfo      = unknown
/bin/machine           = unknown
/usr/bin/oslevel       = unknown
/bin/universe          = unknown

PATH: /usr/lib/qt-3.3/bin
PATH: /usr/local/bin
PATH: /bin
PATH: /usr/bin
PATH: /usr/local/sbin
PATH: /usr/sbin
PATH: /sbin
PATH: /home/tjyang/bin


## ----------- ##
## Core tests. ##
## ----------- ##

configure:2051: Configuring Xymon using GNU Autotool.
configure:2142: checking for a BSD-compatible install
configure:2210: result: /usr/bin/install -c
configure:2221: checking whether build environment is sane
configure:2281: result: yes
configure:2422: checking for a thread-safe mkdir -p
configure:2461: result: /bin/mkdir -p
configure:2474: checking for gawk
configure:2490: found /bin/gawk
configure:2501: result: gawk
configure:2512: checking whether make sets $(MAKE)
configure:2534: result: yes
configure:2676: checking for g++
configure:2692: found /usr/bin/g++
configure:2703: result: g++
configure:2730: checking for C++ compiler version
configure:2738: g++ --version >&5
g++ (GCC) 4.4.3 20100127 (Red Hat 4.4.3-4)
Copyright (C) 2010 Free Software Foundation, Inc.
This is free software; see the source for copying conditions.  There is NO
warranty; not even for MERCHANTABILITY or FITNESS FOR A PARTICULAR PURPOSE.

configure:2742: $? = 0
configure:2749: g++ -v >&5
Using built-in specs.
Target: i686-redhat-linux
Configured with: ../configure --prefix=/usr --mandir=/usr/share/man --infodir=/usr/share/info --with-bugurl=http://bugzilla.redhat.com/bugzilla --enable-bootstrap --enable-shared --enable-threads=posix --enable-checking=release --with-system-zlib --enable-__cxa_atexit --disable-libunwind-exceptions --enable-gnu-unique-object --enable-languages=c,c++,objc,obj-c++,java,fortran,ada --enable-java-awt=gtk --disable-dssi --enable-plugin --with-java-home=/usr/lib/jvm/java-1.5.0-gcj-1.5.0.0/jre --enable-libgcj-multifile --enable-java-maintainer-mode --with-ecj-jar=/usr/share/java/eclipse-ecj.jar --disable-libjava-multilib --with-ppl --with-cloog --with-tune=generic --with-arch=i686 --build=i686-redhat-linux
Thread model: posix
gcc version 4.4.3 20100127 (Red Hat 4.4.3-4) (GCC) 
configure:2753: $? = 0
configure:2760: g++ -V >&5
g++: '-V' option must have argument
configure:2764: $? = 1
configure:2787: checking for C++ compiler default output file name
configure:2809: g++    conftest.cpp  >&5
configure:2813: $? = 0
configure:2851: result: a.out
configure:2870: checking whether the C++ compiler works
configure:2880: ./a.out
configure:2884: $? = 0
configure:2903: result: yes
configure:2910: checking whether we are cross compiling
configure:2912: result: no
configure:2915: checking for suffix of executables
configure:2922: g++ -o conftest    conftest.cpp  >&5
configure:2926: $? = 0
configure:2952: result: 
configure:2958: checking for suffix of object files
configure:2984: g++ -c   conftest.cpp >&5
configure:2988: $? = 0
configure:3013: result: o
configure:3017: checking whether we are using the GNU C++ compiler
configure:3046: g++ -c   conftest.cpp >&5
configure:3053: $? = 0
configure:3070: result: yes
configure:3079: checking whether g++ accepts -g
configure:3109: g++ -c -g  conftest.cpp >&5
configure:3116: $? = 0
configure:3217: result: yes
configure:3251: checking for style of include used by make
configure:3279: result: GNU
configure:3304: checking dependency style of g++
configure:3414: result: gcc3
configure:3433: checking for gawk
configure:3460: result: gawk
configure:3519: checking for gcc
configure:3535: found /usr/bin/gcc
configure:3546: result: gcc
configure:3778: checking for C compiler version
configure:3786: gcc --version >&5
gcc (GCC) 4.4.3 20100127 (Red Hat 4.4.3-4)
Copyright (C) 2010 Free Software Foundation, Inc.
This is free software; see the source for copying conditions.  There is NO
warranty; not even for MERCHANTABILITY or FITNESS FOR A PARTICULAR PURPOSE.

configure:3790: $? = 0
configure:3797: gcc -v >&5
Using built-in specs.
Target: i686-redhat-linux
Configured with: ../configure --prefix=/usr --mandir=/usr/share/man --infodir=/usr/share/info --with-bugurl=http://bugzilla.redhat.com/bugzilla --enable-bootstrap --enable-shared --enable-threads=posix --enable-checking=release --with-system-zlib --enable-__cxa_atexit --disable-libunwind-exceptions --enable-gnu-unique-object --enable-languages=c,c++,objc,obj-c++,java,fortran,ada --enable-java-awt=gtk --disable-dssi --enable-plugin --with-java-home=/usr/lib/jvm/java-1.5.0-gcj-1.5.0.0/jre --enable-libgcj-multifile --enable-java-maintainer-mode --with-ecj-jar=/usr/share/java/eclipse-ecj.jar --disable-libjava-multilib --with-ppl --with-cloog --with-tune=generic --with-arch=i686 --build=i686-redhat-linux
Thread model: posix
gcc version 4.4.3 20100127 (Red Hat 4.4.3-4) (GCC) 
configure:3801: $? = 0
configure:3808: gcc -V >&5
gcc: '-V' option must have argument
configure:3812: $? = 1
configure:3815: checking whether we are using the GNU C compiler
configure:3844: gcc -c -g  conftest.c >&5
configure:3851: $? = 0
configure:3868: result: yes
configure:3877: checking whether gcc accepts -g
configure:3907: gcc -c -g  conftest.c >&5
configure:3914: $? = 0
configure:4015: result: yes
configure:4032: checking for gcc option to accept ISO C89
configure:4106: gcc  -c -g  conftest.c >&5
configure:4113: $? = 0
configure:4136: result: none needed
configure:4156: checking dependency style of gcc
configure:4266: result: gcc3
configure:4286: checking how to run the C preprocessor
configure:4326: gcc -E  conftest.c
configure:4333: $? = 0
configure:4364: gcc -E  conftest.c
conftest.c:10:28: error: ac_nonexistent.h: No such file or directory
configure:4371: $? = 1
configure: failed program was:
| /* confdefs.h.  */
| #define PACKAGE_NAME "xymon"
| #define PACKAGE_TARNAME "xymon"
| #define PACKAGE_VERSION "4.3.0"
| #define PACKAGE_STRING "xymon 4.3.0"
| #define PACKAGE_BUGREPORT "tjyang2001@gmail.com"
| #define PACKAGE "xymon"
| #define VERSION "4.3.0"
| /* end confdefs.h.  */
| #include <ac_nonexistent.h>
configure:4404: result: gcc -E
configure:4433: gcc -E  conftest.c
configure:4440: $? = 0
configure:4471: gcc -E  conftest.c
conftest.c:10:28: error: ac_nonexistent.h: No such file or directory
configure:4478: $? = 1
configure: failed program was:
| /* confdefs.h.  */
| #define PACKAGE_NAME "xymon"
| #define PACKAGE_TARNAME "xymon"
| #define PACKAGE_VERSION "4.3.0"
| #define PACKAGE_STRING "xymon 4.3.0"
| #define PACKAGE_BUGREPORT "tjyang2001@gmail.com"
| #define PACKAGE "xymon"
| #define VERSION "4.3.0"
| /* end confdefs.h.  */
| #include <ac_nonexistent.h>
configure:4531: checking for a BSD-compatible install
configure:4599: result: /usr/bin/install -c
configure:4610: checking whether ln -s works
configure:4614: result: yes
configure:4621: checking whether make sets $(MAKE)
configure:4643: result: yes
configure:4683: checking build system type
configure:4701: result: i686-pc-linux-gnu
configure:4723: checking host system type
configure:4738: result: i686-pc-linux-gnu
configure:4760: checking for a sed that does not truncate output
configure:4826: result: /bin/sed
configure:4844: checking for grep that handles long lines and -e
configure:4904: result: /bin/grep
configure:4909: checking for egrep
configure:4973: result: /bin/grep -E
configure:4978: checking for fgrep
configure:5042: result: /bin/grep -F
configure:5077: checking for ld used by gcc
configure:5144: result: /usr/bin/ld
configure:5153: checking if the linker (/usr/bin/ld) is GNU ld
configure:5168: result: yes
configure:5180: checking for BSD- or MS-compatible name lister (nm)
configure:5229: result: /usr/bin/nm -B
configure:5347: checking the name lister (/usr/bin/nm -B) interface
configure:5354: gcc -c -g  conftest.c >&5
configure:5357: /usr/bin/nm -B "conftest.o"
configure:5360: output
00000000 B some_variable
configure:5367: result: BSD nm
configure:5371: checking the maximum length of command line arguments
configure:5491: result: 1966080
configure:5508: checking whether the shell understands some XSI constructs
configure:5518: result: yes
configure:5522: checking whether the shell understands "+="
configure:5528: result: yes
configure:5563: checking for /usr/bin/ld option to reload object files
configure:5570: result: -r
configure:5639: checking for objdump
configure:5655: found /usr/bin/objdump
configure:5666: result: objdump
configure:5698: checking how to recognize dependent libraries
configure:5894: result: pass_all
configure:5954: checking for ar
configure:5970: found /usr/bin/ar
configure:5981: result: ar
configure:6059: checking for strip
configure:6075: found /usr/bin/strip
configure:6086: result: strip
configure:6158: checking for ranlib
configure:6174: found /usr/bin/ranlib
configure:6185: result: ranlib
configure:6275: checking command to parse /usr/bin/nm -B output from gcc object
configure:6393: gcc -c -g  conftest.c >&5
configure:6396: $? = 0
configure:6400: /usr/bin/nm -B conftest.o \| sed -n -e 's/^.*[	 ]\([ABCDGIRSTW][ABCDGIRSTW]*\)[	 ][	 ]*\([_A-Za-z][_A-Za-z0-9]*\)$/\1 \2 \2/p' \> conftest.nm
configure:6403: $? = 0
configure:6457: gcc -o conftest -g   conftest.c conftstm.o >&5
configure:6460: $? = 0
configure:6498: result: ok
configure:7361: checking for ANSI C header files
configure:7391: gcc -c -g  conftest.c >&5
configure:7398: $? = 0
configure:7497: gcc -o conftest -g   conftest.c  >&5
configure:7501: $? = 0
configure:7507: ./conftest
configure:7511: $? = 0
configure:7529: result: yes
configure:7553: checking for sys/types.h
configure:7574: gcc -c -g  conftest.c >&5
configure:7581: $? = 0
configure:7598: result: yes
configure:7553: checking for sys/stat.h
configure:7574: gcc -c -g  conftest.c >&5
configure:7581: $? = 0
configure:7598: result: yes
configure:7553: checking for stdlib.h
configure:7574: gcc -c -g  conftest.c >&5
configure:7581: $? = 0
configure:7598: result: yes
configure:7553: checking for string.h
configure:7574: gcc -c -g  conftest.c >&5
configure:7581: $? = 0
configure:7598: result: yes
configure:7553: checking for memory.h
configure:7574: gcc -c -g  conftest.c >&5
configure:7581: $? = 0
configure:7598: result: yes
configure:7553: checking for strings.h
configure:7574: gcc -c -g  conftest.c >&5
configure:7581: $? = 0
configure:7598: result: yes
configure:7553: checking for inttypes.h
configure:7574: gcc -c -g  conftest.c >&5
configure:7581: $? = 0
configure:7598: result: yes
configure:7553: checking for stdint.h
configure:7574: gcc -c -g  conftest.c >&5
configure:7581: $? = 0
configure:7598: result: yes
configure:7553: checking for unistd.h
configure:7574: gcc -c -g  conftest.c >&5
configure:7581: $? = 0
configure:7598: result: yes
configure:7616: checking for dlfcn.h
configure:7637: gcc -c -g  conftest.c >&5
configure:7644: $? = 0
configure:7661: result: yes
configure:7788: checking for C++ compiler version
configure:7796: g++ --version >&5
g++ (GCC) 4.4.3 20100127 (Red Hat 4.4.3-4)
Copyright (C) 2010 Free Software Foundation, Inc.
This is free software; see the source for copying conditions.  There is NO
warranty; not even for MERCHANTABILITY or FITNESS FOR A PARTICULAR PURPOSE.

configure:7800: $? = 0
configure:7807: g++ -v >&5
Using built-in specs.
Target: i686-redhat-linux
Configured with: ../configure --prefix=/usr --mandir=/usr/share/man --infodir=/usr/share/info --with-bugurl=http://bugzilla.redhat.com/bugzilla --enable-bootstrap --enable-shared --enable-threads=posix --enable-checking=release --with-system-zlib --enable-__cxa_atexit --disable-libunwind-exceptions --enable-gnu-unique-object --enable-languages=c,c++,objc,obj-c++,java,fortran,ada --enable-java-awt=gtk --disable-dssi --enable-plugin --with-java-home=/usr/lib/jvm/java-1.5.0-gcj-1.5.0.0/jre --enable-libgcj-multifile --enable-java-maintainer-mode --with-ecj-jar=/usr/share/java/eclipse-ecj.jar --disable-libjava-multilib --with-ppl --with-cloog --with-tune=generic --with-arch=i686 --build=i686-redhat-linux
Thread model: posix
gcc version 4.4.3 20100127 (Red Hat 4.4.3-4) (GCC) 
configure:7811: $? = 0
configure:7818: g++ -V >&5
g++: '-V' option must have argument
configure:7822: $? = 1
configure:7825: checking whether we are using the GNU C++ compiler
configure:7878: result: yes
configure:7887: checking whether g++ accepts -g
configure:8025: result: yes
configure:8050: checking dependency style of g++
configure:8160: result: gcc3
configure:8183: checking how to run the C++ preprocessor
configure:8219: g++ -E  conftest.cpp
configure:8226: $? = 0
configure:8257: g++ -E  conftest.cpp
conftest.cpp:21:28: error: ac_nonexistent.h: No such file or directory
configure:8264: $? = 1
configure: failed program was:
| /* confdefs.h.  */
| #define PACKAGE_NAME "xymon"
| #define PACKAGE_TARNAME "xymon"
| #define PACKAGE_VERSION "4.3.0"
| #define PACKAGE_STRING "xymon 4.3.0"
| #define PACKAGE_BUGREPORT "tjyang2001@gmail.com"
| #define PACKAGE "xymon"
| #define VERSION "4.3.0"
| #define STDC_HEADERS 1
| #define HAVE_SYS_TYPES_H 1
| #define HAVE_SYS_STAT_H 1
| #define HAVE_STDLIB_H 1
| #define HAVE_STRING_H 1
| #define HAVE_MEMORY_H 1
| #define HAVE_STRINGS_H 1
| #define HAVE_INTTYPES_H 1
| #define HAVE_STDINT_H 1
| #define HAVE_UNISTD_H 1
| #define HAVE_DLFCN_H 1
| /* end confdefs.h.  */
| #include <ac_nonexistent.h>
configure:8297: result: g++ -E
configure:8326: g++ -E  conftest.cpp
configure:8333: $? = 0
configure:8364: g++ -E  conftest.cpp
conftest.cpp:21:28: error: ac_nonexistent.h: No such file or directory
configure:8371: $? = 1
configure: failed program was:
| /* confdefs.h.  */
| #define PACKAGE_NAME "xymon"
| #define PACKAGE_TARNAME "xymon"
| #define PACKAGE_VERSION "4.3.0"
| #define PACKAGE_STRING "xymon 4.3.0"
| #define PACKAGE_BUGREPORT "tjyang2001@gmail.com"
| #define PACKAGE "xymon"
| #define VERSION "4.3.0"
| #define STDC_HEADERS 1
| #define HAVE_SYS_TYPES_H 1
| #define HAVE_SYS_STAT_H 1
| #define HAVE_STDLIB_H 1
| #define HAVE_STRING_H 1
| #define HAVE_MEMORY_H 1
| #define HAVE_STRINGS_H 1
| #define HAVE_INTTYPES_H 1
| #define HAVE_STDINT_H 1
| #define HAVE_UNISTD_H 1
| #define HAVE_DLFCN_H 1
| /* end confdefs.h.  */
| #include <ac_nonexistent.h>
configure:8585: checking for objdir
configure:8600: result: .libs

## ---------------- ##
## Cache variables. ##
## ---------------- ##

ac_cv_build=i686-pc-linux-gnu
ac_cv_c_compiler_gnu=yes
ac_cv_cxx_compiler_gnu=yes
ac_cv_env_CCC_set=
ac_cv_env_CCC_value=
ac_cv_env_CC_set=
ac_cv_env_CC_value=
ac_cv_env_CFLAGS_set=
ac_cv_env_CFLAGS_value=
ac_cv_env_CPPFLAGS_set=
ac_cv_env_CPPFLAGS_value=
ac_cv_env_CPP_set=
ac_cv_env_CPP_value=
ac_cv_env_CXXCPP_set=
ac_cv_env_CXXCPP_value=
ac_cv_env_CXXFLAGS_set=
ac_cv_env_CXXFLAGS_value=
ac_cv_env_CXX_set=
ac_cv_env_CXX_value=
ac_cv_env_LDFLAGS_set=
ac_cv_env_LDFLAGS_value=
ac_cv_env_LIBS_set=
ac_cv_env_LIBS_value=
ac_cv_env_build_alias_set=
ac_cv_env_build_alias_value=
ac_cv_env_host_alias_set=
ac_cv_env_host_alias_value=
ac_cv_env_target_alias_set=
ac_cv_env_target_alias_value=
ac_cv_header_dlfcn_h=yes
ac_cv_header_inttypes_h=yes
ac_cv_header_memory_h=yes
ac_cv_header_stdc=yes
ac_cv_header_stdint_h=yes
ac_cv_header_stdlib_h=yes
ac_cv_header_string_h=yes
ac_cv_header_strings_h=yes
ac_cv_header_sys_stat_h=yes
ac_cv_header_sys_types_h=yes
ac_cv_header_unistd_h=yes
ac_cv_host=i686-pc-linux-gnu
ac_cv_objext=o
ac_cv_path_EGREP='/bin/grep -E'
ac_cv_path_FGREP='/bin/grep -F'
ac_cv_path_GREP=/bin/grep
ac_cv_path_SED=/bin/sed
ac_cv_path_install='/usr/bin/install -c'
ac_cv_path_mkdir=/bin/mkdir
ac_cv_prog_AWK=gawk
ac_cv_prog_CPP='gcc -E'
ac_cv_prog_CXXCPP='g++ -E'
ac_cv_prog_ac_ct_AR=ar
ac_cv_prog_ac_ct_CC=gcc
ac_cv_prog_ac_ct_CXX=g++
ac_cv_prog_ac_ct_OBJDUMP=objdump
ac_cv_prog_ac_ct_RANLIB=ranlib
ac_cv_prog_ac_ct_STRIP=strip
ac_cv_prog_cc_c89=
ac_cv_prog_cc_g=yes
ac_cv_prog_cxx_g=yes
ac_cv_prog_make_make_set=yes
am_cv_CC_dependencies_compiler_type=gcc3
am_cv_CXX_dependencies_compiler_type=gcc3
lt_cv_deplibs_check_method=pass_all
lt_cv_file_magic_cmd='$MAGIC_CMD'
lt_cv_file_magic_test_file=
lt_cv_ld_reload_flag=-r
lt_cv_nm_interface='BSD nm'
lt_cv_objdir=.libs
lt_cv_path_LD=/usr/bin/ld
lt_cv_path_NM='/usr/bin/nm -B'
lt_cv_prog_gnu_ld=yes
lt_cv_sys_global_symbol_pipe='sed -n -e '\''s/^.*[	 ]\([ABCDGIRSTW][ABCDGIRSTW]*\)[	 ][	 ]*\([_A-Za-z][_A-Za-z0-9]*\)$/\1 \2 \2/p'\'''
lt_cv_sys_global_symbol_to_c_name_address='sed -n -e '\''s/^: \([^ ]*\) $/  {\"\1\", (void *) 0},/p'\'' -e '\''s/^[ABCDGIRSTW]* \([^ ]*\) \([^ ]*\)$/  {"\2", (void *) \&\2},/p'\'''
lt_cv_sys_global_symbol_to_c_name_address_lib_prefix='sed -n -e '\''s/^: \([^ ]*\) $/  {\"\1\", (void *) 0},/p'\'' -e '\''s/^[ABCDGIRSTW]* \([^ ]*\) \(lib[^ ]*\)$/  {"\2", (void *) \&\2},/p'\'' -e '\''s/^[ABCDGIRSTW]* \([^ ]*\) \([^ ]*\)$/  {"lib\2", (void *) \&\2},/p'\'''
lt_cv_sys_global_symbol_to_cdecl='sed -n -e '\''s/^T .* \(.*\)$/extern int \1();/p'\'' -e '\''s/^[ABCDGIRSTW]* .* \(.*\)$/extern char \1;/p'\'''
lt_cv_sys_max_cmd_len=1966080

## ----------------- ##
## Output variables. ##
## ----------------- ##

ACLOCAL='${SHELL} /home/tjyang/hobbitmon/sandbox/tjyang/build-aux/missing --run aclocal-1.11'
AMDEPBACKSLASH='\'
AMDEP_FALSE='#'
AMDEP_TRUE=''
AMTAR='${SHELL} /home/tjyang/hobbitmon/sandbox/tjyang/build-aux/missing --run tar'
AR='ar'
AUTOCONF='${SHELL} /home/tjyang/hobbitmon/sandbox/tjyang/build-aux/missing --run autoconf'
AUTOHEADER='${SHELL} /home/tjyang/hobbitmon/sandbox/tjyang/build-aux/missing --run autoheader'
AUTOMAKE='${SHELL} /home/tjyang/hobbitmon/sandbox/tjyang/build-aux/missing --run automake-1.11'
AWK='gawk'
CC='gcc'
CCDEPMODE='depmode=gcc3'
CFLAGS='-g'
CPP='gcc -E'
CPPFLAGS=''
CXX='g++'
CXXCPP='g++ -E'
CXXDEPMODE='depmode=gcc3'
CXXFLAGS='-g -O2'
CYGPATH_W='echo'
DEFS=''
DEPDIR='.deps'
DSYMUTIL=''
DUMPBIN=''
ECHO_C=''
ECHO_N='-n'
ECHO_T=''
EGREP='/bin/grep -E'
EXEEXT=''
FGREP='/bin/grep -F'
GREP='/bin/grep'
INSTALL_DATA='${INSTALL} -m 644'
INSTALL_PROGRAM='${INSTALL}'
INSTALL_SCRIPT='${INSTALL}'
INSTALL_STRIP_PROGRAM='$(install_sh) -c -s'
LD='/usr/bin/ld'
LDFLAGS=''
LIBOBJS=''
LIBS=''
LIBTOOL='$(SHELL) $(top_builddir)/libtool'
LIPO=''
LN_S='ln -s'
LTLIBOBJS=''
MAKEINFO='${SHELL} /home/tjyang/hobbitmon/sandbox/tjyang/build-aux/missing --run makeinfo'
MKDIR_P='/bin/mkdir -p'
NM='/usr/bin/nm -B'
NMEDIT=''
OBJDUMP='objdump'
OBJEXT='o'
OTOOL64=''
OTOOL=''
PACKAGE='xymon'
PACKAGE_BUGREPORT='tjyang2001@gmail.com'
PACKAGE_NAME='xymon'
PACKAGE_STRING='xymon 4.3.0'
PACKAGE_TARNAME='xymon'
PACKAGE_VERSION='4.3.0'
PATH_SEPARATOR=':'
POW_LIB=''
RANLIB='ranlib'
SED='/bin/sed'
SET_MAKE=''
SHELL='/bin/sh'
STRIP='strip'
VERSION='4.3.0'
ac_ct_CC='gcc'
ac_ct_CXX='g++'
ac_ct_DUMPBIN=''
am__EXEEXT_FALSE=''
am__EXEEXT_TRUE=''
am__fastdepCC_FALSE='#'
am__fastdepCC_TRUE=''
am__fastdepCXX_FALSE='#'
am__fastdepCXX_TRUE=''
am__include='include'
am__isrc=''
am__leading_dot='.'
am__quote=''
am__tar='${AMTAR} chof - "$$tardir"'
am__untar='${AMTAR} xf -'
bindir='${exec_prefix}/bin'
build='i686-pc-linux-gnu'
build_alias=''
build_cpu='i686'
build_os='linux-gnu'
build_vendor='pc'
datadir='${datarootdir}'
datarootdir='${prefix}/share'
docdir='${datarootdir}/doc/${PACKAGE_TARNAME}'
dvidir='${docdir}'
exec_prefix='NONE'
host='i686-pc-linux-gnu'
host_alias=''
host_cpu='i686'
host_os='linux-gnu'
host_vendor='pc'
htmldir='${docdir}'
includedir='${prefix}/include'
infodir='${datarootdir}/info'
install_sh='${SHELL} /home/tjyang/hobbitmon/sandbox/tjyang/build-aux/install-sh'
libdir='${exec_prefix}/lib'
libexecdir='${exec_prefix}/libexec'
localedir='${datarootdir}/locale'
localstatedir='${prefix}/var'
lt_ECHO='echo'
mandir='${datarootdir}/man'
mkdir_p='/bin/mkdir -p'
oldincludedir='/usr/include'
pdfdir='${docdir}'
prefix='NONE'
program_transform_name='s,x,x,'
psdir='${docdir}'
sbindir='${exec_prefix}/sbin'
sharedstatedir='${prefix}/com'
sysconfdir='${prefix}/etc'
target_alias=''

## ----------- ##
## confdefs.h. ##
## ----------- ##

#define PACKAGE_NAME "xymon"
#define PACKAGE_TARNAME "xymon"
#define PACKAGE_VERSION "4.3.0"
#define PACKAGE_STRING "xymon 4.3.0"
#define PACKAGE_BUGREPORT "tjyang2001@gmail.com"
#define PACKAGE "xymon"
#define VERSION "4.3.0"
#define STDC_HEADERS 1
#define HAVE_SYS_TYPES_H 1
#define HAVE_SYS_STAT_H 1
#define HAVE_STDLIB_H 1
#define HAVE_STRING_H 1
#define HAVE_MEMORY_H 1
#define HAVE_STRINGS_H 1
#define HAVE_INTTYPES_H 1
#define HAVE_STDINT_H 1
#define HAVE_UNISTD_H 1
#define HAVE_DLFCN_H 1
#define LT_OBJDIR ".libs/"

configure: exit 258
