This is pdfeTeX, Version 3.141592-1.21a-2.2 (Web2C 7.5.4) (format=pdflatex 2007.11.15)  4 AUG 2008 20:20
entering extended mode
**00book.tex
(./00book.tex
LaTeX2e <2003/12/01>
Babel <v3.8d> and hyphenation patterns for american, french, german, ngerman, b
ahasa, basque, bulgarian, catalan, croatian, czech, danish, dutch, esperanto, e
stonian, finnish, greek, icelandic, irish, italian, latin, magyar, norsk, polis
h, portuges, romanian, russian, serbian, slovak, slovene, spanish, swedish, tur
kish, ukrainian, nohyphenation, loaded.
(/usr/share/texmf/tex/latex/base/book.cls
Document Class: book 2004/02/16 v1.4f Standard LaTeX document class
(/usr/share/texmf/tex/latex/base/bk10.clo
File: bk10.clo 2004/02/16 v1.4f Standard LaTeX file (size option)
)
\c@part=\count79
\c@chapter=\count80
\c@section=\count81
\c@subsection=\count82
\c@subsubsection=\count83
\c@paragraph=\count84
\c@subparagraph=\count85
\c@figure=\count86
\c@table=\count87
\abovecaptionskip=\skip41
\belowcaptionskip=\skip42
\bibindent=\dimen102
) (/usr/share/texmf/tex/latex/tools/enumerate.sty
Package: enumerate 1999/03/05 v3.00 enumerate extensions (DPC)
\@enLab=\toks14
) (/usr/share/texmf/tex/latex/preprint/fullpage.sty
Package: fullpage 1999/02/23 1.1 (PWD)
\FP@margin=\skip43
) (/usr/share/texmf/tex/latex/base/makeidx.sty
Package: makeidx 2000/03/29 v1.0m Standard LaTeX package
) (/usr/share/texmf/tex/latex/oberdiek/ifpdf.sty
Package: ifpdf 2001/06/14 v1.0 Providing \ifpdf (HO)
Package ifpdf Info: pdfTeX in pdf mode detected on input line 140.
) (/usr/share/texmf/tex/latex/graphics/graphicx.sty
Package: graphicx 1999/02/16 v1.0f Enhanced LaTeX Graphics (DPC,SPQR)
(/usr/share/texmf/tex/latex/graphics/keyval.sty
Package: keyval 1999/03/16 v1.13 key=value parser (DPC)
\KV@toks@=\toks15
) (/usr/share/texmf/tex/latex/graphics/graphics.sty
Package: graphics 2001/07/07 v1.0n Standard LaTeX Graphics (DPC,SPQR)
(/usr/share/texmf/tex/latex/graphics/trig.sty
Package: trig 1999/03/16 v1.09 sin cos tan (DPC)
) (/usr/share/texmf/tex/latex/graphics/graphics.cfg
File: graphics.cfg 2005/02/03 v1.3 graphics configuration of teTeX/TeXLive
)
Package graphics Info: Driver file: pdftex.def on input line 80.
(/usr/share/texmf/tex/latex/graphics/pdftex.def
File: pdftex.def 2002/06/19 v0.03k graphics/color for pdftex
\Gread@gobject=\count88
))
\Gin@req@height=\dimen103
\Gin@req@width=\dimen104
) (/usr/share/texmf/tex/latex/pslatex/pslatex.sty
Package: pslatex 1996/07/24 v1.2 pslatex emulation (DPC)
LaTeX Font Info:    Redeclaring symbol font `operators' on input line 65.
LaTeX Font Info:    Overwriting symbol font `operators' in version `normal'
(Font)                  OT1/cmr/m/n --> OT1/ptmcm/m/n on input line 65.
LaTeX Font Info:    Overwriting symbol font `operators' in version `bold'
(Font)                  OT1/cmr/bx/n --> OT1/ptmcm/m/n on input line 65.
LaTeX Font Info:    Redeclaring symbol font `letters' on input line 66.
LaTeX Font Info:    Overwriting symbol font `letters' in version `normal'
(Font)                  OML/cmm/m/it --> OML/ptmcm/m/it on input line 66.
LaTeX Font Info:    Overwriting symbol font `letters' in version `bold'
(Font)                  OML/cmm/b/it --> OML/ptmcm/m/it on input line 66.
LaTeX Font Info:    Redeclaring symbol font `symbols' on input line 67.
LaTeX Font Info:    Overwriting symbol font `symbols' in version `normal'
(Font)                  OMS/cmsy/m/n --> OMS/pzccm/m/n on input line 67.
LaTeX Font Info:    Overwriting symbol font `symbols' in version `bold'
(Font)                  OMS/cmsy/b/n --> OMS/pzccm/m/n on input line 67.
LaTeX Font Info:    Redeclaring symbol font `largesymbols' on input line 68.
LaTeX Font Info:    Overwriting symbol font `largesymbols' in version `normal'
(Font)                  OMX/cmex/m/n --> OMX/psycm/m/n on input line 68.
LaTeX Font Info:    Overwriting symbol font `largesymbols' in version `bold'
(Font)                  OMX/cmex/m/n --> OMX/psycm/m/n on input line 68.
\symbold=\mathgroup4
\symitalic=\mathgroup5
LaTeX Font Info:    Redeclaring math alphabet \mathbf on input line 74.
LaTeX Font Info:    Overwriting math alphabet `\mathbf' in version `normal'
(Font)                  OT1/cmr/bx/n --> OT1/ptm/bx/n on input line 74.
LaTeX Font Info:    Overwriting math alphabet `\mathbf' in version `bold'
(Font)                  OT1/cmr/bx/n --> OT1/ptm/bx/n on input line 74.
LaTeX Font Info:    Redeclaring math alphabet \mathit on input line 75.
LaTeX Font Info:    Overwriting math alphabet `\mathit' in version `normal'
(Font)                  OT1/cmr/m/it --> OT1/ptm/m/it on input line 75.
LaTeX Font Info:    Overwriting math alphabet `\mathit' in version `bold'
(Font)                  OT1/cmr/bx/it --> OT1/ptm/m/it on input line 75.
) (/usr/share/texmf/tex/latex/fancyvrb/fancyvrb.sty
Package: fancyvrb 1998/07/17
Style option: `fancyvrb' v2.6, with DG/SPQR fixes <1998/07/17> (tvz)
\FV@CodeLineNo=\count89
\FV@InFile=\read1
\FV@TabBox=\box26
\c@FancyVerbLine=\count90
\FV@StepNumber=\count91
\FV@OutFile=\write3
No file fancyvrb.cfg.
) (/usr/share/texmf/tex/latex/hyperref/hyperref.sty
Package: hyperref 2003/11/30 v6.74m Hypertext links for LaTeX
\@linkdim=\dimen105
\Hy@linkcounter=\count92
\Hy@pagecounter=\count93
(/usr/share/texmf/tex/latex/hyperref/pd1enc.def
File: pd1enc.def 2003/11/30 v6.74m Hyperref: PDFDocEncoding definition (HO)
) (/usr/share/texmf/tex/latex/hyperref/hyperref.cfg
File: hyperref.cfg 2002/06/06 v1.2 hyperref configuration of TeXLive and teTeX
)
Package hyperref Info: Option `colorlinks' set `true' on input line 1830.
Package hyperref Info: Option `bookmarks' set `true' on input line 1830.
Package hyperref Info: Hyper figures OFF on input line 1880.
Package hyperref Info: Link nesting OFF on input line 1885.
Package hyperref Info: Hyper index ON on input line 1888.
Package hyperref Info: Plain pages ON on input line 1893.
Package hyperref Info: Backreferencing OFF on input line 1900.
Implicit mode ON; LaTeX internals redefined
Package hyperref Info: Bookmarks ON on input line 2004.
(/usr/share/texmf/tex/latex/html/url.sty
Package: url 1999/03/02  ver 1.4  Verb mode for urls, email addresses, and file
 names
)
LaTeX Info: Redefining \url on input line 2143.
\Fld@menulength=\count94
\Field@Width=\dimen106
\Fld@charsize=\dimen107
\Choice@toks=\toks16
\Field@toks=\toks17
Package hyperref Info: Hyper figures OFF on input line 2618.
Package hyperref Info: Link nesting OFF on input line 2623.
Package hyperref Info: Hyper index ON on input line 2626.
Package hyperref Info: backreferencing OFF on input line 2633.
Package hyperref Info: Link coloring ON on input line 2636.
\c@Item=\count95
\c@Hfootnote=\count96
)
*hyperref using default driver hpdftex*
(/usr/share/texmf/tex/latex/hyperref/hpdftex.def
File: hpdftex.def 2003/11/30 v6.74m Hyperref driver for pdfTeX
(/usr/share/texmf/tex/latex/psnfss/pifont.sty
Package: pifont 2004/09/15 PSNFSS-v9.2 Pi font support (SPQR) 
LaTeX Font Info:    Try loading font information for U+pzd on input line 63.
(/usr/share/texmf/tex/latex/psnfss/upzd.fd
File: upzd.fd 2001/06/04 font definitions for U/pzd.
)
LaTeX Font Info:    Try loading font information for U+psy on input line 64.
(/usr/share/texmf/tex/latex/psnfss/upsy.fd
File: upsy.fd 2001/06/04 font definitions for U/psy.
))
\Fld@listcount=\count97
\@outlinefile=\write4
)
\@input{99defs.aux}
\openout2 = `99defs.aux'.

(./99defs.tex
\notebox=\box27
)
\@indexfile=\write5
\openout5 = `hobbit-sysadmin-guide.idx'.

Writing index file hobbit-sysadmin-guide.idx
(pdf//hobbit-sysadmin-guide.aux (pdf//preface.aux) (pdf//intro.aux) (pdf//clien
t.aux) (pdf//server.aux

LaTeX Warning: Label `fig:collab:feature-branches' multiply defined.


LaTeX Warning: Label `sec:collab:serve' multiply defined.


LaTeX Warning: Label `sec:collab:ssh' multiply defined.


LaTeX Warning: Label `sec:collab:cgi' multiply defined.


LaTeX Warning: Label `sec:collab:wtf' multiply defined.

) (pdf//user-guides.aux) (pdf//tour-merge.aux) (pdf//concepts.aux) (pdf//daily.
aux) (pdf//collab.aux) (pdf//filenames.aux) (pdf//branch.aux) (pdf//undo.aux) (
pdf//hook.aux) (pdf//template.aux) (pdf//mq.aux) (pdf//mq-collab.aux) (pdf//hge
xt.aux) (pdf//cmdref.aux) (pdf//mq-ref.aux) (pdf//bookmaking.aux) (pdf//license
.aux))
\openout1 = `hobbit-sysadmin-guide.aux'.

LaTeX Font Info:    Checking defaults for OML/cmm/m/it on input line 30.
LaTeX Font Info:    ... okay on input line 30.
LaTeX Font Info:    Checking defaults for T1/cmr/m/n on input line 30.
LaTeX Font Info:    ... okay on input line 30.
LaTeX Font Info:    Checking defaults for OT1/cmr/m/n on input line 30.
LaTeX Font Info:    ... okay on input line 30.
LaTeX Font Info:    Checking defaults for OMS/pzccm/m/n on input line 30.
LaTeX Font Info:    Try loading font information for OMS+pzccm on input line 30
.
(/usr/share/texmf/tex/latex/psnfss/omspzccm.fd
File: omspzccm.fd 2000/01/03 Fontinst v1.801 font definitions for OMS/pzccm.
)
LaTeX Font Info:    ... okay on input line 30.
LaTeX Font Info:    Checking defaults for OMX/cmex/m/n on input line 30.
LaTeX Font Info:    ... okay on input line 30.
LaTeX Font Info:    Checking defaults for U/cmr/m/n on input line 30.
LaTeX Font Info:    ... okay on input line 30.
LaTeX Font Info:    Checking defaults for PD1/pdf/m/n on input line 30.
LaTeX Font Info:    ... okay on input line 30.
(/usr/share/texmf/tex/context/base/supp-pdf.tex (/usr/share/texmf/tex/context/b
ase/supp-mis.tex
loading : Context Support Macros / Miscellaneous (2004.10.26)
\protectiondepth=\count98
\scratchcounter=\count99
\scratchtoks=\toks18
\scratchdimen=\dimen108
\scratchskip=\skip44
\scratchmuskip=\muskip10
\scratchbox=\box28
\scratchread=\read2
\scratchwrite=\write6
\zeropoint=\dimen109
\onepoint=\dimen110
\onebasepoint=\dimen111
\minusone=\count100
\thousandpoint=\dimen112
\onerealpoint=\dimen113
\emptytoks=\toks19
\nextbox=\box29
\nextdepth=\dimen114
\everyline=\toks20
\!!counta=\count101
\!!countb=\count102
\recursecounter=\count103
)
loading : Context Support Macros / PDF (2004.03.26)
\nofMPsegments=\count104
\nofMParguments=\count105
\MPscratchCnt=\count106
\MPscratchDim=\dimen115
\MPnumerator=\count107
\everyMPtoPDFconversion=\toks21
) (/usr/share/texmf/tex/latex/graphics/color.sty
Package: color 1999/02/16 v1.0i Standard LaTeX Color (DPC)
LaTeX Info: Redefining \color on input line 71.
(/usr/share/texmf/tex/latex/graphics/color.cfg
File: color.cfg 2005/02/03 v1.3 color configuration of teTeX/TeXLive
)
Package color Info: Driver file: pdftex.def on input line 125.
)
Package hyperref Info: Link coloring ON on input line 30.
(/usr/share/texmf/tex/latex/hyperref/nameref.sty
Package: nameref 2003/12/03 v2.21 Cross-referencing by name of section
\c@section@level=\count108
)
LaTeX Info: Redefining \ref on input line 30.
LaTeX Info: Redefining \pageref on input line 30.
(pdf//hobbit-sysadmin-guide.out) (pdf//hobbit-sysadmin-guide.out)
\openout4 = `hobbit-sysadmin-guide.out'.

LaTeX Font Info:    Try loading font information for OT1+ptmcm on input line 33
.
(/usr/share/texmf/tex/latex/psnfss/ot1ptmcm.fd
File: ot1ptmcm.fd 2000/01/03 Fontinst v1.801 font definitions for OT1/ptmcm.
)
LaTeX Font Info:    Try loading font information for OML+ptmcm on input line 33
.
(/usr/share/texmf/tex/latex/psnfss/omlptmcm.fd
File: omlptmcm.fd 2000/01/03 Fontinst v1.801 font definitions for OML/ptmcm.
)
LaTeX Font Info:    Try loading font information for OMX+psycm on input line 33
.
(/usr/share/texmf/tex/latex/psnfss/omxpsycm.fd
File: omxpsycm.fd 2000/01/03 Fontinst v1.801 font definitions for OMX/psycm.
)
LaTeX Font Info:    Font shape `OT1/ptm/bx/n' in size <12> not available
(Font)              Font shape `OT1/ptm/b/n' tried instead on input line 33.
LaTeX Font Info:    Font shape `OT1/ptm/bx/n' in size <9> not available
(Font)              Font shape `OT1/ptm/b/n' tried instead on input line 33.
LaTeX Font Info:    Font shape `OT1/ptm/bx/n' in size <7> not available
(Font)              Font shape `OT1/ptm/b/n' tried instead on input line 33.
LaTeX Font Info:    Font shape `OMS/ptm/m/n' in size <12> not available
(Font)              Font shape `OMS/pzccm/m/n' tried instead on input line 33.
(./build_id.tex) (./hg_id.tex) [1




{/usr/share/texmf-var/fonts/map/pdftex/updmap/pdftex.map}]

Package hyperref Warning: No destination for bookmark of \addcontentsline,
(hyperref)                destination is added on input line 34.

LaTeX Font Info:    Font shape `OT1/ptm/bx/n' in size <24.88> not available
(Font)              Font shape `OT1/ptm/b/n' tried instead on input line 36.
(pdf//hobbit-sysadmin-guide.toc
LaTeX Font Info:    Font shape `OT1/ptm/bx/n' in size <10> not available
(Font)              Font shape `OT1/ptm/b/n' tried instead on input line 1.
LaTeX Font Info:    Font shape `OT1/ptm/bx/n' in size <7.4> not available
(Font)              Font shape `OT1/ptm/b/n' tried instead on input line 3.
LaTeX Font Info:    Font shape `OT1/ptm/bx/n' in size <6> not available
(Font)              Font shape `OT1/ptm/b/n' tried instead on input line 3.
! pdfTeX warning (ext4): destination with the same identifier (name{page.1}) ha
s been already used, duplicate ignored
<to be read again> 
                   \penalty 
l.40 ... and write ssh URLs}{16}{subsection.2.5.1}
                                                   [1

] [2] [3] [4] [5] [6] [7])
\tf@toc=\write7
\openout7 = `hobbit-sysadmin-guide.toc'.

[8] (pdf//hobbit-sysadmin-guide.lof [9

])
\tf@lof=\write8
\openout8 = `hobbit-sysadmin-guide.lof'.

! pdfTeX warning (ext4): destination with the same identifier (name{page.1}) ha
s been already used, duplicate ignored
<to be read again> 
                   \penalty 
l.42 \include{preface}
                       [1]
\openout2 = `preface.aux'.

(./preface.tex
LaTeX Font Info:    Font shape `OT1/ptm/bx/n' in size <14.4> not available
(Font)              Font shape `OT1/ptm/b/n' tried instead on input line 15.
)
! pdfTeX warning (ext4): destination with the same identifier (name{page.2}) ha
s been already used, duplicate ignored
<to be read again> 
                   \penalty 
l.42 \include{preface}
                       [2


]
\openout2 = `intro.aux'.

(./intro.tex
Chapter 1.
LaTeX Font Info:    Font shape `OT1/ptm/bx/n' in size <20.74> not available
(Font)              Font shape `OT1/ptm/b/n' tried instead on input line 1.
LaTeX Font Info:    Font shape `OMS/ptm/m/n' in size <10> not available
(Font)              Font shape `OMS/pzccm/m/n' tried instead on input line 27.
! pdfTeX warning (ext4): destination with the same identifier (name{page.3}) ha
s been already used, duplicate ignored
<to be read again> 
                   \penalty 
l.71 
      [3



]
! pdfTeX warning (ext4): destination with the same identifier (name{page.4}) ha
s been already used, duplicate ignored
<to be read again> 
                   \penalty 
l.150 
       [4]
! pdfTeX warning (ext4): destination with the same identifier (name{page.5}) ha
s been already used, duplicate ignored
<to be read again> 
                   \penalty 
l.243 
       [5]
! pdfTeX warning (ext4): destination with the same identifier (name{page.6}) ha
s been already used, duplicate ignored
<to be read again> 
                   \penalty 
l.320 
       [6]
! pdfTeX warning (ext4): destination with the same identifier (name{page.7}) ha
s been already used, duplicate ignored
<to be read again> 
                   \penalty 
l.408 
       [7]
! pdfTeX warning (ext4): destination with the same identifier (name{page.8}) ha
s been already used, duplicate ignored
<to be read again> 
                   \penalty 
l.500 
       [8])
! pdfTeX warning (ext4): destination with the same identifier (name{page.9}) ha
s been already used, duplicate ignored
<to be read again> 
                   \penalty 
l.43 \include{intro}
                     [9]
\openout2 = `client.aux'.

(./client.tex
Chapter 2.
[10



]
LaTeX Font Info:    Font shape `OT1/pcr/bx/n' in size <10> not available
(Font)              Font shape `OT1/pcr/b/n' tried instead on input line 147.
[11] [12] <feature-branches.png, id=2059, 522.753pt x 121.253pt>
File: feature-branches.png Graphic file (type png)
<use feature-branches.png>
Overfull \hbox (52.9967pt too wide) in paragraph at lines 195--196
 [][] 
 []

[13] [14 <./feature-branches.png>]
LaTeX Font Info:    Font shape `OT1/pcr/bx/n' in size <14.4> not available
(Font)              Font shape `OT1/pcr/b/n' tried instead on input line 314.
[15] [16] [17] [18] [19]
LaTeX Font Info:    Font shape `OT1/ptm/bx/it' in size <10> not available
(Font)              Font shape `OT1/ptm/b/it' tried instead on input line 746.
[20] [21]
Overfull \hbox (17.41096pt too wide) in paragraph at lines 888--894
[]\OT1/ptm/m/n/10 The []\OT1/pcr/m/n/10 hgwebdir.cgi \OT1/ptm/m/n/10 script re-
lies on an ex-ter-nal con-fig-u-ra-tion file. By de-fault, it searches for a fi
le named []\OT1/pcr/m/n/10 hgweb.config
 []

[22] [23] [24]) [25]
\openout2 = `server.aux'.

(./server.tex
Chapter 3.
[26



] [27] [28]
File: feature-branches.png Graphic file (type png)
<use feature-branches.png>
Overfull \hbox (52.9967pt too wide) in paragraph at lines 195--196
 [][] 
 []

[29] [30] [31] [32] [33] [34] [35] [36] [37]
Overfull \hbox (17.41096pt too wide) in paragraph at lines 888--894
[]\OT1/ptm/m/n/10 The []\OT1/pcr/m/n/10 hgwebdir.cgi \OT1/ptm/m/n/10 script re-
lies on an ex-ter-nal con-fig-u-ra-tion file. By de-fault, it searches for a fi
le named []\OT1/pcr/m/n/10 hgweb.config
 []

[38] [39] [40]) [41]
\openout2 = `user-guides.aux'.

(./user-guides.tex
Chapter 4.
[42



] [43] [44] [45] <tour-history.png, id=2267, 224.037pt x 168.63pt>
File: tour-history.png Graphic file (type png)
<use tour-history.png> [46 <./tour-history.png>] [47]
LaTeX Font Info:    Try loading font information for OMS+pcr on input line 269.

(/usr/share/texmf/tex/latex/psnfss/omspcr.fd
File: omspcr.fd 
)
LaTeX Font Info:    Font shape `OMS/pcr/m/n' in size <10> not available
(Font)              Font shape `OMS/cmsy/m/n' tried instead on input line 269.
[48]

LaTeX Font Warning: Font shape `OMS/pcr/bx/n' undefined
(Font)              using `OMS/pcr/m/n' instead
(Font)              for symbol `textbackslash' on input line 331.

LaTeX Font Info:    Font shape `OMS/pcr/bx/n' in size <10> not available
(Font)              Font shape `OMS/cmsy/m/n' tried instead on input line 331.
[49] [50]
LaTeX Font Info:    Font shape `OT1/pcr/m/it' in size <10> not available
(Font)              Font shape `OT1/pcr/m/sl' tried instead on input line 445.
[51] [52] [53] [54] [55]) [56]
\openout2 = `tour-merge.aux'.

(./tour-merge.tex
Chapter 5.
[57



] <tour-merge-sep-repos.png, id=2338, 342.078pt x 222.431pt>
File: tour-merge-sep-repos.png Graphic file (type png)
<use tour-merge-sep-repos.png> <tour-merge-pull.png, id=2339, 248.93pt x 244.11
2pt>
File: tour-merge-pull.png Graphic file (type png)
<use tour-merge-pull.png> [58 <./tour-merge-sep-repos.png>] [59 <./tour-merge-p
ull.png>] <tour-merge-merge.png, id=2350, 461.725pt x 187.902pt>
File: tour-merge-merge.png Graphic file (type png)
<use tour-merge-merge.png> [60 <./tour-merge-merge.png>] <tour-merge-conflict.p
ng, id=2355, 330.033pt x 197.538pt>
File: tour-merge-conflict.png Graphic file (type png)
<use tour-merge-conflict.png> [61] <kdiff3.png, id=2362, 1225.6992pt x 722.7pt>
File: kdiff3.png Graphic file (type png)
<use kdiff3.png>
Overfull \hbox (755.9412pt too wide) in paragraph at lines 177--178
 [][] 
 []


LaTeX Warning: Float too large for page by 121.72807pt on input line 180.

[62 <./tour-merge-conflict.png>] [63] [64]) [65] [66 <./kdiff3.png>]
\openout2 = `concepts.aux'.

(./concepts.tex
Chapter 6.
<filelog.png, id=2386, 458.513pt x 160.6pt>
File: filelog.png Graphic file (type png)
<use filelog.png> [67



] <metadata.png, id=2392, 233.673pt x 202.356pt>
File: metadata.png Graphic file (type png)
<use metadata.png> [68 <./filelog.png> <./metadata.png>] <snapshot.png, id=2398
, 253.748pt x 216.81pt>
File: snapshot.png Graphic file (type png)
<use snapshot.png> [69 <./snapshot.png>] <revlog.png, id=2404, 267.399pt x 423.
984pt>
File: revlog.png Graphic file (type png)
<use revlog.png> [70] <wdir.png, id=2412, 459.316pt x 183.887pt>
File: wdir.png Graphic file (type png)
<use wdir.png> <wdir-after-commit.png, id=2413, 372.592pt x 227.249pt>
File: wdir-after-commit.png Graphic file (type png)
<use wdir-after-commit.png> <wdir-pre-branch.png, id=2414, 518.738pt x 183.887p
t>
File: wdir-pre-branch.png Graphic file (type png)
<use wdir-pre-branch.png>
Overfull \hbox (48.98172pt too wide) in paragraph at lines 318--319
 [][] 
 []

<wdir-branch.png, id=2415, 483.406pt x 183.887pt>
File: wdir-branch.png Graphic file (type png)
<use wdir-branch.png>
Overfull \hbox (13.6498pt too wide) in paragraph at lines 334--335
 [][] 
 []

<wdir-merge.png, id=2416, 483.406pt x 183.887pt>
File: wdir-merge.png Graphic file (type png)
<use wdir-merge.png>
Overfull \hbox (13.6498pt too wide) in paragraph at lines 366--367
 [][] 
 []

[71] [72] [73]) [74] [75 <./revlog.png>] [76 <./wdir.png> <./wdir-after-commit.
png>] [77 <./wdir-pre-branch.png> <./wdir-branch.png>] [78 <./wdir-merge.png>]
\openout2 = `daily.aux'.

(./daily.tex
Chapter 7.
[79



] [80] [81] [82] [83]
LaTeX Font Info:    Font shape `OT1/ptm/bx/it' in size <12> not available
(Font)              Font shape `OT1/ptm/b/it' tried instead on input line 236.
LaTeX Font Info:    Font shape `OT1/pcr/bx/n' in size <12> not available
(Font)              Font shape `OT1/pcr/b/n' tried instead on input line 246.
[84] [85] [86]) [87]
\openout2 = `collab.aux'.

No file collab.tex.
\openout2 = `filenames.aux'.

(./filenames.tex
Chapter 8.
[88





] [89] [90] [91] [92]) [93]
\openout2 = `branch.aux'.

(./branch.tex
Chapter 9.
[94



] [95] [96] [97] [98] [99] [100] [101] [102] [103]) [104]
\openout2 = `undo.aux'.

(./undo.tex
Chapter 10.
[105



] [106] [107] [108] [109] <undo-simple.png, id=2596, 127.677pt x 216.007pt>
File: undo-simple.png Graphic file (type png)
<use undo-simple.png> [110] <undo-non-tip.png, id=2602, 225.643pt x 273.823pt>
File: undo-non-tip.png Graphic file (type png)
<use undo-non-tip.png> [111 <./undo-simple.png>] [112 <./undo-non-tip.png>] <un
do-manual.png, id=2614, 225.643pt x 197.538pt>
File: undo-manual.png Graphic file (type png)
<use undo-manual.png> [113 <./undo-manual.png>] <undo-manual-merge.png, id=2620
, 225.643pt x 292.292pt>
File: undo-manual-merge.png Graphic file (type png)
<use undo-manual-merge.png> [114] [115 <./undo-manual-merge.png>] [116] [117] [
118] [119] [120]) [121]
\openout2 = `hook.aux'.

(./hook.tex
Chapter 11.
[122



] [123] [124] [125] [126] [127] [128] [129] [130] [131] [132] [133] [134] [135]
[136] [137] [138]
Overfull \hbox (3.94168pt too wide) in paragraph at lines 1272--1275
[]\OT1/ptm/m/n/10 If the tag to be cre-ated is revision-controlled, the [][]\OT
1/pcr/m/n/10 precommit \OT1/ptm/m/n/10 and [][]\OT1/pcr/m/n/10 pretxncommit \OT
1/ptm/m/n/10 hooks (sec-tions [][]11.9.2[][] and [][]11.9.10[][])
 []

[139] [140]) [141]
\openout2 = `template.aux'.

(./template.tex
Chapter 12.
[142



]
Overfull \hbox (2.63051pt too wide) in paragraph at lines 54--57
\OT1/ptm/m/n/10 All of Mer-cu-rial's ``\OT1/pcr/m/n/10 log\OT1/ptm/m/n/10 -like
'' com-mands let you use styles and tem-plates: []``\OT1/pcr/m/n/10 hg incoming
\OT1/ptm/m/n/10 '', []``\OT1/pcr/m/n/10 hg log\OT1/ptm/m/n/10 '', []``\OT1/pcr/
m/n/10 hg outgoing\OT1/ptm/m/n/10 '',
 []

[143] [144] [145]
Overfull \hbox (34.85149pt too wide) in paragraph at lines 232--235
[]\OT1/pcr/m/n/10 date \OT1/ptm/m/n/10 key-word. Ren-der the date as a text str
ing in ISO 8601 for-mat. Yields a string like ``[]''. 
 []

[146]
Overfull \hbox (96.6907pt too wide) in paragraph at lines 243--246
[]\OT1/pcr/m/n/10 date \OT1/ptm/m/n/10 key-word. Ren-der a date us-ing the same
 for-mat used in email head-ers. Yields a string like ``[]''. 
 []


LaTeX Warning: Float too large for page by 159.82983pt on input line 269.

[147] [148]
Overfull \hbox (45.41174pt too wide) in paragraph at lines 334--338
\OT1/ptm/m/n/10 con-tain any al-phanu-meric char-ac-ter or un-der-score. (In re
g-exp no-ta-tion, a key-word must match [].) 
 []

[149] [150]) [151]
\openout2 = `mq.aux'.

(./mq.tex
Chapter 13.
[152



] [153] [154] [155] [156] <mq-stack.png, id=2898, 371.789pt x 149.358pt>
File: mq-stack.png Graphic file (type png)
<use mq-stack.png> [157] [158] [159] [160 <./mq-stack.png>] [161]
Overfull \hbox (12.96062pt too wide) in paragraph at lines 593--599
[]\OT1/ptm/m/n/10 Another Linux ker-nel hacker, Chris Ma-son (the au-thor of Me
r-cu-rial Queues), wrote a sim-i-lar tool called []\OT1/pcr/m/n/10 mpatch \OT1/
ptm/m/n/10 [[]],
 []

[162] [163] [164] [165] [166] [167] [168] [169]) [170]
\openout2 = `mq-collab.aux'.

(./mq-collab.tex
Chapter 14.
[171



] [172] [173] [174] [175] [176] [177]) [178]
\openout2 = `hgext.aux'.

(./hgext.tex
Chapter 15.
[179



]
Overfull \hbox (10.69077pt too wide) in paragraph at lines 110--128
\OT1/ptm/m/n/10 bind-ings to the \OT1/pcr/m/n/10 inotify \OT1/ptm/m/n/10 sub-sy
s-tem. []
 []


Overfull \hbox (179.51932pt too wide) in paragraph at lines 110--128
\OT1/ptm/m/n/10 To get go-ing, it's best to al-ready have a func-tion-ing copy 
of Mer-cu-rial in-stalled. [] 
 []

[180] [181] [182] [183]) [184]
\openout2 = `cmdref.aux'.

(./cmdref.tex
Appendix A.
[185



] [186] [187]) [188]
\openout2 = `mq-ref.aux'.

(./mq-ref.tex
Appendix B.
[189



] [190] [191] [192]) [193]
\openout2 = `bookmaking.aux'.

(./bookmaking.tex
Appendix C.
) [194



]
\openout2 = `license.aux'.

(./license.tex
Appendix D.
[195



]) [196] (pdf//hobbit-sysadmin-guide.bbl
Underfull \hbox (badness 10000) in paragraph at lines 47--50
[]\OT1/ptm/m/n/10 Python.org.  \OT1/pcr/m/n/10 ConfigParser\OT1/ptm/m/n/10 ---c
onfiguration file parser.  [][]$\OT1/pcr/m/n/10 http : / / docs . python . org 
/ lib /
 []


Underfull \hbox (badness 2181) in paragraph at lines 62--65
[]\OT1/ptm/m/n/10 Tim Waugh.  \OT1/pcr/m/n/10 patchutils\OT1/ptm/m/n/10 --progr
ams that op-er-ate on patch files.  [][]$\OT1/pcr/m/n/10 http : / / cyberelk . 
net / tim /
 []

) (pdf//hobbit-sysadmin-guide.ind [197


] [198

] [199] [200] [201] [202] [203

]) (pdf//hobbit-sysadmin-guide.aux (pdf//preface.aux) (pdf//intro.aux) (pdf//cl
ient.aux) (pdf//server.aux) (pdf//user-guides.aux) (pdf//tour-merge.aux) (pdf//
concepts.aux) (pdf//daily.aux) (pdf//collab.aux) (pdf//filenames.aux) (pdf//bra
nch.aux) (pdf//undo.aux) (pdf//hook.aux) (pdf//template.aux) (pdf//mq.aux) (pdf
//mq-collab.aux) (pdf//hgext.aux) (pdf//cmdref.aux) (pdf//mq-ref.aux) (pdf//boo
kmaking.aux) (pdf//license.aux))

LaTeX Font Warning: Some font shapes were not available, defaults substituted.


LaTeX Warning: There were multiply-defined labels.

 ) 
Here is how much of TeX's memory you used:
 5131 strings out of 94500
 71549 string characters out of 1169919
 134059 words of memory out of 1000000
 7110 multiletter control sequences out of 10000+50000
 47650 words of font info for 96 fonts, out of 500000 for 2000
 580 hyphenation exceptions out of 1000
 28i,6n,40p,253b,405s stack positions out of 1500i,500n,5000p,200000b,5000s
PDF statistics:
 4312 PDF objects out of 300000
 734 named destinations out of 131072
 3074 words of extra memory for PDF output out of 65536
{/usr/share/texmf/fonts/enc/dvips/psnfss/8r.enc}</usr/share/texmf/fonts/type1
/urw/courier/ucrro8a.pfb></usr/share/texmf/fonts/type1/bluesky/cm/cmmi10.pfb></
usr/share/texmf/fonts/type1/urw/times/utmbi8a.pfb></usr/share/texmf/fonts/type1
/urw/courier/ucrb8a.pfb></usr/share/texmf/fonts/type1/urw/times/utmri8a.pfb></u
sr/share/texmf/fonts/type1/urw/courier/ucrr8a.pfb></usr/share/texmf/fonts/type1
/urw/times/utmb8a.pfb></usr/share/texmf/fonts/type1/bluesky/cm/cmsy10.pfb></usr
/share/texmf/fonts/type1/urw/times/utmr8a.pfb>
Output written on pdf//hobbit-sysadmin-guide.pdf (213 pages, 1702342 bytes).
